[INFO] Scanning for projects...
[INFO] ------------------------------------------------------------------------
[INFO] Detecting the operating system and CPU architecture
[INFO] ------------------------------------------------------------------------
[INFO] os.detected.name: linux
[INFO] os.detected.arch: x86_64
[INFO] os.detected.release: debian
[INFO] os.detected.release.version: 10
[INFO] os.detected.release.like.debian: true
[INFO] os.detected.classifier: linux-x86_64
[INFO] ------------------------------------------------------------------------
[INFO] Reactor Build Order:
[INFO] 
[INFO] Motan                                                              [pom]
[INFO] motan-core                                                         [jar]
[INFO] motan-registry-zookeeper                                           [jar]
[INFO] motan-registry-consul                                              [jar]
[INFO] motan-manager                                                      [jar]
[INFO] motan-springsupport                                                [jar]
[INFO] motan-transport-netty                                              [jar]
[INFO] motan-transport-netty4                                             [jar]
[INFO] motan-extension                                                    [pom]
[INFO] protocol-extension                                                 [pom]
[INFO] motan-protocol-yar                                                 [jar]
[INFO] motan-protocol-grpc                                                [jar]
[INFO] motan-protocol-restful                                             [jar]
[INFO] serialization-extension                                            [jar]
[INFO] motan-demo                                                         [pom]
[INFO] motan-demo-api                                                     [jar]
[INFO] motan-demo-client                                                  [jar]
[INFO] motan-demo-server                                                  [jar]
[INFO] motan-benchmark                                                    [pom]
[INFO] motan-benchmark-api                                                [jar]
[INFO] motan-benchmark-client                                             [jar]
[INFO] motan-benchmark-server                                             [jar]
[INFO] filter-extension                                                   [pom]
[INFO] filter-opentracing                                                 [jar]
[INFO] codec-extension                                                    [jar]
[INFO] 
[INFO] --------------------------< com.weibo:motan >---------------------------
[INFO] Building Motan 1.1.9-SNAPSHOT                                     [1/25]
[INFO] --------------------------------[ pom ]---------------------------------
[INFO] 
[INFO] ------------------------< com.weibo:motan-core >------------------------
[INFO] Building motan-core 1.1.9-SNAPSHOT                                [2/25]
[INFO] --------------------------------[ jar ]---------------------------------
[INFO] 
[INFO] --- maven-resources-plugin:2.6:resources (default-resources) @ motan-core ---
[INFO] Using 'UTF-8' encoding to copy filtered resources.
[INFO] Copying 19 resources
[INFO] 
[INFO] --- maven-compiler-plugin:2.3.2:compile (default-compile) @ motan-core ---
[INFO] Nothing to compile - all classes are up to date
[INFO] 
[INFO] --- maven-resources-plugin:2.6:testResources (default-testResources) @ motan-core ---
[INFO] Using 'UTF-8' encoding to copy filtered resources.
[INFO] Copying 5 resources
[INFO] 
[INFO] --- maven-compiler-plugin:2.3.2:testCompile (default-testCompile) @ motan-core ---
[INFO] Nothing to compile - all classes are up to date
[INFO] 
[INFO] --- maven-surefire-plugin:2.12.4:test (default-test) @ motan-core ---
[INFO] Surefire report directory: /workdir/motan/motan-core/target/surefire-reports

-------------------------------------------------------
 T E S T S
-------------------------------------------------------
Running com.weibo.api.motan.config.ServiceConfigTest
Tests run: 7, Failures: 0, Errors: 0, Skipped: 0, Time elapsed: 0.147 sec
Running com.weibo.api.motan.config.RefererConfigTest
Tests run: 5, Failures: 0, Errors: 0, Skipped: 0, Time elapsed: 0.026 sec
Running com.weibo.api.motan.config.MotanMultiConfigTest
Tests run: 4, Failures: 0, Errors: 0, Skipped: 0, Time elapsed: 0.034 sec
Running com.weibo.api.motan.config.ConfigClassTest
Tests run: 1, Failures: 0, Errors: 0, Skipped: 0, Time elapsed: 0.001 sec
Running com.weibo.api.motan.rpc.URLTest
Tests run: 1, Failures: 0, Errors: 0, Skipped: 0, Time elapsed: 0 sec
Running com.weibo.api.motan.rpc.DefaultResponseFutureTest
Tests run: 5, Failures: 0, Errors: 0, Skipped: 0, Time elapsed: 0.02 sec
Running com.weibo.api.motan.rpc.LocalSwitcherServiceTest
Tests run: 1, Failures: 0, Errors: 0, Skipped: 0, Time elapsed: 0 sec
Running com.weibo.api.motan.proxy.RefererInvocationHandlerTest
WARNING: An illegal reflective access operation has occurred
WARNING: Illegal reflective access by net.sf.cglib.core.ReflectUtils$2 (file:/home/maven/.m2/repository/cglib/cglib-nodep/2.2/cglib-nodep-2.2.jar) to method java.lang.ClassLoader.defineClass(java.lang.String,byte[],int,int,java.security.ProtectionDomain)
WARNING: Please consider reporting this to the maintainers of net.sf.cglib.core.ReflectUtils$2
WARNING: Use --illegal-access=warn to enable warnings of further illegal reflective access operations
WARNING: All illegal access operations will be denied in a future release
Tests run: 4, Failures: 0, Errors: 0, Skipped: 0, Time elapsed: 0.087 sec
Running com.weibo.api.motan.util.ReflectUtilTest
Tests run: 1, Failures: 0, Errors: 0, Skipped: 0, Time elapsed: 0 sec
Running com.weibo.api.motan.util.RequestIdGeneratorTest
barrier start
Tests run: 2, Failures: 0, Errors: 0, Skipped: 0, Time elapsed: 0.186 sec
Running com.weibo.api.motan.util.StatsUtilTest
Tests run: 1, Failures: 0, Errors: 0, Skipped: 0, Time elapsed: 1.408 sec
Running com.weibo.api.motan.util.MathUtilTest
Tests run: 3, Failures: 0, Errors: 0, Skipped: 0, Time elapsed: 0.005 sec
Running com.weibo.api.motan.util.NetUtilsTest
Tests run: 2, Failures: 0, Errors: 0, Skipped: 0, Time elapsed: 0.002 sec
Running com.weibo.api.motan.serialize.SimpleSerializationTest
Tests run: 5, Failures: 0, Errors: 0, Skipped: 0, Time elapsed: 0.023 sec
Running com.weibo.api.motan.serialize.FastJsonSerializationTest
Tests run: 2, Failures: 0, Errors: 0, Skipped: 0, Time elapsed: 0.062 sec
Running com.weibo.api.motan.serialize.BreezeSerializationTest
Tests run: 2, Failures: 0, Errors: 0, Skipped: 0, Time elapsed: 0.028 sec
Running com.weibo.api.motan.serialize.Hessian2SerializationTest
Tests run: 1, Failures: 0, Errors: 0, Skipped: 0, Time elapsed: 0.026 sec
Running com.weibo.api.motan.filter.SwitcherFilterTest
Tests run: 4, Failures: 0, Errors: 0, Skipped: 0, Time elapsed: 0.017 sec
Running com.weibo.api.motan.filter.AccessStatisticFilterTest
Tests run: 2, Failures: 0, Errors: 0, Skipped: 0, Time elapsed: 0.007 sec
Running com.weibo.api.motan.filter.ServiceMockFilterTest
Tests run: 3, Failures: 0, Errors: 1, Skipped: 0, Time elapsed: 2.182 sec <<< FAILURE!
testCall(com.weibo.api.motan.filter.ServiceMockFilterTest)  Time elapsed: 0.007 sec  <<< ERROR!
com.weibo.api.motan.exception.MotanBizException: error_message: mock service call process error, status: 503, error_code: 30001,r=null
	at com.weibo.api.motan.filter.ServiceMockFilter.filter(ServiceMockFilter.java:133)
	at com.weibo.api.motan.filter.ServiceMockFilterTest.testCall(ServiceMockFilterTest.java:77)
	at java.base/jdk.internal.reflect.NativeMethodAccessorImpl.invoke0(Native Method)
	at java.base/jdk.internal.reflect.NativeMethodAccessorImpl.invoke(NativeMethodAccessorImpl.java:62)
	at java.base/jdk.internal.reflect.DelegatingMethodAccessorImpl.invoke(DelegatingMethodAccessorImpl.java:43)
	at java.base/java.lang.reflect.Method.invoke(Method.java:566)
	at junit.framework.TestCase.runTest(TestCase.java:168)
	at junit.framework.TestCase.runBare(TestCase.java:134)
	at junit.framework.TestResult$1.protect(TestResult.java:110)
	at junit.framework.TestResult.runProtected(TestResult.java:128)
	at junit.framework.TestResult.run(TestResult.java:113)
	at junit.framework.TestCase.run(TestCase.java:124)
	at junit.framework.TestSuite.runTest(TestSuite.java:232)
	at junit.framework.TestSuite.run(TestSuite.java:227)
	at org.junit.internal.runners.JUnit38ClassRunner.run(JUnit38ClassRunner.java:81)
	at org.apache.maven.surefire.junit4.JUnit4Provider.execute(JUnit4Provider.java:252)
	at org.apache.maven.surefire.junit4.JUnit4Provider.executeTestSet(JUnit4Provider.java:141)
	at org.apache.maven.surefire.junit4.JUnit4Provider.invoke(JUnit4Provider.java:112)
	at java.base/jdk.internal.reflect.NativeMethodAccessorImpl.invoke0(Native Method)
	at java.base/jdk.internal.reflect.NativeMethodAccessorImpl.invoke(NativeMethodAccessorImpl.java:62)
	at java.base/jdk.internal.reflect.DelegatingMethodAccessorImpl.invoke(DelegatingMethodAccessorImpl.java:43)
	at java.base/java.lang.reflect.Method.invoke(Method.java:566)
	at org.apache.maven.surefire.util.ReflectionUtils.invokeMethodWithArray(ReflectionUtils.java:189)
	at org.apache.maven.surefire.booter.ProviderFactory$ProviderProxy.invoke(ProviderFactory.java:165)
	at org.apache.maven.surefire.booter.ProviderFactory.invokeProvider(ProviderFactory.java:85)
	at org.apache.maven.surefire.booter.ForkedBooter.runSuitesInProcess(ForkedBooter.java:115)
	at org.apache.maven.surefire.booter.ForkedBooter.main(ForkedBooter.java:75)
Caused by: java.lang.RuntimeException
	at com.weibo.api.motan.filter.ServiceMockFilter.caclSleepTime(ServiceMockFilter.java:182)
	at com.weibo.api.motan.filter.ServiceMockFilter.invoke(ServiceMockFilter.java:145)
	at com.weibo.api.motan.filter.ServiceMockFilter.filter(ServiceMockFilter.java:116)
	... 26 more

Running com.weibo.api.motan.filter.AccessLogFilterTest
Tests run: 2, Failures: 0, Errors: 0, Skipped: 0, Time elapsed: 0 sec
Running com.weibo.api.motan.filter.ActiveLimitFilterTest
Tests run: 2, Failures: 0, Errors: 0, Skipped: 0, Time elapsed: 0.003 sec
Running com.weibo.api.motan.BaseTestCase
Tests run: 1, Failures: 0, Errors: 0, Skipped: 0, Time elapsed: 0 sec
Running com.weibo.api.motan.protocol.rpc.DefaultRpcProtocolTest
client: null
Tests run: 1, Failures: 0, Errors: 0, Skipped: 0, Time elapsed: 0.009 sec
Running com.weibo.api.motan.protocol.rpc.CompressRpcCodecTest
Tests run: 18, Failures: 0, Errors: 0, Skipped: 0, Time elapsed: 0.017 sec
Running com.weibo.api.motan.protocol.rpc.DefaultRpcCodecTest
Tests run: 15, Failures: 0, Errors: 0, Skipped: 0, Time elapsed: 0.006 sec
Running com.weibo.api.motan.protocol.v2motan.GrowableByteBufferTest
Tests run: 3, Failures: 0, Errors: 0, Skipped: 0, Time elapsed: 0.003 sec
Running com.weibo.api.motan.protocol.v2motan.MotanV2CodecTest
Tests run: 1, Failures: 0, Errors: 0, Skipped: 0, Time elapsed: 0.002 sec
Running com.weibo.api.motan.protocol.v2motan.MotanV2HeaderTest
Tests run: 1, Failures: 0, Errors: 0, Skipped: 0, Time elapsed: 0 sec
Running com.weibo.api.motan.core.extension.ExtensionLoaderTest
Tests run: 2, Failures: 0, Errors: 0, Skipped: 0, Time elapsed: 0.003 sec
Running com.weibo.api.motan.transport.DefaultProtectedStrategyTest
Tests run: 3, Failures: 0, Errors: 0, Skipped: 0, Time elapsed: 0.002 sec
Running com.weibo.api.motan.transport.ProviderMessageRouterTest
Tests run: 2, Failures: 0, Errors: 0, Skipped: 0, Time elapsed: 0.001 sec
Running com.weibo.api.motan.cluster.loadbalance.ActiveWeightLoadBalanceTest
Tests run: 1, Failures: 0, Errors: 0, Skipped: 0, Time elapsed: 0.011 sec
Running com.weibo.api.motan.cluster.loadbalance.AbstractLoadBalanceTest
Tests run: 1, Failures: 0, Errors: 0, Skipped: 0, Time elapsed: 0 sec
Running com.weibo.api.motan.cluster.loadbalance.RoundRobinLoadBalanceTest
Tests run: 2, Failures: 0, Errors: 0, Skipped: 0, Time elapsed: 0.001 sec
Running com.weibo.api.motan.cluster.loadbalance.RandomLoadBalanceTest
Tests run: 3, Failures: 0, Errors: 0, Skipped: 0, Time elapsed: 0.004 sec
Running com.weibo.api.motan.cluster.loadbalance.ConfigurableWeightLoadBalanceTest
Tests run: 2, Failures: 0, Errors: 0, Skipped: 0, Time elapsed: 0.008 sec
Running com.weibo.api.motan.cluster.loadbalance.ConsistentHashLoadBalanceTest
Tests run: 3, Failures: 0, Errors: 0, Skipped: 0, Time elapsed: 0.007 sec
Running com.weibo.api.motan.cluster.ClusterSupportTest
Tests run: 2, Failures: 0, Errors: 0, Skipped: 0, Time elapsed: 0.033 sec
Running com.weibo.api.motan.cluster.ClusterSpiTest
Tests run: 3, Failures: 0, Errors: 0, Skipped: 0, Time elapsed: 0 sec
Running com.weibo.api.motan.cluster.ha.FailfastHaStrategyTest
Tests run: 3, Failures: 0, Errors: 0, Skipped: 0, Time elapsed: 0.012 sec
Running com.weibo.api.motan.cluster.ha.FailoverHaStrategyTest
Tests run: 4, Failures: 0, Errors: 0, Skipped: 0, Time elapsed: 0.004 sec
Running com.weibo.api.motan.cluster.ClusterTest
Tests run: 2, Failures: 0, Errors: 0, Skipped: 0, Time elapsed: 0.002 sec
Running com.weibo.api.motan.cluster.SelectUrlsTest
Tests run: 3, Failures: 0, Errors: 0, Skipped: 0, Time elapsed: 0.015 sec
Running com.weibo.api.motan.registry.support.command.RpcCommandUtilTest
Tests run: 3, Failures: 0, Errors: 0, Skipped: 0, Time elapsed: 0.016 sec

Results :

Tests in error: 
  testCall(com.weibo.api.motan.filter.ServiceMockFilterTest): error_message: mock service call process error, status: 503, error_code: 30001,r=null

Tests run: 139, Failures: 0, Errors: 1, Skipped: 0

[INFO] ------------------------------------------------------------------------
[INFO] Reactor Summary for Motan 1.1.9-SNAPSHOT:
[INFO] 
[INFO] Motan .............................................. SUCCESS [  0.002 s]
[INFO] motan-core ......................................... FAILURE [  5.150 s]
[INFO] motan-registry-zookeeper ........................... SKIPPED
[INFO] motan-registry-consul .............................. SKIPPED
[INFO] motan-manager ...................................... SKIPPED
[INFO] motan-springsupport ................................ SKIPPED
[INFO] motan-transport-netty .............................. SKIPPED
[INFO] motan-transport-netty4 ............................. SKIPPED
[INFO] motan-extension .................................... SKIPPED
[INFO] protocol-extension ................................. SKIPPED
[INFO] motan-protocol-yar ................................. SKIPPED
[INFO] motan-protocol-grpc ................................ SKIPPED
[INFO] motan-protocol-restful ............................. SKIPPED
[INFO] serialization-extension ............................ SKIPPED
[INFO] motan-demo ......................................... SKIPPED
[INFO] motan-demo-api ..................................... SKIPPED
[INFO] motan-demo-client .................................. SKIPPED
[INFO] motan-demo-server .................................. SKIPPED
[INFO] motan-benchmark .................................... SKIPPED
[INFO] motan-benchmark-api ................................ SKIPPED
[INFO] motan-benchmark-client ............................. SKIPPED
[INFO] motan-benchmark-server ............................. SKIPPED
[INFO] filter-extension ................................... SKIPPED
[INFO] filter-opentracing ................................. SKIPPED
[INFO] codec-extension .................................... SKIPPED
[INFO] ------------------------------------------------------------------------
[INFO] BUILD FAILURE
[INFO] ------------------------------------------------------------------------
[INFO] Total time:  5.508 s
[INFO] Finished at: 2021-02-15T05:24:04Z
[INFO] ------------------------------------------------------------------------
[ERROR] Failed to execute goal org.apache.maven.plugins:maven-surefire-plugin:2.12.4:test (default-test) on project motan-core: There are test failures.
[ERROR] 
[ERROR] Please refer to /workdir/motan/motan-core/target/surefire-reports for the individual test results.
[ERROR] -> [Help 1]
[ERROR] 
[ERROR] To see the full stack trace of the errors, re-run Maven with the -e switch.
[ERROR] Re-run Maven using the -X switch to enable full debug logging.
[ERROR] 
[ERROR] For more information about the errors and possible solutions, please read the following articles:
[ERROR] [Help 1] http://cwiki.apache.org/confluence/display/MAVEN/MojoFailureException
[ERROR] 
[ERROR] After correcting the problems, you can resume the build with the command
[ERROR]   mvn <args> -rf :motan-core
