[INFO] Scanning for projects...
[INFO] ------------------------------------------------------------------------
[INFO] Reactor Build Order:
[INFO] 
[INFO] Æsh All                                                            [pom]
[INFO] Æsh                                                                [jar]
[INFO] Æsh Examples                                                       [jar]
[INFO] 
[INFO] -------------------------< org.aesh:aesh-all >--------------------------
[INFO] Building Æsh All 2.7-SNAPSHOT                                      [1/3]
[INFO] --------------------------------[ pom ]---------------------------------
[INFO] 
[INFO] --- maven-enforcer-plugin:3.0.0-M2:enforce (enforce-java-version) @ aesh-all ---
[INFO] 
[INFO] --- maven-enforcer-plugin:3.0.0-M2:enforce (enforce-maven-version) @ aesh-all ---
[INFO] 
[INFO] --- buildnumber-maven-plugin:1.3:create (get-scm-revision) @ aesh-all ---
[INFO] Executing: /bin/sh -c cd /workdir/aesh && git rev-parse --verify HEAD
[INFO] Working directory: /workdir/aesh
[INFO] Storing buildNumber: cfebb087dc3c2b580bb4c64a46333243a9497192 at timestamp: 1613324482749
[WARNING] Cannot get the branch information from the git repository: 
Detecting the current branch failed: fatal: ref HEAD is not a symbolic ref

[INFO] Executing: /bin/sh -c cd /workdir/aesh && git rev-parse --verify HEAD
[INFO] Working directory: /workdir/aesh
[INFO] Storing buildScmBranch: UNKNOWN
[INFO] 
[INFO] ---------------------------< org.aesh:aesh >----------------------------
[INFO] Building Æsh 2.7-SNAPSHOT                                          [2/3]
[INFO] --------------------------------[ jar ]---------------------------------
[INFO] 
[INFO] --- maven-enforcer-plugin:3.0.0-M2:enforce (enforce-java-version) @ aesh ---
[INFO] 
[INFO] --- maven-enforcer-plugin:3.0.0-M2:enforce (enforce-maven-version) @ aesh ---
[INFO] 
[INFO] --- maven-checkstyle-plugin:3.0.0:check (validate) @ aesh ---
[INFO] Starting audit...
Audit done.
[INFO] 
[INFO] --- buildnumber-maven-plugin:1.3:create (get-scm-revision) @ aesh ---
[INFO] 
[INFO] --- maven-resources-plugin:2.7:resources (default-resources) @ aesh ---
[INFO] Using 'UTF-8' encoding to copy filtered resources.
[INFO] Copying 1 resource
[INFO] 
[INFO] --- maven-compiler-plugin:3.1:compile (default-compile) @ aesh ---
[INFO] Changes detected - recompiling the module!
[INFO] Compiling 216 source files to /workdir/aesh/aesh/target/classes
[WARNING] bootstrap class path not set in conjunction with -source 8
[WARNING] /workdir/aesh/aesh/src/main/java/org/aesh/command/impl/internal/ProcessedOption.java:[419,85] newInstance() in java.lang.Class has been deprecated
[WARNING] /workdir/aesh/aesh/src/main/java/org/aesh/command/impl/internal/ProcessedOption.java:[442,48] newInstance() in java.lang.Class has been deprecated
[WARNING] /workdir/aesh/aesh/src/main/java/org/aesh/command/impl/internal/ProcessedOptionBuilder.java:[222,56] newInstance() in java.lang.Class has been deprecated
[WARNING] /workdir/aesh/aesh/src/main/java/org/aesh/command/impl/internal/ProcessedOptionBuilder.java:[224,53] newInstance() in java.lang.Class has been deprecated
[WARNING] /workdir/aesh/aesh/src/main/java/org/aesh/command/impl/AeshCommandRuntime.java:[362,20] finalize() in java.lang.Object has been deprecated
[WARNING] /workdir/aesh/aesh/src/main/java/org/aesh/command/impl/AeshCommandRuntime.java:[364,14] finalize() in java.lang.Object has been deprecated
[WARNING] /workdir/aesh/aesh/src/main/java/org/aesh/command/settings/SettingsImpl.java:[790,40] unchecked conversion
  required: java.util.function.Consumer<java.lang.Void>
  found:    java.util.function.Consumer
[WARNING] /workdir/aesh/aesh/src/main/java/org/aesh/AeshConsoleRunner.java:[59,67] Possible heap pollution from parameterized vararg type java.lang.Class<? extends org.aesh.command.Command>
[WARNING] /workdir/aesh/aesh/src/main/java/org/aesh/io/scanner/AnnotationDetector.java:[338,23] isAccessible() in java.lang.reflect.AccessibleObject has been deprecated
[INFO] 
[INFO] --- maven-resources-plugin:2.7:testResources (default-testResources) @ aesh ---
[INFO] Using 'UTF-8' encoding to copy filtered resources.
[INFO] Copying 9 resources
[INFO] 
[INFO] --- maven-compiler-plugin:3.1:testCompile (default-testCompile) @ aesh ---
[INFO] Changes detected - recompiling the module!
[INFO] Compiling 73 source files to /workdir/aesh/aesh/target/test-classes
[WARNING] bootstrap class path not set in conjunction with -source 8
[WARNING] /workdir/aesh/aesh/src/test/java/org/aesh/command/populator/CommandLinePopulatorTest.java:[239,22] Integer(java.lang.String) in java.lang.Integer has been deprecated
[WARNING] /workdir/aesh/aesh/src/test/java/org/aesh/command/populator/CommandLinePopulatorTest.java:[278,22] Integer(java.lang.String) in java.lang.Integer has been deprecated
[WARNING] /workdir/aesh/aesh/src/test/java/org/aesh/command/populator/CommandLinePopulatorTest.java:[353,26] Long(long) in java.lang.Long has been deprecated
[WARNING] /workdir/aesh/aesh/src/test/java/org/aesh/command/populator/CommandLinePopulatorTest.java:[371,26] Long(long) in java.lang.Long has been deprecated
[WARNING] /workdir/aesh/aesh/src/test/java/org/aesh/command/populator/CommandLinePopulatorTest.java:[372,26] Long(long) in java.lang.Long has been deprecated
[WARNING] /workdir/aesh/aesh/src/test/java/org/aesh/command/populator/CommandLinePopulatorTest.java:[373,26] Long(long) in java.lang.Long has been deprecated
[WARNING] /workdir/aesh/aesh/src/test/java/org/aesh/command/populator/CommandLinePopulatorTest.java:[378,26] Long(long) in java.lang.Long has been deprecated
[WARNING] /workdir/aesh/aesh/src/test/java/org/aesh/command/populator/CommandLinePopulatorTest.java:[379,26] Long(long) in java.lang.Long has been deprecated
[WARNING] /workdir/aesh/aesh/src/test/java/org/aesh/AeshConsoleRunnerTest.java:[93,53] unchecked method invocation: method commands in class org.aesh.AeshConsoleRunner is applied to given types
  required: java.lang.Class<? extends org.aesh.command.Command>[]
  found: java.lang.Class[]
[WARNING] /workdir/aesh/aesh/src/test/java/org/aesh/AeshConsoleRunnerTest.java:[93,54] unchecked conversion
  required: java.lang.Class<? extends org.aesh.command.Command>[]
  found:    java.lang.Class[]
[WARNING] /workdir/aesh/aesh/src/test/java/org/aesh/command/parser/CommandLineParserTest.java:[285,22] Integer(int) in java.lang.Integer has been deprecated
[WARNING] /workdir/aesh/aesh/src/test/java/org/aesh/command/parser/CommandLineParserTest.java:[286,22] Integer(int) in java.lang.Integer has been deprecated
[WARNING] /workdir/aesh/aesh/src/test/java/org/aesh/command/parser/CommandLineParserTest.java:[287,22] Integer(int) in java.lang.Integer has been deprecated
[INFO] 
[INFO] --- maven-surefire-plugin:2.18.1:test (default-test) @ aesh ---
[INFO] Surefire report directory: /workdir/aesh/aesh/target/surefire-reports

-------------------------------------------------------
 T E S T S
-------------------------------------------------------
Running org.aesh.comparators.PosixFileNameComparatorTest
Tests run: 6, Failures: 0, Errors: 0, Skipped: 0, Time elapsed: 0.017 sec - in org.aesh.comparators.PosixFileNameComparatorTest
Running org.aesh.command.validator.AeshCommandValidatorTest
Tests run: 2, Failures: 0, Errors: 0, Skipped: 0, Time elapsed: 0.47 sec - in org.aesh.command.validator.AeshCommandValidatorTest
Running org.aesh.command.validator.AeshCommandOptionValidatorTest
Tests run: 4, Failures: 0, Errors: 0, Skipped: 0, Time elapsed: 0.285 sec - in org.aesh.command.validator.AeshCommandOptionValidatorTest
Running org.aesh.command.operator.OperatorTypeTest
Tests run: 1, Failures: 0, Errors: 0, Skipped: 0, Time elapsed: 0 sec - in org.aesh.command.operator.OperatorTypeTest
Running org.aesh.command.operator.ConsoleRedirectionTest
Tests run: 7, Failures: 0, Errors: 0, Skipped: 0, Time elapsed: 0.509 sec - in org.aesh.command.operator.ConsoleRedirectionTest
Running org.aesh.command.operator.AeshCommandEndOperatorTest
Tests run: 1, Failures: 0, Errors: 0, Skipped: 0, Time elapsed: 0.13 sec - in org.aesh.command.operator.AeshCommandEndOperatorTest
Running org.aesh.command.operator.AeshCommandConditionalOperatorTest
Tests run: 1, Failures: 0, Errors: 0, Skipped: 0, Time elapsed: 1.854 sec - in org.aesh.command.operator.AeshCommandConditionalOperatorTest
Running org.aesh.command.operator.AeshCommandPipelineTest
Tests run: 2, Failures: 0, Errors: 0, Skipped: 0, Time elapsed: 0.366 sec - in org.aesh.command.operator.AeshCommandPipelineTest
Running org.aesh.command.ConfigTest
Tests run: 1, Failures: 0, Errors: 0, Skipped: 0, Time elapsed: 0.011 sec - in org.aesh.command.ConfigTest
Running org.aesh.command.populator.CommandLinePopulatorTest
Tests run: 17, Failures: 0, Errors: 0, Skipped: 0, Time elapsed: 0.031 sec - in org.aesh.command.populator.CommandLinePopulatorTest
Running org.aesh.command.builder.ParserGeneratorTest
Tests run: 1, Failures: 0, Errors: 0, Skipped: 0, Time elapsed: 0.002 sec - in org.aesh.command.builder.ParserGeneratorTest
Running org.aesh.command.builder.CommandLineFormatterTest
Tests run: 5, Failures: 0, Errors: 0, Skipped: 0, Time elapsed: 0.071 sec - in org.aesh.command.builder.CommandLineFormatterTest
Running org.aesh.command.builder.AeshCommandDynamicTest
Tests run: 1, Failures: 0, Errors: 0, Skipped: 0, Time elapsed: 0.015 sec - in org.aesh.command.builder.AeshCommandDynamicTest
Running org.aesh.command.builder.BuilderTest
Tests run: 4, Failures: 0, Errors: 0, Skipped: 0, Time elapsed: 0.001 sec - in org.aesh.command.builder.BuilderTest
Running org.aesh.command.activator.AeshCommandActivatorTest
Tests run: 1, Failures: 0, Errors: 0, Skipped: 0, Time elapsed: 0.203 sec - in org.aesh.command.activator.AeshCommandActivatorTest
Running org.aesh.command.activator.AeshCommandOptionActivatorTest
Tests run: 1, Failures: 0, Errors: 0, Skipped: 0, Time elapsed: 0.328 sec - in org.aesh.command.activator.AeshCommandOptionActivatorTest
Running org.aesh.command.AeshCommandRuntimeTest
Tests run: 1, Failures: 0, Errors: 0, Skipped: 0, Time elapsed: 0.01 sec - in org.aesh.command.AeshCommandRuntimeTest
Running org.aesh.command.invocation.AeshCommandInvocationServiceTest
Tests run: 1, Failures: 0, Errors: 0, Skipped: 0, Time elapsed: 0.132 sec - in org.aesh.command.invocation.AeshCommandInvocationServiceTest
Running org.aesh.command.AeshCommandOverrideRequiredTest
Tests run: 1, Failures: 0, Errors: 0, Skipped: 0, Time elapsed: 0.125 sec - in org.aesh.command.AeshCommandOverrideRequiredTest
Running org.aesh.command.AeshCommandResultHandlerTest
Tests run: 1, Failures: 0, Errors: 0, Skipped: 0, Time elapsed: 0.334 sec - in org.aesh.command.AeshCommandResultHandlerTest
Running org.aesh.command.AeshCommandRequiredTest
Tests run: 3, Failures: 0, Errors: 0, Skipped: 0, Time elapsed: 0.692 sec - in org.aesh.command.AeshCommandRequiredTest
Running org.aesh.command.map.MapCommandTest
Tests run: 5, Failures: 0, Errors: 0, Skipped: 0, Time elapsed: 2.459 sec - in org.aesh.command.map.MapCommandTest
Running org.aesh.command.man.AeshManProviderTest
Tests run: 1, Failures: 0, Errors: 0, Skipped: 0, Time elapsed: 0.002 sec - in org.aesh.command.man.AeshManProviderTest
Running org.aesh.command.man.ManParameterTest
Tests run: 1, Failures: 0, Errors: 0, Skipped: 0, Time elapsed: 0.001 sec - in org.aesh.command.man.ManParameterTest
Running org.aesh.command.man.ManSectionTest
Tests run: 1, Failures: 0, Errors: 0, Skipped: 0, Time elapsed: 0 sec - in org.aesh.command.man.ManSectionTest
Running org.aesh.command.man.ManPageLoaderTest
Tests run: 2, Failures: 0, Errors: 0, Skipped: 0, Time elapsed: 0.051 sec - in org.aesh.command.man.ManPageLoaderTest
Running org.aesh.command.man.TerminalPageTest
Tests run: 1, Failures: 0, Errors: 0, Skipped: 0, Time elapsed: 0 sec - in org.aesh.command.man.TerminalPageTest
Running org.aesh.command.man.ManParserUtilTest
Tests run: 1, Failures: 0, Errors: 0, Skipped: 0, Time elapsed: 0 sec - in org.aesh.command.man.ManParserUtilTest
Running org.aesh.command.parser.CommandLineParserTest
Tests run: 11, Failures: 0, Errors: 0, Skipped: 0, Time elapsed: 0.022 sec - in org.aesh.command.parser.CommandLineParserTest
Running org.aesh.command.export.ExportManagerTest
Tests run: 4, Failures: 0, Errors: 0, Skipped: 0, Time elapsed: 0.002 sec - in org.aesh.command.export.ExportManagerTest
Running org.aesh.command.export.ExportCommandTest
Tests run: 2, Failures: 0, Errors: 0, Skipped: 0, Time elapsed: 0.156 sec - in org.aesh.command.export.ExportCommandTest
Running org.aesh.command.AeshScriptTest
Tests run: 1, Failures: 0, Errors: 0, Skipped: 0, Time elapsed: 0.031 sec - in org.aesh.command.AeshScriptTest
Running org.aesh.command.AeshConsoleTest
Tests run: 1, Failures: 0, Errors: 0, Skipped: 0, Time elapsed: 0.117 sec - in org.aesh.command.AeshConsoleTest
Running org.aesh.command.completer.CompletionParserTest
Tests run: 9, Failures: 0, Errors: 0, Skipped: 0, Time elapsed: 0.032 sec - in org.aesh.command.completer.CompletionParserTest
Running org.aesh.command.completer.AeshCommandOperatorCompletionTest
Tests run: 3, Failures: 1, Errors: 0, Skipped: 0, Time elapsed: 0.246 sec <<< FAILURE! - in org.aesh.command.completer.AeshCommandOperatorCompletionTest
testCompletionWithRedirectOutOperator(org.aesh.command.completer.AeshCommandOperatorCompletionTest)  Time elapsed: 0.026 sec  <<< FAILURE!
java.lang.AssertionError: arg > /workdir/aesh/aesh/target/junit7353295039517369479/foo_redirection_out.txt 
	at org.junit.Assert.fail(Assert.java:91)
	at org.junit.Assert.assertTrue(Assert.java:43)
	at org.aesh.tty.TestConnection.assertBufferEndsWith(TestConnection.java:257)
	at org.aesh.command.completer.AeshCommandOperatorCompletionTest.testCompletionWithRedirectOutOperator(AeshCommandOperatorCompletionTest.java:99)
	at java.base/jdk.internal.reflect.NativeMethodAccessorImpl.invoke0(Native Method)
	at java.base/jdk.internal.reflect.NativeMethodAccessorImpl.invoke(NativeMethodAccessorImpl.java:62)
	at java.base/jdk.internal.reflect.DelegatingMethodAccessorImpl.invoke(DelegatingMethodAccessorImpl.java:43)
	at java.base/java.lang.reflect.Method.invoke(Method.java:566)
	at org.junit.runners.model.FrameworkMethod$1.runReflectiveCall(FrameworkMethod.java:44)
	at org.junit.internal.runners.model.ReflectiveCallable.run(ReflectiveCallable.java:15)
	at org.junit.runners.model.FrameworkMethod.invokeExplosively(FrameworkMethod.java:41)
	at org.junit.internal.runners.statements.InvokeMethod.evaluate(InvokeMethod.java:20)
	at org.junit.rules.ExternalResource$1.evaluate(ExternalResource.java:43)
	at org.junit.runners.BlockJUnit4ClassRunner.runChild(BlockJUnit4ClassRunner.java:76)
	at org.junit.runners.BlockJUnit4ClassRunner.runChild(BlockJUnit4ClassRunner.java:50)
	at org.junit.runners.ParentRunner$3.run(ParentRunner.java:193)
	at org.junit.runners.ParentRunner$1.schedule(ParentRunner.java:52)
	at org.junit.runners.ParentRunner.runChildren(ParentRunner.java:191)
	at org.junit.runners.ParentRunner.access$000(ParentRunner.java:42)
	at org.junit.runners.ParentRunner$2.evaluate(ParentRunner.java:184)
	at org.junit.runners.ParentRunner.run(ParentRunner.java:236)
	at org.apache.maven.surefire.junit4.JUnit4Provider.execute(JUnit4Provider.java:283)
	at org.apache.maven.surefire.junit4.JUnit4Provider.executeWithRerun(JUnit4Provider.java:173)
	at org.apache.maven.surefire.junit4.JUnit4Provider.executeTestSet(JUnit4Provider.java:153)
	at org.apache.maven.surefire.junit4.JUnit4Provider.invoke(JUnit4Provider.java:128)
	at org.apache.maven.surefire.booter.ForkedBooter.invokeProviderInSameClassLoader(ForkedBooter.java:203)
	at org.apache.maven.surefire.booter.ForkedBooter.runSuitesInProcess(ForkedBooter.java:155)
	at org.apache.maven.surefire.booter.ForkedBooter.main(ForkedBooter.java:103)

Running org.aesh.command.completer.CompletionConsoleTest
Tests run: 2, Failures: 0, Errors: 0, Skipped: 0, Time elapsed: 0.455 sec - in org.aesh.command.completer.CompletionConsoleTest
Running org.aesh.command.completer.FileOptionCompleterTest
Tests run: 5, Failures: 0, Errors: 0, Skipped: 0, Time elapsed: 0.005 sec - in org.aesh.command.completer.FileOptionCompleterTest
Running org.aesh.command.completer.CompleteOperationTest
Tests run: 2, Failures: 0, Errors: 0, Skipped: 0, Time elapsed: 0.001 sec - in org.aesh.command.completer.CompleteOperationTest
Running org.aesh.command.completer.AeshCommandCompletionTest
Tests run: 18, Failures: 0, Errors: 0, Skipped: 0, Time elapsed: 1.905 sec - in org.aesh.command.completer.AeshCommandCompletionTest
Running org.aesh.command.registry.AeshCommandRegistryTest
Tests run: 3, Failures: 0, Errors: 0, Skipped: 0, Time elapsed: 0.248 sec - in org.aesh.command.registry.AeshCommandRegistryTest
Running org.aesh.command.registry.MutableCommandRegistryTest
Tests run: 1, Failures: 0, Errors: 0, Skipped: 0, Time elapsed: 0.003 sec - in org.aesh.command.registry.MutableCommandRegistryTest
Running org.aesh.command.converter.AeshConverterInvocationProviderTest
Tests run: 1, Failures: 0, Errors: 0, Skipped: 0, Time elapsed: 0.073 sec - in org.aesh.command.converter.AeshConverterInvocationProviderTest
Running org.aesh.command.AeshCommandPasteTest
Tests run: 2, Failures: 0, Errors: 0, Skipped: 0, Time elapsed: 0.3 sec - in org.aesh.command.AeshCommandPasteTest
Running org.aesh.command.AeshCommandNotFoundHandlerTest
Tests run: 1, Failures: 0, Errors: 0, Skipped: 0, Time elapsed: 0.057 sec - in org.aesh.command.AeshCommandNotFoundHandlerTest
Running org.aesh.util.graal.GraalReflectionFileGeneratorTest
Tests run: 3, Failures: 0, Errors: 0, Skipped: 0, Time elapsed: 0.019 sec - in org.aesh.util.graal.GraalReflectionFileGeneratorTest
Running org.aesh.util.FileUtilsTest
Tests run: 2, Failures: 0, Errors: 0, Skipped: 0, Time elapsed: 0.003 sec - in org.aesh.util.FileUtilsTest
Running org.aesh.util.completer.FileCompleterGeneratorTest
Tests run: 2, Failures: 0, Errors: 0, Skipped: 0, Time elapsed: 0.003 sec - in org.aesh.util.completer.FileCompleterGeneratorTest
Running org.aesh.util.FileListerTest
Tests run: 12, Failures: 0, Errors: 0, Skipped: 0, Time elapsed: 0.004 sec - in org.aesh.util.FileListerTest
Running org.aesh.util.ReflectionUtilTest
Tests run: 3, Failures: 0, Errors: 0, Skipped: 0, Time elapsed: 0.002 sec - in org.aesh.util.ReflectionUtilTest
Running org.aesh.parser.LineParserTest
Tests run: 13, Failures: 0, Errors: 0, Skipped: 0, Time elapsed: 0.002 sec - in org.aesh.parser.LineParserTest
Running org.aesh.parser.ParsedLineTest
Tests run: 2, Failures: 0, Errors: 0, Skipped: 0, Time elapsed: 0 sec - in org.aesh.parser.ParsedLineTest
Running org.aesh.io.scanner.AnnotationDetectorTest
Tests run: 1, Failures: 0, Errors: 0, Skipped: 0, Time elapsed: 0.005 sec - in org.aesh.io.scanner.AnnotationDetectorTest
Running org.aesh.io.FileResourceTestCase
Tests run: 1, Failures: 0, Errors: 0, Skipped: 0, Time elapsed: 0 sec - in org.aesh.io.FileResourceTestCase
Running org.aesh.io.filter.LeafResourceFilterTest
Tests run: 1, Failures: 0, Errors: 0, Skipped: 0, Time elapsed: 0 sec - in org.aesh.io.filter.LeafResourceFilterTest
Running org.aesh.io.filter.DirectoryResourceFilterTest
Tests run: 1, Failures: 0, Errors: 0, Skipped: 0, Time elapsed: 0 sec - in org.aesh.io.filter.DirectoryResourceFilterTest
Running org.aesh.io.filter.NoDotNamesFilterTest
Tests run: 1, Failures: 0, Errors: 0, Skipped: 0, Time elapsed: 0 sec - in org.aesh.io.filter.NoDotNamesFilterTest
Running org.aesh.io.PathResolverTest
Tests run: 4, Failures: 0, Errors: 0, Skipped: 0, Time elapsed: 0.006 sec - in org.aesh.io.PathResolverTest
Running org.aesh.AeshRuntimeRunnerTest
Tests run: 1, Failures: 0, Errors: 0, Skipped: 0, Time elapsed: 0.402 sec - in org.aesh.AeshRuntimeRunnerTest
Running org.aesh.readline.AeshConnectionClosedTest
Tests run: 1, Failures: 0, Errors: 0, Skipped: 0, Time elapsed: 0.233 sec - in org.aesh.readline.AeshConnectionClosedTest
Running org.aesh.AeshConsoleRunnerTest
Tests run: 4, Failures: 0, Errors: 0, Skipped: 0, Time elapsed: 0.251 sec - in org.aesh.AeshConsoleRunnerTest

Results :

Failed tests: 
  AeshCommandOperatorCompletionTest.testCompletionWithRedirectOutOperator:99 arg > /workdir/aesh/aesh/target/junit7353295039517369479/foo_redirection_out.txt 

Tests run: 192, Failures: 1, Errors: 0, Skipped: 0

[INFO] ------------------------------------------------------------------------
[INFO] Reactor Summary for Æsh All 2.7-SNAPSHOT:
[INFO] 
[INFO] Æsh All ............................................ SUCCESS [  0.988 s]
[INFO] Æsh ................................................ FAILURE [ 17.655 s]
[INFO] Æsh Examples ....................................... SKIPPED
[INFO] ------------------------------------------------------------------------
[INFO] BUILD FAILURE
[INFO] ------------------------------------------------------------------------
[INFO] Total time:  18.805 s
[INFO] Finished at: 2021-02-14T17:41:40Z
[INFO] ------------------------------------------------------------------------
[ERROR] Failed to execute goal org.apache.maven.plugins:maven-surefire-plugin:2.18.1:test (default-test) on project aesh: There are test failures.
[ERROR] 
[ERROR] Please refer to /workdir/aesh/aesh/target/surefire-reports for the individual test results.
[ERROR] -> [Help 1]
[ERROR] 
[ERROR] To see the full stack trace of the errors, re-run Maven with the -e switch.
[ERROR] Re-run Maven using the -X switch to enable full debug logging.
[ERROR] 
[ERROR] For more information about the errors and possible solutions, please read the following articles:
[ERROR] [Help 1] http://cwiki.apache.org/confluence/display/MAVEN/MojoFailureException
[ERROR] 
[ERROR] After correcting the problems, you can resume the build with the command
[ERROR]   mvn <args> -rf :aesh
