[INFO] Scanning for projects...
[INFO] ------------------------------------------------------------------------
[INFO] Reactor Build Order:
[INFO] 
[INFO] io.opentracing.contrib:opentracing-kafka-parent                    [pom]
[INFO] io.opentracing.contrib:opentracing-kafka-client                    [jar]
[INFO] io.opentracing.contrib:opentracing-kafka-streams                   [jar]
[INFO] io.opentracing.contrib:opentracing-kafka-spring                    [jar]
[INFO] 
[INFO] ----------< io.opentracing.contrib:opentracing-kafka-parent >-----------
[INFO] Building io.opentracing.contrib:opentracing-kafka-parent 0.1.16-SNAPSHOT [1/4]
[INFO] --------------------------------[ pom ]---------------------------------
[INFO] 
[INFO] --- jacoco-maven-plugin:0.8.5:prepare-agent (prepare-agent) @ opentracing-kafka-parent ---
[INFO] argLine set to -javaagent:/home/maven/.m2/repository/org/jacoco/org.jacoco.agent/0.8.5/org.jacoco.agent-0.8.5-runtime.jar=destfile=/workdir/java-kafka-client/target/jacoco.exec
[INFO] 
[INFO] --- license-maven-plugin:3.0:check (default) @ opentracing-kafka-parent ---
[INFO] Checking licenses...
[WARNING] Unknown file extension: /workdir/java-kafka-client/sorald_repair.log
[WARNING] Unknown file extension: /workdir/java-kafka-client/sorald_repair-2142.log
[WARNING] Unknown file extension: /workdir/java-kafka-client/sorald_repair-1860.log
[WARNING] Unknown file extension: /workdir/java-kafka-client/sorald_repair-2116.log
[WARNING] Unknown file extension: /workdir/java-kafka-client/sorald_repair-2184.err
[WARNING] Unknown file extension: /workdir/java-kafka-client/sorald_repair-1217.err
[WARNING] Unknown file extension: /workdir/java-kafka-client/mvn_test_rule-4973.log
[WARNING] Unknown file extension: /workdir/java-kafka-client/mvn_test_rule-1860.log
[WARNING] Unknown file extension: /workdir/java-kafka-client/sorald_repair.out
[WARNING] Unknown file extension: /workdir/java-kafka-client/sorald_repair-2111.log
[WARNING] Unknown file extension: /workdir/java-kafka-client/sorald_repair.err
[WARNING] Unknown file extension: /workdir/java-kafka-client/sorald_repair-2225.err
[WARNING] Unknown file extension: /workdir/java-kafka-client/patch.diff
[WARNING] Unknown file extension: /workdir/java-kafka-client/mvn_test_rule-2225.log
[WARNING] Unknown file extension: /workdir/java-kafka-client/sorald_repair-4973.err
[WARNING] Unknown file extension: /workdir/java-kafka-client/mvn_test_rule-2272.log
[WARNING] Unknown file extension: /workdir/java-kafka-client/mvn_test_rule-2116.log
[WARNING] Unknown file extension: /workdir/java-kafka-client/sorald_repair-2095.err
[WARNING] Unknown file extension: /workdir/java-kafka-client/sorald_repair-4973.log
[WARNING] Unknown file extension: /workdir/java-kafka-client/mvn_test_rule-1217.log
[WARNING] Unknown file extension: /workdir/java-kafka-client/sorald_repair-2272.log
[WARNING] Unknown file extension: /workdir/java-kafka-client/mvn_test_rule.log
[WARNING] Unknown file extension: /workdir/java-kafka-client/mvn_test_rule-2111.log
[WARNING] Unknown file extension: /workdir/java-kafka-client/mvn_test_rule-2142.log
[WARNING] Unknown file extension: /workdir/java-kafka-client/mvn_test_rule-2095.log
[WARNING] Unknown file extension: /workdir/java-kafka-client/sorald_repair-2111.err
[WARNING] Unknown file extension: /workdir/java-kafka-client/sorald_repair-1860.err
[WARNING] Unknown file extension: /workdir/java-kafka-client/sorald_repair-2095.log
[WARNING] Unknown file extension: /workdir/java-kafka-client/sorald_repair-2272.err
[WARNING] Unknown file extension: /workdir/java-kafka-client/sorald_repair.in
[WARNING] Unknown file extension: /workdir/java-kafka-client/sorald_repair-2116.err
[WARNING] Unknown file extension: /workdir/java-kafka-client/sorald_repair-1217.log
[WARNING] Unknown file extension: /workdir/java-kafka-client/sorald_repair-2225.log
[WARNING] Unknown file extension: /workdir/java-kafka-client/mvn_test_rule-2184.log
[WARNING] Unknown file extension: /workdir/java-kafka-client/sorald_repair-2184.log
[WARNING] Unknown file extension: /workdir/java-kafka-client/mvn_test_rule.in
[WARNING] Unknown file extension: /workdir/java-kafka-client/sorald_repair-2142.err
[WARNING] Unable to find a comment style definition for some files. You may want to add a custom mapping for the relevant file extensions.
[INFO] 
[INFO] ----------< io.opentracing.contrib:opentracing-kafka-client >-----------
[INFO] Building io.opentracing.contrib:opentracing-kafka-client 0.1.16-SNAPSHOT [2/4]
[INFO] --------------------------------[ jar ]---------------------------------
[INFO] 
[INFO] --- jacoco-maven-plugin:0.8.5:prepare-agent (prepare-agent) @ opentracing-kafka-client ---
[INFO] argLine set to -javaagent:/home/maven/.m2/repository/org/jacoco/org.jacoco.agent/0.8.5/org.jacoco.agent-0.8.5-runtime.jar=destfile=/workdir/java-kafka-client/opentracing-kafka-client/target/jacoco.exec
[INFO] 
[INFO] --- maven-resources-plugin:2.6:resources (default-resources) @ opentracing-kafka-client ---
[INFO] Using 'UTF-8' encoding to copy filtered resources.
[INFO] skip non existing resourceDirectory /workdir/java-kafka-client/opentracing-kafka-client/src/main/resources
[INFO] 
[INFO] --- maven-compiler-plugin:3.8.1:compile (default-compile) @ opentracing-kafka-client ---
[INFO] Nothing to compile - all classes are up to date
[INFO] 
[INFO] --- license-maven-plugin:3.0:check (default) @ opentracing-kafka-client ---
[INFO] Checking licenses...
[INFO] 
[INFO] --- maven-resources-plugin:2.6:testResources (default-testResources) @ opentracing-kafka-client ---
[INFO] Using 'UTF-8' encoding to copy filtered resources.
[INFO] skip non existing resourceDirectory /workdir/java-kafka-client/opentracing-kafka-client/src/test/resources
[INFO] 
[INFO] --- maven-compiler-plugin:3.8.1:testCompile (default-testCompile) @ opentracing-kafka-client ---
[INFO] Nothing to compile - all classes are up to date
[INFO] 
[INFO] --- maven-surefire-plugin:2.12.4:test (default-test) @ opentracing-kafka-client ---
[INFO] Surefire report directory: /workdir/java-kafka-client/opentracing-kafka-client/target/surefire-reports

-------------------------------------------------------
 T E S T S
-------------------------------------------------------
Running io.opentracing.contrib.kafka.TracingKafkaUtilsTest
SLF4J: Failed to load class "org.slf4j.impl.StaticLoggerBinder".
SLF4J: Defaulting to no-operation (NOP) logger implementation
SLF4J: See http://www.slf4j.org/codes.html#StaticLoggerBinder for further details.
Tests run: 4, Failures: 0, Errors: 0, Skipped: 0, Time elapsed: 0.146 sec
Running io.opentracing.contrib.kafka.TracingCallbackTest
Tests run: 3, Failures: 0, Errors: 0, Skipped: 0, Time elapsed: 0.011 sec
Running io.opentracing.contrib.kafka.TopicSpanNameTest
Tests run: 2, Failures: 0, Errors: 0, Skipped: 0, Time elapsed: 0.009 sec
Running io.opentracing.contrib.kafka.HeadersMapExtractAdapterTest
Tests run: 1, Failures: 0, Errors: 0, Skipped: 0, Time elapsed: 0 sec
Running io.opentracing.contrib.kafka.OperationNameSpanNameTest
Tests run: 2, Failures: 0, Errors: 0, Skipped: 0, Time elapsed: 0.002 sec
Running io.opentracing.contrib.kafka.OperationNameTopicSpanNameTest
Tests run: 2, Failures: 0, Errors: 0, Skipped: 0, Time elapsed: 0.002 sec
Running io.opentracing.contrib.kafka.TracingKafkaTest
SLF4J: Failed to load class "org.slf4j.impl.StaticMDCBinder".
SLF4J: Defaulting to no-operation MDCAdapter implementation.
SLF4J: See http://www.slf4j.org/codes.html#no_static_mdc_binder for further details.
Tests run: 15, Failures: 1, Errors: 0, Skipped: 0, Time elapsed: 11.927 sec <<< FAILURE!
testProducerBuilderWithSpanNameProvider(io.opentracing.contrib.kafka.TracingKafkaTest)  Time elapsed: 0.08 sec  <<< FAILURE!
org.junit.ComparisonFailure: expected:<T[o_messages]> but was:<T[est_SpanNameProvider]>
	at org.junit.Assert.assertEquals(Assert.java:117)
	at org.junit.Assert.assertEquals(Assert.java:146)
	at io.opentracing.contrib.kafka.TracingKafkaTest.testProducerBuilderWithSpanNameProvider(TracingKafkaTest.java:368)
	at java.base/jdk.internal.reflect.NativeMethodAccessorImpl.invoke0(Native Method)
	at java.base/jdk.internal.reflect.NativeMethodAccessorImpl.invoke(NativeMethodAccessorImpl.java:62)
	at java.base/jdk.internal.reflect.DelegatingMethodAccessorImpl.invoke(DelegatingMethodAccessorImpl.java:43)
	at java.base/java.lang.reflect.Method.invoke(Method.java:566)
	at org.junit.runners.model.FrameworkMethod$1.runReflectiveCall(FrameworkMethod.java:59)
	at org.junit.internal.runners.model.ReflectiveCallable.run(ReflectiveCallable.java:12)
	at org.junit.runners.model.FrameworkMethod.invokeExplosively(FrameworkMethod.java:56)
	at org.junit.internal.runners.statements.InvokeMethod.evaluate(InvokeMethod.java:17)
	at org.junit.internal.runners.statements.RunBefores.evaluate(RunBefores.java:26)
	at org.junit.runners.ParentRunner$3.evaluate(ParentRunner.java:306)
	at org.junit.runners.BlockJUnit4ClassRunner$1.evaluate(BlockJUnit4ClassRunner.java:100)
	at org.junit.runners.ParentRunner.runLeaf(ParentRunner.java:366)
	at org.junit.runners.BlockJUnit4ClassRunner.runChild(BlockJUnit4ClassRunner.java:103)
	at org.junit.runners.BlockJUnit4ClassRunner.runChild(BlockJUnit4ClassRunner.java:63)
	at org.junit.runners.ParentRunner$4.run(ParentRunner.java:331)
	at org.junit.runners.ParentRunner$1.schedule(ParentRunner.java:79)
	at org.junit.runners.ParentRunner.runChildren(ParentRunner.java:329)
	at org.junit.runners.ParentRunner.access$100(ParentRunner.java:66)
	at org.junit.runners.ParentRunner$2.evaluate(ParentRunner.java:293)
	at org.junit.internal.runners.statements.RunBefores.evaluate(RunBefores.java:26)
	at org.junit.rules.ExternalResource$1.evaluate(ExternalResource.java:54)
	at org.junit.rules.RunRules.evaluate(RunRules.java:20)
	at org.junit.runners.ParentRunner$3.evaluate(ParentRunner.java:306)
	at org.junit.runners.ParentRunner.run(ParentRunner.java:413)
	at org.apache.maven.surefire.junit4.JUnit4Provider.execute(JUnit4Provider.java:252)
	at org.apache.maven.surefire.junit4.JUnit4Provider.executeTestSet(JUnit4Provider.java:141)
	at org.apache.maven.surefire.junit4.JUnit4Provider.invoke(JUnit4Provider.java:112)
	at java.base/jdk.internal.reflect.NativeMethodAccessorImpl.invoke0(Native Method)
	at java.base/jdk.internal.reflect.NativeMethodAccessorImpl.invoke(NativeMethodAccessorImpl.java:62)
	at java.base/jdk.internal.reflect.DelegatingMethodAccessorImpl.invoke(DelegatingMethodAccessorImpl.java:43)
	at java.base/java.lang.reflect.Method.invoke(Method.java:566)
	at org.apache.maven.surefire.util.ReflectionUtils.invokeMethodWithArray(ReflectionUtils.java:189)
	at org.apache.maven.surefire.booter.ProviderFactory$ProviderProxy.invoke(ProviderFactory.java:165)
	at org.apache.maven.surefire.booter.ProviderFactory.invokeProvider(ProviderFactory.java:85)
	at org.apache.maven.surefire.booter.ForkedBooter.runSuitesInProcess(ForkedBooter.java:115)
	at org.apache.maven.surefire.booter.ForkedBooter.main(ForkedBooter.java:75)


Results :

Failed tests:   testProducerBuilderWithSpanNameProvider(io.opentracing.contrib.kafka.TracingKafkaTest): expected:<T[o_messages]> but was:<T[est_SpanNameProvider]>

Tests run: 29, Failures: 1, Errors: 0, Skipped: 0

[INFO] ------------------------------------------------------------------------
[INFO] Reactor Summary for io.opentracing.contrib:opentracing-kafka-parent 0.1.16-SNAPSHOT:
[INFO] 
[INFO] io.opentracing.contrib:opentracing-kafka-parent .... SUCCESS [  0.740 s]
[INFO] io.opentracing.contrib:opentracing-kafka-client .... FAILURE [ 13.057 s]
[INFO] io.opentracing.contrib:opentracing-kafka-streams ... SKIPPED
[INFO] io.opentracing.contrib:opentracing-kafka-spring .... SKIPPED
[INFO] ------------------------------------------------------------------------
[INFO] BUILD FAILURE
[INFO] ------------------------------------------------------------------------
[INFO] Total time:  13.885 s
[INFO] Finished at: 2021-02-15T07:53:38Z
[INFO] ------------------------------------------------------------------------
[ERROR] Failed to execute goal org.apache.maven.plugins:maven-surefire-plugin:2.12.4:test (default-test) on project opentracing-kafka-client: There are test failures.
[ERROR] 
[ERROR] Please refer to /workdir/java-kafka-client/opentracing-kafka-client/target/surefire-reports for the individual test results.
[ERROR] -> [Help 1]
[ERROR] 
[ERROR] To see the full stack trace of the errors, re-run Maven with the -e switch.
[ERROR] Re-run Maven using the -X switch to enable full debug logging.
[ERROR] 
[ERROR] For more information about the errors and possible solutions, please read the following articles:
[ERROR] [Help 1] http://cwiki.apache.org/confluence/display/MAVEN/MojoFailureException
[ERROR] 
[ERROR] After correcting the problems, you can resume the build with the command
[ERROR]   mvn <args> -rf :opentracing-kafka-client
