[INFO] Scanning for projects...
[INFO] ------------------------------------------------------------------------
[INFO] Reactor Build Order:
[INFO] 
[INFO] protostuff                                                         [pom]
[INFO] protostuff :: api                                                  [jar]
[INFO] protostuff :: core                                                 [jar]
[INFO] protostuff :: collectionschema                                     [jar]
[INFO] protostuff :: runtime                                              [jar]
[INFO] protostuff :: runtime-md                                           [jar]
[INFO] protostuff :: runtime-registry                                     [jar]
[INFO] protostuff :: runtime-view                                         [jar]
[INFO] protostuff :: json                                                 [jar]
[INFO] protostuff :: msgpack                                              [jar]
[INFO] protostuff :: xml                                                  [jar]
[INFO] protostuff :: yaml                                                 [jar]
[INFO] protostuff :: kvp                                                  [jar]
[INFO] protostuff :: parser                                               [jar]
[INFO] protostuff :: compiler                                             [jar]
[INFO] protostuff :: maven-plugin                                [maven-plugin]
[INFO] protostuff :: uberjar                                              [jar]
[INFO] protostuff :: it                                                   [jar]
[INFO] protostuff :: bom                                                  [pom]
[INFO] protostuff :: benchmarks                                           [jar]
[INFO] 
[INFO] ----------------------< io.protostuff:protostuff >----------------------
[INFO] Building protostuff 1.8.0-SNAPSHOT                                [1/20]
[INFO] --------------------------------[ pom ]---------------------------------
[INFO] 
[INFO] --- maven-clean-plugin:2.5:clean (default-clean) @ protostuff ---
[INFO] 
[INFO] --- maven-enforcer-plugin:1.3.1:enforce (enforce-versions) @ protostuff ---
[INFO] 
[INFO] --------------------< io.protostuff:protostuff-api >--------------------
[INFO] Building protostuff :: api 1.8.0-SNAPSHOT                         [2/20]
[INFO] --------------------------------[ jar ]---------------------------------
[INFO] 
[INFO] --- maven-clean-plugin:2.5:clean (default-clean) @ protostuff-api ---
[INFO] 
[INFO] --- maven-enforcer-plugin:1.3.1:enforce (enforce-versions) @ protostuff-api ---
[INFO] 
[INFO] --- maven-resources-plugin:2.6:resources (default-resources) @ protostuff-api ---
[INFO] Using 'UTF-8' encoding to copy filtered resources.
[INFO] skip non existing resourceDirectory /workdir/protostuff/protostuff-api/src/main/resources
[INFO] 
[INFO] --- maven-compiler-plugin:3.1:compile (default-compile) @ protostuff-api ---
[INFO] Changes detected - recompiling the module!
[INFO] Compiling 33 source files to /workdir/protostuff/protostuff-api/target/classes
[INFO] 
[INFO] --- maven-resources-plugin:2.6:testResources (default-testResources) @ protostuff-api ---
[INFO] Using 'UTF-8' encoding to copy filtered resources.
[INFO] skip non existing resourceDirectory /workdir/protostuff/protostuff-api/src/test/resources
[INFO] 
[INFO] --- maven-compiler-plugin:3.1:testCompile (default-testCompile) @ protostuff-api ---
[INFO] Changes detected - recompiling the module!
[INFO] Compiling 7 source files to /workdir/protostuff/protostuff-api/target/test-classes
[INFO] 
[INFO] --- maven-surefire-plugin:2.12.4:test (default-test) @ protostuff-api ---
[INFO] Surefire report directory: /workdir/protostuff/protostuff-api/target/surefire-reports

-------------------------------------------------------
 T E S T S
-------------------------------------------------------
Running io.protostuff.B64CodeTest
Tests run: 7, Failures: 0, Errors: 0, Skipped: 0, Time elapsed: 0.024 sec
Running io.protostuff.StreamedStringSerializerTest
Tests run: 14, Failures: 0, Errors: 0, Skipped: 0, Time elapsed: 0.16 sec
Running io.protostuff.UnsignedNumberUtilTest
Tests run: 4, Failures: 0, Errors: 0, Skipped: 0, Time elapsed: 0.016 sec
Running io.protostuff.StringSerializerTest
Tests run: 15, Failures: 0, Errors: 0, Skipped: 0, Time elapsed: 0.132 sec
Running io.protostuff.ByteStringTest
Tests run: 2, Failures: 0, Errors: 0, Skipped: 0, Time elapsed: 0.001 sec
Running io.protostuff.NumberParserTest
Tests run: 2, Failures: 0, Errors: 0, Skipped: 0, Time elapsed: 0.005 sec
Running io.protostuff.ListAdapterTest
Tests run: 1, Failures: 0, Errors: 0, Skipped: 0, Time elapsed: 0 sec

Results :

Tests run: 45, Failures: 0, Errors: 0, Skipped: 0

[INFO] 
[INFO] -------------------< io.protostuff:protostuff-core >--------------------
[INFO] Building protostuff :: core 1.8.0-SNAPSHOT                        [3/20]
[INFO] --------------------------------[ jar ]---------------------------------
[INFO] 
[INFO] --- maven-clean-plugin:2.5:clean (default-clean) @ protostuff-core ---
[INFO] 
[INFO] --- maven-enforcer-plugin:1.3.1:enforce (enforce-versions) @ protostuff-core ---
[INFO] 
[INFO] --- maven-resources-plugin:2.6:resources (default-resources) @ protostuff-core ---
[INFO] Using 'UTF-8' encoding to copy filtered resources.
[INFO] skip non existing resourceDirectory /workdir/protostuff/protostuff-core/src/main/resources
[INFO] 
[INFO] --- maven-compiler-plugin:3.1:compile (default-compile) @ protostuff-core ---
[INFO] Changes detected - recompiling the module!
[INFO] Compiling 17 source files to /workdir/protostuff/protostuff-core/target/classes
[INFO] 
[INFO] --- maven-resources-plugin:2.6:testResources (default-testResources) @ protostuff-core ---
[INFO] Using 'UTF-8' encoding to copy filtered resources.
[INFO] skip non existing resourceDirectory /workdir/protostuff/protostuff-core/src/test/resources
[INFO] 
[INFO] --- maven-compiler-plugin:3.1:testCompile (default-testCompile) @ protostuff-core ---
[INFO] Changes detected - recompiling the module!
[INFO] Compiling 47 source files to /workdir/protostuff/protostuff-core/target/test-classes
[WARNING] /workdir/protostuff/protostuff-core/src/test/java/io/protostuff/SerializableObjects.java: /workdir/protostuff/protostuff-core/src/test/java/io/protostuff/SerializableObjects.java uses or overrides a deprecated API.
[WARNING] /workdir/protostuff/protostuff-core/src/test/java/io/protostuff/SerializableObjects.java: Recompile with -Xlint:deprecation for details.
[WARNING] /workdir/protostuff/protostuff-core/src/test/java/io/protostuff/LowCopyProtostuffOutputTest.java: Some input files use unchecked or unsafe operations.
[WARNING] /workdir/protostuff/protostuff-core/src/test/java/io/protostuff/LowCopyProtostuffOutputTest.java: Recompile with -Xlint:unchecked for details.
[INFO] 
[INFO] --- maven-surefire-plugin:2.12.4:test (default-test) @ protostuff-core ---
[INFO] Surefire report directory: /workdir/protostuff/protostuff-core/target/surefire-reports

-------------------------------------------------------
 T E S T S
-------------------------------------------------------
Running io.protostuff.ProtostuffStreamedOutputTest
Tests run: 37, Failures: 0, Errors: 0, Skipped: 0, Time elapsed: 0.079 sec
Running io.protostuff.ProtostuffDelimiterTest
Tests run: 7, Failures: 0, Errors: 0, Skipped: 0, Time elapsed: 0.012 sec
Running io.protostuff.ProtobufOutputTest
Tests run: 13, Failures: 0, Errors: 0, Skipped: 0, Time elapsed: 0.018 sec
Running io.protostuff.RepeatedTest
Tests run: 3, Failures: 0, Errors: 0, Skipped: 0, Time elapsed: 0.002 sec
Running io.protostuff.ProtobufRepeatedMessagesTest
Tests run: 9, Failures: 0, Errors: 0, Skipped: 0, Time elapsed: 0.004 sec
Running io.protostuff.GraphTest
Tests run: 2, Failures: 0, Errors: 0, Skipped: 0, Time elapsed: 0.004 sec
Running io.protostuff.GraphDelimiterTest
Tests run: 7, Failures: 0, Errors: 0, Skipped: 0, Time elapsed: 0.008 sec
Running io.protostuff.CompareInputsTest
Tests run: 1, Failures: 0, Errors: 0, Skipped: 0, Time elapsed: 0.001 sec
Running io.protostuff.ProtostuffBufferedOutputTest
Tests run: 37, Failures: 0, Errors: 0, Skipped: 0, Time elapsed: 0.016 sec
Running io.protostuff.CodedInputTest
Tests run: 1, Failures: 0, Errors: 0, Skipped: 0, Time elapsed: 0.001 sec
Running io.protostuff.ProtobufBufferedOutputTest
Tests run: 39, Failures: 0, Errors: 0, Skipped: 0, Time elapsed: 0.013 sec
Running io.protostuff.LinkBufferTest
Tests run: 4, Failures: 0, Errors: 0, Skipped: 0, Time elapsed: 0.001 sec
Running io.protostuff.LowCopyProtostuffOutputTest
ctrl len = 21
test len = 21
test size() = 21
test buff count = 1
ctrl len = 71
test len = 71
test size() = 71
test buff count = 1
Tests run: 1, Failures: 0, Errors: 0, Skipped: 0, Time elapsed: 0.002 sec
Running io.protostuff.CodedDataInputTest
Tests run: 1, Failures: 0, Errors: 0, Skipped: 0, Time elapsed: 0.316 sec
Running io.protostuff.TailDelimiterTest
Tests run: 10, Failures: 0, Errors: 0, Skipped: 0, Time elapsed: 0.003 sec
Running io.protostuff.ProtostuffRepeatedMessagesTest
Tests run: 9, Failures: 0, Errors: 0, Skipped: 0, Time elapsed: 0.004 sec
Running io.protostuff.CompareOutputsTest
Tests run: 3, Failures: 0, Errors: 0, Skipped: 0, Time elapsed: 0.003 sec
Running io.protostuff.ProtobufCodedOutputTest
Tests run: 37, Failures: 0, Errors: 0, Skipped: 0, Time elapsed: 0.011 sec
Running io.protostuff.ProtobufDelimiterTest
Tests run: 7, Failures: 0, Errors: 0, Skipped: 0, Time elapsed: 0.004 sec
Running io.protostuff.ProtostuffPipeTest
Tests run: 3, Failures: 0, Errors: 0, Skipped: 0, Time elapsed: 0.004 sec
Running io.protostuff.CodedOutputTest
Tests run: 5, Failures: 0, Errors: 0, Skipped: 0, Time elapsed: 0.001 sec
Running io.protostuff.LowCopyProtobufOutputTest
ctrl len = 21
test len = 21
test size() = 21
test buff count = 1
ctrl len = 71
test len = 71
test size() = 71
test buff count = 1
Tests run: 1, Failures: 0, Errors: 0, Skipped: 0, Time elapsed: 0.001 sec
Running io.protostuff.IntTest
Tests run: 2, Failures: 0, Errors: 0, Skipped: 0, Time elapsed: 0.002 sec
Running io.protostuff.BufferReuseTest
Tests run: 20, Failures: 0, Errors: 0, Skipped: 0, Time elapsed: 0.005 sec

Results :

Tests run: 259, Failures: 0, Errors: 0, Skipped: 0

[INFO] 
[INFO] -------------< io.protostuff:protostuff-collectionschema >--------------
[INFO] Building protostuff :: collectionschema 1.8.0-SNAPSHOT            [4/20]
[INFO] --------------------------------[ jar ]---------------------------------
[INFO] 
[INFO] --- maven-clean-plugin:2.5:clean (default-clean) @ protostuff-collectionschema ---
[INFO] 
[INFO] --- maven-enforcer-plugin:1.3.1:enforce (enforce-versions) @ protostuff-collectionschema ---
[INFO] 
[INFO] --- maven-resources-plugin:2.6:resources (default-resources) @ protostuff-collectionschema ---
[INFO] Using 'UTF-8' encoding to copy filtered resources.
[INFO] skip non existing resourceDirectory /workdir/protostuff/protostuff-collectionschema/src/main/resources
[INFO] 
[INFO] --- maven-compiler-plugin:3.1:compile (default-compile) @ protostuff-collectionschema ---
[INFO] Changes detected - recompiling the module!
[INFO] Compiling 5 source files to /workdir/protostuff/protostuff-collectionschema/target/classes
[INFO] 
[INFO] --- maven-resources-plugin:2.6:testResources (default-testResources) @ protostuff-collectionschema ---
[INFO] Using 'UTF-8' encoding to copy filtered resources.
[INFO] skip non existing resourceDirectory /workdir/protostuff/protostuff-collectionschema/src/test/resources
[INFO] 
[INFO] --- maven-compiler-plugin:3.1:testCompile (default-testCompile) @ protostuff-collectionschema ---
[INFO] Changes detected - recompiling the module!
[INFO] Compiling 4 source files to /workdir/protostuff/protostuff-collectionschema/target/test-classes
[INFO] 
[INFO] --- maven-surefire-plugin:2.12.4:test (default-test) @ protostuff-collectionschema ---
[INFO] Surefire report directory: /workdir/protostuff/protostuff-collectionschema/target/surefire-reports

-------------------------------------------------------
 T E S T S
-------------------------------------------------------
Running io.protostuff.StringMapSchemaProtobufTest
Tests run: 16, Failures: 0, Errors: 0, Skipped: 0, Time elapsed: 0.069 sec
Running io.protostuff.StringMapSchemaProtostuffTest
Tests run: 16, Failures: 0, Errors: 0, Skipped: 0, Time elapsed: 0.012 sec
Running io.protostuff.UniqueMapEntryTest
Tests run: 1, Failures: 0, Errors: 0, Skipped: 0, Time elapsed: 0.006 sec

Results :

Tests run: 33, Failures: 0, Errors: 0, Skipped: 0

[INFO] 
[INFO] ------------------< io.protostuff:protostuff-runtime >------------------
[INFO] Building protostuff :: runtime 1.8.0-SNAPSHOT                     [5/20]
[INFO] --------------------------------[ jar ]---------------------------------
[INFO] 
[INFO] --- maven-clean-plugin:2.5:clean (default-clean) @ protostuff-runtime ---
[INFO] 
[INFO] --- maven-enforcer-plugin:1.3.1:enforce (enforce-versions) @ protostuff-runtime ---
[INFO] 
[INFO] --- maven-resources-plugin:2.6:resources (default-resources) @ protostuff-runtime ---
[INFO] Using 'UTF-8' encoding to copy filtered resources.
[INFO] skip non existing resourceDirectory /workdir/protostuff/protostuff-runtime/src/main/resources
[INFO] 
[INFO] --- maven-compiler-plugin:3.1:compile (default-compile) @ protostuff-runtime ---
[INFO] Changes detected - recompiling the module!
[INFO] Compiling 43 source files to /workdir/protostuff/protostuff-runtime/target/classes
[WARNING] /workdir/protostuff/protostuff-runtime/src/main/java/io/protostuff/runtime/OnDemandSunReflectionFactory.java:[40,44] sun.reflect.ReflectionFactory is internal proprietary API and may be removed in a future release
[WARNING] /workdir/protostuff/protostuff-runtime/src/main/java/io/protostuff/runtime/RuntimeUnsafeFieldFactory.java:[60,26] sun.misc.Unsafe is internal proprietary API and may be removed in a future release
[WARNING] /workdir/protostuff/protostuff-runtime/src/main/java/io/protostuff/runtime/RuntimeUnsafeFieldFactory.java:[62,28] sun.misc.Unsafe is internal proprietary API and may be removed in a future release
[WARNING] /workdir/protostuff/protostuff-runtime/src/main/java/io/protostuff/runtime/RuntimeUnsafeFieldFactory.java:[66,49] sun.misc.Unsafe is internal proprietary API and may be removed in a future release
[WARNING] /workdir/protostuff/protostuff-runtime/src/main/java/io/protostuff/runtime/RuntimeUnsafeFieldFactory.java:[71,29] sun.misc.Unsafe is internal proprietary API and may be removed in a future release
[WARNING] /workdir/protostuff/protostuff-runtime/src/main/java/io/protostuff/runtime/RuntimeUnsafeFieldFactory.java:[86,24] sun.misc.Unsafe is internal proprietary API and may be removed in a future release
[WARNING] /workdir/protostuff/protostuff-runtime/src/main/java/io/protostuff/runtime/IdStrategy.java: Some input files use or override a deprecated API.
[WARNING] /workdir/protostuff/protostuff-runtime/src/main/java/io/protostuff/runtime/IdStrategy.java: Recompile with -Xlint:deprecation for details.
[INFO] 
[INFO] --- maven-resources-plugin:2.6:testResources (default-testResources) @ protostuff-runtime ---
[INFO] Using 'UTF-8' encoding to copy filtered resources.
[INFO] skip non existing resourceDirectory /workdir/protostuff/protostuff-runtime/src/test/resources
[INFO] 
[INFO] --- maven-compiler-plugin:3.1:testCompile (default-testCompile) @ protostuff-runtime ---
[INFO] Changes detected - recompiling the module!
[INFO] Compiling 49 source files to /workdir/protostuff/protostuff-runtime/target/test-classes
[WARNING] /workdir/protostuff/protostuff-runtime/src/test/java/io/protostuff/runtime/CollectionTest.java: Some input files use or override a deprecated API.
[WARNING] /workdir/protostuff/protostuff-runtime/src/test/java/io/protostuff/runtime/CollectionTest.java: Recompile with -Xlint:deprecation for details.
[WARNING] /workdir/protostuff/protostuff-runtime/src/test/java/io/protostuff/runtime/AbstractRuntimeObjectSchemaTest.java: Some input files use unchecked or unsafe operations.
[WARNING] /workdir/protostuff/protostuff-runtime/src/test/java/io/protostuff/runtime/AbstractRuntimeObjectSchemaTest.java: Recompile with -Xlint:unchecked for details.
[INFO] 
[INFO] --- maven-surefire-plugin:2.18.1:test (default-test) @ protostuff-runtime ---
[INFO] Surefire report directory: /workdir/protostuff/protostuff-runtime/target/surefire-reports

-------------------------------------------------------
 T E S T S
-------------------------------------------------------
Running io.protostuff.runtime.RuntimePipeTest
WARNING: An illegal reflective access operation has occurred
WARNING: Illegal reflective access by io.protostuff.runtime.EnumIO (file:/workdir/protostuff/protostuff-runtime/target/classes/) to field java.util.EnumMap.keyType
WARNING: Please consider reporting this to the maintainers of io.protostuff.runtime.EnumIO
WARNING: Use --illegal-access=warn to enable warnings of further illegal reflective access operations
WARNING: All illegal access operations will be denied in a future release
Tests run: 7, Failures: 0, Errors: 0, Skipped: 0, Time elapsed: 0.102 sec - in io.protostuff.runtime.RuntimePipeTest
Running io.protostuff.runtime.ProtobufRuntimeCollectionSchemaTest
WARNING: An illegal reflective access operation has occurred
WARNING: Illegal reflective access by io.protostuff.runtime.EnumIO (file:/workdir/protostuff/protostuff-runtime/target/classes/) to field java.util.EnumMap.keyType
WARNING: Please consider reporting this to the maintainers of io.protostuff.runtime.EnumIO
WARNING: Use --illegal-access=warn to enable warnings of further illegal reflective access operations
WARNING: All illegal access operations will be denied in a future release
Tests run: 2, Failures: 0, Errors: 0, Skipped: 0, Time elapsed: 0.082 sec - in io.protostuff.runtime.ProtobufRuntimeCollectionSchemaTest
Running io.protostuff.runtime.PolymorphicSerializationTest
Tests run: 5, Failures: 0, Errors: 0, Skipped: 0, Time elapsed: 0.065 sec - in io.protostuff.runtime.PolymorphicSerializationTest
Running io.protostuff.runtime.DefaultIdStrategyTest
WARNING: An illegal reflective access operation has occurred
SUREFIRE-859: WARNING: Illegal reflective access by org.mockito.cglib.core.ReflectUtils$2 (file:/home/maven/.m2/repository/org/mockito/mockito-core/1.10.8/mockito-core-1.10.8.jar) to method java.lang.ClassLoader.defineClass(java.lang.String,byte[],int,int,java.security.ProtectionDomain)
WARNING: Please consider reporting this to the maintainers of org.mockito.cglib.core.ReflectUtils$2
WARNING: Use --illegal-access=warn to enable warnings of further illegal reflective access operations
WARNING: All illegal access operations will be denied in a future release
Tests run: 1, Failures: 0, Errors: 0, Skipped: 0, Time elapsed: 0.101 sec - in io.protostuff.runtime.DefaultIdStrategyTest
Running io.protostuff.runtime.ObjectSchemaTest
false
WARNING: An illegal reflective access operation has occurred
WARNING: Illegal reflective access by io.protostuff.runtime.EnumIO (file:/workdir/protostuff/protostuff-runtime/target/classes/) to field java.util.EnumMap.keyType
WARNING: Please consider reporting this to the maintainers of io.protostuff.runtime.EnumIO
WARNING: Use --illegal-access=warn to enable warnings of further illegal reflective access operations
WARNING: All illegal access operations will be denied in a future release
Tests run: 1, Failures: 0, Errors: 0, Skipped: 0, Time elapsed: 0.075 sec - in io.protostuff.runtime.ObjectSchemaTest
Running io.protostuff.runtime.ProtostuffRuntimeObjectSchemaTest
WARNING: An illegal reflective access operation has occurred
WARNING: Illegal reflective access by io.protostuff.runtime.RuntimeEnv$DefaultInstantiator (file:/workdir/protostuff/protostuff-runtime/target/classes/) to constructor java.lang.StackTraceElement()
WARNING: Please consider reporting this to the maintainers of io.protostuff.runtime.RuntimeEnv$DefaultInstantiator
WARNING: Use --illegal-access=warn to enable warnings of further illegal reflective access operations
WARNING: All illegal access operations will be denied in a future release
registered delegate: HashMapInnerKeySetDelegate<String>
registered short array delegate.
registered delegate: ImmutableListAsDelegate<Baz>
Tests run: 18, Failures: 0, Errors: 0, Skipped: 0, Time elapsed: 0.152 sec - in io.protostuff.runtime.ProtostuffRuntimeObjectSchemaTest
Running io.protostuff.runtime.GenericTypeTest
Tests run: 1, Failures: 0, Errors: 0, Skipped: 0, Time elapsed: 0.037 sec - in io.protostuff.runtime.GenericTypeTest
Running io.protostuff.runtime.LazyRegisterTest
Tests run: 1, Failures: 0, Errors: 0, Skipped: 0, Time elapsed: 0.066 sec - in io.protostuff.runtime.LazyRegisterTest
Running io.protostuff.runtime.MathObjectsTest
Tests run: 2, Failures: 0, Errors: 0, Skipped: 0, Time elapsed: 0.058 sec - in io.protostuff.runtime.MathObjectsTest
Running io.protostuff.runtime.ImmutableObjectsTest
Tests run: 2, Failures: 0, Errors: 0, Skipped: 0, Time elapsed: 0.055 sec - in io.protostuff.runtime.ImmutableObjectsTest
Running io.protostuff.runtime.InheritanceTest
Tests run: 2, Failures: 0, Errors: 0, Skipped: 0, Time elapsed: 0.044 sec - in io.protostuff.runtime.InheritanceTest
Running io.protostuff.runtime.RuntimeGraphUnknownFieldTest
Tests run: 1, Failures: 0, Errors: 0, Skipped: 0, Time elapsed: 0.048 sec - in io.protostuff.runtime.RuntimeGraphUnknownFieldTest
Running io.protostuff.runtime.FieldExclusionTest
Tests run: 2, Failures: 0, Errors: 0, Skipped: 0, Time elapsed: 0.065 sec - in io.protostuff.runtime.FieldExclusionTest
Running io.protostuff.runtime.ProtostuffRuntimeCollectionSchemaTest
WARNING: An illegal reflective access operation has occurred
WARNING: Illegal reflective access by io.protostuff.runtime.EnumIO (file:/workdir/protostuff/protostuff-runtime/target/classes/) to field java.util.EnumMap.keyType
WARNING: Please consider reporting this to the maintainers of io.protostuff.runtime.EnumIO
WARNING: Use --illegal-access=warn to enable warnings of further illegal reflective access operations
WARNING: All illegal access operations will be denied in a future release
Tests run: 2, Failures: 0, Errors: 0, Skipped: 0, Time elapsed: 0.07 sec - in io.protostuff.runtime.ProtostuffRuntimeCollectionSchemaTest
Running io.protostuff.runtime.RuntimeSchemaEnumTagTest
WARNING: An illegal reflective access operation has occurred
WARNING: Illegal reflective access by io.protostuff.runtime.EnumIO (file:/workdir/protostuff/protostuff-runtime/target/classes/) to field java.util.EnumMap.keyType
WARNING: Please consider reporting this to the maintainers of io.protostuff.runtime.EnumIO
WARNING: Use --illegal-access=warn to enable warnings of further illegal reflective access operations
WARNING: All illegal access operations will be denied in a future release
Tests run: 3, Failures: 0, Errors: 0, Skipped: 1, Time elapsed: 0.133 sec - in io.protostuff.runtime.RuntimeSchemaEnumTagTest
Running io.protostuff.runtime.DeprecatedFieldTest
Tests run: 1, Failures: 0, Errors: 0, Skipped: 0, Time elapsed: 0.038 sec - in io.protostuff.runtime.DeprecatedFieldTest
Running io.protostuff.runtime.FilterFieldsByGroupTest
WARNING: An illegal reflective access operation has occurred
WARNING: Illegal reflective access by io.protostuff.runtime.EnumIO (file:/workdir/protostuff/protostuff-runtime/target/classes/) to field java.util.EnumMap.keyType
WARNING: Please consider reporting this to the maintainers of io.protostuff.runtime.EnumIO
WARNING: Use --illegal-access=warn to enable warnings of further illegal reflective access operations
WARNING: All illegal access operations will be denied in a future release
Tests run: 2, Failures: 0, Errors: 0, Skipped: 0, Time elapsed: 0.064 sec - in io.protostuff.runtime.FilterFieldsByGroupTest
Running io.protostuff.runtime.ProtobufNullArrayElementTest
WARNING: An illegal reflective access operation has occurred
WARNING: Illegal reflective access by io.protostuff.runtime.EnumIO (file:/workdir/protostuff/protostuff-runtime/target/classes/) to field java.util.EnumMap.keyType
WARNING: Please consider reporting this to the maintainers of io.protostuff.runtime.EnumIO
WARNING: Use --illegal-access=warn to enable warnings of further illegal reflective access operations
WARNING: All illegal access operations will be denied in a future release
Tests run: 10, Failures: 0, Errors: 0, Skipped: 0, Time elapsed: 0.089 sec - in io.protostuff.runtime.ProtobufNullArrayElementTest
Running io.protostuff.runtime.CollectionTest
Tests run: 5, Failures: 0, Errors: 0, Skipped: 0, Time elapsed: 0.062 sec - in io.protostuff.runtime.CollectionTest
Running io.protostuff.runtime.CompatTest
WARNING: An illegal reflective access operation has occurred
WARNING: Illegal reflective access by io.protostuff.runtime.EnumIO (file:/workdir/protostuff/protostuff-runtime/target/classes/) to field java.util.EnumMap.keyType
WARNING: Please consider reporting this to the maintainers of io.protostuff.runtime.EnumIO
WARNING: Use --illegal-access=warn to enable warnings of further illegal reflective access operations
WARNING: All illegal access operations will be denied in a future release
Tests run: 3, Failures: 0, Errors: 0, Skipped: 0, Time elapsed: 0.078 sec - in io.protostuff.runtime.CompatTest
Running io.protostuff.runtime.ProtostuffNullArrayElementInObjectArrayTest
Tests run: 6, Failures: 0, Errors: 0, Skipped: 0, Time elapsed: 0.065 sec - in io.protostuff.runtime.ProtostuffNullArrayElementInObjectArrayTest
Running io.protostuff.runtime.SerDeserTest
WARNING: An illegal reflective access operation has occurred
WARNING: Illegal reflective access by io.protostuff.runtime.EnumIO (file:/workdir/protostuff/protostuff-runtime/target/classes/) to field java.util.EnumMap.keyType
WARNING: Please consider reporting this to the maintainers of io.protostuff.runtime.EnumIO
WARNING: Use --illegal-access=warn to enable warnings of further illegal reflective access operations
WARNING: All illegal access operations will be denied in a future release
Tests run: 5, Failures: 0, Errors: 0, Skipped: 0, Time elapsed: 0.067 sec - in io.protostuff.runtime.SerDeserTest
Running io.protostuff.runtime.ProtostuffRuntimeMapTest
WARNING: An illegal reflective access operation has occurred
WARNING: Illegal reflective access by io.protostuff.runtime.EnumIO (file:/workdir/protostuff/protostuff-runtime/target/classes/) to field java.util.EnumMap.keyType
WARNING: Please consider reporting this to the maintainers of io.protostuff.runtime.EnumIO
WARNING: Use --illegal-access=warn to enable warnings of further illegal reflective access operations
WARNING: All illegal access operations will be denied in a future release
Tests run: 13, Failures: 0, Errors: 0, Skipped: 0, Time elapsed: 0.116 sec - in io.protostuff.runtime.ProtostuffRuntimeMapTest
Running io.protostuff.runtime.RuntimeGraphTest
Tests run: 2, Failures: 0, Errors: 0, Skipped: 0, Time elapsed: 0.06 sec - in io.protostuff.runtime.RuntimeGraphTest
Running io.protostuff.runtime.EnumSetAndMapTest
WARNING: An illegal reflective access operation has occurred
WARNING: Illegal reflective access by io.protostuff.runtime.PolymorphicCollectionSchema (file:/workdir/protostuff/protostuff-runtime/target/classes/) to field java.util.Collections$SingletonSet.element
WARNING: Please consider reporting this to the maintainers of io.protostuff.runtime.PolymorphicCollectionSchema
WARNING: Use --illegal-access=warn to enable warnings of further illegal reflective access operations
WARNING: All illegal access operations will be denied in a future release
Tests run: 6, Failures: 0, Errors: 0, Skipped: 0, Time elapsed: 0.091 sec - in io.protostuff.runtime.EnumSetAndMapTest
Running io.protostuff.runtime.RuntimeSchemaTagTest
Tests run: 6, Failures: 0, Errors: 0, Skipped: 0, Time elapsed: 0.05 sec - in io.protostuff.runtime.RuntimeSchemaTagTest
Running io.protostuff.runtime.ProtobufNullArrayElementInObjectArrayTest
Tests run: 6, Failures: 0, Errors: 0, Skipped: 0, Time elapsed: 0.067 sec - in io.protostuff.runtime.ProtobufNullArrayElementInObjectArrayTest
Running io.protostuff.runtime.DateTest
Tests run: 2, Failures: 0, Errors: 0, Skipped: 0, Time elapsed: 0.046 sec - in io.protostuff.runtime.DateTest
Running io.protostuff.runtime.ProtostuffNullArrayElementTest
WARNING: An illegal reflective access operation has occurred
WARNING: Illegal reflective access by io.protostuff.runtime.EnumIO (file:/workdir/protostuff/protostuff-runtime/target/classes/) to field java.util.EnumMap.keyType
WARNING: Please consider reporting this to the maintainers of io.protostuff.runtime.EnumIO
WARNING: Use --illegal-access=warn to enable warnings of further illegal reflective access operations
WARNING: All illegal access operations will be denied in a future release
Tests run: 10, Failures: 0, Errors: 0, Skipped: 0, Time elapsed: 0.09 sec - in io.protostuff.runtime.ProtostuffNullArrayElementTest
Running io.protostuff.runtime.AlwaysUseSunReflectionFactoryOptionTest
Tests run: 1, Failures: 0, Errors: 0, Skipped: 0, Time elapsed: 0.054 sec - in io.protostuff.runtime.AlwaysUseSunReflectionFactoryOptionTest
Running io.protostuff.runtime.AnnotatedFieldsTest
Tests run: 7, Failures: 0, Errors: 0, Skipped: 0, Time elapsed: 0.041 sec - in io.protostuff.runtime.AnnotatedFieldsTest
Running io.protostuff.runtime.PolymorphicRuntimeGraphTest
WARNING: An illegal reflective access operation has occurred
WARNING: Illegal reflective access by io.protostuff.runtime.EnumIO (file:/workdir/protostuff/protostuff-runtime/target/classes/) to field java.util.EnumMap.keyType
WARNING: Please consider reporting this to the maintainers of io.protostuff.runtime.EnumIO
WARNING: Use --illegal-access=warn to enable warnings of further illegal reflective access operations
WARNING: All illegal access operations will be denied in a future release
Tests run: 2, Failures: 0, Errors: 0, Skipped: 0, Time elapsed: 0.075 sec - in io.protostuff.runtime.PolymorphicRuntimeGraphTest
Running io.protostuff.runtime.ProtobufRuntimeMapTest
WARNING: An illegal reflective access operation has occurred
WARNING: Illegal reflective access by io.protostuff.runtime.EnumIO (file:/workdir/protostuff/protostuff-runtime/target/classes/) to field java.util.EnumMap.keyType
WARNING: Please consider reporting this to the maintainers of io.protostuff.runtime.EnumIO
WARNING: Use --illegal-access=warn to enable warnings of further illegal reflective access operations
WARNING: All illegal access operations will be denied in a future release
Tests run: 13, Failures: 0, Errors: 0, Skipped: 0, Time elapsed: 0.116 sec - in io.protostuff.runtime.ProtobufRuntimeMapTest
Running io.protostuff.runtime.ProtobufRuntimeObjectSchemaTest
WARNING: An illegal reflective access operation has occurred
WARNING: Illegal reflective access by io.protostuff.runtime.RuntimeEnv$DefaultInstantiator (file:/workdir/protostuff/protostuff-runtime/target/classes/) to constructor java.lang.StackTraceElement()
WARNING: Please consider reporting this to the maintainers of io.protostuff.runtime.RuntimeEnv$DefaultInstantiator
WARNING: Use --illegal-access=warn to enable warnings of further illegal reflective access operations
WARNING: All illegal access operations will be denied in a future release
registered delegate: HashMapInnerKeySetDelegate<String>
registered short array delegate.
registered delegate: ImmutableListAsDelegate<Baz>
Tests run: 18, Failures: 0, Errors: 0, Skipped: 0, Time elapsed: 0.15 sec - in io.protostuff.runtime.ProtobufRuntimeObjectSchemaTest
Running io.protostuff.runtime.ExcludeFieldTest
Tests run: 4, Failures: 0, Errors: 0, Skipped: 0, Time elapsed: 0.042 sec - in io.protostuff.runtime.ExcludeFieldTest

Results :

Tests run: 172, Failures: 0, Errors: 0, Skipped: 1

[INFO] 
[INFO] ----------------< io.protostuff:protostuff-runtime-md >-----------------
[INFO] Building protostuff :: runtime-md 1.8.0-SNAPSHOT                  [6/20]
[INFO] --------------------------------[ jar ]---------------------------------
[INFO] 
[INFO] --- maven-clean-plugin:2.5:clean (default-clean) @ protostuff-runtime-md ---
[INFO] 
[INFO] --- maven-enforcer-plugin:1.3.1:enforce (enforce-versions) @ protostuff-runtime-md ---
[INFO] 
[INFO] --- maven-antrun-plugin:1.3:run (copy-sources) @ protostuff-runtime-md ---
[INFO] Executing tasks
     [copy] Copying 38 files to /workdir/protostuff/protostuff-runtime-md/target/extra-sources
     [copy] Copying 43 files to /workdir/protostuff/protostuff-runtime-md/target/extra-test-sources
[INFO] Executed tasks
[INFO] 
[INFO] --- build-helper-maven-plugin:1.9.1:add-source (add-source) @ protostuff-runtime-md ---
[INFO] Source directory: /workdir/protostuff/protostuff-runtime-md/target/extra-sources added.
[INFO] 
[INFO] --- maven-resources-plugin:2.6:resources (default-resources) @ protostuff-runtime-md ---
[INFO] Using 'UTF-8' encoding to copy filtered resources.
[INFO] skip non existing resourceDirectory /workdir/protostuff/protostuff-runtime-md/src/main/resources
[INFO] 
[INFO] --- maven-compiler-plugin:3.1:compile (default-compile) @ protostuff-runtime-md ---
[INFO] Changes detected - recompiling the module!
[INFO] Compiling 40 source files to /workdir/protostuff/protostuff-runtime-md/target/classes
[WARNING] /workdir/protostuff/protostuff-runtime-md/target/extra-sources/io/protostuff/runtime/IdStrategy.java: Some input files use or override a deprecated API.
[WARNING] /workdir/protostuff/protostuff-runtime-md/target/extra-sources/io/protostuff/runtime/IdStrategy.java: Recompile with -Xlint:deprecation for details.
[INFO] 
[INFO] --- build-helper-maven-plugin:1.9.1:add-test-source (add-test-source) @ protostuff-runtime-md ---
[INFO] Test Source directory: /workdir/protostuff/protostuff-runtime-md/target/extra-test-sources added.
[INFO] 
[INFO] --- maven-resources-plugin:2.6:testResources (default-testResources) @ protostuff-runtime-md ---
[INFO] Using 'UTF-8' encoding to copy filtered resources.
[INFO] skip non existing resourceDirectory /workdir/protostuff/protostuff-runtime-md/src/test/resources
[INFO] 
[INFO] --- maven-compiler-plugin:3.1:testCompile (default-testCompile) @ protostuff-runtime-md ---
[INFO] Changes detected - recompiling the module!
[INFO] Compiling 43 source files to /workdir/protostuff/protostuff-runtime-md/target/test-classes
[WARNING] /workdir/protostuff/protostuff-runtime-md/target/extra-test-sources/io/protostuff/runtime/CollectionTest.java: Some input files use or override a deprecated API.
[WARNING] /workdir/protostuff/protostuff-runtime-md/target/extra-test-sources/io/protostuff/runtime/CollectionTest.java: Recompile with -Xlint:deprecation for details.
[WARNING] /workdir/protostuff/protostuff-runtime-md/target/extra-test-sources/io/protostuff/runtime/ObjectSchemaTest.java: Some input files use unchecked or unsafe operations.
[WARNING] /workdir/protostuff/protostuff-runtime-md/target/extra-test-sources/io/protostuff/runtime/ObjectSchemaTest.java: Recompile with -Xlint:unchecked for details.
[INFO] 
[INFO] --- maven-surefire-plugin:2.18.1:test (default-test) @ protostuff-runtime-md ---
[INFO] Surefire report directory: /workdir/protostuff/protostuff-runtime-md/target/surefire-reports

-------------------------------------------------------
 T E S T S
-------------------------------------------------------
Running io.protostuff.runtime.RuntimePipeTest
WARNING: An illegal reflective access operation has occurred
WARNING: Illegal reflective access by io.protostuff.runtime.EnumIO (file:/workdir/protostuff/protostuff-runtime-md/target/classes/) to field java.util.EnumMap.keyType
WARNING: Please consider reporting this to the maintainers of io.protostuff.runtime.EnumIO
WARNING: Use --illegal-access=warn to enable warnings of further illegal reflective access operations
WARNING: All illegal access operations will be denied in a future release
Tests run: 7, Failures: 0, Errors: 0, Skipped: 0, Time elapsed: 0.084 sec - in io.protostuff.runtime.RuntimePipeTest
Running io.protostuff.runtime.ProtobufRuntimeCollectionSchemaTest
WARNING: An illegal reflective access operation has occurred
WARNING: Illegal reflective access by io.protostuff.runtime.EnumIO (file:/workdir/protostuff/protostuff-runtime-md/target/classes/) to field java.util.EnumMap.keyType
WARNING: Please consider reporting this to the maintainers of io.protostuff.runtime.EnumIO
WARNING: Use --illegal-access=warn to enable warnings of further illegal reflective access operations
WARNING: All illegal access operations will be denied in a future release
Tests run: 2, Failures: 0, Errors: 0, Skipped: 0, Time elapsed: 0.07 sec - in io.protostuff.runtime.ProtobufRuntimeCollectionSchemaTest
Running io.protostuff.runtime.PolymorphicSerializationTest
Tests run: 5, Failures: 0, Errors: 0, Skipped: 0, Time elapsed: 0.068 sec - in io.protostuff.runtime.PolymorphicSerializationTest
Running io.protostuff.runtime.DefaultIdStrategyTest
WARNING: An illegal reflective access operation has occurred
SUREFIRE-859: WARNING: Illegal reflective access by org.mockito.cglib.core.ReflectUtils$2 (file:/home/maven/.m2/repository/org/mockito/mockito-core/1.10.8/mockito-core-1.10.8.jar) to method java.lang.ClassLoader.defineClass(java.lang.String,byte[],int,int,java.security.ProtectionDomain)
WARNING: Please consider reporting this to the maintainers of org.mockito.cglib.core.ReflectUtils$2
WARNING: Use --illegal-access=warn to enable warnings of further illegal reflective access operations
WARNING: All illegal access operations will be denied in a future release
Tests run: 1, Failures: 0, Errors: 0, Skipped: 0, Time elapsed: 0.105 sec - in io.protostuff.runtime.DefaultIdStrategyTest
Running io.protostuff.runtime.ObjectSchemaTest
false
WARNING: An illegal reflective access operation has occurred
WARNING: Illegal reflective access by io.protostuff.runtime.EnumIO (file:/workdir/protostuff/protostuff-runtime-md/target/classes/) to field java.util.EnumMap.keyType
WARNING: Please consider reporting this to the maintainers of io.protostuff.runtime.EnumIO
WARNING: Use --illegal-access=warn to enable warnings of further illegal reflective access operations
WARNING: All illegal access operations will be denied in a future release
Tests run: 1, Failures: 0, Errors: 0, Skipped: 0, Time elapsed: 0.075 sec - in io.protostuff.runtime.ObjectSchemaTest
Running io.protostuff.runtime.GenericTypeTest
Tests run: 1, Failures: 0, Errors: 0, Skipped: 0, Time elapsed: 0.035 sec - in io.protostuff.runtime.GenericTypeTest
Running io.protostuff.runtime.LazyRegisterTest
Tests run: 1, Failures: 0, Errors: 0, Skipped: 0, Time elapsed: 0.068 sec - in io.protostuff.runtime.LazyRegisterTest
Running io.protostuff.runtime.MathObjectsTest
Tests run: 2, Failures: 0, Errors: 0, Skipped: 0, Time elapsed: 0.056 sec - in io.protostuff.runtime.MathObjectsTest
Running io.protostuff.runtime.InheritanceTest
Tests run: 2, Failures: 0, Errors: 0, Skipped: 0, Time elapsed: 0.042 sec - in io.protostuff.runtime.InheritanceTest
Running io.protostuff.runtime.RuntimeGraphUnknownFieldTest
Tests run: 1, Failures: 0, Errors: 0, Skipped: 0, Time elapsed: 0.048 sec - in io.protostuff.runtime.RuntimeGraphUnknownFieldTest
Running io.protostuff.runtime.FieldExclusionTest
Tests run: 2, Failures: 0, Errors: 0, Skipped: 0, Time elapsed: 0.064 sec - in io.protostuff.runtime.FieldExclusionTest
Running io.protostuff.runtime.ProtostuffRuntimeCollectionSchemaTest
WARNING: An illegal reflective access operation has occurred
WARNING: Illegal reflective access by io.protostuff.runtime.EnumIO (file:/workdir/protostuff/protostuff-runtime-md/target/classes/) to field java.util.EnumMap.keyType
WARNING: Please consider reporting this to the maintainers of io.protostuff.runtime.EnumIO
WARNING: Use --illegal-access=warn to enable warnings of further illegal reflective access operations
WARNING: All illegal access operations will be denied in a future release
Tests run: 2, Failures: 0, Errors: 0, Skipped: 0, Time elapsed: 0.073 sec - in io.protostuff.runtime.ProtostuffRuntimeCollectionSchemaTest
Running io.protostuff.runtime.RuntimeSchemaEnumTagTest
WARNING: An illegal reflective access operation has occurred
WARNING: Illegal reflective access by io.protostuff.runtime.EnumIO (file:/workdir/protostuff/protostuff-runtime-md/target/classes/) to field java.util.EnumMap.keyType
WARNING: Please consider reporting this to the maintainers of io.protostuff.runtime.EnumIO
WARNING: Use --illegal-access=warn to enable warnings of further illegal reflective access operations
WARNING: All illegal access operations will be denied in a future release
Tests run: 3, Failures: 0, Errors: 0, Skipped: 1, Time elapsed: 0.134 sec - in io.protostuff.runtime.RuntimeSchemaEnumTagTest
Running io.protostuff.runtime.DeprecatedFieldTest
Tests run: 1, Failures: 0, Errors: 0, Skipped: 0, Time elapsed: 0.036 sec - in io.protostuff.runtime.DeprecatedFieldTest
Running io.protostuff.runtime.FilterFieldsByGroupTest
WARNING: An illegal reflective access operation has occurred
WARNING: Illegal reflective access by io.protostuff.runtime.EnumIO (file:/workdir/protostuff/protostuff-runtime-md/target/classes/) to field java.util.EnumMap.keyType
WARNING: Please consider reporting this to the maintainers of io.protostuff.runtime.EnumIO
WARNING: Use --illegal-access=warn to enable warnings of further illegal reflective access operations
WARNING: All illegal access operations will be denied in a future release
Tests run: 2, Failures: 0, Errors: 0, Skipped: 0, Time elapsed: 0.067 sec - in io.protostuff.runtime.FilterFieldsByGroupTest
Running io.protostuff.runtime.ProtobufNullArrayElementTest
WARNING: An illegal reflective access operation has occurred
WARNING: Illegal reflective access by io.protostuff.runtime.EnumIO (file:/workdir/protostuff/protostuff-runtime-md/target/classes/) to field java.util.EnumMap.keyType
WARNING: Please consider reporting this to the maintainers of io.protostuff.runtime.EnumIO
WARNING: Use --illegal-access=warn to enable warnings of further illegal reflective access operations
WARNING: All illegal access operations will be denied in a future release
Tests run: 10, Failures: 0, Errors: 0, Skipped: 0, Time elapsed: 0.089 sec - in io.protostuff.runtime.ProtobufNullArrayElementTest
Running io.protostuff.runtime.CollectionTest
Tests run: 5, Failures: 0, Errors: 0, Skipped: 0, Time elapsed: 0.066 sec - in io.protostuff.runtime.CollectionTest
Running io.protostuff.runtime.CompatTest
WARNING: An illegal reflective access operation has occurred
WARNING: Illegal reflective access by io.protostuff.runtime.EnumIO (file:/workdir/protostuff/protostuff-runtime-md/target/classes/) to field java.util.EnumMap.keyType
WARNING: Please consider reporting this to the maintainers of io.protostuff.runtime.EnumIO
WARNING: Use --illegal-access=warn to enable warnings of further illegal reflective access operations
WARNING: All illegal access operations will be denied in a future release
Tests run: 3, Failures: 0, Errors: 0, Skipped: 0, Time elapsed: 0.078 sec - in io.protostuff.runtime.CompatTest
Running io.protostuff.runtime.ProtostuffNullArrayElementInObjectArrayTest
Tests run: 6, Failures: 0, Errors: 0, Skipped: 0, Time elapsed: 0.067 sec - in io.protostuff.runtime.ProtostuffNullArrayElementInObjectArrayTest
Running io.protostuff.runtime.SerDeserTest
WARNING: An illegal reflective access operation has occurred
WARNING: Illegal reflective access by io.protostuff.runtime.EnumIO (file:/workdir/protostuff/protostuff-runtime-md/target/classes/) to field java.util.EnumMap.keyType
WARNING: Please consider reporting this to the maintainers of io.protostuff.runtime.EnumIO
WARNING: Use --illegal-access=warn to enable warnings of further illegal reflective access operations
WARNING: All illegal access operations will be denied in a future release
Tests run: 5, Failures: 0, Errors: 0, Skipped: 0, Time elapsed: 0.068 sec - in io.protostuff.runtime.SerDeserTest
Running io.protostuff.runtime.ProtostuffRuntimeMapTest
WARNING: An illegal reflective access operation has occurred
WARNING: Illegal reflective access by io.protostuff.runtime.RuntimeReflectionFieldFactory$4$1 (file:/workdir/protostuff/protostuff-runtime-md/target/classes/) to field java.util.concurrent.atomic.AtomicBoolean.value
WARNING: Please consider reporting this to the maintainers of io.protostuff.runtime.RuntimeReflectionFieldFactory$4$1
WARNING: Use --illegal-access=warn to enable warnings of further illegal reflective access operations
WARNING: All illegal access operations will be denied in a future release
Tests run: 13, Failures: 0, Errors: 0, Skipped: 0, Time elapsed: 0.118 sec - in io.protostuff.runtime.ProtostuffRuntimeMapTest
Running io.protostuff.runtime.RuntimeGraphTest
Tests run: 2, Failures: 0, Errors: 0, Skipped: 0, Time elapsed: 0.061 sec - in io.protostuff.runtime.RuntimeGraphTest
Running io.protostuff.runtime.RuntimeSchemaTagTest
Tests run: 6, Failures: 0, Errors: 0, Skipped: 0, Time elapsed: 0.051 sec - in io.protostuff.runtime.RuntimeSchemaTagTest
Running io.protostuff.runtime.ProtobufNullArrayElementInObjectArrayTest
Tests run: 6, Failures: 0, Errors: 0, Skipped: 0, Time elapsed: 0.064 sec - in io.protostuff.runtime.ProtobufNullArrayElementInObjectArrayTest
Running io.protostuff.runtime.DateTest
Tests run: 2, Failures: 0, Errors: 0, Skipped: 0, Time elapsed: 0.047 sec - in io.protostuff.runtime.DateTest
Running io.protostuff.runtime.ProtostuffNullArrayElementTest
WARNING: An illegal reflective access operation has occurred
WARNING: Illegal reflective access by io.protostuff.runtime.EnumIO (file:/workdir/protostuff/protostuff-runtime-md/target/classes/) to field java.util.EnumMap.keyType
WARNING: Please consider reporting this to the maintainers of io.protostuff.runtime.EnumIO
WARNING: Use --illegal-access=warn to enable warnings of further illegal reflective access operations
WARNING: All illegal access operations will be denied in a future release
Tests run: 10, Failures: 0, Errors: 0, Skipped: 0, Time elapsed: 0.088 sec - in io.protostuff.runtime.ProtostuffNullArrayElementTest
Running io.protostuff.runtime.AnnotatedFieldsTest
Tests run: 7, Failures: 0, Errors: 0, Skipped: 0, Time elapsed: 0.043 sec - in io.protostuff.runtime.AnnotatedFieldsTest
Running io.protostuff.runtime.PolymorphicRuntimeGraphTest
WARNING: An illegal reflective access operation has occurred
WARNING: Illegal reflective access by io.protostuff.runtime.RuntimeReflectionFieldFactory$15$1 (file:/workdir/protostuff/protostuff-runtime-md/target/classes/) to field java.util.concurrent.atomic.AtomicReference.value
WARNING: Please consider reporting this to the maintainers of io.protostuff.runtime.RuntimeReflectionFieldFactory$15$1
WARNING: Use --illegal-access=warn to enable warnings of further illegal reflective access operations
WARNING: All illegal access operations will be denied in a future release
Tests run: 2, Failures: 0, Errors: 0, Skipped: 0, Time elapsed: 0.079 sec - in io.protostuff.runtime.PolymorphicRuntimeGraphTest
Running io.protostuff.runtime.ProtobufRuntimeMapTest
WARNING: An illegal reflective access operation has occurred
WARNING: Illegal reflective access by io.protostuff.runtime.RuntimeReflectionFieldFactory$4$1 (file:/workdir/protostuff/protostuff-runtime-md/target/classes/) to field java.util.concurrent.atomic.AtomicBoolean.value
WARNING: Please consider reporting this to the maintainers of io.protostuff.runtime.RuntimeReflectionFieldFactory$4$1
WARNING: Use --illegal-access=warn to enable warnings of further illegal reflective access operations
WARNING: All illegal access operations will be denied in a future release
Tests run: 13, Failures: 0, Errors: 0, Skipped: 0, Time elapsed: 0.121 sec - in io.protostuff.runtime.ProtobufRuntimeMapTest
Running io.protostuff.runtime.ExcludeFieldTest
Tests run: 4, Failures: 0, Errors: 0, Skipped: 0, Time elapsed: 0.043 sec - in io.protostuff.runtime.ExcludeFieldTest

Results :

Tests run: 127, Failures: 0, Errors: 0, Skipped: 1

[INFO] 
[INFO] -------------< io.protostuff:protostuff-runtime-registry >--------------
[INFO] Building protostuff :: runtime-registry 1.8.0-SNAPSHOT            [7/20]
[INFO] --------------------------------[ jar ]---------------------------------
[INFO] 
[INFO] --- maven-clean-plugin:2.5:clean (default-clean) @ protostuff-runtime-registry ---
[INFO] 
[INFO] --- maven-enforcer-plugin:1.3.1:enforce (enforce-versions) @ protostuff-runtime-registry ---
[INFO] 
[INFO] --- maven-resources-plugin:2.6:resources (default-resources) @ protostuff-runtime-registry ---
[INFO] Using 'UTF-8' encoding to copy filtered resources.
[INFO] skip non existing resourceDirectory /workdir/protostuff/protostuff-runtime-registry/src/main/resources
[INFO] 
[INFO] --- maven-compiler-plugin:3.1:compile (default-compile) @ protostuff-runtime-registry ---
[INFO] Changes detected - recompiling the module!
[INFO] Compiling 3 source files to /workdir/protostuff/protostuff-runtime-registry/target/classes
[INFO] 
[INFO] --- maven-resources-plugin:2.6:testResources (default-testResources) @ protostuff-runtime-registry ---
[INFO] Using 'UTF-8' encoding to copy filtered resources.
[INFO] skip non existing resourceDirectory /workdir/protostuff/protostuff-runtime-registry/src/test/resources
[INFO] 
[INFO] --- maven-compiler-plugin:3.1:testCompile (default-testCompile) @ protostuff-runtime-registry ---
[INFO] Changes detected - recompiling the module!
[INFO] Compiling 3 source files to /workdir/protostuff/protostuff-runtime-registry/target/test-classes
[INFO] 
[INFO] --- maven-surefire-plugin:2.12.4:test (default-test) @ protostuff-runtime-registry ---
[INFO] Surefire report directory: /workdir/protostuff/protostuff-runtime-registry/target/surefire-reports

-------------------------------------------------------
 T E S T S
-------------------------------------------------------
Running io.protostuff.runtime.IncrementalRuntimeObjectSchemaTest
@INCREMENTAL
WARNING: An illegal reflective access operation has occurred
WARNING: Illegal reflective access by io.protostuff.runtime.EnumIO (file:/workdir/protostuff/protostuff-runtime/target/classes/) to field java.util.EnumMap.keyType
WARNING: Please consider reporting this to the maintainers of io.protostuff.runtime.EnumIO
WARNING: Use --illegal-access=warn to enable warnings of further illegal reflective access operations
WARNING: All illegal access operations will be denied in a future release
.........E......E...
Time: 0.117
There were 2 errors:
1) testPojoWithHashMapInnerKeySetAsDelegate(io.protostuff.runtime.ProtostuffRuntimeObjectSchemaTest)java.lang.UnsupportedOperationException
	at java.base/java.util.AbstractCollection.add(AbstractCollection.java:267)
	at io.protostuff.runtime.IdStrategy$8.mergeFrom(IdStrategy.java:376)
	at io.protostuff.ByteArrayInput.mergeObjectEncodedAsGroup(ByteArrayInput.java:518)
	at io.protostuff.ByteArrayInput.mergeObject(ByteArrayInput.java:490)
	at io.protostuff.runtime.IdStrategy$10.mergeFrom(IdStrategy.java:456)
	at io.protostuff.runtime.IdStrategy$10.mergeFrom(IdStrategy.java:401)
	at io.protostuff.runtime.ObjectSchema.readObjectFrom(ObjectSchema.java:591)
	at io.protostuff.runtime.ObjectSchema.mergeFrom(ObjectSchema.java:351)
	at io.protostuff.ByteArrayInput.mergeObjectEncodedAsGroup(ByteArrayInput.java:518)
	at io.protostuff.ByteArrayInput.mergeObject(ByteArrayInput.java:490)
	at io.protostuff.runtime.RuntimeRepeatedFieldFactory$5.mergeFrom(RuntimeRepeatedFieldFactory.java:283)
	at io.protostuff.runtime.RuntimeSchema.mergeFrom(RuntimeSchema.java:466)
	at io.protostuff.IOUtil.mergeFrom(IOUtil.java:45)
	at io.protostuff.ProtostuffIOUtil.mergeFrom(ProtostuffIOUtil.java:113)
	at io.protostuff.runtime.ProtostuffRuntimeObjectSchemaTest.mergeFrom(ProtostuffRuntimeObjectSchemaTest.java:43)
	at io.protostuff.runtime.AbstractRuntimeObjectSchemaTest.testPojoWithHashMapInnerKeySetAsDelegate(AbstractRuntimeObjectSchemaTest.java:4120)
	at java.base/jdk.internal.reflect.NativeMethodAccessorImpl.invoke0(Native Method)
	at java.base/jdk.internal.reflect.NativeMethodAccessorImpl.invoke(NativeMethodAccessorImpl.java:62)
	at java.base/jdk.internal.reflect.DelegatingMethodAccessorImpl.invoke(DelegatingMethodAccessorImpl.java:43)
	at io.protostuff.runtime.IncrementalRuntimeObjectSchemaTest.testProtostuff(IncrementalRuntimeObjectSchemaTest.java:137)
	at java.base/jdk.internal.reflect.NativeMethodAccessorImpl.invoke0(Native Method)
	at java.base/jdk.internal.reflect.NativeMethodAccessorImpl.invoke(NativeMethodAccessorImpl.java:62)
	at java.base/jdk.internal.reflect.DelegatingMethodAccessorImpl.invoke(DelegatingMethodAccessorImpl.java:43)
	at org.junit.internal.runners.JUnit38ClassRunner.run(JUnit38ClassRunner.java:84)
	at org.apache.maven.surefire.junit4.JUnit4Provider.execute(JUnit4Provider.java:252)
	at org.apache.maven.surefire.junit4.JUnit4Provider.executeTestSet(JUnit4Provider.java:141)
	at org.apache.maven.surefire.junit4.JUnit4Provider.invoke(JUnit4Provider.java:112)
	at java.base/jdk.internal.reflect.NativeMethodAccessorImpl.invoke0(Native Method)
	at java.base/jdk.internal.reflect.NativeMethodAccessorImpl.invoke(NativeMethodAccessorImpl.java:62)
	at java.base/jdk.internal.reflect.DelegatingMethodAccessorImpl.invoke(DelegatingMethodAccessorImpl.java:43)
	at org.apache.maven.surefire.util.ReflectionUtils.invokeMethodWithArray(ReflectionUtils.java:189)
	at org.apache.maven.surefire.booter.ProviderFactory$ProviderProxy.invoke(ProviderFactory.java:165)
	at org.apache.maven.surefire.booter.ProviderFactory.invokeProvider(ProviderFactory.java:85)
	at org.apache.maven.surefire.booter.ForkedBooter.runSuitesInProcess(ForkedBooter.java:115)
	at org.apache.maven.surefire.booter.ForkedBooter.main(ForkedBooter.java:75)
2) testPojoWithImmutableListAsDelegate(io.protostuff.runtime.ProtostuffRuntimeObjectSchemaTest)java.lang.UnsupportedOperationException
	at java.base/java.util.AbstractCollection.add(AbstractCollection.java:267)
	at io.protostuff.runtime.RuntimeRepeatedFieldFactory$3.mergeFrom(RuntimeRepeatedFieldFactory.java:162)
	at io.protostuff.runtime.RuntimeSchema.mergeFrom(RuntimeSchema.java:466)
	at io.protostuff.IOUtil.mergeFrom(IOUtil.java:45)
	at io.protostuff.ProtostuffIOUtil.mergeFrom(ProtostuffIOUtil.java:113)
	at io.protostuff.runtime.ProtostuffRuntimeObjectSchemaTest.mergeFrom(ProtostuffRuntimeObjectSchemaTest.java:43)
	at io.protostuff.runtime.AbstractRuntimeObjectSchemaTest.testPojoWithImmutableListAsDelegate(AbstractRuntimeObjectSchemaTest.java:4344)
	at java.base/jdk.internal.reflect.NativeMethodAccessorImpl.invoke0(Native Method)
	at java.base/jdk.internal.reflect.NativeMethodAccessorImpl.invoke(NativeMethodAccessorImpl.java:62)
	at java.base/jdk.internal.reflect.DelegatingMethodAccessorImpl.invoke(DelegatingMethodAccessorImpl.java:43)
	at io.protostuff.runtime.IncrementalRuntimeObjectSchemaTest.testProtostuff(IncrementalRuntimeObjectSchemaTest.java:137)
	at java.base/jdk.internal.reflect.NativeMethodAccessorImpl.invoke0(Native Method)
	at java.base/jdk.internal.reflect.NativeMethodAccessorImpl.invoke(NativeMethodAccessorImpl.java:62)
	at java.base/jdk.internal.reflect.DelegatingMethodAccessorImpl.invoke(DelegatingMethodAccessorImpl.java:43)
	at org.junit.internal.runners.JUnit38ClassRunner.run(JUnit38ClassRunner.java:84)
	at org.apache.maven.surefire.junit4.JUnit4Provider.execute(JUnit4Provider.java:252)
	at org.apache.maven.surefire.junit4.JUnit4Provider.executeTestSet(JUnit4Provider.java:141)
	at org.apache.maven.surefire.junit4.JUnit4Provider.invoke(JUnit4Provider.java:112)
	at java.base/jdk.internal.reflect.NativeMethodAccessorImpl.invoke0(Native Method)
	at java.base/jdk.internal.reflect.NativeMethodAccessorImpl.invoke(NativeMethodAccessorImpl.java:62)
	at java.base/jdk.internal.reflect.DelegatingMethodAccessorImpl.invoke(DelegatingMethodAccessorImpl.java:43)
	at org.apache.maven.surefire.util.ReflectionUtils.invokeMethodWithArray(ReflectionUtils.java:189)
	at org.apache.maven.surefire.booter.ProviderFactory$ProviderProxy.invoke(ProviderFactory.java:165)
	at org.apache.maven.surefire.booter.ProviderFactory.invokeProvider(ProviderFactory.java:85)
	at org.apache.maven.surefire.booter.ForkedBooter.runSuitesInProcess(ForkedBooter.java:115)
	at org.apache.maven.surefire.booter.ForkedBooter.main(ForkedBooter.java:75)

FAILURES!!!
Tests run: 18,  Failures: 0,  Errors: 2

.........E......E...
Time: 0.021
There were 2 errors:
1) testPojoWithHashMapInnerKeySetAsDelegate(io.protostuff.runtime.ProtobufRuntimeObjectSchemaTest)java.lang.UnsupportedOperationException
	at java.base/java.util.AbstractCollection.add(AbstractCollection.java:267)
	at io.protostuff.runtime.IdStrategy$8.mergeFrom(IdStrategy.java:376)
	at io.protostuff.ByteArrayInput.mergeObject(ByteArrayInput.java:503)
	at io.protostuff.runtime.IdStrategy$10.mergeFrom(IdStrategy.java:456)
	at io.protostuff.runtime.IdStrategy$10.mergeFrom(IdStrategy.java:401)
	at io.protostuff.runtime.ObjectSchema.readObjectFrom(ObjectSchema.java:591)
	at io.protostuff.runtime.ObjectSchema.mergeFrom(ObjectSchema.java:351)
	at io.protostuff.ByteArrayInput.mergeObject(ByteArrayInput.java:503)
	at io.protostuff.runtime.RuntimeRepeatedFieldFactory$5.mergeFrom(RuntimeRepeatedFieldFactory.java:283)
	at io.protostuff.runtime.RuntimeSchema.mergeFrom(RuntimeSchema.java:466)
	at io.protostuff.IOUtil.mergeFrom(IOUtil.java:45)
	at io.protostuff.ProtobufIOUtil.mergeFrom(ProtobufIOUtil.java:112)
	at io.protostuff.runtime.ProtobufRuntimeObjectSchemaTest.mergeFrom(ProtobufRuntimeObjectSchemaTest.java:43)
	at io.protostuff.runtime.AbstractRuntimeObjectSchemaTest.testPojoWithHashMapInnerKeySetAsDelegate(AbstractRuntimeObjectSchemaTest.java:4120)
	at java.base/jdk.internal.reflect.NativeMethodAccessorImpl.invoke0(Native Method)
	at java.base/jdk.internal.reflect.NativeMethodAccessorImpl.invoke(NativeMethodAccessorImpl.java:62)
	at java.base/jdk.internal.reflect.DelegatingMethodAccessorImpl.invoke(DelegatingMethodAccessorImpl.java:43)
	at io.protostuff.runtime.IncrementalRuntimeObjectSchemaTest.testProtobuf(IncrementalRuntimeObjectSchemaTest.java:150)
	at java.base/jdk.internal.reflect.NativeMethodAccessorImpl.invoke0(Native Method)
	at java.base/jdk.internal.reflect.NativeMethodAccessorImpl.invoke(NativeMethodAccessorImpl.java:62)
	at java.base/jdk.internal.reflect.DelegatingMethodAccessorImpl.invoke(DelegatingMethodAccessorImpl.java:43)
	at org.junit.internal.runners.JUnit38ClassRunner.run(JUnit38ClassRunner.java:84)
	at org.apache.maven.surefire.junit4.JUnit4Provider.execute(JUnit4Provider.java:252)
	at org.apache.maven.surefire.junit4.JUnit4Provider.executeTestSet(JUnit4Provider.java:141)
	at org.apache.maven.surefire.junit4.JUnit4Provider.invoke(JUnit4Provider.java:112)
	at java.base/jdk.internal.reflect.NativeMethodAccessorImpl.invoke0(Native Method)
	at java.base/jdk.internal.reflect.NativeMethodAccessorImpl.invoke(NativeMethodAccessorImpl.java:62)
	at java.base/jdk.internal.reflect.DelegatingMethodAccessorImpl.invoke(DelegatingMethodAccessorImpl.java:43)
	at org.apache.maven.surefire.util.ReflectionUtils.invokeMethodWithArray(ReflectionUtils.java:189)
	at org.apache.maven.surefire.booter.ProviderFactory$ProviderProxy.invoke(ProviderFactory.java:165)
	at org.apache.maven.surefire.booter.ProviderFactory.invokeProvider(ProviderFactory.java:85)
	at org.apache.maven.surefire.booter.ForkedBooter.runSuitesInProcess(ForkedBooter.java:115)
	at org.apache.maven.surefire.booter.ForkedBooter.main(ForkedBooter.java:75)
2) testPojoWithImmutableListAsDelegate(io.protostuff.runtime.ProtobufRuntimeObjectSchemaTest)java.lang.UnsupportedOperationException
	at java.base/java.util.AbstractCollection.add(AbstractCollection.java:267)
	at io.protostuff.runtime.RuntimeRepeatedFieldFactory$3.mergeFrom(RuntimeRepeatedFieldFactory.java:162)
	at io.protostuff.runtime.RuntimeSchema.mergeFrom(RuntimeSchema.java:466)
	at io.protostuff.IOUtil.mergeFrom(IOUtil.java:45)
	at io.protostuff.ProtobufIOUtil.mergeFrom(ProtobufIOUtil.java:112)
	at io.protostuff.runtime.ProtobufRuntimeObjectSchemaTest.mergeFrom(ProtobufRuntimeObjectSchemaTest.java:43)
	at io.protostuff.runtime.AbstractRuntimeObjectSchemaTest.testPojoWithImmutableListAsDelegate(AbstractRuntimeObjectSchemaTest.java:4344)
	at java.base/jdk.internal.reflect.NativeMethodAccessorImpl.invoke0(Native Method)
	at java.base/jdk.internal.reflect.NativeMethodAccessorImpl.invoke(NativeMethodAccessorImpl.java:62)
	at java.base/jdk.internal.reflect.DelegatingMethodAccessorImpl.invoke(DelegatingMethodAccessorImpl.java:43)
	at io.protostuff.runtime.IncrementalRuntimeObjectSchemaTest.testProtobuf(IncrementalRuntimeObjectSchemaTest.java:150)
	at java.base/jdk.internal.reflect.NativeMethodAccessorImpl.invoke0(Native Method)
	at java.base/jdk.internal.reflect.NativeMethodAccessorImpl.invoke(NativeMethodAccessorImpl.java:62)
	at java.base/jdk.internal.reflect.DelegatingMethodAccessorImpl.invoke(DelegatingMethodAccessorImpl.java:43)
	at org.junit.internal.runners.JUnit38ClassRunner.run(JUnit38ClassRunner.java:84)
	at org.apache.maven.surefire.junit4.JUnit4Provider.execute(JUnit4Provider.java:252)
	at org.apache.maven.surefire.junit4.JUnit4Provider.executeTestSet(JUnit4Provider.java:141)
	at org.apache.maven.surefire.junit4.JUnit4Provider.invoke(JUnit4Provider.java:112)
	at java.base/jdk.internal.reflect.NativeMethodAccessorImpl.invoke0(Native Method)
	at java.base/jdk.internal.reflect.NativeMethodAccessorImpl.invoke(NativeMethodAccessorImpl.java:62)
	at java.base/jdk.internal.reflect.DelegatingMethodAccessorImpl.invoke(DelegatingMethodAccessorImpl.java:43)
	at org.apache.maven.surefire.util.ReflectionUtils.invokeMethodWithArray(ReflectionUtils.java:189)
	at org.apache.maven.surefire.booter.ProviderFactory$ProviderProxy.invoke(ProviderFactory.java:165)
	at org.apache.maven.surefire.booter.ProviderFactory.invokeProvider(ProviderFactory.java:85)
	at org.apache.maven.surefire.booter.ForkedBooter.runSuitesInProcess(ForkedBooter.java:115)
	at org.apache.maven.surefire.booter.ForkedBooter.main(ForkedBooter.java:75)

FAILURES!!!
Tests run: 18,  Failures: 0,  Errors: 2

Tests run: 2, Failures: 0, Errors: 0, Skipped: 0, Time elapsed: 0.249 sec
Running io.protostuff.runtime.ExplicitRuntimeObjectSchemaTest
Tests run: 2, Failures: 0, Errors: 0, Skipped: 0, Time elapsed: 0 sec

Results :

Tests run: 4, Failures: 0, Errors: 0, Skipped: 0

[INFO] 
[INFO] ---------------< io.protostuff:protostuff-runtime-view >----------------
[INFO] Building protostuff :: runtime-view 1.8.0-SNAPSHOT                [8/20]
[INFO] --------------------------------[ jar ]---------------------------------
[INFO] 
[INFO] --- maven-clean-plugin:2.5:clean (default-clean) @ protostuff-runtime-view ---
[INFO] 
[INFO] --- maven-enforcer-plugin:1.3.1:enforce (enforce-versions) @ protostuff-runtime-view ---
[INFO] 
[INFO] --- maven-resources-plugin:2.6:resources (default-resources) @ protostuff-runtime-view ---
[INFO] Using 'UTF-8' encoding to copy filtered resources.
[INFO] skip non existing resourceDirectory /workdir/protostuff/protostuff-runtime-view/src/main/resources
[INFO] 
[INFO] --- maven-compiler-plugin:3.1:compile (default-compile) @ protostuff-runtime-view ---
[INFO] Changes detected - recompiling the module!
[INFO] Compiling 2 source files to /workdir/protostuff/protostuff-runtime-view/target/classes
[INFO] 
[INFO] --- maven-resources-plugin:2.6:testResources (default-testResources) @ protostuff-runtime-view ---
[INFO] Using 'UTF-8' encoding to copy filtered resources.
[INFO] skip non existing resourceDirectory /workdir/protostuff/protostuff-runtime-view/src/test/resources
[INFO] 
[INFO] --- maven-compiler-plugin:3.1:testCompile (default-testCompile) @ protostuff-runtime-view ---
[INFO] Changes detected - recompiling the module!
[INFO] Compiling 1 source file to /workdir/protostuff/protostuff-runtime-view/target/test-classes
[INFO] 
[INFO] --- maven-surefire-plugin:2.12.4:test (default-test) @ protostuff-runtime-view ---
[INFO] Surefire report directory: /workdir/protostuff/protostuff-runtime-view/target/surefire-reports

-------------------------------------------------------
 T E S T S
-------------------------------------------------------
Running io.protostuff.runtime.RuntimeViewTest
Tests run: 7, Failures: 0, Errors: 0, Skipped: 0, Time elapsed: 0.091 sec

Results :

Tests run: 7, Failures: 0, Errors: 0, Skipped: 0

[INFO] 
[INFO] -------------------< io.protostuff:protostuff-json >--------------------
[INFO] Building protostuff :: json 1.8.0-SNAPSHOT                        [9/20]
[INFO] --------------------------------[ jar ]---------------------------------
[INFO] 
[INFO] --- maven-clean-plugin:2.5:clean (default-clean) @ protostuff-json ---
[INFO] 
[INFO] --- maven-enforcer-plugin:1.3.1:enforce (enforce-versions) @ protostuff-json ---
[INFO] 
[INFO] --- maven-resources-plugin:2.6:resources (default-resources) @ protostuff-json ---
[INFO] Using 'UTF-8' encoding to copy filtered resources.
[INFO] skip non existing resourceDirectory /workdir/protostuff/protostuff-json/src/main/resources
[INFO] 
[INFO] --- maven-compiler-plugin:3.1:compile (default-compile) @ protostuff-json ---
[INFO] Changes detected - recompiling the module!
[INFO] Compiling 7 source files to /workdir/protostuff/protostuff-json/target/classes
[WARNING] /workdir/protostuff/protostuff-json/src/main/java/io/protostuff/JsonIOUtil.java: /workdir/protostuff/protostuff-json/src/main/java/io/protostuff/JsonIOUtil.java uses or overrides a deprecated API.
[WARNING] /workdir/protostuff/protostuff-json/src/main/java/io/protostuff/JsonIOUtil.java: Recompile with -Xlint:deprecation for details.
[INFO] 
[INFO] --- maven-resources-plugin:2.6:testResources (default-testResources) @ protostuff-json ---
[INFO] Using 'UTF-8' encoding to copy filtered resources.
[INFO] skip non existing resourceDirectory /workdir/protostuff/protostuff-json/src/test/resources
[INFO] 
[INFO] --- maven-compiler-plugin:3.1:testCompile (default-testCompile) @ protostuff-json ---
[INFO] Changes detected - recompiling the module!
[INFO] Compiling 47 source files to /workdir/protostuff/protostuff-json/target/test-classes
[WARNING] /workdir/protostuff/protostuff-json/src/test/java/io/protostuff/JsonCoreSerDeserTest.java: /workdir/protostuff/protostuff-json/src/test/java/io/protostuff/JsonCoreSerDeserTest.java uses or overrides a deprecated API.
[WARNING] /workdir/protostuff/protostuff-json/src/test/java/io/protostuff/JsonCoreSerDeserTest.java: Recompile with -Xlint:deprecation for details.
[INFO] 
[INFO] --- maven-surefire-plugin:2.12.4:test (default-test) @ protostuff-json ---
[INFO] Surefire report directory: /workdir/protostuff/protostuff-json/target/surefire-reports

-------------------------------------------------------
 T E S T S
-------------------------------------------------------
Running io.protostuff.JsonCoreRuntimeObjectSchemaTest
WARNING: An illegal reflective access operation has occurred
WARNING: Illegal reflective access by io.protostuff.runtime.RuntimeEnv$DefaultInstantiator (file:/workdir/protostuff/protostuff-runtime/target/classes/) to constructor java.lang.StackTraceElement()
WARNING: Please consider reporting this to the maintainers of io.protostuff.runtime.RuntimeEnv$DefaultInstantiator
WARNING: Use --illegal-access=warn to enable warnings of further illegal reflective access operations
WARNING: All illegal access operations will be denied in a future release
registered delegate: HashMapInnerKeySetDelegate<String>
registered short array delegate.
registered delegate: ImmutableListAsDelegate<Baz>
Tests run: 18, Failures: 0, Errors: 0, Skipped: 0, Time elapsed: 0.256 sec
Running io.protostuff.JsonXRuntimeCollectionSchemaTest
Tests run: 2, Failures: 0, Errors: 0, Skipped: 0, Time elapsed: 0.016 sec
Running io.protostuff.JsonCoreRuntimeMapTest
Tests run: 13, Failures: 0, Errors: 0, Skipped: 0, Time elapsed: 0.038 sec
Running io.protostuff.JsonXStreamedNumericStandardTest
Tests run: 19, Failures: 0, Errors: 0, Skipped: 0, Time elapsed: 0.009 sec
Running io.protostuff.JsonNumericCoreSerDeserTest
Tests run: 4, Failures: 0, Errors: 0, Skipped: 0, Time elapsed: 0.002 sec
Running io.protostuff.SmileStandardTest
Tests run: 19, Failures: 0, Errors: 0, Skipped: 0, Time elapsed: 0.014 sec
Running io.protostuff.JsonXRepeatedMessagesTest
Tests run: 9, Failures: 0, Errors: 0, Skipped: 0, Time elapsed: 0.004 sec
Running io.protostuff.JsonCoreRepeatedMessagesTest
Tests run: 9, Failures: 0, Errors: 0, Skipped: 0, Time elapsed: 0.003 sec
Running io.protostuff.JsonUnknownFieldTest
Tests run: 5, Failures: 0, Errors: 0, Skipped: 0, Time elapsed: 0.012 sec
Running io.protostuff.JsonCompareOutputsTest
Tests run: 7, Failures: 0, Errors: 0, Skipped: 0, Time elapsed: 0.006 sec
Running io.protostuff.JsonNumericStandardTest
Tests run: 19, Failures: 0, Errors: 0, Skipped: 0, Time elapsed: 0.01 sec
Running io.protostuff.JsonXNumericRuntimeCollectionSchemaTest
Tests run: 2, Failures: 0, Errors: 0, Skipped: 0, Time elapsed: 0.003 sec
Running io.protostuff.JsonStringMapSchemaTest
Tests run: 16, Failures: 0, Errors: 0, Skipped: 0, Time elapsed: 0.005 sec
Running io.protostuff.JsonXRuntimeObjectSchemaTest
Tests run: 18, Failures: 0, Errors: 0, Skipped: 0, Time elapsed: 0.041 sec
Running io.protostuff.SmilePipeTest
Tests run: 3, Failures: 0, Errors: 0, Skipped: 0, Time elapsed: 0.005 sec
Running io.protostuff.JsonPipeTest
Tests run: 3, Failures: 0, Errors: 0, Skipped: 0, Time elapsed: 0.016 sec
Running io.protostuff.SmileRuntimeCollectionSchemaTest
Tests run: 2, Failures: 0, Errors: 0, Skipped: 0, Time elapsed: 0.007 sec
Running io.protostuff.JsonNumericRuntimeCollectionSchemaTest
Tests run: 2, Failures: 0, Errors: 0, Skipped: 0, Time elapsed: 0.003 sec
Running io.protostuff.JsonNumericRepeatedMessagesTest
Tests run: 9, Failures: 0, Errors: 0, Skipped: 0, Time elapsed: 0.003 sec
Running io.protostuff.JsonBufferReuseTest
Tests run: 19, Failures: 0, Errors: 0, Skipped: 0, Time elapsed: 0.011 sec
Running io.protostuff.JsonCoreSerDeserTest
Tests run: 26, Failures: 0, Errors: 0, Skipped: 0, Time elapsed: 0.019 sec
Running io.protostuff.JsonXBufferedStandardTest
Tests run: 19, Failures: 0, Errors: 0, Skipped: 0, Time elapsed: 0.008 sec
Running io.protostuff.JsonXNumericRepeatedMessagesTest
Tests run: 9, Failures: 0, Errors: 0, Skipped: 0, Time elapsed: 0.002 sec
Running io.protostuff.JsonXRuntimeMapTest
Tests run: 13, Failures: 0, Errors: 0, Skipped: 0, Time elapsed: 0.019 sec
Running io.protostuff.JsonEscapeTest
{"someInt":1,"someString":"a\b\t\u000B\r\n\f\t\b\"\\","someBytes":"YQgJCw0KDAkIIlw="}
{"someInt":1,"someString":"a\b\t\u000B\r\n\f\t\b\"\\","someBytes":"YQgJCw0KDAkIIlw="}
{"someString":["a\b\t\u000B\r\n\f\t\b\"\\","","a\b\t\u000B\r\n\f\t\b\"\\"],"someBar":[{"someInt":1,"someString":"a\b\t\u000B\r\n\f\t\b\"\\","someBytes":"YQgJCw0KDAkIIlw="},{"someInt":1,"someString":"a\b\t\u000B\r\n\f\t\b\"\\","someBytes":"YQgJCw0KDAkIIlw="}]}
{"someString":["a\b\t\u000B\r\n\f\t\b\"\\","","a\b\t\u000B\r\n\f\t\b\"\\"],"someBar":[{"someInt":1,"someString":"a\b\t\u000B\r\n\f\t\b\"\\","someBytes":"YQgJCw0KDAkIIlw="},{"someInt":1,"someString":"a\b\t\u000B\r\n\f\t\b\"\\","someBytes":"YQgJCw0KDAkIIlw="}]}
Tests run: 2, Failures: 0, Errors: 0, Skipped: 0, Time elapsed: 0.002 sec
Running io.protostuff.SmileRepeatedMessagesTest
Tests run: 9, Failures: 0, Errors: 0, Skipped: 0, Time elapsed: 0.001 sec
Running io.protostuff.JsonNumericRuntimeSerDeserTest
Tests run: 4, Failures: 0, Errors: 0, Skipped: 0, Time elapsed: 0.006 sec
Running io.protostuff.JsonCoreRuntimeCollectionSchemaTest
Tests run: 2, Failures: 0, Errors: 0, Skipped: 0, Time elapsed: 0.003 sec
Running io.protostuff.JsonXStreamedStandardTest
Tests run: 19, Failures: 0, Errors: 0, Skipped: 0, Time elapsed: 0.003 sec
Running io.protostuff.JsonNumericRuntimeObjectSchemaTest
Tests run: 18, Failures: 0, Errors: 0, Skipped: 0, Time elapsed: 0.032 sec
Running io.protostuff.JsonUnsignedSerializationTest
Tests run: 3, Failures: 0, Errors: 0, Skipped: 0, Time elapsed: 0.001 sec
Running io.protostuff.JsonXNumericRuntimeMapTest
Tests run: 13, Failures: 0, Errors: 0, Skipped: 0, Time elapsed: 0.015 sec
Running io.protostuff.JsonXNumericRuntimeTest
Tests run: 8, Failures: 0, Errors: 0, Skipped: 0, Time elapsed: 0.002 sec
Running io.protostuff.JsonCoreStandardTest
Tests run: 19, Failures: 0, Errors: 0, Skipped: 0, Time elapsed: 0.003 sec
Running io.protostuff.JsonXNumericRuntimeObjectSchemaTest
Tests run: 18, Failures: 0, Errors: 0, Skipped: 0, Time elapsed: 0.047 sec
Running io.protostuff.JsonRuntimeSerDeserTest
Tests run: 3, Failures: 0, Errors: 0, Skipped: 0, Time elapsed: 0 sec
Running io.protostuff.SmileStringMapSchemaTest
Tests run: 16, Failures: 0, Errors: 0, Skipped: 0, Time elapsed: 0.002 sec
Running io.protostuff.SmileRuntimeMapTest
Tests run: 13, Failures: 0, Errors: 0, Skipped: 0, Time elapsed: 0.046 sec
Running io.protostuff.JsonXBufferedNumericStandardTest
Tests run: 19, Failures: 0, Errors: 0, Skipped: 0, Time elapsed: 0.002 sec
Running io.protostuff.JsonRuntimePipeTest
Tests run: 4, Failures: 0, Errors: 0, Skipped: 0, Time elapsed: 0.012 sec
Running io.protostuff.SmileRuntimeObjectSchemaTest
Tests run: 18, Failures: 0, Errors: 0, Skipped: 0, Time elapsed: 0.073 sec
Running io.protostuff.JsonNumericRuntimeMapTest
Tests run: 13, Failures: 0, Errors: 0, Skipped: 0, Time elapsed: 0.022 sec
Running io.protostuff.JsonInfNaNSerializationTest
Tests run: 6, Failures: 0, Errors: 0, Skipped: 0, Time elapsed: 0.002 sec

Results :

Tests run: 472, Failures: 0, Errors: 0, Skipped: 0

[INFO] 
[INFO] ------------------< io.protostuff:protostuff-msgpack >------------------
[INFO] Building protostuff :: msgpack 1.8.0-SNAPSHOT                    [10/20]
[INFO] --------------------------------[ jar ]---------------------------------
[INFO] 
[INFO] --- maven-clean-plugin:2.5:clean (default-clean) @ protostuff-msgpack ---
[INFO] 
[INFO] --- maven-enforcer-plugin:1.3.1:enforce (enforce-versions) @ protostuff-msgpack ---
[INFO] 
[INFO] --- maven-resources-plugin:2.6:resources (default-resources) @ protostuff-msgpack ---
[INFO] Using 'UTF-8' encoding to copy filtered resources.
[INFO] skip non existing resourceDirectory /workdir/protostuff/protostuff-msgpack/src/main/resources
[INFO] 
[INFO] --- maven-compiler-plugin:3.1:compile (default-compile) @ protostuff-msgpack ---
[INFO] Changes detected - recompiling the module!
[INFO] Compiling 9 source files to /workdir/protostuff/protostuff-msgpack/target/classes
[INFO] 
[INFO] --- maven-resources-plugin:2.6:testResources (default-testResources) @ protostuff-msgpack ---
[INFO] Using 'UTF-8' encoding to copy filtered resources.
[INFO] skip non existing resourceDirectory /workdir/protostuff/protostuff-msgpack/src/test/resources
[INFO] 
[INFO] --- maven-compiler-plugin:3.1:testCompile (default-testCompile) @ protostuff-msgpack ---
[INFO] Changes detected - recompiling the module!
[INFO] Compiling 19 source files to /workdir/protostuff/protostuff-msgpack/target/test-classes
[INFO] 
[INFO] --- maven-surefire-plugin:2.12.4:test (default-test) @ protostuff-msgpack ---
[INFO] Surefire report directory: /workdir/protostuff/protostuff-msgpack/target/surefire-reports

-------------------------------------------------------
 T E S T S
-------------------------------------------------------
Running io.protostuff.MsgpackRepeatedMessagesTest
Tests run: 9, Failures: 0, Errors: 0, Skipped: 0, Time elapsed: 0.065 sec
Running io.protostuff.MsgpackCoreStandardTest
Tests run: 19, Failures: 0, Errors: 0, Skipped: 0, Time elapsed: 0.01 sec
Running io.protostuff.MsgpackNumericUnknownFieldTest
Tests run: 4, Failures: 0, Errors: 0, Skipped: 0, Time elapsed: 0.053 sec
Running io.protostuff.MsgpackNumericRuntimeMapTest
WARNING: An illegal reflective access operation has occurred
WARNING: Illegal reflective access by io.protostuff.runtime.EnumIO (file:/workdir/protostuff/protostuff-runtime/target/classes/) to field java.util.EnumMap.keyType
WARNING: Please consider reporting this to the maintainers of io.protostuff.runtime.EnumIO
WARNING: Use --illegal-access=warn to enable warnings of further illegal reflective access operations
WARNING: All illegal access operations will be denied in a future release
Tests run: 13, Failures: 0, Errors: 0, Skipped: 0, Time elapsed: 0.119 sec
Running io.protostuff.MsgpackXNumericOutputTest
Tests run: 8, Failures: 0, Errors: 0, Skipped: 0, Time elapsed: 0.01 sec
Running io.protostuff.MsgpackStreamedStandardTest
Tests run: 19, Failures: 0, Errors: 0, Skipped: 0, Time elapsed: 0.005 sec
Running io.protostuff.MsgpackNumericPipeTest
Tests run: 3, Failures: 0, Errors: 0, Skipped: 0, Time elapsed: 0.004 sec
Running io.protostuff.MsgpackXCoreStandardTest
Tests run: 19, Failures: 0, Errors: 0, Skipped: 0, Time elapsed: 0.003 sec
Running io.protostuff.MsgpackNumericRuntimeCollectionSchemaTest
Tests run: 2, Failures: 0, Errors: 0, Skipped: 0, Time elapsed: 0.01 sec
Running io.protostuff.MsgpackRuntimeCollectionSchemaTest
Tests run: 2, Failures: 0, Errors: 0, Skipped: 0, Time elapsed: 0.004 sec
Running io.protostuff.MsgpackXNumericCoreStandardTest
Tests run: 19, Failures: 0, Errors: 0, Skipped: 0, Time elapsed: 0.004 sec
Running io.protostuff.MsgpackStreamedNumericStandardTest
Tests run: 19, Failures: 0, Errors: 0, Skipped: 0, Time elapsed: 0.003 sec
Running io.protostuff.MsgpackNumericRepeatedMessagesTest
Tests run: 9, Failures: 0, Errors: 0, Skipped: 0, Time elapsed: 0.003 sec
Running io.protostuff.MsgpackXRepeatedMessagesTest
Tests run: 9, Failures: 0, Errors: 0, Skipped: 0, Time elapsed: 0 sec
Running io.protostuff.MsgpackUnknownFieldTest
Tests run: 4, Failures: 0, Errors: 0, Skipped: 0, Time elapsed: 0 sec
Running io.protostuff.MsgpackSimpleTest
Tests run: 5, Failures: 0, Errors: 0, Skipped: 0, Time elapsed: 0.002 sec
Running io.protostuff.MsgpackNumericCoreStandardTest
Tests run: 19, Failures: 0, Errors: 0, Skipped: 0, Time elapsed: 0.004 sec
Running io.protostuff.MsgpackRuntimeMapTest
Tests run: 13, Failures: 0, Errors: 0, Skipped: 0, Time elapsed: 0.024 sec
Running io.protostuff.MsgpackPipeTest
Tests run: 3, Failures: 0, Errors: 0, Skipped: 0, Time elapsed: 0.008 sec

Results :

Tests run: 198, Failures: 0, Errors: 0, Skipped: 0

[INFO] 
[INFO] --------------------< io.protostuff:protostuff-xml >--------------------
[INFO] Building protostuff :: xml 1.8.0-SNAPSHOT                        [11/20]
[INFO] --------------------------------[ jar ]---------------------------------
[INFO] 
[INFO] --- maven-clean-plugin:2.5:clean (default-clean) @ protostuff-xml ---
[INFO] 
[INFO] --- maven-enforcer-plugin:1.3.1:enforce (enforce-versions) @ protostuff-xml ---
[INFO] 
[INFO] --- maven-resources-plugin:2.6:resources (default-resources) @ protostuff-xml ---
[INFO] Using 'UTF-8' encoding to copy filtered resources.
[INFO] skip non existing resourceDirectory /workdir/protostuff/protostuff-xml/src/main/resources
[INFO] 
[INFO] --- maven-compiler-plugin:3.1:compile (default-compile) @ protostuff-xml ---
[INFO] Changes detected - recompiling the module!
[INFO] Compiling 8 source files to /workdir/protostuff/protostuff-xml/target/classes
[WARNING] /workdir/protostuff/protostuff-xml/src/main/java/io/protostuff/XmlIOFactoryUtil.java: /workdir/protostuff/protostuff-xml/src/main/java/io/protostuff/XmlIOFactoryUtil.java uses or overrides a deprecated API.
[WARNING] /workdir/protostuff/protostuff-xml/src/main/java/io/protostuff/XmlIOFactoryUtil.java: Recompile with -Xlint:deprecation for details.
[INFO] 
[INFO] --- maven-resources-plugin:2.6:testResources (default-testResources) @ protostuff-xml ---
[INFO] Using 'UTF-8' encoding to copy filtered resources.
[INFO] skip non existing resourceDirectory /workdir/protostuff/protostuff-xml/src/test/resources
[INFO] 
[INFO] --- maven-compiler-plugin:3.1:testCompile (default-testCompile) @ protostuff-xml ---
[INFO] Changes detected - recompiling the module!
[INFO] Compiling 15 source files to /workdir/protostuff/protostuff-xml/target/test-classes
[INFO] 
[INFO] --- maven-surefire-plugin:2.12.4:test (default-test) @ protostuff-xml ---
[INFO] Surefire report directory: /workdir/protostuff/protostuff-xml/target/surefire-reports

-------------------------------------------------------
 T E S T S
-------------------------------------------------------
Running io.protostuff.XmlXStringMapSchemaTest
Tests run: 16, Failures: 0, Errors: 0, Skipped: 0, Time elapsed: 0.097 sec
Running io.protostuff.XmlXTest
Tests run: 3, Failures: 0, Errors: 0, Skipped: 0, Time elapsed: 0.009 sec
Running io.protostuff.XmlXRuntimeMapTest
WARNING: An illegal reflective access operation has occurred
WARNING: Illegal reflective access by io.protostuff.runtime.EnumIO (file:/workdir/protostuff/protostuff-runtime/target/classes/) to field java.util.EnumMap.keyType
WARNING: Please consider reporting this to the maintainers of io.protostuff.runtime.EnumIO
WARNING: Use --illegal-access=warn to enable warnings of further illegal reflective access operations
WARNING: All illegal access operations will be denied in a future release
Tests run: 13, Failures: 0, Errors: 0, Skipped: 0, Time elapsed: 0.147 sec
Running io.protostuff.XmlStandardTest
Tests run: 19, Failures: 0, Errors: 0, Skipped: 0, Time elapsed: 0.013 sec
Running io.protostuff.XmlXStandardTest
Tests run: 19, Failures: 0, Errors: 0, Skipped: 0, Time elapsed: 0.008 sec
Running io.protostuff.XmlRuntimeCollectionSchemaTest
Tests run: 2, Failures: 0, Errors: 0, Skipped: 0, Time elapsed: 0.013 sec
Running io.protostuff.XmlRuntimeObjectSchemaTest
registered delegate: HashMapInnerKeySetDelegate<String>
registered short array delegate.
registered delegate: ImmutableListAsDelegate<Baz>
Tests run: 18, Failures: 0, Errors: 0, Skipped: 0, Time elapsed: 0.108 sec
Running io.protostuff.XmlPipeTest
Tests run: 3, Failures: 0, Errors: 0, Skipped: 0, Time elapsed: 0.007 sec
Running io.protostuff.XmlRepeatedMessagesTest
Tests run: 9, Failures: 0, Errors: 0, Skipped: 0, Time elapsed: 0.004 sec
Running io.protostuff.XmlRuntimeMapTest
Tests run: 13, Failures: 0, Errors: 0, Skipped: 0, Time elapsed: 0.031 sec
Running io.protostuff.XmlXRuntimeObjectSchemaTest
Tests run: 18, Failures: 0, Errors: 0, Skipped: 0, Time elapsed: 0.047 sec
Running io.protostuff.XmlStringMapSchemaTest
Tests run: 16, Failures: 0, Errors: 0, Skipped: 0, Time elapsed: 0.004 sec
Running io.protostuff.XmlRuntimeSerDeserTest
Tests run: 3, Failures: 0, Errors: 0, Skipped: 0, Time elapsed: 0.005 sec
Running io.protostuff.XmlXRuntimeCollectionSchemaTest
Tests run: 2, Failures: 0, Errors: 0, Skipped: 0, Time elapsed: 0.004 sec
Running io.protostuff.XmlCoreSerDeserTest
Tests run: 20, Failures: 0, Errors: 0, Skipped: 0, Time elapsed: 0.023 sec

Results :

Tests run: 174, Failures: 0, Errors: 0, Skipped: 0

[INFO] 
[INFO] -------------------< io.protostuff:protostuff-yaml >--------------------
[INFO] Building protostuff :: yaml 1.8.0-SNAPSHOT                       [12/20]
[INFO] --------------------------------[ jar ]---------------------------------
[INFO] 
[INFO] --- maven-clean-plugin:2.5:clean (default-clean) @ protostuff-yaml ---
[INFO] 
[INFO] --- maven-enforcer-plugin:1.3.1:enforce (enforce-versions) @ protostuff-yaml ---
[INFO] 
[INFO] --- maven-resources-plugin:2.6:resources (default-resources) @ protostuff-yaml ---
[INFO] Using 'UTF-8' encoding to copy filtered resources.
[INFO] skip non existing resourceDirectory /workdir/protostuff/protostuff-yaml/src/main/resources
[INFO] 
[INFO] --- maven-compiler-plugin:3.1:compile (default-compile) @ protostuff-yaml ---
[INFO] Changes detected - recompiling the module!
[INFO] Compiling 2 source files to /workdir/protostuff/protostuff-yaml/target/classes
[INFO] 
[INFO] --- maven-resources-plugin:2.6:testResources (default-testResources) @ protostuff-yaml ---
[INFO] Using 'UTF-8' encoding to copy filtered resources.
[INFO] skip non existing resourceDirectory /workdir/protostuff/protostuff-yaml/src/test/resources
[INFO] 
[INFO] --- maven-compiler-plugin:3.1:testCompile (default-testCompile) @ protostuff-yaml ---
[INFO] Changes detected - recompiling the module!
[INFO] Compiling 3 source files to /workdir/protostuff/protostuff-yaml/target/test-classes
[INFO] 
[INFO] --- maven-surefire-plugin:2.12.4:test (default-test) @ protostuff-yaml ---
[INFO] Surefire report directory: /workdir/protostuff/protostuff-yaml/target/surefire-reports

-------------------------------------------------------
 T E S T S
-------------------------------------------------------
Running io.protostuff.YamlPipeTest
Tests run: 3, Failures: 0, Errors: 0, Skipped: 0, Time elapsed: 0.052 sec
Running io.protostuff.YamlSerTest
Tests run: 12, Failures: 0, Errors: 0, Skipped: 0, Time elapsed: 0.008 sec
Running io.protostuff.YamlCompareOutputsTest
Tests run: 4, Failures: 0, Errors: 0, Skipped: 0, Time elapsed: 0.006 sec

Results :

Tests run: 19, Failures: 0, Errors: 0, Skipped: 0

[INFO] 
[INFO] --------------------< io.protostuff:protostuff-kvp >--------------------
[INFO] Building protostuff :: kvp 1.8.0-SNAPSHOT                        [13/20]
[INFO] --------------------------------[ jar ]---------------------------------
[INFO] 
[INFO] --- maven-clean-plugin:2.5:clean (default-clean) @ protostuff-kvp ---
[INFO] 
[INFO] --- maven-enforcer-plugin:1.3.1:enforce (enforce-versions) @ protostuff-kvp ---
[INFO] 
[INFO] --- maven-resources-plugin:2.6:resources (default-resources) @ protostuff-kvp ---
[INFO] Using 'UTF-8' encoding to copy filtered resources.
[INFO] skip non existing resourceDirectory /workdir/protostuff/protostuff-kvp/src/main/resources
[INFO] 
[INFO] --- maven-compiler-plugin:3.1:compile (default-compile) @ protostuff-kvp ---
[INFO] Changes detected - recompiling the module!
[INFO] Compiling 3 source files to /workdir/protostuff/protostuff-kvp/target/classes
[INFO] 
[INFO] --- maven-resources-plugin:2.6:testResources (default-testResources) @ protostuff-kvp ---
[INFO] Using 'UTF-8' encoding to copy filtered resources.
[INFO] skip non existing resourceDirectory /workdir/protostuff/protostuff-kvp/src/test/resources
[INFO] 
[INFO] --- maven-compiler-plugin:3.1:testCompile (default-testCompile) @ protostuff-kvp ---
[INFO] Changes detected - recompiling the module!
[INFO] Compiling 8 source files to /workdir/protostuff/protostuff-kvp/target/test-classes
[INFO] 
[INFO] --- maven-surefire-plugin:2.12.4:test (default-test) @ protostuff-kvp ---
[INFO] Surefire report directory: /workdir/protostuff/protostuff-kvp/target/surefire-reports

-------------------------------------------------------
 T E S T S
-------------------------------------------------------
Running io.protostuff.KvpByteArrayTest
Tests run: 1, Failures: 0, Errors: 0, Skipped: 0, Time elapsed: 0.053 sec
Running io.protostuff.KvpNumericStreamTest
Tests run: 11, Failures: 0, Errors: 0, Skipped: 0, Time elapsed: 0.019 sec
Running io.protostuff.KvpNumericTest
Tests run: 11, Failures: 0, Errors: 0, Skipped: 0, Time elapsed: 0.01 sec
Running io.protostuff.KvpStreamTest
Tests run: 11, Failures: 0, Errors: 0, Skipped: 0, Time elapsed: 0.008 sec
Running io.protostuff.KvpTest
Tests run: 11, Failures: 0, Errors: 0, Skipped: 0, Time elapsed: 0.007 sec

Results :

Tests run: 45, Failures: 0, Errors: 0, Skipped: 0

[INFO] 
[INFO] ------------------< io.protostuff:protostuff-parser >-------------------
[INFO] Building protostuff :: parser 1.8.0-SNAPSHOT                     [14/20]
[INFO] --------------------------------[ jar ]---------------------------------
[INFO] 
[INFO] --- maven-clean-plugin:2.5:clean (default-clean) @ protostuff-parser ---
[INFO] 
[INFO] --- maven-enforcer-plugin:1.3.1:enforce (enforce-versions) @ protostuff-parser ---
[INFO] 
[INFO] --- antlr3-maven-plugin:3.5.2:antlr (default) @ protostuff-parser ---
[INFO] ANTLR: Processing source directory /workdir/protostuff/protostuff-parser/src/main/antlr3
ANTLR Parser Generator  Version 3.5.2
Output file /workdir/protostuff/protostuff-parser/target/generated-sources/antlr3/io/protostuff/parser/ProtoLexer.java does not exist: must build /workdir/protostuff/protostuff-parser/src/main/antlr3/io/protostuff/parser/ProtoLexer.g
io/protostuff/parser/ProtoLexer.g
Output file /workdir/protostuff/protostuff-parser/target/generated-sources/antlr3/io/protostuff/parser/ProtoParser.java does not exist: must build /workdir/protostuff/protostuff-parser/src/main/antlr3/io/protostuff/parser/ProtoParser.g
io/protostuff/parser/ProtoParser.g
[INFO] 
[INFO] --- maven-resources-plugin:2.6:resources (default-resources) @ protostuff-parser ---
[INFO] Using 'UTF-8' encoding to copy filtered resources.
[INFO] skip non existing resourceDirectory /workdir/protostuff/protostuff-parser/src/main/resources
[INFO] 
[INFO] --- maven-compiler-plugin:3.1:compile (default-compile) @ protostuff-parser ---
[INFO] Changes detected - recompiling the module!
[INFO] Compiling 26 source files to /workdir/protostuff/protostuff-parser/target/classes
[WARNING] /workdir/protostuff/protostuff-parser/target/generated-sources/antlr3/io/protostuff/parser/ProtoParser.java: /workdir/protostuff/protostuff-parser/target/generated-sources/antlr3/io/protostuff/parser/ProtoParser.java uses or overrides a deprecated API.
[WARNING] /workdir/protostuff/protostuff-parser/target/generated-sources/antlr3/io/protostuff/parser/ProtoParser.java: Recompile with -Xlint:deprecation for details.
[WARNING] /workdir/protostuff/protostuff-parser/target/generated-sources/antlr3/io/protostuff/parser/ProtoParser.java: /workdir/protostuff/protostuff-parser/target/generated-sources/antlr3/io/protostuff/parser/ProtoParser.java uses unchecked or unsafe operations.
[WARNING] /workdir/protostuff/protostuff-parser/target/generated-sources/antlr3/io/protostuff/parser/ProtoParser.java: Recompile with -Xlint:unchecked for details.
[INFO] 
[INFO] --- maven-resources-plugin:2.6:testResources (default-testResources) @ protostuff-parser ---
[INFO] Using 'UTF-8' encoding to copy filtered resources.
[INFO] Copying 20 resources
[INFO] 
[INFO] --- maven-compiler-plugin:3.1:testCompile (default-testCompile) @ protostuff-parser ---
[INFO] Changes detected - recompiling the module!
[INFO] Compiling 11 source files to /workdir/protostuff/protostuff-parser/target/test-classes
[INFO] 
[INFO] --- maven-surefire-plugin:2.12.4:test (default-test) @ protostuff-parser ---
[INFO] Surefire report directory: /workdir/protostuff/protostuff-parser/target/surefire-reports

-------------------------------------------------------
 T E S T S
-------------------------------------------------------
Running io.protostuff.parser.OptionTest
Tests run: 1, Failures: 0, Errors: 0, Skipped: 0, Time elapsed: 0.071 sec
Running io.protostuff.parser.ProtoServiceTest
Tests run: 1, Failures: 0, Errors: 0, Skipped: 0, Time elapsed: 0.01 sec
Running io.protostuff.parser.DuplicateEntriesTest
Tests run: 6, Failures: 0, Errors: 0, Skipped: 0, Time elapsed: 0.005 sec
Running io.protostuff.parser.DeepReferenceTest
Tests run: 1, Failures: 0, Errors: 0, Skipped: 0, Time elapsed: 0.006 sec
Running io.protostuff.parser.FieldTest
Tests run: 1, Failures: 0, Errors: 0, Skipped: 0, Time elapsed: 0.012 sec
Running io.protostuff.parser.ProtoParserTest
'group' not supported @ line 19 of enum_with_semicolon.proto
'group' not supported @ line 85 of unittest.proto
'group' not supported @ line 117 of unittest.proto
'group' not supported @ line 196 of unittest.proto
'group' not supported @ line 230 of unittest.proto
'group' not supported @ line 390 of unittest.proto
'group' not supported @ line 391 of unittest.proto
Tests run: 4, Failures: 0, Errors: 0, Skipped: 0, Time elapsed: 0.025 sec
Running io.protostuff.parser.ReservedWordsAsVariablesTest
Tests run: 1, Failures: 0, Errors: 0, Skipped: 0, Time elapsed: 0.003 sec
Running io.protostuff.parser.ProtoUtilTest
Tests run: 3, Failures: 0, Errors: 0, Skipped: 0, Time elapsed: 0.001 sec
Running io.protostuff.parser.DefaultProtoLoaderTest
Tests run: 3, Failures: 0, Errors: 0, Skipped: 0, Time elapsed: 0.008 sec
Running io.protostuff.parser.ConfiguredReferenceTest
Tests run: 1, Failures: 0, Errors: 0, Skipped: 0, Time elapsed: 0 sec
Running io.protostuff.parser.AnnotationTest
Tests run: 1, Failures: 0, Errors: 0, Skipped: 0, Time elapsed: 0.001 sec

Results :

Tests run: 23, Failures: 0, Errors: 0, Skipped: 0

[INFO] 
[INFO] -----------------< io.protostuff:protostuff-compiler >------------------
[INFO] Building protostuff :: compiler 1.8.0-SNAPSHOT                   [15/20]
[INFO] --------------------------------[ jar ]---------------------------------
[INFO] 
[INFO] --- maven-clean-plugin:2.5:clean (default-clean) @ protostuff-compiler ---
[INFO] 
[INFO] --- maven-enforcer-plugin:1.3.1:enforce (enforce-versions) @ protostuff-compiler ---
[INFO] 
[INFO] --- maven-resources-plugin:2.6:resources (default-resources) @ protostuff-compiler ---
[INFO] Using 'UTF-8' encoding to copy filtered resources.
[INFO] Copying 12 resources
[INFO] 
[INFO] --- maven-compiler-plugin:3.1:compile (default-compile) @ protostuff-compiler ---
[INFO] Changes detected - recompiling the module!
[INFO] Compiling 16 source files to /workdir/protostuff/protostuff-compiler/target/classes
[INFO] 
[INFO] --- maven-resources-plugin:2.6:testResources (default-testResources) @ protostuff-compiler ---
[INFO] Using 'UTF-8' encoding to copy filtered resources.
[INFO] skip non existing resourceDirectory /workdir/protostuff/protostuff-compiler/src/test/resources
[INFO] 
[INFO] --- maven-compiler-plugin:3.1:testCompile (default-testCompile) @ protostuff-compiler ---
[INFO] Changes detected - recompiling the module!
[INFO] Compiling 2 source files to /workdir/protostuff/protostuff-compiler/target/test-classes
[INFO] 
[INFO] --- maven-surefire-plugin:2.12.4:test (default-test) @ protostuff-compiler ---
[INFO] Surefire report directory: /workdir/protostuff/protostuff-compiler/target/surefire-reports

-------------------------------------------------------
 T E S T S
-------------------------------------------------------
Running io.protostuff.compiler.FomatterTest
Tests run: 12, Failures: 0, Errors: 0, Skipped: 0, Time elapsed: 0.074 sec
Running io.protostuff.compiler.ProtoToJavaBeanCompilerTest
Tests run: 1, Failures: 0, Errors: 0, Skipped: 0, Time elapsed: 0.116 sec

Results :

Tests run: 13, Failures: 0, Errors: 0, Skipped: 0

[INFO] 
[INFO] ---------------< io.protostuff:protostuff-maven-plugin >----------------
[INFO] Building protostuff :: maven-plugin 1.8.0-SNAPSHOT               [16/20]
[INFO] ----------------------------[ maven-plugin ]----------------------------
[INFO] 
[INFO] --- maven-clean-plugin:2.5:clean (default-clean) @ protostuff-maven-plugin ---
[INFO] 
[INFO] --- maven-enforcer-plugin:1.3.1:enforce (enforce-versions) @ protostuff-maven-plugin ---
[INFO] 
[INFO] --- maven-resources-plugin:2.6:resources (default-resources) @ protostuff-maven-plugin ---
[INFO] Using 'UTF-8' encoding to copy filtered resources.
[INFO] skip non existing resourceDirectory /workdir/protostuff/protostuff-maven-plugin/src/main/resources
[INFO] 
[INFO] --- maven-compiler-plugin:3.1:compile (default-compile) @ protostuff-maven-plugin ---
[INFO] Changes detected - recompiling the module!
[INFO] Compiling 3 source files to /workdir/protostuff/protostuff-maven-plugin/target/classes
[WARNING] /workdir/protostuff/protostuff-maven-plugin/src/main/java/io/protostuff/mojo/IncludeProjectDependenciesComponentConfigurator.java: /workdir/protostuff/protostuff-maven-plugin/src/main/java/io/protostuff/mojo/IncludeProjectDependenciesComponentConfigurator.java uses unchecked or unsafe operations.
[WARNING] /workdir/protostuff/protostuff-maven-plugin/src/main/java/io/protostuff/mojo/IncludeProjectDependenciesComponentConfigurator.java: Recompile with -Xlint:unchecked for details.
[INFO] 
[INFO] --- maven-plugin-plugin:3.2:descriptor (default-descriptor) @ protostuff-maven-plugin ---
[INFO] Using 'UTF-8' encoding to read mojo metadata.
[INFO] Applying mojo extractor for language: java
[INFO] Mojo extractor for language: java found 0 mojo descriptors.
[INFO] Applying mojo extractor for language: bsh
[INFO] Mojo extractor for language: bsh found 0 mojo descriptors.
[INFO] Applying mojo extractor for language: java-annotations
[INFO] Mojo extractor for language: java-annotations found 1 mojo descriptors.
[INFO] 
[INFO] --- plexus-component-metadata:1.5.5:generate-metadata (default) @ protostuff-maven-plugin ---
[INFO] Discovered 1 component descriptors(s)
[INFO] 
[INFO] --- maven-resources-plugin:2.6:testResources (default-testResources) @ protostuff-maven-plugin ---
[INFO] Using 'UTF-8' encoding to copy filtered resources.
[INFO] skip non existing resourceDirectory /workdir/protostuff/protostuff-maven-plugin/src/test/resources
[INFO] 
[INFO] --- maven-compiler-plugin:3.1:testCompile (default-testCompile) @ protostuff-maven-plugin ---
[INFO] No sources to compile
[INFO] 
[INFO] --- maven-surefire-plugin:2.12.4:test (default-test) @ protostuff-maven-plugin ---
[INFO] No tests to run.
[INFO] 
[INFO] ------------------< io.protostuff:protostuff-uberjar >------------------
[INFO] Building protostuff :: uberjar 1.8.0-SNAPSHOT                    [17/20]
[INFO] --------------------------------[ jar ]---------------------------------
[INFO] 
[INFO] --- maven-clean-plugin:2.5:clean (default-clean) @ protostuff-uberjar ---
[INFO] 
[INFO] --- maven-enforcer-plugin:1.3.1:enforce (enforce-versions) @ protostuff-uberjar ---
[INFO] 
[INFO] --- maven-resources-plugin:2.6:resources (default-resources) @ protostuff-uberjar ---
[INFO] Using 'UTF-8' encoding to copy filtered resources.
[INFO] skip non existing resourceDirectory /workdir/protostuff/protostuff-uberjar/src/main/resources
[INFO] 
[INFO] --- maven-compiler-plugin:3.1:compile (default-compile) @ protostuff-uberjar ---
[INFO] Changes detected - recompiling the module!
[INFO] Compiling 1 source file to /workdir/protostuff/protostuff-uberjar/target/classes
[INFO] 
[INFO] --- maven-resources-plugin:2.6:testResources (default-testResources) @ protostuff-uberjar ---
[INFO] Using 'UTF-8' encoding to copy filtered resources.
[INFO] skip non existing resourceDirectory /workdir/protostuff/protostuff-uberjar/src/test/resources
[INFO] 
[INFO] --- maven-compiler-plugin:3.1:testCompile (default-testCompile) @ protostuff-uberjar ---
[INFO] No sources to compile
[INFO] 
[INFO] --- maven-surefire-plugin:2.12.4:test (default-test) @ protostuff-uberjar ---
[INFO] No tests to run.
[INFO] 
[INFO] --------------------< io.protostuff:protostuff-it >---------------------
[INFO] Building protostuff :: it 1.8.0-SNAPSHOT                         [18/20]
[INFO] --------------------------------[ jar ]---------------------------------
[INFO] 
[INFO] --- maven-clean-plugin:2.5:clean (default-clean) @ protostuff-it ---
[INFO] 
[INFO] --- maven-enforcer-plugin:1.3.1:enforce (enforce-versions) @ protostuff-it ---
[INFO] 
[INFO] --- maven-resources-plugin:2.6:resources (default-resources) @ protostuff-it ---
[INFO] Using 'UTF-8' encoding to copy filtered resources.
[INFO] skip non existing resourceDirectory /workdir/protostuff/protostuff-it/src/main/resources
[INFO] 
[INFO] --- maven-compiler-plugin:3.1:compile (default-compile) @ protostuff-it ---
[INFO] No sources to compile
[INFO] 
[INFO] --- build-helper-maven-plugin:1.9.1:add-test-source (add-test-source) @ protostuff-it ---
[INFO] Test Source directory: /workdir/protostuff/protostuff-it/target/generated-test-sources/test-proto added.
[INFO] 
[INFO] --- protostuff-maven-plugin:1.8.0-SNAPSHOT:compile (generate-test-sources) @ protostuff-it ---
[INFO] Set property: proto_path = '/workdir/protostuff/protostuff-it/src/test/proto'
[INFO] 
[INFO] --- maven-resources-plugin:2.6:testResources (default-testResources) @ protostuff-it ---
[INFO] Using 'UTF-8' encoding to copy filtered resources.
[INFO] skip non existing resourceDirectory /workdir/protostuff/protostuff-it/src/test/resources
[INFO] 
[INFO] --- maven-compiler-plugin:3.1:testCompile (default-testCompile) @ protostuff-it ---
[INFO] Changes detected - recompiling the module!
[INFO] Compiling 25 source files to /workdir/protostuff/protostuff-it/target/test-classes
[WARNING] /workdir/protostuff/protostuff-it/target/generated-test-sources/test-proto/io/protostuff/compiler/it/java_bean_model/JavaBeanModelSimpleMessage.java: Some input files use or override a deprecated API.
[WARNING] /workdir/protostuff/protostuff-it/target/generated-test-sources/test-proto/io/protostuff/compiler/it/java_bean_model/JavaBeanModelSimpleMessage.java: Recompile with -Xlint:deprecation for details.
[WARNING] /workdir/protostuff/protostuff-it/src/test/java/io/protostuff/compiler/java_bean/RepeatedIT.java: /workdir/protostuff/protostuff-it/src/test/java/io/protostuff/compiler/java_bean/RepeatedIT.java uses unchecked or unsafe operations.
[WARNING] /workdir/protostuff/protostuff-it/src/test/java/io/protostuff/compiler/java_bean/RepeatedIT.java: Recompile with -Xlint:unchecked for details.
[INFO] 
[INFO] --- maven-surefire-plugin:2.12.4:test (default-test) @ protostuff-it ---
[INFO] Surefire report directory: /workdir/protostuff/protostuff-it/target/surefire-reports

-------------------------------------------------------
 T E S T S
-------------------------------------------------------

Results :

Tests run: 0, Failures: 0, Errors: 0, Skipped: 0

[INFO] 
[INFO] --------------------< io.protostuff:protostuff-bom >--------------------
[INFO] Building protostuff :: bom 1.8.0-SNAPSHOT                        [19/20]
[INFO] --------------------------------[ pom ]---------------------------------
[INFO] 
[INFO] --- maven-clean-plugin:2.5:clean (default-clean) @ protostuff-bom ---
[INFO] 
[INFO] --- maven-enforcer-plugin:1.3.1:enforce (enforce-versions) @ protostuff-bom ---
[INFO] 
[INFO] ----------------< io.protostuff:protostuff-benchmarks >-----------------
[INFO] Building protostuff :: benchmarks 1.8.0-SNAPSHOT                 [20/20]
[INFO] --------------------------------[ jar ]---------------------------------
[INFO] 
[INFO] --- maven-clean-plugin:2.5:clean (default-clean) @ protostuff-benchmarks ---
[INFO] 
[INFO] --- maven-enforcer-plugin:1.3.1:enforce (enforce-versions) @ protostuff-benchmarks ---
[INFO] 
[INFO] --- protostuff-maven-plugin:1.8.0-SNAPSHOT:compile (generate-sources) @ protostuff-benchmarks ---
[INFO] 
[INFO] --- maven-resources-plugin:2.6:resources (default-resources) @ protostuff-benchmarks ---
[INFO] Using 'UTF-8' encoding to copy filtered resources.
[INFO] skip non existing resourceDirectory /workdir/protostuff/protostuff-benchmarks/src/main/resources
[INFO] 
[INFO] --- maven-compiler-plugin:3.1:compile (default-compile) @ protostuff-benchmarks ---
[INFO] Changes detected - recompiling the module!
[INFO] Compiling 5 source files to /workdir/protostuff/protostuff-benchmarks/target/classes
[INFO] 
[INFO] --- maven-resources-plugin:2.6:testResources (default-testResources) @ protostuff-benchmarks ---
[INFO] Using 'UTF-8' encoding to copy filtered resources.
[INFO] skip non existing resourceDirectory /workdir/protostuff/protostuff-benchmarks/src/test/resources
[INFO] 
[INFO] --- maven-compiler-plugin:3.1:testCompile (default-testCompile) @ protostuff-benchmarks ---
[INFO] No sources to compile
[INFO] 
[INFO] --- maven-surefire-plugin:2.12.4:test (default-test) @ protostuff-benchmarks ---
[INFO] No tests to run.
[INFO] ------------------------------------------------------------------------
[INFO] Reactor Summary for protostuff 1.8.0-SNAPSHOT:
[INFO] 
[INFO] protostuff ......................................... SUCCESS [  0.199 s]
[INFO] protostuff :: api .................................. SUCCESS [  1.851 s]
[INFO] protostuff :: core ................................. SUCCESS [  1.319 s]
[INFO] protostuff :: collectionschema ..................... SUCCESS [  0.457 s]
[INFO] protostuff :: runtime .............................. SUCCESS [ 10.774 s]
[INFO] protostuff :: runtime-md ........................... SUCCESS [  8.704 s]
[INFO] protostuff :: runtime-registry ..................... SUCCESS [  0.546 s]
[INFO] protostuff :: runtime-view ......................... SUCCESS [  0.338 s]
[INFO] protostuff :: json ................................. SUCCESS [  1.279 s]
[INFO] protostuff :: msgpack .............................. SUCCESS [  0.673 s]
[INFO] protostuff :: xml .................................. SUCCESS [  0.914 s]
[INFO] protostuff :: yaml ................................. SUCCESS [  0.299 s]
[INFO] protostuff :: kvp .................................. SUCCESS [  0.365 s]
[INFO] protostuff :: parser ............................... SUCCESS [  1.264 s]
[INFO] protostuff :: compiler ............................. SUCCESS [  0.540 s]
[INFO] protostuff :: maven-plugin ......................... SUCCESS [  0.874 s]
[INFO] protostuff :: uberjar .............................. SUCCESS [  0.155 s]
[INFO] protostuff :: it ................................... SUCCESS [  0.735 s]
[INFO] protostuff :: bom .................................. SUCCESS [  0.003 s]
[INFO] protostuff :: benchmarks ........................... SUCCESS [  0.392 s]
[INFO] ------------------------------------------------------------------------
[INFO] BUILD SUCCESS
[INFO] ------------------------------------------------------------------------
[INFO] Total time:  32.242 s
[INFO] Finished at: 2021-02-19T14:50:44Z
[INFO] ------------------------------------------------------------------------
