[INFO] Scanning for projects...
[WARNING] 
[WARNING] Some problems were encountered while building the effective model for com.github.valfirst:jbehave-junit-runner:jar:2.3.1-SNAPSHOT
[WARNING] 'build.plugins.plugin.version' for org.apache.maven.plugins:maven-surefire-plugin is missing. @ line 116, column 12
[WARNING] 
[WARNING] It is highly recommended to fix these problems because they threaten the stability of your build.
[WARNING] 
[WARNING] For this reason, future Maven versions might no longer support building such malformed projects.
[WARNING] 
[INFO] 
[INFO] --------------< com.github.valfirst:jbehave-junit-runner >--------------
[INFO] Building JBehave JUnit Runner 2.3.1-SNAPSHOT
[INFO] --------------------------------[ jar ]---------------------------------
[INFO] 
[INFO] --- maven-resources-plugin:2.6:resources (default-resources) @ jbehave-junit-runner ---
[INFO] Using 'UTF-8' encoding to copy filtered resources.
[INFO] skip non existing resourceDirectory /workdir/jbehave-junit-runner/src/main/resources
[INFO] 
[INFO] --- maven-compiler-plugin:3.8.1:compile (default-compile) @ jbehave-junit-runner ---
[INFO] Nothing to compile - all classes are up to date
[INFO] 
[INFO] --- maven-resources-plugin:2.6:testResources (default-testResources) @ jbehave-junit-runner ---
[INFO] Using 'UTF-8' encoding to copy filtered resources.
[INFO] Copying 14 resources
[INFO] 
[INFO] --- maven-compiler-plugin:3.8.1:testCompile (default-testCompile) @ jbehave-junit-runner ---
[INFO] Nothing to compile - all classes are up to date
[INFO] 
[INFO] --- maven-surefire-plugin:2.12.4:test (default-test) @ jbehave-junit-runner ---
[INFO] Surefire report directory: /workdir/jbehave-junit-runner/target/surefire-reports

-------------------------------------------------------
 T E S T S
-------------------------------------------------------
Running com.github.valfirst.jbehave.junit.monitoring.JUnitReportingRunnerTest
Tests run: 1, Failures: 0, Errors: 0, Skipped: 0, Time elapsed: 0.477 sec
Running com.github.valfirst.jbehave.junit.monitoring.JUnitScenarioReporterTest
Tests run: 20, Failures: 0, Errors: 0, Skipped: 0, Time elapsed: 0.119 sec
Running com.github.valfirst.jbehave.junit.monitoring.JUnitStringDecoratorTest
Tests run: 3, Failures: 0, Errors: 0, Skipped: 0, Time elapsed: 0 sec
Running com.github.valfirst.jbehave.junit.monitoring.JUnitReportingRunnerIntegrationTest
Processing system properties {}
Using controls EmbedderControls[batch=false,skip=false,generateViewAfterStories=true,ignoreFailureInStories=true,ignoreFailureInView=true,verboseFailures=false,verboseFiltering=false,storyTimeouts=300,threads=1,failOnStoryTimeout=false]
Using timeout for story Multiplication.story of 300 secs.
Running story com/github/valfirst/jbehave/junit/monitoring/story/Multiplication.story
Running story com/github/valfirst/jbehave/junit/monitoring/story/Empty.story
Generating reports view to '/workdir/jbehave-junit-runner/target/jbehave' using formats '[junitscenarioreporter]' and view properties '{reports=ftl/jbehave-reports.ftl, nonDecorated=ftl/jbehave-report-non-decorated.ftl, maps=ftl/jbehave-maps.ftl, navigator=ftl/jbehave-navigator.ftl, views=ftl/jbehave-views.ftl, decorated=ftl/jbehave-report-decorated.ftl}'
WARNING: An illegal reflective access operation has occurred
WARNING: Illegal reflective access by org.apache.commons.lang3.builder.CompareToBuilder (file:/home/maven/.m2/repository/org/apache/commons/commons-lang3/3.7/commons-lang3-3.7.jar) to field java.lang.String.value
WARNING: Please consider reporting this to the maintainers of org.apache.commons.lang3.builder.CompareToBuilder
WARNING: Use --illegal-access=warn to enable warnings of further illegal reflective access operations
WARNING: All illegal access operations will be denied in a future release
Reports view generated with 2 stories (of which 0 pending) containing 5 scenarios (of which 0 pending)
Failures in reports view: 2 scenarios failed
verified start Scenario: 2x3
verified finish Scenario: 2x3
verified start Scenario: 5 multiplied by 1
verified finish Scenario: 5 multiplied by 1
verified start Scenario: 6 multiplied by 2
verified finish Scenario: 6 multiplied by 2
Processing system properties {}
Using controls EmbedderControls[batch=false,skip=false,generateViewAfterStories=true,ignoreFailureInStories=true,ignoreFailureInView=true,verboseFailures=false,verboseFiltering=false,storyTimeouts=300,threads=1,failOnStoryTimeout=false]
Running story com/github/valfirst/jbehave/junit/monitoring/story/example_scenario_j_unit_story.story
Generating reports view to '/workdir/jbehave-junit-runner/target/jbehave' using formats '[junitscenarioreporter]' and view properties '{reports=ftl/jbehave-reports.ftl, nonDecorated=ftl/jbehave-report-non-decorated.ftl, maps=ftl/jbehave-maps.ftl, navigator=ftl/jbehave-navigator.ftl, views=ftl/jbehave-views.ftl, decorated=ftl/jbehave-report-decorated.ftl}'
Reports view generated with 2 stories (of which 0 pending) containing 5 scenarios (of which 0 pending)
Failures in reports view: 2 scenarios failed
verified start Scenario: 2x3
verified finish Scenario: 2x3
verified start Scenario: 5 multiplied by 1
verified finish Scenario: 5 multiplied by 1
verified start Scenario: 6 multiplied by 2
verified finish Scenario: 6 multiplied by 2
Processing system properties {}
Using controls EmbedderControls[batch=false,skip=false,generateViewAfterStories=true,ignoreFailureInStories=true,ignoreFailureInView=true,verboseFailures=false,verboseFiltering=false,storyTimeouts=300,threads=1,failOnStoryTimeout=false]
Running story com/github/valfirst/jbehave/junit/monitoring/story/Multiplication_de.story
Generating reports view to '/workdir/jbehave-junit-runner/target/jbehave' using formats '[junitscenarioreporter]' and view properties '{reports=ftl/jbehave-reports.ftl, nonDecorated=ftl/jbehave-report-non-decorated.ftl, maps=ftl/jbehave-maps.ftl, navigator=ftl/jbehave-navigator.ftl, views=ftl/jbehave-views.ftl, decorated=ftl/jbehave-report-decorated.ftl}'
Reports view generated with 2 stories (of which 0 pending) containing 5 scenarios (of which 0 pending)
Failures in reports view: 2 scenarios failed
verified start Szenario: 2x3
verified finish Szenario: 2x3
verified start Szenario: 5 multipliziert mit 1
verified finish Szenario: 5 multipliziert mit 1
verified start Szenario: 6 multipliziert mit 2
verified finish Szenario: 6 multipliziert mit 2
Tests run: 15, Failures: 0, Errors: 0, Skipped: 0, Time elapsed: 1.762 sec
Running com.github.valfirst.jbehave.junit.monitoring.IgnoredTestsTest
Tests run: 1, Failures: 0, Errors: 0, Skipped: 0, Time elapsed: 0 sec
Running com.github.valfirst.jbehave.junit.monitoring.JUnitDescriptionGeneratorTest
Tests run: 20, Failures: 0, Errors: 0, Skipped: 0, Time elapsed: 0.249 sec
Running com.github.valfirst.jbehave.junit.monitoring.StoryPathsExtractorTest
Tests run: 4, Failures: 0, Errors: 0, Skipped: 0, Time elapsed: 0.006 sec

Results :

Tests run: 64, Failures: 0, Errors: 0, Skipped: 0

[INFO] 
[INFO] --- maven-surefire-plugin:2.12.4:test (integration-test-successful-stories) @ jbehave-junit-runner ---
[INFO] Surefire report directory: /workdir/jbehave-junit-runner/target/surefire-reports

-------------------------------------------------------
 T E S T S
-------------------------------------------------------
Running com.github.valfirst.jbehave.junit.monitoring.story.FilteredOutScenariosNotStory
Meta[properties={all=, path=com/github/valfirst/jbehave/junit/monitoring/story/filtered_out_scenarios_not_story.story, examplesTable=, narrative=Narrative[inOrderTo=,asA=user,iWantTo=perform an action,soThat=I can achieve a business goal], description=, title=First scenario filtered by tag first, givenStories=, first=}] excluded by filter '-first -second'
Meta[properties={all=, path=com/github/valfirst/jbehave/junit/monitoring/story/filtered_out_scenarios_not_story.story, examplesTable=, narrative=Narrative[inOrderTo=,asA=user,iWantTo=perform an action,soThat=I can achieve a business goal], description=, title=Second scenario filtered by tag second, givenStories=, second=}] excluded by filter '-first -second'
Processing system properties {}
Using controls EmbedderControls[batch=false,skip=false,generateViewAfterStories=true,ignoreFailureInStories=false,ignoreFailureInView=true,verboseFailures=true,verboseFiltering=false,storyTimeouts=300,threads=1,failOnStoryTimeout=false]
Meta[properties={all=, path=com/github/valfirst/jbehave/junit/monitoring/story/filtered_out_scenarios_not_story.story, examplesTable=, narrative=Narrative[inOrderTo=,asA=user,iWantTo=perform an action,soThat=I can achieve a business goal], description=, title=First scenario filtered by tag first, givenStories=, first=}] excluded by filter '-first -second'
Meta[properties={all=, path=com/github/valfirst/jbehave/junit/monitoring/story/filtered_out_scenarios_not_story.story, examplesTable=, narrative=Narrative[inOrderTo=,asA=user,iWantTo=perform an action,soThat=I can achieve a business goal], description=, title=Second scenario filtered by tag second, givenStories=, second=}] excluded by filter '-first -second'
Meta[properties={all=, path=com/github/valfirst/jbehave/junit/monitoring/story/filtered_out_scenarios_not_story.story, examplesTable=, narrative=Narrative[inOrderTo=,asA=user,iWantTo=perform an action,soThat=I can achieve a business goal], description=, title=First scenario filtered by tag first, givenStories=, first=}] excluded by filter '-first -second'
Meta[properties={all=, path=com/github/valfirst/jbehave/junit/monitoring/story/filtered_out_scenarios_not_story.story, examplesTable=, narrative=Narrative[inOrderTo=,asA=user,iWantTo=perform an action,soThat=I can achieve a business goal], description=, title=Second scenario filtered by tag second, givenStories=, second=}] excluded by filter '-first -second'
Running story com/github/valfirst/jbehave/junit/monitoring/story/filtered_out_scenarios_not_story.story
Scenario 'First scenario filtered by tag first' excluded by filter: -first -second

Scenario 'Second scenario filtered by tag second' excluded by filter: -first -second

Generating reports view to '/workdir/jbehave-junit-runner/target/jbehave' using formats '[junitscenarioreporter]' and view properties '{reports=ftl/jbehave-reports.ftl, nonDecorated=ftl/jbehave-report-non-decorated.ftl, maps=ftl/jbehave-maps.ftl, navigator=ftl/jbehave-navigator.ftl, views=ftl/jbehave-views.ftl, decorated=ftl/jbehave-report-decorated.ftl}'
WARNING: An illegal reflective access operation has occurred
WARNING: Illegal reflective access by org.apache.commons.lang3.builder.CompareToBuilder (file:/home/maven/.m2/repository/org/apache/commons/commons-lang3/3.7/commons-lang3-3.7.jar) to field java.lang.String.value
WARNING: Please consider reporting this to the maintainers of org.apache.commons.lang3.builder.CompareToBuilder
WARNING: Use --illegal-access=warn to enable warnings of further illegal reflective access operations
WARNING: All illegal access operations will be denied in a future release
Reports view generated with 2 stories (of which 0 pending) containing 5 scenarios (of which 0 pending)
Failures in reports view: 2 scenarios failed
Tests run: 3, Failures: 0, Errors: 0, Skipped: 0, Time elapsed: 0.797 sec
Running com.github.valfirst.jbehave.junit.monitoring.story.LifecycleStepsStory
Processing system properties {}
Using controls EmbedderControls[batch=false,skip=false,generateViewAfterStories=true,ignoreFailureInStories=true,ignoreFailureInView=true,verboseFailures=false,verboseFiltering=false,storyTimeouts=300,threads=1,failOnStoryTimeout=false]
Running story com/github/valfirst/jbehave/junit/monitoring/story/lifecycle_steps_story.story
Generating reports view to '/workdir/jbehave-junit-runner/target/jbehave' using formats '[junitscenarioreporter]' and view properties '{reports=ftl/jbehave-reports.ftl, nonDecorated=ftl/jbehave-report-non-decorated.ftl, maps=ftl/jbehave-maps.ftl, navigator=ftl/jbehave-navigator.ftl, views=ftl/jbehave-views.ftl, decorated=ftl/jbehave-report-decorated.ftl}'
Reports view generated with 2 stories (of which 0 pending) containing 5 scenarios (of which 0 pending)
Failures in reports view: 2 scenarios failed
Tests run: 11, Failures: 0, Errors: 0, Skipped: 0, Time elapsed: 0.376 sec
Running com.github.valfirst.jbehave.junit.monitoring.story.ShowIgnoredScenariosAsIgnoredAndNotPassedStory
Meta[properties={path=com/github/valfirst/jbehave/junit/monitoring/story/show_ignored_scenarios_as_ignored_and_not_passed_story.story, examplesTable=, narrative=Narrative[inOrderTo=,asA=user,iWantTo=perform an action,soThat=I can achieve a business goal], description=, skip=, title=This scenario is ignored and not executed because it is filtered out using a meta tag, givenStories=}] excluded by filter '-skip'
Processing system properties {}
Using controls EmbedderControls[batch=false,skip=false,generateViewAfterStories=true,ignoreFailureInStories=true,ignoreFailureInView=true,verboseFailures=false,verboseFiltering=false,storyTimeouts=300,threads=1,failOnStoryTimeout=false]
Meta[properties={path=com/github/valfirst/jbehave/junit/monitoring/story/show_ignored_scenarios_as_ignored_and_not_passed_story.story, examplesTable=, narrative=Narrative[inOrderTo=,asA=user,iWantTo=perform an action,soThat=I can achieve a business goal], description=, skip=, title=This scenario is ignored and not executed because it is filtered out using a meta tag, givenStories=}] excluded by filter '-skip'
Meta[properties={path=com/github/valfirst/jbehave/junit/monitoring/story/show_ignored_scenarios_as_ignored_and_not_passed_story.story, examplesTable=, narrative=Narrative[inOrderTo=,asA=user,iWantTo=perform an action,soThat=I can achieve a business goal], description=, skip=, title=This scenario is ignored and not executed because it is filtered out using a meta tag, givenStories=}] excluded by filter '-skip'
Running story com/github/valfirst/jbehave/junit/monitoring/story/show_ignored_scenarios_as_ignored_and_not_passed_story.story
Scenario 'This scenario is ignored and not executed because it is filtered out using a meta tag' excluded by filter: -skip

Generating reports view to '/workdir/jbehave-junit-runner/target/jbehave' using formats '[junitscenarioreporter]' and view properties '{reports=ftl/jbehave-reports.ftl, nonDecorated=ftl/jbehave-report-non-decorated.ftl, maps=ftl/jbehave-maps.ftl, navigator=ftl/jbehave-navigator.ftl, views=ftl/jbehave-views.ftl, decorated=ftl/jbehave-report-decorated.ftl}'
Reports view generated with 2 stories (of which 0 pending) containing 5 scenarios (of which 0 pending)
Failures in reports view: 2 scenarios failed
Tests run: 7, Failures: 0, Errors: 0, Skipped: 0, Time elapsed: 0.365 sec
Running com.github.valfirst.jbehave.junit.monitoring.story.ExampleScenarioJUnitStory
Processing system properties {}
Using controls EmbedderControls[batch=false,skip=false,generateViewAfterStories=true,ignoreFailureInStories=true,ignoreFailureInView=true,verboseFailures=false,verboseFiltering=false,storyTimeouts=300,threads=1,failOnStoryTimeout=false]
Running story com/github/valfirst/jbehave/junit/monitoring/story/example_scenario_j_unit_story.story
Generating reports view to '/workdir/jbehave-junit-runner/target/jbehave' using formats '[junitscenarioreporter]' and view properties '{reports=ftl/jbehave-reports.ftl, nonDecorated=ftl/jbehave-report-non-decorated.ftl, maps=ftl/jbehave-maps.ftl, navigator=ftl/jbehave-navigator.ftl, views=ftl/jbehave-views.ftl, decorated=ftl/jbehave-report-decorated.ftl}'
Reports view generated with 2 stories (of which 0 pending) containing 5 scenarios (of which 0 pending)
Failures in reports view: 2 scenarios failed
Tests run: 23, Failures: 0, Errors: 0, Skipped: 0, Time elapsed: 0.388 sec

Results :

Tests run: 44, Failures: 0, Errors: 0, Skipped: 0

[INFO] 
[INFO] --- maven-surefire-plugin:2.12.4:test (integration-test-failing-stories) @ jbehave-junit-runner ---
[INFO] Surefire report directory: /workdir/jbehave-junit-runner/target/surefire-reports

-------------------------------------------------------
 T E S T S
-------------------------------------------------------
Running com.github.valfirst.jbehave.junit.monitoring.story.FailedStepInFirstScenarioAndSecondScenarioPassesJUnitStory
Processing system properties {}
Using controls EmbedderControls[batch=false,skip=false,generateViewAfterStories=true,ignoreFailureInStories=true,ignoreFailureInView=true,verboseFailures=false,verboseFiltering=false,storyTimeouts=300,threads=1,failOnStoryTimeout=false]
Using timeout for story failed_step_in_first_scenario_and_second_scenario_passes_j_unit_story.story of 300 secs.
Running story com/github/valfirst/jbehave/junit/monitoring/story/failed_step_in_first_scenario_and_second_scenario_passes_j_unit_story.story
Generating reports view to '/workdir/jbehave-junit-runner/target/jbehave' using formats '[junitscenarioreporter]' and view properties '{reports=ftl/jbehave-reports.ftl, nonDecorated=ftl/jbehave-report-non-decorated.ftl, maps=ftl/jbehave-maps.ftl, navigator=ftl/jbehave-navigator.ftl, views=ftl/jbehave-views.ftl, decorated=ftl/jbehave-report-decorated.ftl}'
WARNING: An illegal reflective access operation has occurred
WARNING: Illegal reflective access by org.apache.commons.lang3.builder.CompareToBuilder (file:/home/maven/.m2/repository/org/apache/commons/commons-lang3/3.7/commons-lang3-3.7.jar) to field java.lang.String.value
WARNING: Please consider reporting this to the maintainers of org.apache.commons.lang3.builder.CompareToBuilder
WARNING: Use --illegal-access=warn to enable warnings of further illegal reflective access operations
WARNING: All illegal access operations will be denied in a future release
Reports view generated with 2 stories (of which 0 pending) containing 5 scenarios (of which 0 pending)
Failures in reports view: 2 scenarios failed
Tests run: 10, Failures: 1, Errors: 0, Skipped: 1, Time elapsed: 0.868 sec <<< FAILURE!
When this step fails(com.github.valfirst.jbehave.junit.monitoring.step.ExampleSteps)  Time elapsed: 0.014 sec  <<< FAILURE!
java.lang.AssertionError: this step failed on purpose
	at org.junit.Assert.fail(Assert.java:89)
	at com.github.valfirst.jbehave.junit.monitoring.step.ExampleSteps.thisStepFails(ExampleSteps.java:90)
	at java.base/jdk.internal.reflect.NativeMethodAccessorImpl.invoke0(Native Method)
	at java.base/jdk.internal.reflect.NativeMethodAccessorImpl.invoke(NativeMethodAccessorImpl.java:62)
	at java.base/jdk.internal.reflect.DelegatingMethodAccessorImpl.invoke(DelegatingMethodAccessorImpl.java:43)
	at java.base/java.lang.reflect.Method.invoke(Method.java:566)
	at org.jbehave.core.steps.StepCreator$ParametrisedStep.perform(StepCreator.java:822)
	at org.jbehave.core.embedder.PerformableTree$FineSoFar.run(PerformableTree.java:353)
	at org.jbehave.core.embedder.PerformableTree$PerformableSteps.perform(PerformableTree.java:1285)
	at org.jbehave.core.embedder.PerformableTree$AbstractPerformableScenario.perform(PerformableTree.java:1168)
	at org.jbehave.core.embedder.PerformableTree$AbstractPerformableScenario.performRestartableSteps(PerformableTree.java:1147)
	at org.jbehave.core.embedder.PerformableTree$AbstractPerformableScenario.performScenario(PerformableTree.java:1159)
	at org.jbehave.core.embedder.PerformableTree$NormalPerformableScenario.perform(PerformableTree.java:1199)
	at org.jbehave.core.embedder.PerformableTree$PerformableScenario.perform(PerformableTree.java:1064)
	at org.jbehave.core.embedder.PerformableTree$PerformableStory.performScenarios(PerformableTree.java:951)
	at org.jbehave.core.embedder.PerformableTree$PerformableStory.perform(PerformableTree.java:919)
	at org.jbehave.core.embedder.PerformableTree.performCancellable(PerformableTree.java:432)
	at org.jbehave.core.embedder.PerformableTree.perform(PerformableTree.java:399)
	at org.jbehave.core.embedder.StoryManager$EnqueuedStory.call(StoryManager.java:293)
	at org.jbehave.core.embedder.StoryManager$EnqueuedStory.call(StoryManager.java:266)
	at java.base/java.util.concurrent.FutureTask.run(FutureTask.java:264)
	at java.base/java.util.concurrent.ThreadPoolExecutor.runWorker(ThreadPoolExecutor.java:1128)
	at java.base/java.util.concurrent.ThreadPoolExecutor$Worker.run(ThreadPoolExecutor.java:628)
	at java.base/java.lang.Thread.run(Thread.java:834)

Running com.github.valfirst.jbehave.junit.monitoring.story.ExampleScenarioJUnitStoriesLocalized
Processing system properties {}
Using controls EmbedderControls[batch=false,skip=false,generateViewAfterStories=true,ignoreFailureInStories=true,ignoreFailureInView=true,verboseFailures=false,verboseFiltering=false,storyTimeouts=300,threads=1,failOnStoryTimeout=false]
Running story com/github/valfirst/jbehave/junit/monitoring/story/Multiplication_de.story
Generating reports view to '/workdir/jbehave-junit-runner/target/jbehave' using formats '[junitscenarioreporter]' and view properties '{reports=ftl/jbehave-reports.ftl, nonDecorated=ftl/jbehave-report-non-decorated.ftl, maps=ftl/jbehave-maps.ftl, navigator=ftl/jbehave-navigator.ftl, views=ftl/jbehave-views.ftl, decorated=ftl/jbehave-report-decorated.ftl}'
Reports view generated with 2 stories (of which 0 pending) containing 5 scenarios (of which 0 pending)
Failures in reports view: 2 scenarios failed
Tests run: 28, Failures: 0, Errors: 0, Skipped: 3, Time elapsed: 0.383 sec
Running com.github.valfirst.jbehave.junit.monitoring.story.FailedStepInScenarioJUnitStory
Processing system properties {}
Using controls EmbedderControls[batch=false,skip=false,generateViewAfterStories=true,ignoreFailureInStories=true,ignoreFailureInView=true,verboseFailures=false,verboseFiltering=false,storyTimeouts=300,threads=1,failOnStoryTimeout=false]
Running story com/github/valfirst/jbehave/junit/monitoring/story/failed_step_in_scenario_j_unit_story.story
Failed to run batch 
com/github/valfirst/jbehave/junit/monitoring/story/failed_step_in_scenario_j_unit_story.story@76ef9291: java.lang.AssertionError: this step failed on purpose
Generating reports view to '/workdir/jbehave-junit-runner/target/jbehave' using formats '[junitscenarioreporter]' and view properties '{reports=ftl/jbehave-reports.ftl, nonDecorated=ftl/jbehave-report-non-decorated.ftl, maps=ftl/jbehave-maps.ftl, navigator=ftl/jbehave-navigator.ftl, views=ftl/jbehave-views.ftl, decorated=ftl/jbehave-report-decorated.ftl}'
Reports view generated with 2 stories (of which 0 pending) containing 5 scenarios (of which 0 pending)
Failures in reports view: 2 scenarios failed
Tests run: 5, Failures: 1, Errors: 0, Skipped: 1, Time elapsed: 0.343 sec <<< FAILURE!
When this step fails(com.github.valfirst.jbehave.junit.monitoring.step.ExampleSteps)  Time elapsed: 0.001 sec  <<< FAILURE!
java.lang.AssertionError: this step failed on purpose
	at org.junit.Assert.fail(Assert.java:89)
	at com.github.valfirst.jbehave.junit.monitoring.step.ExampleSteps.thisStepFails(ExampleSteps.java:90)
	at java.base/jdk.internal.reflect.NativeMethodAccessorImpl.invoke0(Native Method)
	at java.base/jdk.internal.reflect.NativeMethodAccessorImpl.invoke(NativeMethodAccessorImpl.java:62)
	at java.base/jdk.internal.reflect.DelegatingMethodAccessorImpl.invoke(DelegatingMethodAccessorImpl.java:43)
	at java.base/java.lang.reflect.Method.invoke(Method.java:566)
	at org.jbehave.core.steps.StepCreator$ParametrisedStep.perform(StepCreator.java:822)
	at org.jbehave.core.embedder.PerformableTree$FineSoFar.run(PerformableTree.java:353)
	at org.jbehave.core.embedder.PerformableTree$PerformableSteps.perform(PerformableTree.java:1285)
	at org.jbehave.core.embedder.PerformableTree$AbstractPerformableScenario.perform(PerformableTree.java:1168)
	at org.jbehave.core.embedder.PerformableTree$AbstractPerformableScenario.performRestartableSteps(PerformableTree.java:1147)
	at org.jbehave.core.embedder.PerformableTree$AbstractPerformableScenario.performScenario(PerformableTree.java:1159)
	at org.jbehave.core.embedder.PerformableTree$NormalPerformableScenario.perform(PerformableTree.java:1199)
	at org.jbehave.core.embedder.PerformableTree$PerformableScenario.perform(PerformableTree.java:1064)
	at org.jbehave.core.embedder.PerformableTree$PerformableStory.performScenarios(PerformableTree.java:951)
	at org.jbehave.core.embedder.PerformableTree$PerformableStory.perform(PerformableTree.java:919)
	at org.jbehave.core.embedder.PerformableTree.performCancellable(PerformableTree.java:432)
	at org.jbehave.core.embedder.PerformableTree.perform(PerformableTree.java:399)
	at org.jbehave.core.embedder.StoryManager$EnqueuedStory.call(StoryManager.java:293)
	at org.jbehave.core.embedder.StoryManager$EnqueuedStory.call(StoryManager.java:266)
	at java.base/java.util.concurrent.FutureTask.run(FutureTask.java:264)
	at java.base/java.util.concurrent.ThreadPoolExecutor.runWorker(ThreadPoolExecutor.java:1128)
	at java.base/java.util.concurrent.ThreadPoolExecutor$Worker.run(ThreadPoolExecutor.java:628)
	at java.base/java.lang.Thread.run(Thread.java:834)

Running com.github.valfirst.jbehave.junit.monitoring.story.MathStories
Processing system properties {}
Using controls EmbedderControls[batch=false,skip=false,generateViewAfterStories=true,ignoreFailureInStories=true,ignoreFailureInView=true,verboseFailures=false,verboseFiltering=false,storyTimeouts=300,threads=1,failOnStoryTimeout=false]
Running story com/github/valfirst/jbehave/junit/monitoring/story/Multiplication.story
Generating reports view to '/workdir/jbehave-junit-runner/target/jbehave' using formats '[stats, junitscenarioreporter]' and view properties '{reports=ftl/jbehave-reports.ftl, nonDecorated=ftl/jbehave-report-non-decorated.ftl, maps=ftl/jbehave-maps.ftl, navigator=ftl/jbehave-navigator.ftl, views=ftl/jbehave-views.ftl, decorated=ftl/jbehave-report-decorated.ftl}'
Reports view generated with 2 stories (of which 0 pending) containing 5 scenarios (of which 0 pending)
Failures in reports view: 2 scenarios failed
Tests run: 28, Failures: 0, Errors: 0, Skipped: 3, Time elapsed: 0.356 sec
Running com.github.valfirst.jbehave.junit.monitoring.story.StoriesWithAllSortsOfBeforeAndAfter
Processing system properties {}
Using controls EmbedderControls[batch=false,skip=false,generateViewAfterStories=true,ignoreFailureInStories=true,ignoreFailureInView=true,verboseFailures=false,verboseFiltering=false,storyTimeouts=300,threads=1,failOnStoryTimeout=false]
InitSteps.doSomethingBeforeStories()
Running story com/github/valfirst/jbehave/junit/monitoring/story/MultiplicationWithExamplesAndGiven.story
InitSteps.doSomethingBeforeRegularStories()
InitSteps.doSomethingBeforeNormalScenario()
InitSteps.doSomethingAfterAnyNormalScenario()
InitSteps.doSomethingAfterSuccessfulNormalScenario()
InitSteps.doSomethingBeforeNormalScenario()
InitSteps.doSomethingAfterAnyNormalScenario()
InitSteps.doSomethingAfterSuccessfulNormalScenario()
InitSteps.doSomethingAfterAnyNormalScenario()
InitSteps.doSomethingAfterAnyExampleScenario()
InitSteps.doSomethingAfterSuccessfulExampleScenario()
InitSteps.doSomethingAfterAnyNormalScenario()
InitSteps.doSomethingAfterAnyExampleScenario()
InitSteps.doSomethingAfterSuccessfulExampleScenario()
InitSteps.doSomethingAfterAnyNormalScenario()
InitSteps.doSomethingAfterAnyExampleScenario()
InitSteps.doSomethingAfterSuccessfulExampleScenario()
InitSteps.doSomethingBeforeNormalScenario()
InitSteps.doSomethingBeforeGivenStories()
InitSteps.doSomethingBeforeNormalScenario()
Init
InitSteps.doSomethingAfterAnyNormalScenario()
InitSteps.doSomethingAfterSuccessfulNormalScenario()
InitSteps.doSomethingAfterGivenStories()
InitSteps.doSomethingBeforeGivenStories()
InitSteps.doSomethingBeforeNormalScenario()
Hello Earthlings
InitSteps.doSomethingAfterAnyNormalScenario()
InitSteps.doSomethingAfterSuccessfulNormalScenario()
InitSteps.doSomethingAfterGivenStories()
InitSteps.doSomethingBeforeGivenStories()
InitSteps.doSomethingBeforeGivenStories()
InitSteps.doSomethingBeforeNormalScenario()
Hello Earthlings
InitSteps.doSomethingAfterAnyNormalScenario()
InitSteps.doSomethingAfterSuccessfulNormalScenario()
InitSteps.doSomethingAfterGivenStories()
InitSteps.doSomethingBeforeNormalScenario()
Hello Earthlings
InitSteps.doSomethingAfterAnyNormalScenario()
InitSteps.doSomethingAfterSuccessfulNormalScenario()
InitSteps.doSomethingAfterGivenStories()
InitSteps.doSomethingAfterAnyNormalScenario()
InitSteps.doSomethingAfterSuccessfulNormalScenario()
InitSteps.doSomethingBeforeNormalScenario()
InitSteps.doSomethingBeforeGivenStories()
InitSteps.doSomethingBeforeNormalScenario()
Init
InitSteps.doSomethingAfterAnyNormalScenario()
InitSteps.doSomethingAfterSuccessfulNormalScenario()
InitSteps.doSomethingAfterGivenStories()
InitSteps.doSomethingBeforeGivenStories()
InitSteps.doSomethingBeforeNormalScenario()
Hello Earthlings
InitSteps.doSomethingAfterAnyNormalScenario()
InitSteps.doSomethingAfterSuccessfulNormalScenario()
InitSteps.doSomethingAfterGivenStories()
InitSteps.doSomethingAfterAnyNormalScenario()
InitSteps.doSomethingAfterFailedNormalScenario()
InitSteps.doSomethingBeforeNormalScenario()
InitSteps.doSomethingBeforeGivenStories()
InitSteps.doSomethingBeforeNormalScenario()
Hello Earthlings
Hello Daniel
InitSteps.doSomethingAfterAnyNormalScenario()
InitSteps.doSomethingAfterSuccessfulNormalScenario()
InitSteps.doSomethingAfterGivenStories()
InitSteps.doSomethingBeforeGivenStories()
InitSteps.doSomethingBeforeNormalScenario()
Hello Earthlings
Hello Andreas
InitSteps.doSomethingAfterAnyNormalScenario()
InitSteps.doSomethingAfterSuccessfulNormalScenario()
InitSteps.doSomethingAfterGivenStories()
Hello Parameterized Stories
Hello Andreas
InitSteps.doSomethingAfterAnyNormalScenario()
InitSteps.doSomethingAfterFailedNormalScenario()
InitSteps.doSomethingAfterAnyNormalScenario()
InitSteps.doSomethingBeforeGivenStories()
InitSteps.doSomethingBeforeNormalScenario()
Hello Earthlings
InitSteps.doSomethingAfterAnyNormalScenario()
InitSteps.doSomethingAfterSuccessfulNormalScenario()
InitSteps.doSomethingAfterGivenStories()
Hello Parameterized Stories
Hello Daniel
InitSteps.doSomethingAfterAnyExampleScenario()
InitSteps.doSomethingAfterFailedExampleScenario()
InitSteps.doSomethingAfterAnyNormalScenario()
InitSteps.doSomethingBeforeGivenStories()
InitSteps.doSomethingBeforeNormalScenario()
Hello Earthlings
InitSteps.doSomethingAfterAnyNormalScenario()
InitSteps.doSomethingAfterSuccessfulNormalScenario()
InitSteps.doSomethingAfterGivenStories()
Hello Parameterized Stories
Hello Andreas
InitSteps.doSomethingAfterAnyExampleScenario()
InitSteps.doSomethingAfterFailedExampleScenario()
InitSteps.doSomethingBeforeNormalScenario()
InitSteps.doSomethingAfterAnyNormalScenario()
InitSteps.doSomethingAfterSuccessfulNormalScenario()
InitSteps.doSomethingBeforeNormalScenario()
Using timeout for story MultiplicationWithExamplesAndGiven.story of 300 secs.
InitSteps.doSomethingAfterAnyNormalScenario()
InitSteps.doSomethingAfterFailedNormalScenario()
InitSteps.doSomethingBeforeNormalScenario()
InitSteps.doSomethingAfterAnyNormalScenario()
InitSteps.doSomethingAfterSuccessfulNormalScenario()
InitSteps.doSomethingBeforeNormalScenario()
InitSteps.doSomethingAfterAnyNormalScenario()
InitSteps.doSomethingAfterFailedNormalScenario()
InitSteps.doSomethingBeforeNormalScenario()
Failed to run story com/github/valfirst/jbehave/junit/monitoring/story/MultiplicationWithExamplesAndGiven.story
org.jbehave.core.failures.PendingStepsFound: [Given a pending step, And a pending step, When there is another pending step, And another pending step, Then this results in two pending steps, And two additional pending steps]
	at org.jbehave.core.embedder.PerformableTree$PerformableSteps.generatePendingStepMethods(PerformableTree.java:1333)
	at org.jbehave.core.embedder.PerformableTree$PerformableSteps.perform(PerformableTree.java:1297)
	at org.jbehave.core.embedder.PerformableTree$AbstractPerformableScenario.perform(PerformableTree.java:1168)
	at org.jbehave.core.embedder.PerformableTree$AbstractPerformableScenario.performRestartableSteps(PerformableTree.java:1147)
	at org.jbehave.core.embedder.PerformableTree$AbstractPerformableScenario.performScenario(PerformableTree.java:1159)
	at org.jbehave.core.embedder.PerformableTree$NormalPerformableScenario.perform(PerformableTree.java:1199)
	at org.jbehave.core.embedder.PerformableTree$PerformableScenario.perform(PerformableTree.java:1064)
	at org.jbehave.core.embedder.PerformableTree$PerformableStory.performScenarios(PerformableTree.java:951)
	at org.jbehave.core.embedder.PerformableTree$PerformableStory.perform(PerformableTree.java:919)
	at org.jbehave.core.embedder.PerformableTree.performCancellable(PerformableTree.java:432)
	at org.jbehave.core.embedder.PerformableTree.perform(PerformableTree.java:399)
	at org.jbehave.core.embedder.StoryManager$EnqueuedStory.call(StoryManager.java:293)
	at org.jbehave.core.embedder.StoryManager$EnqueuedStory.call(StoryManager.java:266)
	at java.base/java.util.concurrent.FutureTask.run(FutureTask.java:264)
	at java.base/java.util.concurrent.ThreadPoolExecutor.runWorker(ThreadPoolExecutor.java:1128)
	at java.base/java.util.concurrent.ThreadPoolExecutor$Worker.run(ThreadPoolExecutor.java:628)
	at java.base/java.lang.Thread.run(Thread.java:834)
InitSteps.doSomethingAfterStories()
Generating reports view to '/workdir/jbehave-junit-runner/target/jbehave' using formats '[stats, xml, html, junitscenarioreporter]' and view properties '{reports=ftl/jbehave-reports.ftl, nonDecorated=ftl/jbehave-report-non-decorated.ftl, maps=ftl/jbehave-maps.ftl, navigator=ftl/jbehave-navigator.ftl, views=ftl/jbehave-views.ftl, decorated=ftl/jbehave-report-decorated.ftl}'
Reports view generated with 2 stories (of which 0 pending) containing 5 scenarios (of which 0 pending)
Failures in reports view: 2 scenarios failed
Tests run: 107, Failures: 6, Errors: 7, Skipped: 0, Time elapsed: 0.83 sec <<< FAILURE!
BeforeStories(java.lang.Object)  Time elapsed: 0 sec  <<< ERROR!
org.jbehave.core.failures.BeforeOrAfterFailed: Method doSomethingBeforeStories (annotated with @BeforeStories in class com.github.valfirst.jbehave.junit.monitoring.step.InitSteps) failed: java.sql.SQLException: DU doof!
	at org.jbehave.core.steps.StepCreator$BeforeOrAfterStep.perform(StepCreator.java:707)
	at org.jbehave.core.embedder.PerformableTree$FineSoFar.run(PerformableTree.java:353)
	at org.jbehave.core.embedder.PerformableTree$PerformableSteps.perform(PerformableTree.java:1285)
	at org.jbehave.core.embedder.PerformableTree.performBeforeOrAfterStories(PerformableTree.java:443)
	at org.jbehave.core.embedder.StoryManager.performStories(StoryManager.java:117)
	at org.jbehave.core.embedder.StoryManager.runStories(StoryManager.java:107)
	at org.jbehave.core.embedder.StoryManager.runStoriesAsPaths(StoryManager.java:94)
	at org.jbehave.core.embedder.Embedder.runStoriesAsPaths(Embedder.java:213)
	at org.jbehave.core.junit.JUnitStories.run(JUnitStories.java:21)
	at com.github.valfirst.jbehave.junit.monitoring.JUnitReportingRunner$1.evaluate(JUnitReportingRunner.java:79)
	at org.junit.runners.ParentRunner$3.evaluate(ParentRunner.java:306)
	at org.junit.runners.ParentRunner.run(ParentRunner.java:413)
	at org.apache.maven.surefire.junit4.JUnit4Provider.execute(JUnit4Provider.java:252)
	at org.apache.maven.surefire.junit4.JUnit4Provider.executeTestSet(JUnit4Provider.java:141)
	at org.apache.maven.surefire.junit4.JUnit4Provider.invoke(JUnit4Provider.java:112)
	at java.base/jdk.internal.reflect.NativeMethodAccessorImpl.invoke0(Native Method)
	at java.base/jdk.internal.reflect.NativeMethodAccessorImpl.invoke(NativeMethodAccessorImpl.java:62)
	at java.base/jdk.internal.reflect.DelegatingMethodAccessorImpl.invoke(DelegatingMethodAccessorImpl.java:43)
	at java.base/java.lang.reflect.Method.invoke(Method.java:566)
	at org.apache.maven.surefire.util.ReflectionUtils.invokeMethodWithArray(ReflectionUtils.java:189)
	at org.apache.maven.surefire.booter.ProviderFactory$ProviderProxy.invoke(ProviderFactory.java:165)
	at org.apache.maven.surefire.booter.ProviderFactory.invokeProvider(ProviderFactory.java:85)
	at org.apache.maven.surefire.booter.ForkedBooter.runSuitesInProcess(ForkedBooter.java:115)
	at org.apache.maven.surefire.booter.ForkedBooter.main(ForkedBooter.java:75)
Caused by: java.sql.SQLException: DU doof!
	at com.github.valfirst.jbehave.junit.monitoring.step.InitSteps.doSomethingBeforeStories(InitSteps.java:18)
	at java.base/jdk.internal.reflect.NativeMethodAccessorImpl.invoke0(Native Method)
	at java.base/jdk.internal.reflect.NativeMethodAccessorImpl.invoke(NativeMethodAccessorImpl.java:62)
	at java.base/jdk.internal.reflect.DelegatingMethodAccessorImpl.invoke(DelegatingMethodAccessorImpl.java:43)
	at java.base/java.lang.reflect.Method.invoke(Method.java:566)
	at org.jbehave.core.steps.StepCreator$MethodInvoker.invoke(StepCreator.java:996)
	at org.jbehave.core.steps.StepCreator$BeforeOrAfterStep.perform(StepCreator.java:703)
	... 23 more

Then x should equal 7(com.github.valfirst.jbehave.junit.monitoring.step.ExampleSteps)  Time elapsed: 0.002 sec  <<< FAILURE!
java.lang.AssertionError: expected:<7> but was:<6>
	at org.junit.Assert.fail(Assert.java:89)
	at org.junit.Assert.failNotEquals(Assert.java:835)
	at org.junit.Assert.assertEquals(Assert.java:647)
	at org.junit.Assert.assertEquals(Assert.java:633)
	at com.github.valfirst.jbehave.junit.monitoring.step.ExampleSteps.thenXshouldBe(ExampleSteps.java:47)
	at jdk.internal.reflect.GeneratedMethodAccessor6.invoke(Unknown Source)
	at java.base/jdk.internal.reflect.DelegatingMethodAccessorImpl.invoke(DelegatingMethodAccessorImpl.java:43)
	at java.base/java.lang.reflect.Method.invoke(Method.java:566)
	at org.jbehave.core.steps.StepCreator$ParametrisedStep.perform(StepCreator.java:822)
	at org.jbehave.core.embedder.PerformableTree$FineSoFar.run(PerformableTree.java:353)
	at org.jbehave.core.embedder.PerformableTree$PerformableSteps.perform(PerformableTree.java:1285)
	at org.jbehave.core.embedder.PerformableTree$AbstractPerformableScenario.perform(PerformableTree.java:1168)
	at org.jbehave.core.embedder.PerformableTree$AbstractPerformableScenario.performRestartableSteps(PerformableTree.java:1147)
	at org.jbehave.core.embedder.PerformableTree$AbstractPerformableScenario.performScenario(PerformableTree.java:1159)
	at org.jbehave.core.embedder.PerformableTree$NormalPerformableScenario.perform(PerformableTree.java:1199)
	at org.jbehave.core.embedder.PerformableTree$PerformableScenario.perform(PerformableTree.java:1064)
	at org.jbehave.core.embedder.PerformableTree$PerformableStory.performScenarios(PerformableTree.java:951)
	at org.jbehave.core.embedder.PerformableTree$PerformableStory.perform(PerformableTree.java:919)
	at org.jbehave.core.embedder.PerformableTree.performCancellable(PerformableTree.java:432)
	at org.jbehave.core.embedder.PerformableTree.perform(PerformableTree.java:399)
	at org.jbehave.core.embedder.StoryManager$EnqueuedStory.call(StoryManager.java:293)
	at org.jbehave.core.embedder.StoryManager$EnqueuedStory.call(StoryManager.java:266)
	at java.base/java.util.concurrent.FutureTask.run(FutureTask.java:264)
	at java.base/java.util.concurrent.ThreadPoolExecutor.runWorker(ThreadPoolExecutor.java:1128)
	at java.base/java.util.concurrent.ThreadPoolExecutor$Worker.run(ThreadPoolExecutor.java:628)
	at java.base/java.lang.Thread.run(Thread.java:834)

Then x should equal 7​(com.github.valfirst.jbehave.junit.monitoring.step.ExampleSteps)  Time elapsed: 0 sec  <<< FAILURE!
java.lang.AssertionError: expected:<7> but was:<6>
	at org.junit.Assert.fail(Assert.java:89)
	at org.junit.Assert.failNotEquals(Assert.java:835)
	at org.junit.Assert.assertEquals(Assert.java:647)
	at org.junit.Assert.assertEquals(Assert.java:633)
	at com.github.valfirst.jbehave.junit.monitoring.step.ExampleSteps.thenXshouldBe(ExampleSteps.java:47)
	at jdk.internal.reflect.GeneratedMethodAccessor6.invoke(Unknown Source)
	at java.base/jdk.internal.reflect.DelegatingMethodAccessorImpl.invoke(DelegatingMethodAccessorImpl.java:43)
	at java.base/java.lang.reflect.Method.invoke(Method.java:566)
	at org.jbehave.core.steps.StepCreator$ParametrisedStep.perform(StepCreator.java:822)
	at org.jbehave.core.embedder.PerformableTree$FineSoFar.run(PerformableTree.java:353)
	at org.jbehave.core.embedder.PerformableTree$PerformableSteps.perform(PerformableTree.java:1285)
	at org.jbehave.core.embedder.PerformableTree$AbstractPerformableScenario.perform(PerformableTree.java:1168)
	at org.jbehave.core.embedder.PerformableTree$AbstractPerformableScenario.performRestartableSteps(PerformableTree.java:1147)
	at org.jbehave.core.embedder.PerformableTree$AbstractPerformableScenario.performScenario(PerformableTree.java:1159)
	at org.jbehave.core.embedder.PerformableTree$NormalPerformableScenario.perform(PerformableTree.java:1199)
	at org.jbehave.core.embedder.PerformableTree$PerformableScenario.perform(PerformableTree.java:1064)
	at org.jbehave.core.embedder.PerformableTree$PerformableStory.performScenarios(PerformableTree.java:951)
	at org.jbehave.core.embedder.PerformableTree$PerformableStory.perform(PerformableTree.java:919)
	at org.jbehave.core.embedder.PerformableTree.performCancellable(PerformableTree.java:432)
	at org.jbehave.core.embedder.PerformableTree.perform(PerformableTree.java:399)
	at org.jbehave.core.embedder.StoryManager$EnqueuedStory.call(StoryManager.java:293)
	at org.jbehave.core.embedder.StoryManager$EnqueuedStory.call(StoryManager.java:266)
	at java.base/java.util.concurrent.FutureTask.run(FutureTask.java:264)
	at java.base/java.util.concurrent.ThreadPoolExecutor.runWorker(ThreadPoolExecutor.java:1128)
	at java.base/java.util.concurrent.ThreadPoolExecutor$Worker.run(ThreadPoolExecutor.java:628)
	at java.base/java.lang.Thread.run(Thread.java:834)

Then x should equal 7​​(com.github.valfirst.jbehave.junit.monitoring.step.ExampleSteps)  Time elapsed: 0.003 sec  <<< FAILURE!
java.lang.AssertionError: expected:<7> but was:<6>
	at org.junit.Assert.fail(Assert.java:89)
	at org.junit.Assert.failNotEquals(Assert.java:835)
	at org.junit.Assert.assertEquals(Assert.java:647)
	at org.junit.Assert.assertEquals(Assert.java:633)
	at com.github.valfirst.jbehave.junit.monitoring.step.ExampleSteps.thenXshouldBe(ExampleSteps.java:47)
	at jdk.internal.reflect.GeneratedMethodAccessor6.invoke(Unknown Source)
	at java.base/jdk.internal.reflect.DelegatingMethodAccessorImpl.invoke(DelegatingMethodAccessorImpl.java:43)
	at java.base/java.lang.reflect.Method.invoke(Method.java:566)
	at org.jbehave.core.steps.StepCreator$ParametrisedStep.perform(StepCreator.java:822)
	at org.jbehave.core.embedder.PerformableTree$FineSoFar.run(PerformableTree.java:353)
	at org.jbehave.core.embedder.PerformableTree$PerformableSteps.perform(PerformableTree.java:1285)
	at org.jbehave.core.embedder.PerformableTree$AbstractPerformableScenario.perform(PerformableTree.java:1168)
	at org.jbehave.core.embedder.PerformableTree$AbstractPerformableScenario.performRestartableSteps(PerformableTree.java:1147)
	at org.jbehave.core.embedder.PerformableTree$AbstractPerformableScenario.performScenario(PerformableTree.java:1159)
	at org.jbehave.core.embedder.PerformableTree$ExamplePerformableScenario.perform(PerformableTree.java:1224)
	at org.jbehave.core.embedder.PerformableTree$PerformableScenario.perform(PerformableTree.java:1059)
	at org.jbehave.core.embedder.PerformableTree$PerformableStory.performScenarios(PerformableTree.java:951)
	at org.jbehave.core.embedder.PerformableTree$PerformableStory.perform(PerformableTree.java:919)
	at org.jbehave.core.embedder.PerformableTree.performCancellable(PerformableTree.java:432)
	at org.jbehave.core.embedder.PerformableTree.perform(PerformableTree.java:399)
	at org.jbehave.core.embedder.StoryManager$EnqueuedStory.call(StoryManager.java:293)
	at org.jbehave.core.embedder.StoryManager$EnqueuedStory.call(StoryManager.java:266)
	at java.base/java.util.concurrent.FutureTask.run(FutureTask.java:264)
	at java.base/java.util.concurrent.ThreadPoolExecutor.runWorker(ThreadPoolExecutor.java:1128)
	at java.base/java.util.concurrent.ThreadPoolExecutor$Worker.run(ThreadPoolExecutor.java:628)
	at java.base/java.lang.Thread.run(Thread.java:834)

Then x should equal 7​​​(com.github.valfirst.jbehave.junit.monitoring.step.ExampleSteps)  Time elapsed: 0 sec  <<< FAILURE!
java.lang.AssertionError: expected:<7> but was:<6>
	at org.junit.Assert.fail(Assert.java:89)
	at org.junit.Assert.failNotEquals(Assert.java:835)
	at org.junit.Assert.assertEquals(Assert.java:647)
	at org.junit.Assert.assertEquals(Assert.java:633)
	at com.github.valfirst.jbehave.junit.monitoring.step.ExampleSteps.thenXshouldBe(ExampleSteps.java:47)
	at jdk.internal.reflect.GeneratedMethodAccessor6.invoke(Unknown Source)
	at java.base/jdk.internal.reflect.DelegatingMethodAccessorImpl.invoke(DelegatingMethodAccessorImpl.java:43)
	at java.base/java.lang.reflect.Method.invoke(Method.java:566)
	at org.jbehave.core.steps.StepCreator$ParametrisedStep.perform(StepCreator.java:822)
	at org.jbehave.core.embedder.PerformableTree$FineSoFar.run(PerformableTree.java:353)
	at org.jbehave.core.embedder.PerformableTree$PerformableSteps.perform(PerformableTree.java:1285)
	at org.jbehave.core.embedder.PerformableTree$AbstractPerformableScenario.perform(PerformableTree.java:1168)
	at org.jbehave.core.embedder.PerformableTree$AbstractPerformableScenario.performRestartableSteps(PerformableTree.java:1147)
	at org.jbehave.core.embedder.PerformableTree$AbstractPerformableScenario.performScenario(PerformableTree.java:1159)
	at org.jbehave.core.embedder.PerformableTree$ExamplePerformableScenario.perform(PerformableTree.java:1224)
	at org.jbehave.core.embedder.PerformableTree$PerformableScenario.perform(PerformableTree.java:1059)
	at org.jbehave.core.embedder.PerformableTree$PerformableStory.performScenarios(PerformableTree.java:951)
	at org.jbehave.core.embedder.PerformableTree$PerformableStory.perform(PerformableTree.java:919)
	at org.jbehave.core.embedder.PerformableTree.performCancellable(PerformableTree.java:432)
	at org.jbehave.core.embedder.PerformableTree.perform(PerformableTree.java:399)
	at org.jbehave.core.embedder.StoryManager$EnqueuedStory.call(StoryManager.java:293)
	at org.jbehave.core.embedder.StoryManager$EnqueuedStory.call(StoryManager.java:266)
	at java.base/java.util.concurrent.FutureTask.run(FutureTask.java:264)
	at java.base/java.util.concurrent.ThreadPoolExecutor.runWorker(ThreadPoolExecutor.java:1128)
	at java.base/java.util.concurrent.ThreadPoolExecutor$Worker.run(ThreadPoolExecutor.java:628)
	at java.base/java.lang.Thread.run(Thread.java:834)

Then x should equal 10(com.github.valfirst.jbehave.junit.monitoring.step.ExampleSteps)  Time elapsed: 0.001 sec  <<< FAILURE!
java.lang.AssertionError: expected:<10> but was:<9>
	at org.junit.Assert.fail(Assert.java:89)
	at org.junit.Assert.failNotEquals(Assert.java:835)
	at org.junit.Assert.assertEquals(Assert.java:647)
	at org.junit.Assert.assertEquals(Assert.java:633)
	at com.github.valfirst.jbehave.junit.monitoring.step.ExampleSteps.thenXshouldBe(ExampleSteps.java:47)
	at jdk.internal.reflect.GeneratedMethodAccessor6.invoke(Unknown Source)
	at java.base/jdk.internal.reflect.DelegatingMethodAccessorImpl.invoke(DelegatingMethodAccessorImpl.java:43)
	at java.base/java.lang.reflect.Method.invoke(Method.java:566)
	at org.jbehave.core.steps.StepCreator$ParametrisedStep.perform(StepCreator.java:822)
	at org.jbehave.core.embedder.PerformableTree$FineSoFar.run(PerformableTree.java:353)
	at org.jbehave.core.embedder.PerformableTree$PerformableSteps.perform(PerformableTree.java:1285)
	at org.jbehave.core.embedder.PerformableTree$AbstractPerformableScenario.perform(PerformableTree.java:1168)
	at org.jbehave.core.embedder.PerformableTree$AbstractPerformableScenario.performRestartableSteps(PerformableTree.java:1147)
	at org.jbehave.core.embedder.PerformableTree$AbstractPerformableScenario.performScenario(PerformableTree.java:1159)
	at org.jbehave.core.embedder.PerformableTree$NormalPerformableScenario.perform(PerformableTree.java:1199)
	at org.jbehave.core.embedder.PerformableTree$PerformableScenario.perform(PerformableTree.java:1064)
	at org.jbehave.core.embedder.PerformableTree$PerformableStory.performScenarios(PerformableTree.java:951)
	at org.jbehave.core.embedder.PerformableTree$PerformableStory.perform(PerformableTree.java:919)
	at org.jbehave.core.embedder.PerformableTree.performCancellable(PerformableTree.java:432)
	at org.jbehave.core.embedder.PerformableTree.perform(PerformableTree.java:399)
	at org.jbehave.core.embedder.StoryManager$EnqueuedStory.call(StoryManager.java:293)
	at org.jbehave.core.embedder.StoryManager$EnqueuedStory.call(StoryManager.java:266)
	at java.base/java.util.concurrent.FutureTask.run(FutureTask.java:264)
	at java.base/java.util.concurrent.ThreadPoolExecutor.runWorker(ThreadPoolExecutor.java:1128)
	at java.base/java.util.concurrent.ThreadPoolExecutor$Worker.run(ThreadPoolExecutor.java:628)
	at java.base/java.lang.Thread.run(Thread.java:834)

And x should equal 210(com.github.valfirst.jbehave.junit.monitoring.step.ExampleSteps)  Time elapsed: 0 sec  <<< FAILURE!
java.lang.AssertionError: expected:<210> but was:<-210>
	at org.junit.Assert.fail(Assert.java:89)
	at org.junit.Assert.failNotEquals(Assert.java:835)
	at org.junit.Assert.assertEquals(Assert.java:647)
	at org.junit.Assert.assertEquals(Assert.java:633)
	at com.github.valfirst.jbehave.junit.monitoring.step.ExampleSteps.thenXshouldBe(ExampleSteps.java:47)
	at jdk.internal.reflect.GeneratedMethodAccessor6.invoke(Unknown Source)
	at java.base/jdk.internal.reflect.DelegatingMethodAccessorImpl.invoke(DelegatingMethodAccessorImpl.java:43)
	at java.base/java.lang.reflect.Method.invoke(Method.java:566)
	at org.jbehave.core.steps.StepCreator$ParametrisedStep.perform(StepCreator.java:822)
	at org.jbehave.core.embedder.PerformableTree$FineSoFar.run(PerformableTree.java:353)
	at org.jbehave.core.embedder.PerformableTree$PerformableSteps.perform(PerformableTree.java:1285)
	at org.jbehave.core.embedder.PerformableTree$AbstractPerformableScenario.perform(PerformableTree.java:1168)
	at org.jbehave.core.embedder.PerformableTree$AbstractPerformableScenario.performRestartableSteps(PerformableTree.java:1147)
	at org.jbehave.core.embedder.PerformableTree$AbstractPerformableScenario.performScenario(PerformableTree.java:1159)
	at org.jbehave.core.embedder.PerformableTree$NormalPerformableScenario.perform(PerformableTree.java:1199)
	at org.jbehave.core.embedder.PerformableTree$PerformableScenario.perform(PerformableTree.java:1064)
	at org.jbehave.core.embedder.PerformableTree$PerformableStory.performScenarios(PerformableTree.java:951)
	at org.jbehave.core.embedder.PerformableTree$PerformableStory.perform(PerformableTree.java:919)
	at org.jbehave.core.embedder.PerformableTree.performCancellable(PerformableTree.java:432)
	at org.jbehave.core.embedder.PerformableTree.perform(PerformableTree.java:399)
	at org.jbehave.core.embedder.StoryManager$EnqueuedStory.call(StoryManager.java:293)
	at org.jbehave.core.embedder.StoryManager$EnqueuedStory.call(StoryManager.java:266)
	at java.base/java.util.concurrent.FutureTask.run(FutureTask.java:264)
	at java.base/java.util.concurrent.ThreadPoolExecutor.runWorker(ThreadPoolExecutor.java:1128)
	at java.base/java.util.concurrent.ThreadPoolExecutor$Worker.run(ThreadPoolExecutor.java:628)
	at java.base/java.lang.Thread.run(Thread.java:834)

[PENDING] Given a pending step  Time elapsed: 0 sec  <<< ERROR!
java.lang.RuntimeException: Step is pending!
	at com.github.valfirst.jbehave.junit.monitoring.JUnitScenarioReporter.pending(JUnitScenarioReporter.java:322)
	at org.jbehave.core.reporters.DelegatingStoryReporter.pending(DelegatingStoryReporter.java:227)
	at org.jbehave.core.reporters.ConcurrentStoryReporter.pending(ConcurrentStoryReporter.java:384)
	at org.jbehave.core.steps.AbstractStepResult$Pending.describeTo(AbstractStepResult.java:69)
	at org.jbehave.core.embedder.PerformableTree$FineSoFar.run(PerformableTree.java:363)
	at org.jbehave.core.embedder.PerformableTree$PerformableSteps.perform(PerformableTree.java:1285)
	at org.jbehave.core.embedder.PerformableTree$AbstractPerformableScenario.perform(PerformableTree.java:1168)
	at org.jbehave.core.embedder.PerformableTree$AbstractPerformableScenario.performRestartableSteps(PerformableTree.java:1147)
	at org.jbehave.core.embedder.PerformableTree$AbstractPerformableScenario.performScenario(PerformableTree.java:1159)
	at org.jbehave.core.embedder.PerformableTree$NormalPerformableScenario.perform(PerformableTree.java:1199)
	at org.jbehave.core.embedder.PerformableTree$PerformableScenario.perform(PerformableTree.java:1064)
	at org.jbehave.core.embedder.PerformableTree$PerformableStory.performScenarios(PerformableTree.java:951)
	at org.jbehave.core.embedder.PerformableTree$PerformableStory.perform(PerformableTree.java:919)
	at org.jbehave.core.embedder.PerformableTree.performCancellable(PerformableTree.java:432)
	at org.jbehave.core.embedder.PerformableTree.perform(PerformableTree.java:399)
	at org.jbehave.core.embedder.StoryManager$EnqueuedStory.call(StoryManager.java:293)
	at org.jbehave.core.embedder.StoryManager$EnqueuedStory.call(StoryManager.java:266)
	at java.base/java.util.concurrent.FutureTask.run(FutureTask.java:264)
	at java.base/java.util.concurrent.ThreadPoolExecutor.runWorker(ThreadPoolExecutor.java:1128)
	at java.base/java.util.concurrent.ThreadPoolExecutor$Worker.run(ThreadPoolExecutor.java:628)
	at java.base/java.lang.Thread.run(Thread.java:834)

[PENDING] And a pending step  Time elapsed: 0 sec  <<< ERROR!
java.lang.RuntimeException: Step is pending!
	at com.github.valfirst.jbehave.junit.monitoring.JUnitScenarioReporter.pending(JUnitScenarioReporter.java:322)
	at org.jbehave.core.reporters.DelegatingStoryReporter.pending(DelegatingStoryReporter.java:227)
	at org.jbehave.core.reporters.ConcurrentStoryReporter.pending(ConcurrentStoryReporter.java:384)
	at org.jbehave.core.steps.AbstractStepResult$Pending.describeTo(AbstractStepResult.java:69)
	at org.jbehave.core.embedder.PerformableTree$SomethingHappened.run(PerformableTree.java:385)
	at org.jbehave.core.embedder.PerformableTree$PerformableSteps.perform(PerformableTree.java:1285)
	at org.jbehave.core.embedder.PerformableTree$AbstractPerformableScenario.perform(PerformableTree.java:1168)
	at org.jbehave.core.embedder.PerformableTree$AbstractPerformableScenario.performRestartableSteps(PerformableTree.java:1147)
	at org.jbehave.core.embedder.PerformableTree$AbstractPerformableScenario.performScenario(PerformableTree.java:1159)
	at org.jbehave.core.embedder.PerformableTree$NormalPerformableScenario.perform(PerformableTree.java:1199)
	at org.jbehave.core.embedder.PerformableTree$PerformableScenario.perform(PerformableTree.java:1064)
	at org.jbehave.core.embedder.PerformableTree$PerformableStory.performScenarios(PerformableTree.java:951)
	at org.jbehave.core.embedder.PerformableTree$PerformableStory.perform(PerformableTree.java:919)
	at org.jbehave.core.embedder.PerformableTree.performCancellable(PerformableTree.java:432)
	at org.jbehave.core.embedder.PerformableTree.perform(PerformableTree.java:399)
	at org.jbehave.core.embedder.StoryManager$EnqueuedStory.call(StoryManager.java:293)
	at org.jbehave.core.embedder.StoryManager$EnqueuedStory.call(StoryManager.java:266)
	at java.base/java.util.concurrent.FutureTask.run(FutureTask.java:264)
	at java.base/java.util.concurrent.ThreadPoolExecutor.runWorker(ThreadPoolExecutor.java:1128)
	at java.base/java.util.concurrent.ThreadPoolExecutor$Worker.run(ThreadPoolExecutor.java:628)
	at java.base/java.lang.Thread.run(Thread.java:834)

[PENDING] When there is another pending step  Time elapsed: 0 sec  <<< ERROR!
java.lang.RuntimeException: Step is pending!
	at com.github.valfirst.jbehave.junit.monitoring.JUnitScenarioReporter.pending(JUnitScenarioReporter.java:322)
	at org.jbehave.core.reporters.DelegatingStoryReporter.pending(DelegatingStoryReporter.java:227)
	at org.jbehave.core.reporters.ConcurrentStoryReporter.pending(ConcurrentStoryReporter.java:384)
	at org.jbehave.core.steps.AbstractStepResult$Pending.describeTo(AbstractStepResult.java:69)
	at org.jbehave.core.embedder.PerformableTree$SomethingHappened.run(PerformableTree.java:385)
	at org.jbehave.core.embedder.PerformableTree$PerformableSteps.perform(PerformableTree.java:1285)
	at org.jbehave.core.embedder.PerformableTree$AbstractPerformableScenario.perform(PerformableTree.java:1168)
	at org.jbehave.core.embedder.PerformableTree$AbstractPerformableScenario.performRestartableSteps(PerformableTree.java:1147)
	at org.jbehave.core.embedder.PerformableTree$AbstractPerformableScenario.performScenario(PerformableTree.java:1159)
	at org.jbehave.core.embedder.PerformableTree$NormalPerformableScenario.perform(PerformableTree.java:1199)
	at org.jbehave.core.embedder.PerformableTree$PerformableScenario.perform(PerformableTree.java:1064)
	at org.jbehave.core.embedder.PerformableTree$PerformableStory.performScenarios(PerformableTree.java:951)
	at org.jbehave.core.embedder.PerformableTree$PerformableStory.perform(PerformableTree.java:919)
	at org.jbehave.core.embedder.PerformableTree.performCancellable(PerformableTree.java:432)
	at org.jbehave.core.embedder.PerformableTree.perform(PerformableTree.java:399)
	at org.jbehave.core.embedder.StoryManager$EnqueuedStory.call(StoryManager.java:293)
	at org.jbehave.core.embedder.StoryManager$EnqueuedStory.call(StoryManager.java:266)
	at java.base/java.util.concurrent.FutureTask.run(FutureTask.java:264)
	at java.base/java.util.concurrent.ThreadPoolExecutor.runWorker(ThreadPoolExecutor.java:1128)
	at java.base/java.util.concurrent.ThreadPoolExecutor$Worker.run(ThreadPoolExecutor.java:628)
	at java.base/java.lang.Thread.run(Thread.java:834)

[PENDING] And another pending step  Time elapsed: 0 sec  <<< ERROR!
java.lang.RuntimeException: Step is pending!
	at com.github.valfirst.jbehave.junit.monitoring.JUnitScenarioReporter.pending(JUnitScenarioReporter.java:322)
	at org.jbehave.core.reporters.DelegatingStoryReporter.pending(DelegatingStoryReporter.java:227)
	at org.jbehave.core.reporters.ConcurrentStoryReporter.pending(ConcurrentStoryReporter.java:384)
	at org.jbehave.core.steps.AbstractStepResult$Pending.describeTo(AbstractStepResult.java:69)
	at org.jbehave.core.embedder.PerformableTree$SomethingHappened.run(PerformableTree.java:385)
	at org.jbehave.core.embedder.PerformableTree$PerformableSteps.perform(PerformableTree.java:1285)
	at org.jbehave.core.embedder.PerformableTree$AbstractPerformableScenario.perform(PerformableTree.java:1168)
	at org.jbehave.core.embedder.PerformableTree$AbstractPerformableScenario.performRestartableSteps(PerformableTree.java:1147)
	at org.jbehave.core.embedder.PerformableTree$AbstractPerformableScenario.performScenario(PerformableTree.java:1159)
	at org.jbehave.core.embedder.PerformableTree$NormalPerformableScenario.perform(PerformableTree.java:1199)
	at org.jbehave.core.embedder.PerformableTree$PerformableScenario.perform(PerformableTree.java:1064)
	at org.jbehave.core.embedder.PerformableTree$PerformableStory.performScenarios(PerformableTree.java:951)
	at org.jbehave.core.embedder.PerformableTree$PerformableStory.perform(PerformableTree.java:919)
	at org.jbehave.core.embedder.PerformableTree.performCancellable(PerformableTree.java:432)
	at org.jbehave.core.embedder.PerformableTree.perform(PerformableTree.java:399)
	at org.jbehave.core.embedder.StoryManager$EnqueuedStory.call(StoryManager.java:293)
	at org.jbehave.core.embedder.StoryManager$EnqueuedStory.call(StoryManager.java:266)
	at java.base/java.util.concurrent.FutureTask.run(FutureTask.java:264)
	at java.base/java.util.concurrent.ThreadPoolExecutor.runWorker(ThreadPoolExecutor.java:1128)
	at java.base/java.util.concurrent.ThreadPoolExecutor$Worker.run(ThreadPoolExecutor.java:628)
	at java.base/java.lang.Thread.run(Thread.java:834)

[PENDING] Then this results in two pending steps  Time elapsed: 0 sec  <<< ERROR!
java.lang.RuntimeException: Step is pending!
	at com.github.valfirst.jbehave.junit.monitoring.JUnitScenarioReporter.pending(JUnitScenarioReporter.java:322)
	at org.jbehave.core.reporters.DelegatingStoryReporter.pending(DelegatingStoryReporter.java:227)
	at org.jbehave.core.reporters.ConcurrentStoryReporter.pending(ConcurrentStoryReporter.java:384)
	at org.jbehave.core.steps.AbstractStepResult$Pending.describeTo(AbstractStepResult.java:69)
	at org.jbehave.core.embedder.PerformableTree$SomethingHappened.run(PerformableTree.java:385)
	at org.jbehave.core.embedder.PerformableTree$PerformableSteps.perform(PerformableTree.java:1285)
	at org.jbehave.core.embedder.PerformableTree$AbstractPerformableScenario.perform(PerformableTree.java:1168)
	at org.jbehave.core.embedder.PerformableTree$AbstractPerformableScenario.performRestartableSteps(PerformableTree.java:1147)
	at org.jbehave.core.embedder.PerformableTree$AbstractPerformableScenario.performScenario(PerformableTree.java:1159)
	at org.jbehave.core.embedder.PerformableTree$NormalPerformableScenario.perform(PerformableTree.java:1199)
	at org.jbehave.core.embedder.PerformableTree$PerformableScenario.perform(PerformableTree.java:1064)
	at org.jbehave.core.embedder.PerformableTree$PerformableStory.performScenarios(PerformableTree.java:951)
	at org.jbehave.core.embedder.PerformableTree$PerformableStory.perform(PerformableTree.java:919)
	at org.jbehave.core.embedder.PerformableTree.performCancellable(PerformableTree.java:432)
	at org.jbehave.core.embedder.PerformableTree.perform(PerformableTree.java:399)
	at org.jbehave.core.embedder.StoryManager$EnqueuedStory.call(StoryManager.java:293)
	at org.jbehave.core.embedder.StoryManager$EnqueuedStory.call(StoryManager.java:266)
	at java.base/java.util.concurrent.FutureTask.run(FutureTask.java:264)
	at java.base/java.util.concurrent.ThreadPoolExecutor.runWorker(ThreadPoolExecutor.java:1128)
	at java.base/java.util.concurrent.ThreadPoolExecutor$Worker.run(ThreadPoolExecutor.java:628)
	at java.base/java.lang.Thread.run(Thread.java:834)

[PENDING] And two additional pending steps  Time elapsed: 0 sec  <<< ERROR!
java.lang.RuntimeException: Step is pending!
	at com.github.valfirst.jbehave.junit.monitoring.JUnitScenarioReporter.pending(JUnitScenarioReporter.java:322)
	at org.jbehave.core.reporters.DelegatingStoryReporter.pending(DelegatingStoryReporter.java:227)
	at org.jbehave.core.reporters.ConcurrentStoryReporter.pending(ConcurrentStoryReporter.java:384)
	at org.jbehave.core.steps.AbstractStepResult$Pending.describeTo(AbstractStepResult.java:69)
	at org.jbehave.core.embedder.PerformableTree$SomethingHappened.run(PerformableTree.java:385)
	at org.jbehave.core.embedder.PerformableTree$PerformableSteps.perform(PerformableTree.java:1285)
	at org.jbehave.core.embedder.PerformableTree$AbstractPerformableScenario.perform(PerformableTree.java:1168)
	at org.jbehave.core.embedder.PerformableTree$AbstractPerformableScenario.performRestartableSteps(PerformableTree.java:1147)
	at org.jbehave.core.embedder.PerformableTree$AbstractPerformableScenario.performScenario(PerformableTree.java:1159)
	at org.jbehave.core.embedder.PerformableTree$NormalPerformableScenario.perform(PerformableTree.java:1199)
	at org.jbehave.core.embedder.PerformableTree$PerformableScenario.perform(PerformableTree.java:1064)
	at org.jbehave.core.embedder.PerformableTree$PerformableStory.performScenarios(PerformableTree.java:951)
	at org.jbehave.core.embedder.PerformableTree$PerformableStory.perform(PerformableTree.java:919)
	at org.jbehave.core.embedder.PerformableTree.performCancellable(PerformableTree.java:432)
	at org.jbehave.core.embedder.PerformableTree.perform(PerformableTree.java:399)
	at org.jbehave.core.embedder.StoryManager$EnqueuedStory.call(StoryManager.java:293)
	at org.jbehave.core.embedder.StoryManager$EnqueuedStory.call(StoryManager.java:266)
	at java.base/java.util.concurrent.FutureTask.run(FutureTask.java:264)
	at java.base/java.util.concurrent.ThreadPoolExecutor.runWorker(ThreadPoolExecutor.java:1128)
	at java.base/java.util.concurrent.ThreadPoolExecutor$Worker.run(ThreadPoolExecutor.java:628)
	at java.base/java.lang.Thread.run(Thread.java:834)

Running com.github.valfirst.jbehave.junit.monitoring.story.ExampleScenarioJUnitStories
Processing system properties {}
Using controls EmbedderControls[batch=false,skip=false,generateViewAfterStories=true,ignoreFailureInStories=true,ignoreFailureInView=true,verboseFailures=false,verboseFiltering=false,storyTimeouts=300,threads=1,failOnStoryTimeout=false]
Running story com/github/valfirst/jbehave/junit/monitoring/story/Multiplication.story
Running story com/github/valfirst/jbehave/junit/monitoring/story/Empty.story
Generating reports view to '/workdir/jbehave-junit-runner/target/jbehave' using formats '[junitscenarioreporter]' and view properties '{reports=ftl/jbehave-reports.ftl, nonDecorated=ftl/jbehave-report-non-decorated.ftl, maps=ftl/jbehave-maps.ftl, navigator=ftl/jbehave-navigator.ftl, views=ftl/jbehave-views.ftl, decorated=ftl/jbehave-report-decorated.ftl}'
Reports view generated with 2 stories (of which 0 pending) containing 5 scenarios (of which 0 pending)
Failures in reports view: 2 scenarios failed
Tests run: 29, Failures: 0, Errors: 0, Skipped: 3, Time elapsed: 0.328 sec

Results :

Failed tests:   When this step fails(com.github.valfirst.jbehave.junit.monitoring.step.ExampleSteps): this step failed on purpose
  When this step fails(com.github.valfirst.jbehave.junit.monitoring.step.ExampleSteps): this step failed on purpose
  Then x should equal 7(com.github.valfirst.jbehave.junit.monitoring.step.ExampleSteps): expected:<7> but was:<6>
  Then x should equal 7​(com.github.valfirst.jbehave.junit.monitoring.step.ExampleSteps): expected:<7> but was:<6>
  Then x should equal 7​​(com.github.valfirst.jbehave.junit.monitoring.step.ExampleSteps): expected:<7> but was:<6>
  Then x should equal 7​​​(com.github.valfirst.jbehave.junit.monitoring.step.ExampleSteps): expected:<7> but was:<6>
  Then x should equal 10(com.github.valfirst.jbehave.junit.monitoring.step.ExampleSteps): expected:<10> but was:<9>
  And x should equal 210(com.github.valfirst.jbehave.junit.monitoring.step.ExampleSteps): expected:<210> but was:<-210>

Tests in error: 
  BeforeStories(java.lang.Object): Method doSomethingBeforeStories (annotated with @BeforeStories in class com.github.valfirst.jbehave.junit.monitoring.step.InitSteps) failed: java.sql.SQLException: DU doof!
  [PENDING] Given a pending step: Step is pending!
  [PENDING] And a pending step: Step is pending!
  [PENDING] When there is another pending step: Step is pending!
  [PENDING] And another pending step: Step is pending!
  [PENDING] Then this results in two pending steps: Step is pending!
  [PENDING] And two additional pending steps: Step is pending!

Tests run: 207, Failures: 8, Errors: 7, Skipped: 11

[ERROR] There are test failures.

Please refer to /workdir/jbehave-junit-runner/target/surefire-reports for the individual test results.
[INFO] ------------------------------------------------------------------------
[INFO] BUILD SUCCESS
[INFO] ------------------------------------------------------------------------
[INFO] Total time:  9.182 s
[INFO] Finished at: 2021-02-14T18:38:53Z
[INFO] ------------------------------------------------------------------------
