[INFO] Scanning for projects...
[INFO] 
[INFO] ---------------------< io.vertx:vertx-jdbc-client >---------------------
[INFO] Building vertx-jdbc-client 4.0.0-SNAPSHOT
[INFO] --------------------------------[ jar ]---------------------------------
[INFO] 
[INFO] --- maven-enforcer-plugin:1.0:enforce (enforce-maven) @ vertx-jdbc-client ---
[INFO] 
[INFO] --- maven-processor-plugin:3.2.0:process (generate-sources) @ vertx-jdbc-client ---
WARNING: io.vertx.codegen.CodeGen - Processed element io.vertx.jdbcclient.impl.ConnectionImpl is in an implementation package 
WARNING: io.vertx.codegen.CodeGen - Processed element io.vertx.jdbcclient.impl.JDBCPoolImpl is in an implementation package 
WARNING: io.vertx.codegen.CodeGen - Processed element io.vertx.jdbcclient.impl.JDBCRow is in an implementation package 
WARNING: io.vertx.codegen.CodeGen - Processed element io.vertx.jdbcclient.impl.AgroalCPDataSourceProvider is in an implementation package 
WARNING: io.vertx.codegen.CodeGen - Processed element io.vertx.jdbcclient.impl.actions.JDBCSimpleQueryAction is in an implementation package 
WARNING: io.vertx.codegen.CodeGen - Processed element io.vertx.jdbcclient.impl.actions.JDBCResponse is in an implementation package 
WARNING: io.vertx.codegen.CodeGen - Processed element io.vertx.jdbcclient.impl.actions.JDBCQueryAction is in an implementation package 
WARNING: io.vertx.codegen.CodeGen - Processed element io.vertx.jdbcclient.impl.actions.JDBCPrepareStatementAction is in an implementation package 
WARNING: io.vertx.codegen.CodeGen - Processed element io.vertx.jdbcclient.impl.actions.JDBCPreparedQuery is in an implementation package 
WARNING: io.vertx.codegen.CodeGen - Processed element io.vertx.jdbcclient.impl.actions.JDBCTxOp is in an implementation package 
WARNING: io.vertx.codegen.CodeGen - Processed element io.vertx.jdbcclient.impl.actions.JDBCPreparedBatch is in an implementation package 
WARNING: io.vertx.codegen.CodeGen - Processed element io.vertx.jdbcclient.impl.actions.JDBCPreparedStatement is in an implementation package 
WARNING: io.vertx.codegen.CodeGen - Processed element io.vertx.jdbcclient.impl.SqlOutParamImpl is in an implementation package 
WARNING: io.vertx.codegen.CodeGen - Processed element io.vertx.ext.jdbc.spi.impl.HikariCPDataSourceProvider is in an implementation package 
WARNING: io.vertx.codegen.CodeGen - Processed element io.vertx.ext.jdbc.spi.impl.C3P0DataSourceProvider is in an implementation package 
WARNING: io.vertx.codegen.CodeGen - Processed element io.vertx.ext.jdbc.spi.impl.AgroalCPDataSourceProvider is in an implementation package 
WARNING: io.vertx.codegen.CodeGen - Processed element io.vertx.ext.jdbc.impl.JDBCConnectionImpl is in an implementation package 
WARNING: io.vertx.codegen.CodeGen - Processed element io.vertx.ext.jdbc.impl.actions.JDBCClose is in an implementation package 
WARNING: io.vertx.codegen.CodeGen - Processed element io.vertx.ext.jdbc.impl.actions.JDBCQuery is in an implementation package 
WARNING: io.vertx.codegen.CodeGen - Processed element io.vertx.ext.jdbc.impl.actions.JDBCSQLRowStream is in an implementation package 
WARNING: io.vertx.codegen.CodeGen - Processed element io.vertx.ext.jdbc.impl.actions.JDBCStatementHelper is in an implementation package 
WARNING: io.vertx.codegen.CodeGen - Processed element io.vertx.ext.jdbc.impl.actions.StreamQuery is in an implementation package 
WARNING: io.vertx.codegen.CodeGen - Processed element io.vertx.ext.jdbc.impl.actions.JDBCBatch is in an implementation package 
WARNING: io.vertx.codegen.CodeGen - Processed element io.vertx.ext.jdbc.impl.actions.JDBCAutoCommit is in an implementation package 
WARNING: io.vertx.codegen.CodeGen - Processed element io.vertx.ext.jdbc.impl.actions.JDBCUpdate is in an implementation package 
WARNING: io.vertx.codegen.CodeGen - Processed element io.vertx.ext.jdbc.impl.actions.JDBCRollback is in an implementation package 
WARNING: io.vertx.codegen.CodeGen - Processed element io.vertx.ext.jdbc.impl.actions.AbstractJDBCAction is in an implementation package 
WARNING: io.vertx.codegen.CodeGen - Processed element io.vertx.ext.jdbc.impl.actions.JDBCCommit is in an implementation package 
WARNING: io.vertx.codegen.CodeGen - Processed element io.vertx.ext.jdbc.impl.actions.JDBCCallable is in an implementation package 
WARNING: io.vertx.codegen.CodeGen - Processed element io.vertx.ext.jdbc.impl.actions.JDBCExecute is in an implementation package 
WARNING: io.vertx.codegen.CodeGen - Processed element io.vertx.ext.jdbc.impl.DataSourceHolder is in an implementation package 
WARNING: io.vertx.codegen.CodeGen - Processed element io.vertx.ext.jdbc.impl.JDBCClientImpl is in an implementation package 
WARNING: io.vertx.codegen.CodeGen - Processed element io.vertx.ext.sql.impl.RowStreamWrapper is in an implementation package 
WARNING: io.vertx.codegen.ClassModel - Interface io.vertx.ext.jdbc.JDBCClient does not redeclare the @Fluent return type  of method querySingle(java.lang.String,io.vertx.core.Handler<io.vertx.core.AsyncResult<@io.vertx.codegen.annotations.Nullable io.vertx.core.json.JsonArray>>) declared by io.vertx.ext.sql.SQLOperations 
WARNING: io.vertx.codegen.ClassModel - Interface io.vertx.ext.jdbc.JDBCClient does not redeclare the @Fluent return type  of method querySingleWithParams(java.lang.String,io.vertx.core.json.JsonArray,io.vertx.core.Handler<io.vertx.core.AsyncResult<@io.vertx.codegen.annotations.Nullable io.vertx.core.json.JsonArray>>) declared by io.vertx.ext.sql.SQLOperations 
WARNING: io.vertx.codegen.ClassModel - Interface io.vertx.ext.sql.SQLRowStream does not redeclare the @Fluent return type  of method fetch(long) declared by io.vertx.core.streams.ReadStream 
WARNING: io.vertx.codegen.ClassModel - Interface io.vertx.ext.sql.SQLConnection does not redeclare the @Fluent return type  of method querySingle(java.lang.String,io.vertx.core.Handler<io.vertx.core.AsyncResult<@io.vertx.codegen.annotations.Nullable io.vertx.core.json.JsonArray>>) declared by io.vertx.ext.sql.SQLOperations 
WARNING: io.vertx.codegen.ClassModel - Interface io.vertx.ext.sql.SQLConnection does not redeclare the @Fluent return type  of method querySingleWithParams(java.lang.String,io.vertx.core.json.JsonArray,io.vertx.core.Handler<io.vertx.core.AsyncResult<@io.vertx.codegen.annotations.Nullable io.vertx.core.json.JsonArray>>) declared by io.vertx.ext.sql.SQLOperations 
WARNING: io.vertx.codegen.ClassModel - Interface io.vertx.ext.sql.SQLClient does not redeclare the @Fluent return type  of method querySingle(java.lang.String,io.vertx.core.Handler<io.vertx.core.AsyncResult<@io.vertx.codegen.annotations.Nullable io.vertx.core.json.JsonArray>>) declared by io.vertx.ext.sql.SQLOperations 
WARNING: io.vertx.codegen.ClassModel - Interface io.vertx.ext.sql.SQLClient does not redeclare the @Fluent return type  of method querySingleWithParams(java.lang.String,io.vertx.core.json.JsonArray,io.vertx.core.Handler<io.vertx.core.AsyncResult<@io.vertx.codegen.annotations.Nullable io.vertx.core.json.JsonArray>>) declared by io.vertx.ext.sql.SQLOperations 
[INFO] diagnostic: Note: Loaded cheatsheet code generator
[INFO] diagnostic: Note: Loaded cheatsheet code generator
[INFO] diagnostic: Note: Loaded data_object_converters code generator
[WARNING] diagnostic: warning: Supported source version 'RELEASE_8' from annotation processor 'io.vertx.codegen.CodeGenProcessor' less than -source '11'
[WARNING] diagnostic: /workdir/vertx-jdbc-client/src/main/java/io/vertx/ext/jdbc/JDBCClient.java:36: warning: Interface io.vertx.ext.jdbc.JDBCClient does not redeclare the @Fluent return type  of method querySingle(java.lang.String,io.vertx.core.Handler<io.vertx.core.AsyncResult<@io.vertx.codegen.annotations.Nullable io.vertx.core.json.JsonArray>>) declared by io.vertx.ext.sql.SQLOperations
public interface JDBCClient extends SQLClient {
       ^
[WARNING] diagnostic: /workdir/vertx-jdbc-client/src/main/java/io/vertx/ext/jdbc/JDBCClient.java:36: warning: Interface io.vertx.ext.jdbc.JDBCClient does not redeclare the @Fluent return type  of method querySingleWithParams(java.lang.String,io.vertx.core.json.JsonArray,io.vertx.core.Handler<io.vertx.core.AsyncResult<@io.vertx.codegen.annotations.Nullable io.vertx.core.json.JsonArray>>) declared by io.vertx.ext.sql.SQLOperations
public interface JDBCClient extends SQLClient {
       ^
[INFO] diagnostic: Note: Non future method io.vertx.ext.jdbc.JDBCClient: io.vertx.ext.sql.SQLOperations querySingle(java.lang.String sql, io.vertx.core.Handler<io.vertx.core.AsyncResult<io.vertx.core.json.JsonArray>> handler)
[INFO] diagnostic: Note: Non future method io.vertx.ext.jdbc.JDBCClient: io.vertx.ext.sql.SQLOperations querySingleWithParams(java.lang.String sql, io.vertx.core.json.JsonArray arguments, io.vertx.core.Handler<io.vertx.core.AsyncResult<io.vertx.core.json.JsonArray>> handler)
[WARNING] diagnostic: /workdir/vertx-jdbc-client/src/main/java/io/vertx/ext/sql/SQLRowStream.java:21: warning: Interface io.vertx.ext.sql.SQLRowStream does not redeclare the @Fluent return type  of method fetch(long) declared by io.vertx.core.streams.ReadStream
public interface SQLRowStream extends ReadStream<JsonArray> {
       ^
[INFO] diagnostic: Note: Non future method io.vertx.ext.sql.SQLRowStream: void close(io.vertx.core.Handler<io.vertx.core.AsyncResult<java.lang.Void>> handler)
[WARNING] diagnostic: /workdir/vertx-jdbc-client/src/main/java/io/vertx/ext/sql/SQLConnection.java:35: warning: Interface io.vertx.ext.sql.SQLConnection does not redeclare the @Fluent return type  of method querySingle(java.lang.String,io.vertx.core.Handler<io.vertx.core.AsyncResult<@io.vertx.codegen.annotations.Nullable io.vertx.core.json.JsonArray>>) declared by io.vertx.ext.sql.SQLOperations
public interface SQLConnection extends SQLOperations, Closeable {
       ^
[WARNING] diagnostic: /workdir/vertx-jdbc-client/src/main/java/io/vertx/ext/sql/SQLConnection.java:35: warning: Interface io.vertx.ext.sql.SQLConnection does not redeclare the @Fluent return type  of method querySingleWithParams(java.lang.String,io.vertx.core.json.JsonArray,io.vertx.core.Handler<io.vertx.core.AsyncResult<@io.vertx.codegen.annotations.Nullable io.vertx.core.json.JsonArray>>) declared by io.vertx.ext.sql.SQLOperations
public interface SQLConnection extends SQLOperations, Closeable {
       ^
[INFO] diagnostic: Note: Non future method io.vertx.ext.sql.SQLConnection: io.vertx.ext.sql.SQLOperations querySingle(java.lang.String sql, io.vertx.core.Handler<io.vertx.core.AsyncResult<io.vertx.core.json.JsonArray>> handler)
[INFO] diagnostic: Note: Non future method io.vertx.ext.sql.SQLConnection: io.vertx.ext.sql.SQLOperations querySingleWithParams(java.lang.String sql, io.vertx.core.json.JsonArray arguments, io.vertx.core.Handler<io.vertx.core.AsyncResult<io.vertx.core.json.JsonArray>> handler)
[INFO] diagnostic: Note: Non future method io.vertx.ext.sql.SQLConnection: io.vertx.ext.sql.SQLConnection setAutoCommit(boolean autoCommit, io.vertx.core.Handler<io.vertx.core.AsyncResult<java.lang.Void>> resultHandler)
[INFO] diagnostic: Note: Non future method io.vertx.ext.sql.SQLConnection: io.vertx.ext.sql.SQLConnection execute(java.lang.String sql, io.vertx.core.Handler<io.vertx.core.AsyncResult<java.lang.Void>> resultHandler)
[INFO] diagnostic: Note: Non future method io.vertx.ext.sql.SQLConnection: void close(io.vertx.core.Handler<io.vertx.core.AsyncResult<java.lang.Void>> handler)
[INFO] diagnostic: Note: Non future method io.vertx.ext.sql.SQLConnection: io.vertx.ext.sql.SQLConnection commit(io.vertx.core.Handler<io.vertx.core.AsyncResult<java.lang.Void>> handler)
[INFO] diagnostic: Note: Non future method io.vertx.ext.sql.SQLConnection: io.vertx.ext.sql.SQLConnection rollback(io.vertx.core.Handler<io.vertx.core.AsyncResult<java.lang.Void>> handler)
[INFO] diagnostic: Note: Non future method io.vertx.ext.sql.SQLConnection: io.vertx.ext.sql.SQLConnection batch(java.util.List<java.lang.String> sqlStatements, io.vertx.core.Handler<io.vertx.core.AsyncResult<java.util.List<java.lang.Integer>>> handler)
[INFO] diagnostic: Note: Non future method io.vertx.ext.sql.SQLConnection: io.vertx.ext.sql.SQLConnection batchWithParams(java.lang.String sqlStatement, java.util.List<io.vertx.core.json.JsonArray> args, io.vertx.core.Handler<io.vertx.core.AsyncResult<java.util.List<java.lang.Integer>>> handler)
[INFO] diagnostic: Note: Non future method io.vertx.ext.sql.SQLConnection: io.vertx.ext.sql.SQLConnection batchCallableWithParams(java.lang.String sqlStatement, java.util.List<io.vertx.core.json.JsonArray> inArgs, java.util.List<io.vertx.core.json.JsonArray> outArgs, io.vertx.core.Handler<io.vertx.core.AsyncResult<java.util.List<java.lang.Integer>>> handler)
[INFO] diagnostic: Note: Non future method io.vertx.ext.sql.SQLConnection: io.vertx.ext.sql.SQLConnection setTransactionIsolation(io.vertx.ext.sql.TransactionIsolation isolation, io.vertx.core.Handler<io.vertx.core.AsyncResult<java.lang.Void>> handler)
[INFO] diagnostic: Note: Non future method io.vertx.ext.sql.SQLConnection: io.vertx.ext.sql.SQLConnection getTransactionIsolation(io.vertx.core.Handler<io.vertx.core.AsyncResult<io.vertx.ext.sql.TransactionIsolation>> handler)
[WARNING] diagnostic: /workdir/vertx-jdbc-client/src/main/java/io/vertx/ext/sql/SQLClient.java:33: warning: Interface io.vertx.ext.sql.SQLClient does not redeclare the @Fluent return type  of method querySingle(java.lang.String,io.vertx.core.Handler<io.vertx.core.AsyncResult<@io.vertx.codegen.annotations.Nullable io.vertx.core.json.JsonArray>>) declared by io.vertx.ext.sql.SQLOperations
public interface SQLClient extends SQLOperations {
       ^
[WARNING] diagnostic: /workdir/vertx-jdbc-client/src/main/java/io/vertx/ext/sql/SQLClient.java:33: warning: Interface io.vertx.ext.sql.SQLClient does not redeclare the @Fluent return type  of method querySingleWithParams(java.lang.String,io.vertx.core.json.JsonArray,io.vertx.core.Handler<io.vertx.core.AsyncResult<@io.vertx.codegen.annotations.Nullable io.vertx.core.json.JsonArray>>) declared by io.vertx.ext.sql.SQLOperations
public interface SQLClient extends SQLOperations {
       ^
[INFO] diagnostic: Note: Non future method io.vertx.ext.sql.SQLClient: io.vertx.ext.sql.SQLOperations querySingle(java.lang.String sql, io.vertx.core.Handler<io.vertx.core.AsyncResult<io.vertx.core.json.JsonArray>> handler)
[INFO] diagnostic: Note: Non future method io.vertx.ext.sql.SQLClient: io.vertx.ext.sql.SQLOperations querySingleWithParams(java.lang.String sql, io.vertx.core.json.JsonArray arguments, io.vertx.core.Handler<io.vertx.core.AsyncResult<io.vertx.core.json.JsonArray>> handler)
[INFO] diagnostic: Note: Non future method io.vertx.ext.sql.SQLClient: io.vertx.ext.sql.SQLClient getConnection(io.vertx.core.Handler<io.vertx.core.AsyncResult<io.vertx.ext.sql.SQLConnection>> handler)
[INFO] diagnostic: Note: Non future method io.vertx.ext.sql.SQLClient: void close(io.vertx.core.Handler<io.vertx.core.AsyncResult<java.lang.Void>> handler)
[INFO] diagnostic: Note: Non future method io.vertx.ext.sql.SQLOperations: io.vertx.ext.sql.SQLOperations query(java.lang.String sql, io.vertx.core.Handler<io.vertx.core.AsyncResult<io.vertx.ext.sql.ResultSet>> resultHandler)
[INFO] diagnostic: Note: Non future method io.vertx.ext.sql.SQLOperations: io.vertx.ext.sql.SQLOperations queryWithParams(java.lang.String sql, io.vertx.core.json.JsonArray params, io.vertx.core.Handler<io.vertx.core.AsyncResult<io.vertx.ext.sql.ResultSet>> resultHandler)
[INFO] diagnostic: Note: Non future method io.vertx.ext.sql.SQLOperations: io.vertx.ext.sql.SQLOperations queryStream(java.lang.String sql, io.vertx.core.Handler<io.vertx.core.AsyncResult<io.vertx.ext.sql.SQLRowStream>> handler)
[INFO] diagnostic: Note: Non future method io.vertx.ext.sql.SQLOperations: io.vertx.ext.sql.SQLOperations queryStreamWithParams(java.lang.String sql, io.vertx.core.json.JsonArray params, io.vertx.core.Handler<io.vertx.core.AsyncResult<io.vertx.ext.sql.SQLRowStream>> handler)
[INFO] diagnostic: Note: Non future method io.vertx.ext.sql.SQLOperations: io.vertx.ext.sql.SQLOperations querySingle(java.lang.String sql, io.vertx.core.Handler<io.vertx.core.AsyncResult<io.vertx.core.json.JsonArray>> handler)
[INFO] diagnostic: Note: Non future method io.vertx.ext.sql.SQLOperations: io.vertx.ext.sql.SQLOperations querySingleWithParams(java.lang.String sql, io.vertx.core.json.JsonArray arguments, io.vertx.core.Handler<io.vertx.core.AsyncResult<io.vertx.core.json.JsonArray>> handler)
[INFO] diagnostic: Note: Non future method io.vertx.ext.sql.SQLOperations: io.vertx.ext.sql.SQLOperations update(java.lang.String sql, io.vertx.core.Handler<io.vertx.core.AsyncResult<io.vertx.ext.sql.UpdateResult>> resultHandler)
[INFO] diagnostic: Note: Non future method io.vertx.ext.sql.SQLOperations: io.vertx.ext.sql.SQLOperations updateWithParams(java.lang.String sql, io.vertx.core.json.JsonArray params, io.vertx.core.Handler<io.vertx.core.AsyncResult<io.vertx.ext.sql.UpdateResult>> resultHandler)
[INFO] diagnostic: Note: Non future method io.vertx.ext.sql.SQLOperations: io.vertx.ext.sql.SQLOperations call(java.lang.String sql, io.vertx.core.Handler<io.vertx.core.AsyncResult<io.vertx.ext.sql.ResultSet>> resultHandler)
[INFO] diagnostic: Note: Non future method io.vertx.ext.sql.SQLOperations: io.vertx.ext.sql.SQLOperations callWithParams(java.lang.String sql, io.vertx.core.json.JsonArray params, io.vertx.core.json.JsonArray outputs, io.vertx.core.Handler<io.vertx.core.AsyncResult<io.vertx.ext.sql.ResultSet>> resultHandler)
[WARNING] diagnostic: warning: Supported source version 'RELEASE_8' from annotation processor 'io.vertx.docgen.JavaDocGenProcessor' less than -source '11'
unhandled type io.vertx.ext.sql.ResultSet
[INFO] diagnostic: Note: Generated model io.vertx.ext.sql.SQLOptions: generated/io/vertx/ext/sql/SQLOptionsConverter.java
[INFO] diagnostic: Note: Generated model io.vertx.jdbcclient.JDBCConnectOptions: generated/io/vertx/jdbcclient/JDBCConnectOptionsConverter.java
[INFO] diagnostic: Note: Generated model io.vertx.jdbcclient.JDBCConnectOptions: asciidoc/dataobjects.adoc
[INFO] diagnostic: Note: Generated model io.vertx.ext.sql.FetchDirection: asciidoc/enums.adoc
[INFO] diagnostic: Note: Generated model io.vertx.ext.sql.ResultSet: generated/io/vertx/ext/sql/ResultSetConverter.java
[INFO] diagnostic: Note: Generated model io.vertx.ext.sql.UpdateResult: generated/io/vertx/ext/sql/UpdateResultConverter.java
[WARNING] diagnostic: warning: Unclosed files for the types 'PathForCodeGenProcessor'; these types will not undergo annotation processing
[WARNING] diagnostic: warning: The following options were not recognized by any processor: '[maven.artifactId, maven.version, codegen.output.data_object_converters, maven.groupId]'
[INFO] 
[INFO] --- build-helper-maven-plugin:3.0.0:add-source (add-source) @ vertx-jdbc-client ---
[INFO] Source directory: /workdir/vertx-jdbc-client/src/main/generated added.
[INFO] 
[INFO] --- maven-resources-plugin:2.7:resources (default-resources) @ vertx-jdbc-client ---
[INFO] Using 'UTF-8' encoding to copy filtered resources.
[INFO] Copying 1 resource
[INFO] 
[INFO] --- maven-compiler-plugin:3.7.0:compile (default-compile) @ vertx-jdbc-client ---
[INFO] Changes detected - recompiling the module!
[INFO] Compiling 61 source files to /workdir/vertx-jdbc-client/target/classes
[INFO] /workdir/vertx-jdbc-client/src/main/java/io/vertx/jdbcclient/impl/actions/JDBCResponse.java: Some input files use unchecked or unsafe operations.
[INFO] /workdir/vertx-jdbc-client/src/main/java/io/vertx/jdbcclient/impl/actions/JDBCResponse.java: Recompile with -Xlint:unchecked for details.
[INFO] 
[INFO] --- maven-resources-plugin:2.7:testResources (default-testResources) @ vertx-jdbc-client ---
[INFO] Using 'UTF-8' encoding to copy filtered resources.
[INFO] Copying 1 resource
[INFO] 
[INFO] --- maven-compiler-plugin:3.7.0:testCompile (default-testCompile) @ vertx-jdbc-client ---
[INFO] Changes detected - recompiling the module!
[INFO] Compiling 31 source files to /workdir/vertx-jdbc-client/target/test-classes
[INFO] /workdir/vertx-jdbc-client/src/test/java/io/vertx/ext/jdbc/JDBCQueryTimeoutTest.java: Some input files use or override a deprecated API.
[INFO] /workdir/vertx-jdbc-client/src/test/java/io/vertx/ext/jdbc/JDBCQueryTimeoutTest.java: Recompile with -Xlint:deprecation for details.
[INFO] 
[INFO] --- maven-surefire-plugin:2.18.1:test (default-test) @ vertx-jdbc-client ---
[INFO] Surefire report directory: /workdir/vertx-jdbc-client/target/surefire-reports

-------------------------------------------------------
 T E S T S
-------------------------------------------------------
Running io.vertx.jdbcclient.JDBCPoolStoredProceduresTest
Tests run: 2, Failures: 0, Errors: 0, Skipped: 0, Time elapsed: 0.842 sec - in io.vertx.jdbcclient.JDBCPoolStoredProceduresTest
Running io.vertx.jdbcclient.JDBCPoolCustomTypesTest
Tests run: 2, Failures: 0, Errors: 0, Skipped: 0, Time elapsed: 0.229 sec - in io.vertx.jdbcclient.JDBCPoolCustomTypesTest
Running io.vertx.jdbcclient.JDBCPoolTest
Tests run: 10, Failures: 0, Errors: 0, Skipped: 0, Time elapsed: 0.571 sec - in io.vertx.jdbcclient.JDBCPoolTest
Running io.vertx.ext.jdbc.JDBCQueryTimeoutTest
Feb 15, 2021 1:41:01 AM io.vertx.test.core.AsyncTestBase
INFO: Starting test: JDBCQueryTimeoutTest#testMultiSelect
Feb 15, 2021 1:41:01 AM io.vertx.test.core.AsyncTestBase
INFO: Starting test: JDBCQueryTimeoutTest#testMultiSelect
MLog initialization issue: slf4j found no binding or threatened to use its (dangerously silent) NOPLogger. We consider the slf4j library not found.
Feb 15, 2021 1:41:01 AM com.mchange.v2.log.MLog 
INFO: MLog clients using java 1.4+ standard logging.
Feb 15, 2021 1:41:01 AM com.mchange.v2.c3p0.C3P0Registry 
INFO: Initializing c3p0-0.9.5.4 [built 23-March-2019 23:00:48 -0700; debug? true; trace: 10]
Feb 15, 2021 1:41:02 AM com.mchange.v2.c3p0.impl.AbstractPoolBackedDataSource 
INFO: Initializing c3p0 pool... com.mchange.v2.c3p0.ComboPooledDataSource [ acquireIncrement -> 3, acquireRetryAttempts -> 30, acquireRetryDelay -> 1000, autoCommitOnClose -> false, automaticTestTable -> null, breakAfterAcquireFailure -> false, checkoutTimeout -> 0, connectionCustomizerClassName -> null, connectionTesterClassName -> com.mchange.v2.c3p0.impl.DefaultConnectionTester, contextClassLoaderSource -> caller, dataSourceName -> 1bqq1heaf19bmzd216azltk|14f3c5d6, debugUnreturnedConnectionStackTraces -> false, description -> null, driverClass -> org.apache.derby.jdbc.EmbeddedDriver, extensions -> {}, factoryClassLocation -> null, forceIgnoreUnresolvedTransactions -> false, forceSynchronousCheckins -> false, forceUseNamedDriverClass -> false, identityToken -> 1bqq1heaf19bmzd216azltk|14f3c5d6, idleConnectionTestPeriod -> 0, initialPoolSize -> 3, jdbcUrl -> jdbc:derby:memory:myDB2;create=true, maxAdministrativeTaskTime -> 0, maxConnectionAge -> 0, maxIdleTime -> 0, maxIdleTimeExcessConnections -> 0, maxPoolSize -> 15, maxStatements -> 0, maxStatementsPerConnection -> 0, minPoolSize -> 3, numHelperThreads -> 3, preferredTestQuery -> null, privilegeSpawnedThreads -> false, properties -> {}, propertyCycle -> 0, statementCacheNumDeferredCloseThreads -> 0, testConnectionOnCheckin -> false, testConnectionOnCheckout -> false, unreturnedConnectionTimeout -> 0, userOverrides -> {}, usesTraditionalReflectiveProxies -> false ]
Feb 15, 2021 1:41:02 AM com.mchange.v2.c3p0.SQLWarnings 
INFO: Database 'memory:myDB2' not created, connection made to existing database instead.
java.sql.SQLWarning: Database 'memory:myDB2' not created, connection made to existing database instead.
	at org.apache.derby.iapi.error.SQLWarningFactory.newSQLWarning(Unknown Source)
	at org.apache.derby.impl.jdbc.EmbedConnection.createDatabase(Unknown Source)
	at org.apache.derby.impl.jdbc.EmbedConnection.<init>(Unknown Source)
	at org.apache.derby.jdbc.InternalDriver$1.run(Unknown Source)
	at org.apache.derby.jdbc.InternalDriver$1.run(Unknown Source)
	at java.base/java.security.AccessController.doPrivileged(Native Method)
	at org.apache.derby.jdbc.InternalDriver.getNewEmbedConnection(Unknown Source)
	at org.apache.derby.jdbc.InternalDriver.connect(Unknown Source)
	at org.apache.derby.jdbc.InternalDriver.connect(Unknown Source)
	at org.apache.derby.jdbc.AutoloadedDriver.connect(Unknown Source)
	at com.mchange.v2.c3p0.DriverManagerDataSource.getConnection(DriverManagerDataSource.java:161)
	at com.mchange.v2.c3p0.WrapperConnectionPoolDataSource.getPooledConnection(WrapperConnectionPoolDataSource.java:161)
	at com.mchange.v2.c3p0.WrapperConnectionPoolDataSource.getPooledConnection(WrapperConnectionPoolDataSource.java:147)
	at com.mchange.v2.c3p0.impl.C3P0PooledConnectionPool$1PooledConnectionResourcePoolManager.acquireResource(C3P0PooledConnectionPool.java:202)
	at com.mchange.v2.resourcepool.BasicResourcePool.doAcquire(BasicResourcePool.java:1176)
	at com.mchange.v2.resourcepool.BasicResourcePool.doAcquireAndDecrementPendingAcquiresWithinLockOnSuccess(BasicResourcePool.java:1163)
	at com.mchange.v2.resourcepool.BasicResourcePool.access$700(BasicResourcePool.java:44)
	at com.mchange.v2.resourcepool.BasicResourcePool$ScatteredAcquireTask.run(BasicResourcePool.java:1908)
	at com.mchange.v2.async.ThreadPoolAsynchronousRunner$PoolThread.run(ThreadPoolAsynchronousRunner.java:696)

Feb 15, 2021 1:41:02 AM com.mchange.v2.c3p0.SQLWarnings 
INFO: Database 'memory:myDB2' not created, connection made to existing database instead.
java.sql.SQLWarning: Database 'memory:myDB2' not created, connection made to existing database instead.
	at org.apache.derby.iapi.error.SQLWarningFactory.newSQLWarning(Unknown Source)
	at org.apache.derby.impl.jdbc.EmbedConnection.createDatabase(Unknown Source)
	at org.apache.derby.impl.jdbc.EmbedConnection.<init>(Unknown Source)
	at org.apache.derby.jdbc.InternalDriver$1.run(Unknown Source)
	at org.apache.derby.jdbc.InternalDriver$1.run(Unknown Source)
	at java.base/java.security.AccessController.doPrivileged(Native Method)
	at org.apache.derby.jdbc.InternalDriver.getNewEmbedConnection(Unknown Source)
	at org.apache.derby.jdbc.InternalDriver.connect(Unknown Source)
	at org.apache.derby.jdbc.InternalDriver.connect(Unknown Source)
	at org.apache.derby.jdbc.AutoloadedDriver.connect(Unknown Source)
	at com.mchange.v2.c3p0.DriverManagerDataSource.getConnection(DriverManagerDataSource.java:161)
	at com.mchange.v2.c3p0.WrapperConnectionPoolDataSource.getPooledConnection(WrapperConnectionPoolDataSource.java:161)
	at com.mchange.v2.c3p0.WrapperConnectionPoolDataSource.getPooledConnection(WrapperConnectionPoolDataSource.java:147)
	at com.mchange.v2.c3p0.impl.C3P0PooledConnectionPool$1PooledConnectionResourcePoolManager.acquireResource(C3P0PooledConnectionPool.java:202)
	at com.mchange.v2.resourcepool.BasicResourcePool.doAcquire(BasicResourcePool.java:1176)
	at com.mchange.v2.resourcepool.BasicResourcePool.doAcquireAndDecrementPendingAcquiresWithinLockOnSuccess(BasicResourcePool.java:1163)
	at com.mchange.v2.resourcepool.BasicResourcePool.access$700(BasicResourcePool.java:44)
	at com.mchange.v2.resourcepool.BasicResourcePool$ScatteredAcquireTask.run(BasicResourcePool.java:1908)
	at com.mchange.v2.async.ThreadPoolAsynchronousRunner$PoolThread.run(ThreadPoolAsynchronousRunner.java:696)

Feb 15, 2021 1:41:02 AM io.vertx.test.core.AsyncTestBase
INFO: Starting test: JDBCQueryTimeoutTest#testQueryTimeout
Feb 15, 2021 1:41:02 AM io.vertx.test.core.AsyncTestBase
INFO: Starting test: JDBCQueryTimeoutTest#testQueryTimeout
Feb 15, 2021 1:41:02 AM com.mchange.v2.c3p0.impl.AbstractPoolBackedDataSource 
INFO: Initializing c3p0 pool... com.mchange.v2.c3p0.ComboPooledDataSource [ acquireIncrement -> 3, acquireRetryAttempts -> 30, acquireRetryDelay -> 1000, autoCommitOnClose -> false, automaticTestTable -> null, breakAfterAcquireFailure -> false, checkoutTimeout -> 0, connectionCustomizerClassName -> null, connectionTesterClassName -> com.mchange.v2.c3p0.impl.DefaultConnectionTester, contextClassLoaderSource -> caller, dataSourceName -> 1bqq1heaf19bmzd216azltk|6fb70d11, debugUnreturnedConnectionStackTraces -> false, description -> null, driverClass -> org.apache.derby.jdbc.EmbeddedDriver, extensions -> {}, factoryClassLocation -> null, forceIgnoreUnresolvedTransactions -> false, forceSynchronousCheckins -> false, forceUseNamedDriverClass -> false, identityToken -> 1bqq1heaf19bmzd216azltk|6fb70d11, idleConnectionTestPeriod -> 0, initialPoolSize -> 3, jdbcUrl -> jdbc:derby:memory:myDB2;create=true, maxAdministrativeTaskTime -> 0, maxConnectionAge -> 0, maxIdleTime -> 0, maxIdleTimeExcessConnections -> 0, maxPoolSize -> 15, maxStatements -> 0, maxStatementsPerConnection -> 0, minPoolSize -> 3, numHelperThreads -> 3, preferredTestQuery -> null, privilegeSpawnedThreads -> false, properties -> {}, propertyCycle -> 0, statementCacheNumDeferredCloseThreads -> 0, testConnectionOnCheckin -> false, testConnectionOnCheckout -> false, unreturnedConnectionTimeout -> 0, userOverrides -> {}, usesTraditionalReflectiveProxies -> false ]
Feb 15, 2021 1:41:02 AM com.mchange.v2.c3p0.SQLWarnings 
INFO: Database 'memory:myDB2' not created, connection made to existing database instead.
java.sql.SQLWarning: Database 'memory:myDB2' not created, connection made to existing database instead.
	at org.apache.derby.iapi.error.SQLWarningFactory.newSQLWarning(Unknown Source)
	at org.apache.derby.impl.jdbc.EmbedConnection.<init>(Unknown Source)
	at org.apache.derby.jdbc.InternalDriver$1.run(Unknown Source)
	at org.apache.derby.jdbc.InternalDriver$1.run(Unknown Source)
	at java.base/java.security.AccessController.doPrivileged(Native Method)
	at org.apache.derby.jdbc.InternalDriver.getNewEmbedConnection(Unknown Source)
	at org.apache.derby.jdbc.InternalDriver.connect(Unknown Source)
	at org.apache.derby.jdbc.InternalDriver.connect(Unknown Source)
	at org.apache.derby.jdbc.AutoloadedDriver.connect(Unknown Source)
	at com.mchange.v2.c3p0.DriverManagerDataSource.getConnection(DriverManagerDataSource.java:161)
	at com.mchange.v2.c3p0.WrapperConnectionPoolDataSource.getPooledConnection(WrapperConnectionPoolDataSource.java:161)
	at com.mchange.v2.c3p0.WrapperConnectionPoolDataSource.getPooledConnection(WrapperConnectionPoolDataSource.java:147)
	at com.mchange.v2.c3p0.impl.C3P0PooledConnectionPool$1PooledConnectionResourcePoolManager.acquireResource(C3P0PooledConnectionPool.java:202)
	at com.mchange.v2.resourcepool.BasicResourcePool.doAcquire(BasicResourcePool.java:1176)
	at com.mchange.v2.resourcepool.BasicResourcePool.doAcquireAndDecrementPendingAcquiresWithinLockOnSuccess(BasicResourcePool.java:1163)
	at com.mchange.v2.resourcepool.BasicResourcePool.access$700(BasicResourcePool.java:44)
	at com.mchange.v2.resourcepool.BasicResourcePool$ScatteredAcquireTask.run(BasicResourcePool.java:1908)
	at com.mchange.v2.async.ThreadPoolAsynchronousRunner$PoolThread.run(ThreadPoolAsynchronousRunner.java:696)

Feb 15, 2021 1:41:02 AM com.mchange.v2.c3p0.SQLWarnings 
INFO: Database 'memory:myDB2' not created, connection made to existing database instead.
java.sql.SQLWarning: Database 'memory:myDB2' not created, connection made to existing database instead.
	at org.apache.derby.iapi.error.SQLWarningFactory.newSQLWarning(Unknown Source)
	at org.apache.derby.impl.jdbc.EmbedConnection.<init>(Unknown Source)
	at org.apache.derby.jdbc.InternalDriver$1.run(Unknown Source)
	at org.apache.derby.jdbc.InternalDriver$1.run(Unknown Source)
	at java.base/java.security.AccessController.doPrivileged(Native Method)
	at org.apache.derby.jdbc.InternalDriver.getNewEmbedConnection(Unknown Source)
	at org.apache.derby.jdbc.InternalDriver.connect(Unknown Source)
	at org.apache.derby.jdbc.InternalDriver.connect(Unknown Source)
	at org.apache.derby.jdbc.AutoloadedDriver.connect(Unknown Source)
	at com.mchange.v2.c3p0.DriverManagerDataSource.getConnection(DriverManagerDataSource.java:161)
	at com.mchange.v2.c3p0.WrapperConnectionPoolDataSource.getPooledConnection(WrapperConnectionPoolDataSource.java:161)
	at com.mchange.v2.c3p0.WrapperConnectionPoolDataSource.getPooledConnection(WrapperConnectionPoolDataSource.java:147)
	at com.mchange.v2.c3p0.impl.C3P0PooledConnectionPool$1PooledConnectionResourcePoolManager.acquireResource(C3P0PooledConnectionPool.java:202)
	at com.mchange.v2.resourcepool.BasicResourcePool.doAcquire(BasicResourcePool.java:1176)
	at com.mchange.v2.resourcepool.BasicResourcePool.doAcquireAndDecrementPendingAcquiresWithinLockOnSuccess(BasicResourcePool.java:1163)
	at com.mchange.v2.resourcepool.BasicResourcePool.access$700(BasicResourcePool.java:44)
	at com.mchange.v2.resourcepool.BasicResourcePool$ScatteredAcquireTask.run(BasicResourcePool.java:1908)
	at com.mchange.v2.async.ThreadPoolAsynchronousRunner$PoolThread.run(ThreadPoolAsynchronousRunner.java:696)

Feb 15, 2021 1:41:02 AM com.mchange.v2.c3p0.SQLWarnings 
INFO: Database 'memory:myDB2' not created, connection made to existing database instead.
java.sql.SQLWarning: Database 'memory:myDB2' not created, connection made to existing database instead.
	at org.apache.derby.iapi.error.SQLWarningFactory.newSQLWarning(Unknown Source)
	at org.apache.derby.impl.jdbc.EmbedConnection.<init>(Unknown Source)
	at org.apache.derby.jdbc.InternalDriver$1.run(Unknown Source)
	at org.apache.derby.jdbc.InternalDriver$1.run(Unknown Source)
	at java.base/java.security.AccessController.doPrivileged(Native Method)
	at org.apache.derby.jdbc.InternalDriver.getNewEmbedConnection(Unknown Source)
	at org.apache.derby.jdbc.InternalDriver.connect(Unknown Source)
	at org.apache.derby.jdbc.InternalDriver.connect(Unknown Source)
	at org.apache.derby.jdbc.AutoloadedDriver.connect(Unknown Source)
	at com.mchange.v2.c3p0.DriverManagerDataSource.getConnection(DriverManagerDataSource.java:161)
	at com.mchange.v2.c3p0.WrapperConnectionPoolDataSource.getPooledConnection(WrapperConnectionPoolDataSource.java:161)
	at com.mchange.v2.c3p0.WrapperConnectionPoolDataSource.getPooledConnection(WrapperConnectionPoolDataSource.java:147)
	at com.mchange.v2.c3p0.impl.C3P0PooledConnectionPool$1PooledConnectionResourcePoolManager.acquireResource(C3P0PooledConnectionPool.java:202)
	at com.mchange.v2.resourcepool.BasicResourcePool.doAcquire(BasicResourcePool.java:1176)
	at com.mchange.v2.resourcepool.BasicResourcePool.doAcquireAndDecrementPendingAcquiresWithinLockOnSuccess(BasicResourcePool.java:1163)
	at com.mchange.v2.resourcepool.BasicResourcePool.access$700(BasicResourcePool.java:44)
	at com.mchange.v2.resourcepool.BasicResourcePool$ScatteredAcquireTask.run(BasicResourcePool.java:1908)
	at com.mchange.v2.async.ThreadPoolAsynchronousRunner$PoolThread.run(ThreadPoolAsynchronousRunner.java:696)

Tests run: 2, Failures: 0, Errors: 0, Skipped: 0, Time elapsed: 0.842 sec - in io.vertx.ext.jdbc.JDBCQueryTimeoutTest
Running io.vertx.ext.jdbc.JDBCCustomTypesTest
Feb 15, 2021 1:41:02 AM io.vertx.test.core.AsyncTestBase
INFO: Starting test: JDBCCustomTypesTest#testCustomInsert
Feb 15, 2021 1:41:02 AM io.vertx.test.core.AsyncTestBase
INFO: Starting test: JDBCCustomTypesTest#testCustomInsert
Feb 15, 2021 1:41:02 AM com.mchange.v2.c3p0.impl.AbstractPoolBackedDataSource 
INFO: Initializing c3p0 pool... com.mchange.v2.c3p0.ComboPooledDataSource [ acquireIncrement -> 3, acquireRetryAttempts -> 30, acquireRetryDelay -> 1000, autoCommitOnClose -> false, automaticTestTable -> null, breakAfterAcquireFailure -> false, checkoutTimeout -> 0, connectionCustomizerClassName -> null, connectionTesterClassName -> com.mchange.v2.c3p0.impl.DefaultConnectionTester, contextClassLoaderSource -> caller, dataSourceName -> 1bqq1heaf19bmzd216azltk|5829d024, debugUnreturnedConnectionStackTraces -> false, description -> null, driverClass -> org.h2.Driver, extensions -> {}, factoryClassLocation -> null, forceIgnoreUnresolvedTransactions -> false, forceSynchronousCheckins -> false, forceUseNamedDriverClass -> false, identityToken -> 1bqq1heaf19bmzd216azltk|5829d024, idleConnectionTestPeriod -> 0, initialPoolSize -> 3, jdbcUrl -> jdbc:h2:mem:test-2;DB_CLOSE_DELAY=-1, maxAdministrativeTaskTime -> 0, maxConnectionAge -> 0, maxIdleTime -> 0, maxIdleTimeExcessConnections -> 0, maxPoolSize -> 15, maxStatements -> 0, maxStatementsPerConnection -> 0, minPoolSize -> 3, numHelperThreads -> 3, preferredTestQuery -> null, privilegeSpawnedThreads -> false, properties -> {}, propertyCycle -> 0, statementCacheNumDeferredCloseThreads -> 0, testConnectionOnCheckin -> false, testConnectionOnCheckout -> false, unreturnedConnectionTimeout -> 0, userOverrides -> {}, usesTraditionalReflectiveProxies -> false ]
Feb 15, 2021 1:41:02 AM io.vertx.test.core.AsyncTestBase
INFO: Starting test: JDBCCustomTypesTest#testCustom
Feb 15, 2021 1:41:02 AM io.vertx.test.core.AsyncTestBase
INFO: Starting test: JDBCCustomTypesTest#testCustom
Feb 15, 2021 1:41:02 AM com.mchange.v2.c3p0.impl.AbstractPoolBackedDataSource 
INFO: Initializing c3p0 pool... com.mchange.v2.c3p0.ComboPooledDataSource [ acquireIncrement -> 3, acquireRetryAttempts -> 30, acquireRetryDelay -> 1000, autoCommitOnClose -> false, automaticTestTable -> null, breakAfterAcquireFailure -> false, checkoutTimeout -> 0, connectionCustomizerClassName -> null, connectionTesterClassName -> com.mchange.v2.c3p0.impl.DefaultConnectionTester, contextClassLoaderSource -> caller, dataSourceName -> 1bqq1heaf19bmzd216azltk|7fc2442d, debugUnreturnedConnectionStackTraces -> false, description -> null, driverClass -> org.h2.Driver, extensions -> {}, factoryClassLocation -> null, forceIgnoreUnresolvedTransactions -> false, forceSynchronousCheckins -> false, forceUseNamedDriverClass -> false, identityToken -> 1bqq1heaf19bmzd216azltk|7fc2442d, idleConnectionTestPeriod -> 0, initialPoolSize -> 3, jdbcUrl -> jdbc:h2:mem:test-4;DB_CLOSE_DELAY=-1, maxAdministrativeTaskTime -> 0, maxConnectionAge -> 0, maxIdleTime -> 0, maxIdleTimeExcessConnections -> 0, maxPoolSize -> 15, maxStatements -> 0, maxStatementsPerConnection -> 0, minPoolSize -> 3, numHelperThreads -> 3, preferredTestQuery -> null, privilegeSpawnedThreads -> false, properties -> {}, propertyCycle -> 0, statementCacheNumDeferredCloseThreads -> 0, testConnectionOnCheckin -> false, testConnectionOnCheckout -> false, unreturnedConnectionTimeout -> 0, userOverrides -> {}, usesTraditionalReflectiveProxies -> false ]
Tests run: 2, Failures: 0, Errors: 0, Skipped: 0, Time elapsed: 0.146 sec - in io.vertx.ext.jdbc.JDBCCustomTypesTest
Running io.vertx.ext.jdbc.JDBCClientTest
Feb 15, 2021 1:41:02 AM io.vertx.test.core.AsyncTestBase
INFO: Starting test: JDBCClientTest#testJdbcClientInstance
Feb 15, 2021 1:41:02 AM io.vertx.test.core.AsyncTestBase
INFO: Starting test: JDBCClientTest#testJdbcClientInstance
Feb 15, 2021 1:41:02 AM io.vertx.test.core.AsyncTestBase
INFO: Starting test: JDBCClientTest#testUpdateNoMatch
Feb 15, 2021 1:41:02 AM io.vertx.test.core.AsyncTestBase
INFO: Starting test: JDBCClientTest#testUpdateNoMatch
Feb 15, 2021 1:41:02 AM com.mchange.v2.c3p0.impl.AbstractPoolBackedDataSource 
INFO: Initializing c3p0 pool... com.mchange.v2.c3p0.ComboPooledDataSource [ acquireIncrement -> 3, acquireRetryAttempts -> 30, acquireRetryDelay -> 1000, autoCommitOnClose -> false, automaticTestTable -> null, breakAfterAcquireFailure -> false, checkoutTimeout -> 0, connectionCustomizerClassName -> null, connectionTesterClassName -> com.mchange.v2.c3p0.impl.DefaultConnectionTester, contextClassLoaderSource -> caller, dataSourceName -> 1bqq1heaf19bmzd216azltk|32e987fd, debugUnreturnedConnectionStackTraces -> false, description -> null, driverClass -> org.hsqldb.jdbcDriver, extensions -> {}, factoryClassLocation -> null, forceIgnoreUnresolvedTransactions -> false, forceSynchronousCheckins -> false, forceUseNamedDriverClass -> false, identityToken -> 1bqq1heaf19bmzd216azltk|32e987fd, idleConnectionTestPeriod -> 0, initialPoolSize -> 3, jdbcUrl -> jdbc:hsqldb:mem:test?shutdown=true, maxAdministrativeTaskTime -> 0, maxConnectionAge -> 0, maxIdleTime -> 0, maxIdleTimeExcessConnections -> 0, maxPoolSize -> 15, maxStatements -> 0, maxStatementsPerConnection -> 0, minPoolSize -> 3, numHelperThreads -> 3, preferredTestQuery -> null, privilegeSpawnedThreads -> false, properties -> {}, propertyCycle -> 0, statementCacheNumDeferredCloseThreads -> 0, testConnectionOnCheckin -> false, testConnectionOnCheckout -> false, unreturnedConnectionTimeout -> 0, userOverrides -> {}, usesTraditionalReflectiveProxies -> false ]
Feb 15, 2021 1:41:02 AM io.vertx.test.core.AsyncTestBase
INFO: Starting test: JDBCClientTest#testStreamPauseResumeFlowControl
Feb 15, 2021 1:41:02 AM io.vertx.test.core.AsyncTestBase
INFO: Starting test: JDBCClientTest#testStreamPauseResumeFlowControl
Feb 15, 2021 1:41:02 AM com.mchange.v2.c3p0.impl.AbstractPoolBackedDataSource 
INFO: Initializing c3p0 pool... com.mchange.v2.c3p0.ComboPooledDataSource [ acquireIncrement -> 3, acquireRetryAttempts -> 30, acquireRetryDelay -> 1000, autoCommitOnClose -> false, automaticTestTable -> null, breakAfterAcquireFailure -> false, checkoutTimeout -> 0, connectionCustomizerClassName -> null, connectionTesterClassName -> com.mchange.v2.c3p0.impl.DefaultConnectionTester, contextClassLoaderSource -> caller, dataSourceName -> 1bqq1heaf19bmzd216azltk|57f75301, debugUnreturnedConnectionStackTraces -> false, description -> null, driverClass -> org.hsqldb.jdbcDriver, extensions -> {}, factoryClassLocation -> null, forceIgnoreUnresolvedTransactions -> false, forceSynchronousCheckins -> false, forceUseNamedDriverClass -> false, identityToken -> 1bqq1heaf19bmzd216azltk|57f75301, idleConnectionTestPeriod -> 0, initialPoolSize -> 3, jdbcUrl -> jdbc:hsqldb:mem:test?shutdown=true, maxAdministrativeTaskTime -> 0, maxConnectionAge -> 0, maxIdleTime -> 0, maxIdleTimeExcessConnections -> 0, maxPoolSize -> 15, maxStatements -> 0, maxStatementsPerConnection -> 0, minPoolSize -> 3, numHelperThreads -> 3, preferredTestQuery -> null, privilegeSpawnedThreads -> false, properties -> {}, propertyCycle -> 0, statementCacheNumDeferredCloseThreads -> 0, testConnectionOnCheckin -> false, testConnectionOnCheckout -> false, unreturnedConnectionTimeout -> 0, userOverrides -> {}, usesTraditionalReflectiveProxies -> false ]
Feb 15, 2021 1:41:04 AM io.vertx.test.core.AsyncTestBase
INFO: Starting test: JDBCClientTest#testSelectWithParameters
Feb 15, 2021 1:41:04 AM io.vertx.test.core.AsyncTestBase
INFO: Starting test: JDBCClientTest#testSelectWithParameters
Feb 15, 2021 1:41:04 AM com.mchange.v2.c3p0.impl.AbstractPoolBackedDataSource 
INFO: Initializing c3p0 pool... com.mchange.v2.c3p0.ComboPooledDataSource [ acquireIncrement -> 3, acquireRetryAttempts -> 30, acquireRetryDelay -> 1000, autoCommitOnClose -> false, automaticTestTable -> null, breakAfterAcquireFailure -> false, checkoutTimeout -> 0, connectionCustomizerClassName -> null, connectionTesterClassName -> com.mchange.v2.c3p0.impl.DefaultConnectionTester, contextClassLoaderSource -> caller, dataSourceName -> 1bqq1heaf19bmzd216azltk|5687e11a, debugUnreturnedConnectionStackTraces -> false, description -> null, driverClass -> org.hsqldb.jdbcDriver, extensions -> {}, factoryClassLocation -> null, forceIgnoreUnresolvedTransactions -> false, forceSynchronousCheckins -> false, forceUseNamedDriverClass -> false, identityToken -> 1bqq1heaf19bmzd216azltk|5687e11a, idleConnectionTestPeriod -> 0, initialPoolSize -> 3, jdbcUrl -> jdbc:hsqldb:mem:test?shutdown=true, maxAdministrativeTaskTime -> 0, maxConnectionAge -> 0, maxIdleTime -> 0, maxIdleTimeExcessConnections -> 0, maxPoolSize -> 15, maxStatements -> 0, maxStatementsPerConnection -> 0, minPoolSize -> 3, numHelperThreads -> 3, preferredTestQuery -> null, privilegeSpawnedThreads -> false, properties -> {}, propertyCycle -> 0, statementCacheNumDeferredCloseThreads -> 0, testConnectionOnCheckin -> false, testConnectionOnCheckout -> false, unreturnedConnectionTimeout -> 0, userOverrides -> {}, usesTraditionalReflectiveProxies -> false ]
Feb 15, 2021 1:41:04 AM io.vertx.test.core.AsyncTestBase
INFO: Starting test: JDBCClientTest#testArray
Feb 15, 2021 1:41:04 AM io.vertx.test.core.AsyncTestBase
INFO: Starting test: JDBCClientTest#testArray
Feb 15, 2021 1:41:04 AM com.mchange.v2.c3p0.impl.AbstractPoolBackedDataSource 
INFO: Initializing c3p0 pool... com.mchange.v2.c3p0.ComboPooledDataSource [ acquireIncrement -> 3, acquireRetryAttempts -> 30, acquireRetryDelay -> 1000, autoCommitOnClose -> false, automaticTestTable -> null, breakAfterAcquireFailure -> false, checkoutTimeout -> 0, connectionCustomizerClassName -> null, connectionTesterClassName -> com.mchange.v2.c3p0.impl.DefaultConnectionTester, contextClassLoaderSource -> caller, dataSourceName -> 1bqq1heaf19bmzd216azltk|28ad580e, debugUnreturnedConnectionStackTraces -> false, description -> null, driverClass -> org.hsqldb.jdbcDriver, extensions -> {}, factoryClassLocation -> null, forceIgnoreUnresolvedTransactions -> false, forceSynchronousCheckins -> false, forceUseNamedDriverClass -> false, identityToken -> 1bqq1heaf19bmzd216azltk|28ad580e, idleConnectionTestPeriod -> 0, initialPoolSize -> 3, jdbcUrl -> jdbc:hsqldb:mem:test?shutdown=true, maxAdministrativeTaskTime -> 0, maxConnectionAge -> 0, maxIdleTime -> 0, maxIdleTimeExcessConnections -> 0, maxPoolSize -> 15, maxStatements -> 0, maxStatementsPerConnection -> 0, minPoolSize -> 3, numHelperThreads -> 3, preferredTestQuery -> null, privilegeSpawnedThreads -> false, properties -> {}, propertyCycle -> 0, statementCacheNumDeferredCloseThreads -> 0, testConnectionOnCheckin -> false, testConnectionOnCheckout -> false, unreturnedConnectionTimeout -> 0, userOverrides -> {}, usesTraditionalReflectiveProxies -> false ]
Feb 15, 2021 1:41:04 AM io.vertx.test.core.AsyncTestBase
INFO: Starting test: JDBCClientTest#testClose
Feb 15, 2021 1:41:04 AM io.vertx.test.core.AsyncTestBase
INFO: Starting test: JDBCClientTest#testClose
Feb 15, 2021 1:41:04 AM com.mchange.v2.c3p0.impl.AbstractPoolBackedDataSource 
INFO: Initializing c3p0 pool... com.mchange.v2.c3p0.ComboPooledDataSource [ acquireIncrement -> 3, acquireRetryAttempts -> 30, acquireRetryDelay -> 1000, autoCommitOnClose -> false, automaticTestTable -> null, breakAfterAcquireFailure -> false, checkoutTimeout -> 0, connectionCustomizerClassName -> null, connectionTesterClassName -> com.mchange.v2.c3p0.impl.DefaultConnectionTester, contextClassLoaderSource -> caller, dataSourceName -> 1bqq1heaf19bmzd216azltk|61d158db, debugUnreturnedConnectionStackTraces -> false, description -> null, driverClass -> org.hsqldb.jdbcDriver, extensions -> {}, factoryClassLocation -> null, forceIgnoreUnresolvedTransactions -> false, forceSynchronousCheckins -> false, forceUseNamedDriverClass -> false, identityToken -> 1bqq1heaf19bmzd216azltk|61d158db, idleConnectionTestPeriod -> 0, initialPoolSize -> 3, jdbcUrl -> jdbc:hsqldb:mem:test?shutdown=true, maxAdministrativeTaskTime -> 0, maxConnectionAge -> 0, maxIdleTime -> 0, maxIdleTimeExcessConnections -> 0, maxPoolSize -> 15, maxStatements -> 0, maxStatementsPerConnection -> 0, minPoolSize -> 3, numHelperThreads -> 3, preferredTestQuery -> null, privilegeSpawnedThreads -> false, properties -> {}, propertyCycle -> 0, statementCacheNumDeferredCloseThreads -> 0, testConnectionOnCheckin -> false, testConnectionOnCheckout -> false, unreturnedConnectionTimeout -> 0, userOverrides -> {}, usesTraditionalReflectiveProxies -> false ]
Feb 15, 2021 1:41:04 AM io.vertx.test.core.AsyncTestBase
INFO: Starting test: JDBCClientTest#testStreamGetColumns
Feb 15, 2021 1:41:04 AM io.vertx.test.core.AsyncTestBase
INFO: Starting test: JDBCClientTest#testStreamGetColumns
Feb 15, 2021 1:41:04 AM com.mchange.v2.c3p0.impl.AbstractPoolBackedDataSource 
INFO: Initializing c3p0 pool... com.mchange.v2.c3p0.ComboPooledDataSource [ acquireIncrement -> 3, acquireRetryAttempts -> 30, acquireRetryDelay -> 1000, autoCommitOnClose -> false, automaticTestTable -> null, breakAfterAcquireFailure -> false, checkoutTimeout -> 0, connectionCustomizerClassName -> null, connectionTesterClassName -> com.mchange.v2.c3p0.impl.DefaultConnectionTester, contextClassLoaderSource -> caller, dataSourceName -> 1bqq1heaf19bmzd216azltk|7252098c, debugUnreturnedConnectionStackTraces -> false, description -> null, driverClass -> org.hsqldb.jdbcDriver, extensions -> {}, factoryClassLocation -> null, forceIgnoreUnresolvedTransactions -> false, forceSynchronousCheckins -> false, forceUseNamedDriverClass -> false, identityToken -> 1bqq1heaf19bmzd216azltk|7252098c, idleConnectionTestPeriod -> 0, initialPoolSize -> 3, jdbcUrl -> jdbc:hsqldb:mem:test?shutdown=true, maxAdministrativeTaskTime -> 0, maxConnectionAge -> 0, maxIdleTime -> 0, maxIdleTimeExcessConnections -> 0, maxPoolSize -> 15, maxStatements -> 0, maxStatementsPerConnection -> 0, minPoolSize -> 3, numHelperThreads -> 3, preferredTestQuery -> null, privilegeSpawnedThreads -> false, properties -> {}, propertyCycle -> 0, statementCacheNumDeferredCloseThreads -> 0, testConnectionOnCheckin -> false, testConnectionOnCheckout -> false, unreturnedConnectionTimeout -> 0, userOverrides -> {}, usesTraditionalReflectiveProxies -> false ]
Feb 15, 2021 1:41:04 AM io.vertx.test.core.AsyncTestBase
INFO: Starting test: JDBCClientTest#testBlob
Feb 15, 2021 1:41:04 AM io.vertx.test.core.AsyncTestBase
INFO: Starting test: JDBCClientTest#testBlob
Feb 15, 2021 1:41:04 AM com.mchange.v2.c3p0.impl.AbstractPoolBackedDataSource 
INFO: Initializing c3p0 pool... com.mchange.v2.c3p0.ComboPooledDataSource [ acquireIncrement -> 3, acquireRetryAttempts -> 30, acquireRetryDelay -> 1000, autoCommitOnClose -> false, automaticTestTable -> null, breakAfterAcquireFailure -> false, checkoutTimeout -> 0, connectionCustomizerClassName -> null, connectionTesterClassName -> com.mchange.v2.c3p0.impl.DefaultConnectionTester, contextClassLoaderSource -> caller, dataSourceName -> 1bqq1heaf19bmzd216azltk|55ba66c4, debugUnreturnedConnectionStackTraces -> false, description -> null, driverClass -> org.hsqldb.jdbcDriver, extensions -> {}, factoryClassLocation -> null, forceIgnoreUnresolvedTransactions -> false, forceSynchronousCheckins -> false, forceUseNamedDriverClass -> false, identityToken -> 1bqq1heaf19bmzd216azltk|55ba66c4, idleConnectionTestPeriod -> 0, initialPoolSize -> 3, jdbcUrl -> jdbc:hsqldb:mem:test?shutdown=true, maxAdministrativeTaskTime -> 0, maxConnectionAge -> 0, maxIdleTime -> 0, maxIdleTimeExcessConnections -> 0, maxPoolSize -> 15, maxStatements -> 0, maxStatementsPerConnection -> 0, minPoolSize -> 3, numHelperThreads -> 3, preferredTestQuery -> null, privilegeSpawnedThreads -> false, properties -> {}, propertyCycle -> 0, statementCacheNumDeferredCloseThreads -> 0, testConnectionOnCheckin -> false, testConnectionOnCheckout -> false, unreturnedConnectionTimeout -> 0, userOverrides -> {}, usesTraditionalReflectiveProxies -> false ]
Feb 15, 2021 1:41:04 AM io.vertx.test.core.AsyncTestBase
INFO: Starting test: JDBCClientTest#testClob
Feb 15, 2021 1:41:04 AM io.vertx.test.core.AsyncTestBase
INFO: Starting test: JDBCClientTest#testClob
Feb 15, 2021 1:41:04 AM com.mchange.v2.c3p0.impl.AbstractPoolBackedDataSource 
INFO: Initializing c3p0 pool... com.mchange.v2.c3p0.ComboPooledDataSource [ acquireIncrement -> 3, acquireRetryAttempts -> 30, acquireRetryDelay -> 1000, autoCommitOnClose -> false, automaticTestTable -> null, breakAfterAcquireFailure -> false, checkoutTimeout -> 0, connectionCustomizerClassName -> null, connectionTesterClassName -> com.mchange.v2.c3p0.impl.DefaultConnectionTester, contextClassLoaderSource -> caller, dataSourceName -> 1bqq1heaf19bmzd216azltk|2433a46c, debugUnreturnedConnectionStackTraces -> false, description -> null, driverClass -> org.hsqldb.jdbcDriver, extensions -> {}, factoryClassLocation -> null, forceIgnoreUnresolvedTransactions -> false, forceSynchronousCheckins -> false, forceUseNamedDriverClass -> false, identityToken -> 1bqq1heaf19bmzd216azltk|2433a46c, idleConnectionTestPeriod -> 0, initialPoolSize -> 3, jdbcUrl -> jdbc:hsqldb:mem:test?shutdown=true, maxAdministrativeTaskTime -> 0, maxConnectionAge -> 0, maxIdleTime -> 0, maxIdleTimeExcessConnections -> 0, maxPoolSize -> 15, maxStatements -> 0, maxStatementsPerConnection -> 0, minPoolSize -> 3, numHelperThreads -> 3, preferredTestQuery -> null, privilegeSpawnedThreads -> false, properties -> {}, propertyCycle -> 0, statementCacheNumDeferredCloseThreads -> 0, testConnectionOnCheckin -> false, testConnectionOnCheckout -> false, unreturnedConnectionTimeout -> 0, userOverrides -> {}, usesTraditionalReflectiveProxies -> false ]
Feb 15, 2021 1:41:04 AM io.vertx.test.core.AsyncTestBase
INFO: Starting test: JDBCClientTest#testStreamWithParams
Feb 15, 2021 1:41:04 AM io.vertx.test.core.AsyncTestBase
INFO: Starting test: JDBCClientTest#testStreamWithParams
Feb 15, 2021 1:41:04 AM com.mchange.v2.c3p0.impl.AbstractPoolBackedDataSource 
INFO: Initializing c3p0 pool... com.mchange.v2.c3p0.ComboPooledDataSource [ acquireIncrement -> 3, acquireRetryAttempts -> 30, acquireRetryDelay -> 1000, autoCommitOnClose -> false, automaticTestTable -> null, breakAfterAcquireFailure -> false, checkoutTimeout -> 0, connectionCustomizerClassName -> null, connectionTesterClassName -> com.mchange.v2.c3p0.impl.DefaultConnectionTester, contextClassLoaderSource -> caller, dataSourceName -> 1bqq1heaf19bmzd216azltk|287a5a2f, debugUnreturnedConnectionStackTraces -> false, description -> null, driverClass -> org.hsqldb.jdbcDriver, extensions -> {}, factoryClassLocation -> null, forceIgnoreUnresolvedTransactions -> false, forceSynchronousCheckins -> false, forceUseNamedDriverClass -> false, identityToken -> 1bqq1heaf19bmzd216azltk|287a5a2f, idleConnectionTestPeriod -> 0, initialPoolSize -> 3, jdbcUrl -> jdbc:hsqldb:mem:test?shutdown=true, maxAdministrativeTaskTime -> 0, maxConnectionAge -> 0, maxIdleTime -> 0, maxIdleTimeExcessConnections -> 0, maxPoolSize -> 15, maxStatements -> 0, maxStatementsPerConnection -> 0, minPoolSize -> 3, numHelperThreads -> 3, preferredTestQuery -> null, privilegeSpawnedThreads -> false, properties -> {}, propertyCycle -> 0, statementCacheNumDeferredCloseThreads -> 0, testConnectionOnCheckin -> false, testConnectionOnCheckout -> false, unreturnedConnectionTimeout -> 0, userOverrides -> {}, usesTraditionalReflectiveProxies -> false ]
Feb 15, 2021 1:41:04 AM io.vertx.test.core.AsyncTestBase
INFO: Starting test: JDBCClientTest#testCloseThenQuery
Feb 15, 2021 1:41:04 AM io.vertx.test.core.AsyncTestBase
INFO: Starting test: JDBCClientTest#testCloseThenQuery
Feb 15, 2021 1:41:04 AM com.mchange.v2.c3p0.impl.AbstractPoolBackedDataSource 
INFO: Initializing c3p0 pool... com.mchange.v2.c3p0.ComboPooledDataSource [ acquireIncrement -> 3, acquireRetryAttempts -> 30, acquireRetryDelay -> 1000, autoCommitOnClose -> false, automaticTestTable -> null, breakAfterAcquireFailure -> false, checkoutTimeout -> 0, connectionCustomizerClassName -> null, connectionTesterClassName -> com.mchange.v2.c3p0.impl.DefaultConnectionTester, contextClassLoaderSource -> caller, dataSourceName -> 1bqq1heaf19bmzd216azltk|5b4a72e1, debugUnreturnedConnectionStackTraces -> false, description -> null, driverClass -> org.hsqldb.jdbcDriver, extensions -> {}, factoryClassLocation -> null, forceIgnoreUnresolvedTransactions -> false, forceSynchronousCheckins -> false, forceUseNamedDriverClass -> false, identityToken -> 1bqq1heaf19bmzd216azltk|5b4a72e1, idleConnectionTestPeriod -> 0, initialPoolSize -> 3, jdbcUrl -> jdbc:hsqldb:mem:test?shutdown=true, maxAdministrativeTaskTime -> 0, maxConnectionAge -> 0, maxIdleTime -> 0, maxIdleTimeExcessConnections -> 0, maxPoolSize -> 15, maxStatements -> 0, maxStatementsPerConnection -> 0, minPoolSize -> 3, numHelperThreads -> 3, preferredTestQuery -> null, privilegeSpawnedThreads -> false, properties -> {}, propertyCycle -> 0, statementCacheNumDeferredCloseThreads -> 0, testConnectionOnCheckin -> false, testConnectionOnCheckout -> false, unreturnedConnectionTimeout -> 0, userOverrides -> {}, usesTraditionalReflectiveProxies -> false ]
Feb 15, 2021 1:41:04 AM io.vertx.test.core.AsyncTestBase
INFO: Starting test: JDBCClientTest#testSelectOneShotFail
Feb 15, 2021 1:41:04 AM io.vertx.test.core.AsyncTestBase
INFO: Starting test: JDBCClientTest#testSelectOneShotFail
Feb 15, 2021 1:41:04 AM com.mchange.v2.c3p0.impl.AbstractPoolBackedDataSource 
INFO: Initializing c3p0 pool... com.mchange.v2.c3p0.ComboPooledDataSource [ acquireIncrement -> 3, acquireRetryAttempts -> 30, acquireRetryDelay -> 1000, autoCommitOnClose -> false, automaticTestTable -> null, breakAfterAcquireFailure -> false, checkoutTimeout -> 0, connectionCustomizerClassName -> null, connectionTesterClassName -> com.mchange.v2.c3p0.impl.DefaultConnectionTester, contextClassLoaderSource -> caller, dataSourceName -> 1bqq1heaf19bmzd216azltk|44a0f7f9, debugUnreturnedConnectionStackTraces -> false, description -> null, driverClass -> org.hsqldb.jdbcDriver, extensions -> {}, factoryClassLocation -> null, forceIgnoreUnresolvedTransactions -> false, forceSynchronousCheckins -> false, forceUseNamedDriverClass -> false, identityToken -> 1bqq1heaf19bmzd216azltk|44a0f7f9, idleConnectionTestPeriod -> 0, initialPoolSize -> 3, jdbcUrl -> jdbc:hsqldb:mem:test?shutdown=true, maxAdministrativeTaskTime -> 0, maxConnectionAge -> 0, maxIdleTime -> 0, maxIdleTimeExcessConnections -> 0, maxPoolSize -> 15, maxStatements -> 0, maxStatementsPerConnection -> 0, minPoolSize -> 3, numHelperThreads -> 3, preferredTestQuery -> null, privilegeSpawnedThreads -> false, properties -> {}, propertyCycle -> 0, statementCacheNumDeferredCloseThreads -> 0, testConnectionOnCheckin -> false, testConnectionOnCheckout -> false, unreturnedConnectionTimeout -> 0, userOverrides -> {}, usesTraditionalReflectiveProxies -> false ]
Feb 15, 2021 1:41:04 AM io.vertx.test.core.AsyncTestBase
INFO: Starting test: JDBCClientTest#testStreamOnClosedConnection
Feb 15, 2021 1:41:04 AM io.vertx.test.core.AsyncTestBase
INFO: Starting test: JDBCClientTest#testStreamOnClosedConnection
Feb 15, 2021 1:41:04 AM com.mchange.v2.c3p0.impl.AbstractPoolBackedDataSource 
INFO: Initializing c3p0 pool... com.mchange.v2.c3p0.ComboPooledDataSource [ acquireIncrement -> 3, acquireRetryAttempts -> 30, acquireRetryDelay -> 1000, autoCommitOnClose -> false, automaticTestTable -> null, breakAfterAcquireFailure -> false, checkoutTimeout -> 0, connectionCustomizerClassName -> null, connectionTesterClassName -> com.mchange.v2.c3p0.impl.DefaultConnectionTester, contextClassLoaderSource -> caller, dataSourceName -> 1bqq1heaf19bmzd216azltk|602db54d, debugUnreturnedConnectionStackTraces -> false, description -> null, driverClass -> org.hsqldb.jdbcDriver, extensions -> {}, factoryClassLocation -> null, forceIgnoreUnresolvedTransactions -> false, forceSynchronousCheckins -> false, forceUseNamedDriverClass -> false, identityToken -> 1bqq1heaf19bmzd216azltk|602db54d, idleConnectionTestPeriod -> 0, initialPoolSize -> 3, jdbcUrl -> jdbc:hsqldb:mem:test?shutdown=true, maxAdministrativeTaskTime -> 0, maxConnectionAge -> 0, maxIdleTime -> 0, maxIdleTimeExcessConnections -> 0, maxPoolSize -> 15, maxStatements -> 0, maxStatementsPerConnection -> 0, minPoolSize -> 3, numHelperThreads -> 3, preferredTestQuery -> null, privilegeSpawnedThreads -> false, properties -> {}, propertyCycle -> 0, statementCacheNumDeferredCloseThreads -> 0, testConnectionOnCheckin -> false, testConnectionOnCheckout -> false, unreturnedConnectionTimeout -> 0, userOverrides -> {}, usesTraditionalReflectiveProxies -> false ]
Feb 15, 2021 1:41:04 AM io.vertx.test.core.AsyncTestBase
INFO: Starting test: JDBCClientTest#testDeleteWithParams
Feb 15, 2021 1:41:04 AM io.vertx.test.core.AsyncTestBase
INFO: Starting test: JDBCClientTest#testDeleteWithParams
Feb 15, 2021 1:41:04 AM com.mchange.v2.c3p0.impl.AbstractPoolBackedDataSource 
INFO: Initializing c3p0 pool... com.mchange.v2.c3p0.ComboPooledDataSource [ acquireIncrement -> 3, acquireRetryAttempts -> 30, acquireRetryDelay -> 1000, autoCommitOnClose -> false, automaticTestTable -> null, breakAfterAcquireFailure -> false, checkoutTimeout -> 0, connectionCustomizerClassName -> null, connectionTesterClassName -> com.mchange.v2.c3p0.impl.DefaultConnectionTester, contextClassLoaderSource -> caller, dataSourceName -> 1bqq1heaf19bmzd216azltk|162a6c67, debugUnreturnedConnectionStackTraces -> false, description -> null, driverClass -> org.hsqldb.jdbcDriver, extensions -> {}, factoryClassLocation -> null, forceIgnoreUnresolvedTransactions -> false, forceSynchronousCheckins -> false, forceUseNamedDriverClass -> false, identityToken -> 1bqq1heaf19bmzd216azltk|162a6c67, idleConnectionTestPeriod -> 0, initialPoolSize -> 3, jdbcUrl -> jdbc:hsqldb:mem:test?shutdown=true, maxAdministrativeTaskTime -> 0, maxConnectionAge -> 0, maxIdleTime -> 0, maxIdleTimeExcessConnections -> 0, maxPoolSize -> 15, maxStatements -> 0, maxStatementsPerConnection -> 0, minPoolSize -> 3, numHelperThreads -> 3, preferredTestQuery -> null, privilegeSpawnedThreads -> false, properties -> {}, propertyCycle -> 0, statementCacheNumDeferredCloseThreads -> 0, testConnectionOnCheckin -> false, testConnectionOnCheckout -> false, unreturnedConnectionTimeout -> 0, userOverrides -> {}, usesTraditionalReflectiveProxies -> false ]
Feb 15, 2021 1:41:04 AM io.vertx.test.core.AsyncTestBase
INFO: Starting test: JDBCClientTest#testWorkerPerContext
Feb 15, 2021 1:41:04 AM io.vertx.test.core.AsyncTestBase
INFO: Starting test: JDBCClientTest#testWorkerPerContext
Feb 15, 2021 1:41:04 AM com.mchange.v2.c3p0.impl.AbstractPoolBackedDataSource 
INFO: Initializing c3p0 pool... com.mchange.v2.c3p0.ComboPooledDataSource [ acquireIncrement -> 3, acquireRetryAttempts -> 30, acquireRetryDelay -> 1000, autoCommitOnClose -> false, automaticTestTable -> null, breakAfterAcquireFailure -> false, checkoutTimeout -> 0, connectionCustomizerClassName -> null, connectionTesterClassName -> com.mchange.v2.c3p0.impl.DefaultConnectionTester, contextClassLoaderSource -> caller, dataSourceName -> 1bqq1heaf19bmzd216azltk|4011fbb2, debugUnreturnedConnectionStackTraces -> false, description -> null, driverClass -> org.hsqldb.jdbcDriver, extensions -> {}, factoryClassLocation -> null, forceIgnoreUnresolvedTransactions -> false, forceSynchronousCheckins -> false, forceUseNamedDriverClass -> false, identityToken -> 1bqq1heaf19bmzd216azltk|4011fbb2, idleConnectionTestPeriod -> 0, initialPoolSize -> 3, jdbcUrl -> jdbc:hsqldb:mem:test?shutdown=true, maxAdministrativeTaskTime -> 0, maxConnectionAge -> 0, maxIdleTime -> 0, maxIdleTimeExcessConnections -> 0, maxPoolSize -> 15, maxStatements -> 0, maxStatementsPerConnection -> 0, minPoolSize -> 3, numHelperThreads -> 3, preferredTestQuery -> null, privilegeSpawnedThreads -> false, properties -> {}, propertyCycle -> 0, statementCacheNumDeferredCloseThreads -> 0, testConnectionOnCheckin -> false, testConnectionOnCheckout -> false, unreturnedConnectionTimeout -> 0, userOverrides -> {}, usesTraditionalReflectiveProxies -> false ]
Feb 15, 2021 1:41:04 AM io.vertx.test.core.AsyncTestBase
INFO: Starting test: JDBCClientTest#testStreamColumnResolution
Feb 15, 2021 1:41:04 AM io.vertx.test.core.AsyncTestBase
INFO: Starting test: JDBCClientTest#testStreamColumnResolution
Feb 15, 2021 1:41:04 AM com.mchange.v2.c3p0.impl.AbstractPoolBackedDataSource 
INFO: Initializing c3p0 pool... com.mchange.v2.c3p0.ComboPooledDataSource [ acquireIncrement -> 3, acquireRetryAttempts -> 30, acquireRetryDelay -> 1000, autoCommitOnClose -> false, automaticTestTable -> null, breakAfterAcquireFailure -> false, checkoutTimeout -> 0, connectionCustomizerClassName -> null, connectionTesterClassName -> com.mchange.v2.c3p0.impl.DefaultConnectionTester, contextClassLoaderSource -> caller, dataSourceName -> 1bqq1heaf19bmzd216azltk|207939ad, debugUnreturnedConnectionStackTraces -> false, description -> null, driverClass -> org.hsqldb.jdbcDriver, extensions -> {}, factoryClassLocation -> null, forceIgnoreUnresolvedTransactions -> false, forceSynchronousCheckins -> false, forceUseNamedDriverClass -> false, identityToken -> 1bqq1heaf19bmzd216azltk|207939ad, idleConnectionTestPeriod -> 0, initialPoolSize -> 3, jdbcUrl -> jdbc:hsqldb:mem:test?shutdown=true, maxAdministrativeTaskTime -> 0, maxConnectionAge -> 0, maxIdleTime -> 0, maxIdleTimeExcessConnections -> 0, maxPoolSize -> 15, maxStatements -> 0, maxStatementsPerConnection -> 0, minPoolSize -> 3, numHelperThreads -> 3, preferredTestQuery -> null, privilegeSpawnedThreads -> false, properties -> {}, propertyCycle -> 0, statementCacheNumDeferredCloseThreads -> 0, testConnectionOnCheckin -> false, testConnectionOnCheckout -> false, unreturnedConnectionTimeout -> 0, userOverrides -> {}, usesTraditionalReflectiveProxies -> false ]
Feb 15, 2021 1:41:04 AM io.vertx.test.core.AsyncTestBase
INFO: Starting test: JDBCClientTest#testUpdateWithParams
Feb 15, 2021 1:41:04 AM io.vertx.test.core.AsyncTestBase
INFO: Starting test: JDBCClientTest#testUpdateWithParams
Feb 15, 2021 1:41:04 AM com.mchange.v2.c3p0.impl.AbstractPoolBackedDataSource 
INFO: Initializing c3p0 pool... com.mchange.v2.c3p0.ComboPooledDataSource [ acquireIncrement -> 3, acquireRetryAttempts -> 30, acquireRetryDelay -> 1000, autoCommitOnClose -> false, automaticTestTable -> null, breakAfterAcquireFailure -> false, checkoutTimeout -> 0, connectionCustomizerClassName -> null, connectionTesterClassName -> com.mchange.v2.c3p0.impl.DefaultConnectionTester, contextClassLoaderSource -> caller, dataSourceName -> 1bqq1heaf19bmzd216azltk|5a387e25, debugUnreturnedConnectionStackTraces -> false, description -> null, driverClass -> org.hsqldb.jdbcDriver, extensions -> {}, factoryClassLocation -> null, forceIgnoreUnresolvedTransactions -> false, forceSynchronousCheckins -> false, forceUseNamedDriverClass -> false, identityToken -> 1bqq1heaf19bmzd216azltk|5a387e25, idleConnectionTestPeriod -> 0, initialPoolSize -> 3, jdbcUrl -> jdbc:hsqldb:mem:test?shutdown=true, maxAdministrativeTaskTime -> 0, maxConnectionAge -> 0, maxIdleTime -> 0, maxIdleTimeExcessConnections -> 0, maxPoolSize -> 15, maxStatements -> 0, maxStatementsPerConnection -> 0, minPoolSize -> 3, numHelperThreads -> 3, preferredTestQuery -> null, privilegeSpawnedThreads -> false, properties -> {}, propertyCycle -> 0, statementCacheNumDeferredCloseThreads -> 0, testConnectionOnCheckin -> false, testConnectionOnCheckout -> false, unreturnedConnectionTimeout -> 0, userOverrides -> {}, usesTraditionalReflectiveProxies -> false ]
Feb 15, 2021 1:41:04 AM io.vertx.test.core.AsyncTestBase
INFO: Starting test: JDBCClientTest#testOneShotStream1
Feb 15, 2021 1:41:04 AM io.vertx.test.core.AsyncTestBase
INFO: Starting test: JDBCClientTest#testOneShotStream1
Feb 15, 2021 1:41:04 AM com.mchange.v2.c3p0.impl.AbstractPoolBackedDataSource 
INFO: Initializing c3p0 pool... com.mchange.v2.c3p0.ComboPooledDataSource [ acquireIncrement -> 3, acquireRetryAttempts -> 30, acquireRetryDelay -> 1000, autoCommitOnClose -> false, automaticTestTable -> null, breakAfterAcquireFailure -> false, checkoutTimeout -> 0, connectionCustomizerClassName -> null, connectionTesterClassName -> com.mchange.v2.c3p0.impl.DefaultConnectionTester, contextClassLoaderSource -> caller, dataSourceName -> 1bqq1heaf19bmzd216azltk|375fb99d, debugUnreturnedConnectionStackTraces -> false, description -> null, driverClass -> org.hsqldb.jdbcDriver, extensions -> {}, factoryClassLocation -> null, forceIgnoreUnresolvedTransactions -> false, forceSynchronousCheckins -> false, forceUseNamedDriverClass -> false, identityToken -> 1bqq1heaf19bmzd216azltk|375fb99d, idleConnectionTestPeriod -> 0, initialPoolSize -> 3, jdbcUrl -> jdbc:hsqldb:mem:test?shutdown=true, maxAdministrativeTaskTime -> 0, maxConnectionAge -> 0, maxIdleTime -> 0, maxIdleTimeExcessConnections -> 0, maxPoolSize -> 15, maxStatements -> 0, maxStatementsPerConnection -> 0, minPoolSize -> 3, numHelperThreads -> 3, preferredTestQuery -> null, privilegeSpawnedThreads -> false, properties -> {}, propertyCycle -> 0, statementCacheNumDeferredCloseThreads -> 0, testConnectionOnCheckin -> false, testConnectionOnCheckout -> false, unreturnedConnectionTimeout -> 0, userOverrides -> {}, usesTraditionalReflectiveProxies -> false ]
connection closed
Feb 15, 2021 1:41:04 AM io.vertx.test.core.AsyncTestBase
INFO: Starting test: JDBCClientTest#testOneShotStream2
Feb 15, 2021 1:41:04 AM io.vertx.test.core.AsyncTestBase
INFO: Starting test: JDBCClientTest#testOneShotStream2
Feb 15, 2021 1:41:04 AM com.mchange.v2.c3p0.impl.AbstractPoolBackedDataSource 
INFO: Initializing c3p0 pool... com.mchange.v2.c3p0.ComboPooledDataSource [ acquireIncrement -> 3, acquireRetryAttempts -> 30, acquireRetryDelay -> 1000, autoCommitOnClose -> false, automaticTestTable -> null, breakAfterAcquireFailure -> false, checkoutTimeout -> 0, connectionCustomizerClassName -> null, connectionTesterClassName -> com.mchange.v2.c3p0.impl.DefaultConnectionTester, contextClassLoaderSource -> caller, dataSourceName -> 1bqq1heaf19bmzd216azltk|1ae92bb0, debugUnreturnedConnectionStackTraces -> false, description -> null, driverClass -> org.hsqldb.jdbcDriver, extensions -> {}, factoryClassLocation -> null, forceIgnoreUnresolvedTransactions -> false, forceSynchronousCheckins -> false, forceUseNamedDriverClass -> false, identityToken -> 1bqq1heaf19bmzd216azltk|1ae92bb0, idleConnectionTestPeriod -> 0, initialPoolSize -> 3, jdbcUrl -> jdbc:hsqldb:mem:test?shutdown=true, maxAdministrativeTaskTime -> 0, maxConnectionAge -> 0, maxIdleTime -> 0, maxIdleTimeExcessConnections -> 0, maxPoolSize -> 15, maxStatements -> 0, maxStatementsPerConnection -> 0, minPoolSize -> 3, numHelperThreads -> 3, preferredTestQuery -> null, privilegeSpawnedThreads -> false, properties -> {}, propertyCycle -> 0, statementCacheNumDeferredCloseThreads -> 0, testConnectionOnCheckin -> false, testConnectionOnCheckout -> false, unreturnedConnectionTimeout -> 0, userOverrides -> {}, usesTraditionalReflectiveProxies -> false ]
connection closed
Feb 15, 2021 1:41:04 AM io.vertx.test.core.AsyncTestBase
INFO: Starting test: JDBCClientTest#testOneShotStream3
Feb 15, 2021 1:41:04 AM io.vertx.test.core.AsyncTestBase
INFO: Starting test: JDBCClientTest#testOneShotStream3
Feb 15, 2021 1:41:04 AM com.mchange.v2.c3p0.impl.AbstractPoolBackedDataSource 
INFO: Initializing c3p0 pool... com.mchange.v2.c3p0.ComboPooledDataSource [ acquireIncrement -> 3, acquireRetryAttempts -> 30, acquireRetryDelay -> 1000, autoCommitOnClose -> false, automaticTestTable -> null, breakAfterAcquireFailure -> false, checkoutTimeout -> 0, connectionCustomizerClassName -> null, connectionTesterClassName -> com.mchange.v2.c3p0.impl.DefaultConnectionTester, contextClassLoaderSource -> caller, dataSourceName -> 1bqq1heaf19bmzd216azltk|2f37369c, debugUnreturnedConnectionStackTraces -> false, description -> null, driverClass -> org.hsqldb.jdbcDriver, extensions -> {}, factoryClassLocation -> null, forceIgnoreUnresolvedTransactions -> false, forceSynchronousCheckins -> false, forceUseNamedDriverClass -> false, identityToken -> 1bqq1heaf19bmzd216azltk|2f37369c, idleConnectionTestPeriod -> 0, initialPoolSize -> 3, jdbcUrl -> jdbc:hsqldb:mem:test?shutdown=true, maxAdministrativeTaskTime -> 0, maxConnectionAge -> 0, maxIdleTime -> 0, maxIdleTimeExcessConnections -> 0, maxPoolSize -> 15, maxStatements -> 0, maxStatementsPerConnection -> 0, minPoolSize -> 3, numHelperThreads -> 3, preferredTestQuery -> null, privilegeSpawnedThreads -> false, properties -> {}, propertyCycle -> 0, statementCacheNumDeferredCloseThreads -> 0, testConnectionOnCheckin -> false, testConnectionOnCheckout -> false, unreturnedConnectionTimeout -> 0, userOverrides -> {}, usesTraditionalReflectiveProxies -> false ]
connection closed
Feb 15, 2021 1:41:04 AM io.vertx.test.core.AsyncTestBase
INFO: Starting test: JDBCClientTest#testOneShotStream4
Feb 15, 2021 1:41:04 AM io.vertx.test.core.AsyncTestBase
INFO: Starting test: JDBCClientTest#testOneShotStream4
Feb 15, 2021 1:41:04 AM com.mchange.v2.c3p0.impl.AbstractPoolBackedDataSource 
INFO: Initializing c3p0 pool... com.mchange.v2.c3p0.ComboPooledDataSource [ acquireIncrement -> 3, acquireRetryAttempts -> 30, acquireRetryDelay -> 1000, autoCommitOnClose -> false, automaticTestTable -> null, breakAfterAcquireFailure -> false, checkoutTimeout -> 0, connectionCustomizerClassName -> null, connectionTesterClassName -> com.mchange.v2.c3p0.impl.DefaultConnectionTester, contextClassLoaderSource -> caller, dataSourceName -> 1bqq1heaf19bmzd216azltk|144014ce, debugUnreturnedConnectionStackTraces -> false, description -> null, driverClass -> org.hsqldb.jdbcDriver, extensions -> {}, factoryClassLocation -> null, forceIgnoreUnresolvedTransactions -> false, forceSynchronousCheckins -> false, forceUseNamedDriverClass -> false, identityToken -> 1bqq1heaf19bmzd216azltk|144014ce, idleConnectionTestPeriod -> 0, initialPoolSize -> 3, jdbcUrl -> jdbc:hsqldb:mem:test?shutdown=true, maxAdministrativeTaskTime -> 0, maxConnectionAge -> 0, maxIdleTime -> 0, maxIdleTimeExcessConnections -> 0, maxPoolSize -> 15, maxStatements -> 0, maxStatementsPerConnection -> 0, minPoolSize -> 3, numHelperThreads -> 3, preferredTestQuery -> null, privilegeSpawnedThreads -> false, properties -> {}, propertyCycle -> 0, statementCacheNumDeferredCloseThreads -> 0, testConnectionOnCheckin -> false, testConnectionOnCheckout -> false, unreturnedConnectionTimeout -> 0, userOverrides -> {}, usesTraditionalReflectiveProxies -> false ]
connection closed
Feb 15, 2021 1:41:04 AM io.vertx.test.core.AsyncTestBase
INFO: Starting test: JDBCClientTest#testInsertOneShot
Feb 15, 2021 1:41:04 AM io.vertx.test.core.AsyncTestBase
INFO: Starting test: JDBCClientTest#testInsertOneShot
Feb 15, 2021 1:41:04 AM com.mchange.v2.c3p0.impl.AbstractPoolBackedDataSource 
INFO: Initializing c3p0 pool... com.mchange.v2.c3p0.ComboPooledDataSource [ acquireIncrement -> 3, acquireRetryAttempts -> 30, acquireRetryDelay -> 1000, autoCommitOnClose -> false, automaticTestTable -> null, breakAfterAcquireFailure -> false, checkoutTimeout -> 0, connectionCustomizerClassName -> null, connectionTesterClassName -> com.mchange.v2.c3p0.impl.DefaultConnectionTester, contextClassLoaderSource -> caller, dataSourceName -> 1bqq1heaf19bmzd216azltk|1282aa0, debugUnreturnedConnectionStackTraces -> false, description -> null, driverClass -> org.hsqldb.jdbcDriver, extensions -> {}, factoryClassLocation -> null, forceIgnoreUnresolvedTransactions -> false, forceSynchronousCheckins -> false, forceUseNamedDriverClass -> false, identityToken -> 1bqq1heaf19bmzd216azltk|1282aa0, idleConnectionTestPeriod -> 0, initialPoolSize -> 3, jdbcUrl -> jdbc:hsqldb:mem:test?shutdown=true, maxAdministrativeTaskTime -> 0, maxConnectionAge -> 0, maxIdleTime -> 0, maxIdleTimeExcessConnections -> 0, maxPoolSize -> 15, maxStatements -> 0, maxStatementsPerConnection -> 0, minPoolSize -> 3, numHelperThreads -> 3, preferredTestQuery -> null, privilegeSpawnedThreads -> false, properties -> {}, propertyCycle -> 0, statementCacheNumDeferredCloseThreads -> 0, testConnectionOnCheckin -> false, testConnectionOnCheckout -> false, unreturnedConnectionTimeout -> 0, userOverrides -> {}, usesTraditionalReflectiveProxies -> false ]
Feb 15, 2021 1:41:04 AM io.vertx.test.core.AsyncTestBase
INFO: Starting test: JDBCClientTest#testSameContext
Feb 15, 2021 1:41:04 AM io.vertx.test.core.AsyncTestBase
INFO: Starting test: JDBCClientTest#testSameContext
Feb 15, 2021 1:41:04 AM com.mchange.v2.c3p0.impl.AbstractPoolBackedDataSource 
INFO: Initializing c3p0 pool... com.mchange.v2.c3p0.ComboPooledDataSource [ acquireIncrement -> 3, acquireRetryAttempts -> 30, acquireRetryDelay -> 1000, autoCommitOnClose -> false, automaticTestTable -> null, breakAfterAcquireFailure -> false, checkoutTimeout -> 0, connectionCustomizerClassName -> null, connectionTesterClassName -> com.mchange.v2.c3p0.impl.DefaultConnectionTester, contextClassLoaderSource -> caller, dataSourceName -> 1bqq1heaf19bmzd216azltk|29ca36d1, debugUnreturnedConnectionStackTraces -> false, description -> null, driverClass -> org.hsqldb.jdbcDriver, extensions -> {}, factoryClassLocation -> null, forceIgnoreUnresolvedTransactions -> false, forceSynchronousCheckins -> false, forceUseNamedDriverClass -> false, identityToken -> 1bqq1heaf19bmzd216azltk|29ca36d1, idleConnectionTestPeriod -> 0, initialPoolSize -> 3, jdbcUrl -> jdbc:hsqldb:mem:test?shutdown=true, maxAdministrativeTaskTime -> 0, maxConnectionAge -> 0, maxIdleTime -> 0, maxIdleTimeExcessConnections -> 0, maxPoolSize -> 15, maxStatements -> 0, maxStatementsPerConnection -> 0, minPoolSize -> 3, numHelperThreads -> 3, preferredTestQuery -> null, privilegeSpawnedThreads -> false, properties -> {}, propertyCycle -> 0, statementCacheNumDeferredCloseThreads -> 0, testConnectionOnCheckin -> false, testConnectionOnCheckout -> false, unreturnedConnectionTimeout -> 0, userOverrides -> {}, usesTraditionalReflectiveProxies -> false ]
Feb 15, 2021 1:41:04 AM io.vertx.test.core.AsyncTestBase
INFO: Starting test: JDBCClientTest#testStreamFetchFlowControl
Feb 15, 2021 1:41:04 AM io.vertx.test.core.AsyncTestBase
INFO: Starting test: JDBCClientTest#testStreamFetchFlowControl
Feb 15, 2021 1:41:04 AM com.mchange.v2.c3p0.impl.AbstractPoolBackedDataSource 
INFO: Initializing c3p0 pool... com.mchange.v2.c3p0.ComboPooledDataSource [ acquireIncrement -> 3, acquireRetryAttempts -> 30, acquireRetryDelay -> 1000, autoCommitOnClose -> false, automaticTestTable -> null, breakAfterAcquireFailure -> false, checkoutTimeout -> 0, connectionCustomizerClassName -> null, connectionTesterClassName -> com.mchange.v2.c3p0.impl.DefaultConnectionTester, contextClassLoaderSource -> caller, dataSourceName -> 1bqq1heaf19bmzd216azltk|6e90b738, debugUnreturnedConnectionStackTraces -> false, description -> null, driverClass -> org.hsqldb.jdbcDriver, extensions -> {}, factoryClassLocation -> null, forceIgnoreUnresolvedTransactions -> false, forceSynchronousCheckins -> false, forceUseNamedDriverClass -> false, identityToken -> 1bqq1heaf19bmzd216azltk|6e90b738, idleConnectionTestPeriod -> 0, initialPoolSize -> 3, jdbcUrl -> jdbc:hsqldb:mem:test?shutdown=true, maxAdministrativeTaskTime -> 0, maxConnectionAge -> 0, maxIdleTime -> 0, maxIdleTimeExcessConnections -> 0, maxPoolSize -> 15, maxStatements -> 0, maxStatementsPerConnection -> 0, minPoolSize -> 3, numHelperThreads -> 3, preferredTestQuery -> null, privilegeSpawnedThreads -> false, properties -> {}, propertyCycle -> 0, statementCacheNumDeferredCloseThreads -> 0, testConnectionOnCheckin -> false, testConnectionOnCheckout -> false, unreturnedConnectionTimeout -> 0, userOverrides -> {}, usesTraditionalReflectiveProxies -> false ]
Feb 15, 2021 1:41:05 AM io.vertx.test.core.AsyncTestBase
INFO: Starting test: JDBCClientTest#testSelectOneContext
Feb 15, 2021 1:41:05 AM io.vertx.test.core.AsyncTestBase
INFO: Starting test: JDBCClientTest#testSelectOneContext
Feb 15, 2021 1:41:05 AM com.mchange.v2.c3p0.impl.AbstractPoolBackedDataSource 
INFO: Initializing c3p0 pool... com.mchange.v2.c3p0.ComboPooledDataSource [ acquireIncrement -> 3, acquireRetryAttempts -> 30, acquireRetryDelay -> 1000, autoCommitOnClose -> false, automaticTestTable -> null, breakAfterAcquireFailure -> false, checkoutTimeout -> 0, connectionCustomizerClassName -> null, connectionTesterClassName -> com.mchange.v2.c3p0.impl.DefaultConnectionTester, contextClassLoaderSource -> caller, dataSourceName -> 1bqq1heaf19bmzd216azltk|bbc83d4, debugUnreturnedConnectionStackTraces -> false, description -> null, driverClass -> org.hsqldb.jdbcDriver, extensions -> {}, factoryClassLocation -> null, forceIgnoreUnresolvedTransactions -> false, forceSynchronousCheckins -> false, forceUseNamedDriverClass -> false, identityToken -> 1bqq1heaf19bmzd216azltk|bbc83d4, idleConnectionTestPeriod -> 0, initialPoolSize -> 3, jdbcUrl -> jdbc:hsqldb:mem:test?shutdown=true, maxAdministrativeTaskTime -> 0, maxConnectionAge -> 0, maxIdleTime -> 0, maxIdleTimeExcessConnections -> 0, maxPoolSize -> 15, maxStatements -> 0, maxStatementsPerConnection -> 0, minPoolSize -> 3, numHelperThreads -> 3, preferredTestQuery -> null, privilegeSpawnedThreads -> false, properties -> {}, propertyCycle -> 0, statementCacheNumDeferredCloseThreads -> 0, testConnectionOnCheckin -> false, testConnectionOnCheckout -> false, unreturnedConnectionTimeout -> 0, userOverrides -> {}, usesTraditionalReflectiveProxies -> false ]
Feb 15, 2021 1:41:06 AM io.vertx.test.core.AsyncTestBase
INFO: Starting test: JDBCClientTest#testGetNativeConn
Feb 15, 2021 1:41:06 AM io.vertx.test.core.AsyncTestBase
INFO: Starting test: JDBCClientTest#testGetNativeConn
Feb 15, 2021 1:41:06 AM com.mchange.v2.c3p0.impl.AbstractPoolBackedDataSource 
INFO: Initializing c3p0 pool... com.mchange.v2.c3p0.ComboPooledDataSource [ acquireIncrement -> 3, acquireRetryAttempts -> 30, acquireRetryDelay -> 1000, autoCommitOnClose -> false, automaticTestTable -> null, breakAfterAcquireFailure -> false, checkoutTimeout -> 0, connectionCustomizerClassName -> null, connectionTesterClassName -> com.mchange.v2.c3p0.impl.DefaultConnectionTester, contextClassLoaderSource -> caller, dataSourceName -> 1bqq1heaf19bmzd216azltk|5bfab875, debugUnreturnedConnectionStackTraces -> false, description -> null, driverClass -> org.hsqldb.jdbcDriver, extensions -> {}, factoryClassLocation -> null, forceIgnoreUnresolvedTransactions -> false, forceSynchronousCheckins -> false, forceUseNamedDriverClass -> false, identityToken -> 1bqq1heaf19bmzd216azltk|5bfab875, idleConnectionTestPeriod -> 0, initialPoolSize -> 3, jdbcUrl -> jdbc:hsqldb:mem:test?shutdown=true, maxAdministrativeTaskTime -> 0, maxConnectionAge -> 0, maxIdleTime -> 0, maxIdleTimeExcessConnections -> 0, maxPoolSize -> 15, maxStatements -> 0, maxStatementsPerConnection -> 0, minPoolSize -> 3, numHelperThreads -> 3, preferredTestQuery -> null, privilegeSpawnedThreads -> false, properties -> {}, propertyCycle -> 0, statementCacheNumDeferredCloseThreads -> 0, testConnectionOnCheckin -> false, testConnectionOnCheckout -> false, unreturnedConnectionTimeout -> 0, userOverrides -> {}, usesTraditionalReflectiveProxies -> false ]
Feb 15, 2021 1:41:06 AM io.vertx.test.core.AsyncTestBase
INFO: Starting test: JDBCClientTest#testRollback
Feb 15, 2021 1:41:06 AM io.vertx.test.core.AsyncTestBase
INFO: Starting test: JDBCClientTest#testRollback
Feb 15, 2021 1:41:06 AM com.mchange.v2.c3p0.impl.AbstractPoolBackedDataSource 
INFO: Initializing c3p0 pool... com.mchange.v2.c3p0.ComboPooledDataSource [ acquireIncrement -> 3, acquireRetryAttempts -> 30, acquireRetryDelay -> 1000, autoCommitOnClose -> false, automaticTestTable -> null, breakAfterAcquireFailure -> false, checkoutTimeout -> 0, connectionCustomizerClassName -> null, connectionTesterClassName -> com.mchange.v2.c3p0.impl.DefaultConnectionTester, contextClassLoaderSource -> caller, dataSourceName -> 1bqq1heaf19bmzd216azltk|b1e4a9f, debugUnreturnedConnectionStackTraces -> false, description -> null, driverClass -> org.hsqldb.jdbcDriver, extensions -> {}, factoryClassLocation -> null, forceIgnoreUnresolvedTransactions -> false, forceSynchronousCheckins -> false, forceUseNamedDriverClass -> false, identityToken -> 1bqq1heaf19bmzd216azltk|b1e4a9f, idleConnectionTestPeriod -> 0, initialPoolSize -> 3, jdbcUrl -> jdbc:hsqldb:mem:test?shutdown=true, maxAdministrativeTaskTime -> 0, maxConnectionAge -> 0, maxIdleTime -> 0, maxIdleTimeExcessConnections -> 0, maxPoolSize -> 15, maxStatements -> 0, maxStatementsPerConnection -> 0, minPoolSize -> 3, numHelperThreads -> 3, preferredTestQuery -> null, privilegeSpawnedThreads -> false, properties -> {}, propertyCycle -> 0, statementCacheNumDeferredCloseThreads -> 0, testConnectionOnCheckin -> false, testConnectionOnCheckout -> false, unreturnedConnectionTimeout -> 0, userOverrides -> {}, usesTraditionalReflectiveProxies -> false ]
Feb 15, 2021 1:41:06 AM io.vertx.test.core.AsyncTestBase
INFO: Starting test: JDBCClientTest#testSqlClientInstance
Feb 15, 2021 1:41:06 AM io.vertx.test.core.AsyncTestBase
INFO: Starting test: JDBCClientTest#testSqlClientInstance
Feb 15, 2021 1:41:06 AM io.vertx.test.core.AsyncTestBase
INFO: Starting test: JDBCClientTest#testInvalidSelect
Feb 15, 2021 1:41:06 AM io.vertx.test.core.AsyncTestBase
INFO: Starting test: JDBCClientTest#testInvalidSelect
Feb 15, 2021 1:41:06 AM com.mchange.v2.c3p0.impl.AbstractPoolBackedDataSource 
INFO: Initializing c3p0 pool... com.mchange.v2.c3p0.ComboPooledDataSource [ acquireIncrement -> 3, acquireRetryAttempts -> 30, acquireRetryDelay -> 1000, autoCommitOnClose -> false, automaticTestTable -> null, breakAfterAcquireFailure -> false, checkoutTimeout -> 0, connectionCustomizerClassName -> null, connectionTesterClassName -> com.mchange.v2.c3p0.impl.DefaultConnectionTester, contextClassLoaderSource -> caller, dataSourceName -> 1bqq1heaf19bmzd216azltk|1be3d8ec, debugUnreturnedConnectionStackTraces -> false, description -> null, driverClass -> org.hsqldb.jdbcDriver, extensions -> {}, factoryClassLocation -> null, forceIgnoreUnresolvedTransactions -> false, forceSynchronousCheckins -> false, forceUseNamedDriverClass -> false, identityToken -> 1bqq1heaf19bmzd216azltk|1be3d8ec, idleConnectionTestPeriod -> 0, initialPoolSize -> 3, jdbcUrl -> jdbc:hsqldb:mem:test?shutdown=true, maxAdministrativeTaskTime -> 0, maxConnectionAge -> 0, maxIdleTime -> 0, maxIdleTimeExcessConnections -> 0, maxPoolSize -> 15, maxStatements -> 0, maxStatementsPerConnection -> 0, minPoolSize -> 3, numHelperThreads -> 3, preferredTestQuery -> null, privilegeSpawnedThreads -> false, properties -> {}, propertyCycle -> 0, statementCacheNumDeferredCloseThreads -> 0, testConnectionOnCheckin -> false, testConnectionOnCheckout -> false, unreturnedConnectionTimeout -> 0, userOverrides -> {}, usesTraditionalReflectiveProxies -> false ]
Feb 15, 2021 1:41:06 AM io.vertx.test.core.AsyncTestBase
INFO: Starting test: JDBCClientTest#testNaturalInsert
Feb 15, 2021 1:41:06 AM io.vertx.test.core.AsyncTestBase
INFO: Starting test: JDBCClientTest#testNaturalInsert
Feb 15, 2021 1:41:06 AM com.mchange.v2.c3p0.impl.AbstractPoolBackedDataSource 
INFO: Initializing c3p0 pool... com.mchange.v2.c3p0.ComboPooledDataSource [ acquireIncrement -> 3, acquireRetryAttempts -> 30, acquireRetryDelay -> 1000, autoCommitOnClose -> false, automaticTestTable -> null, breakAfterAcquireFailure -> false, checkoutTimeout -> 0, connectionCustomizerClassName -> null, connectionTesterClassName -> com.mchange.v2.c3p0.impl.DefaultConnectionTester, contextClassLoaderSource -> caller, dataSourceName -> 1bqq1heaf19bmzd216azltk|4f0bbb5d, debugUnreturnedConnectionStackTraces -> false, description -> null, driverClass -> org.hsqldb.jdbcDriver, extensions -> {}, factoryClassLocation -> null, forceIgnoreUnresolvedTransactions -> false, forceSynchronousCheckins -> false, forceUseNamedDriverClass -> false, identityToken -> 1bqq1heaf19bmzd216azltk|4f0bbb5d, idleConnectionTestPeriod -> 0, initialPoolSize -> 3, jdbcUrl -> jdbc:hsqldb:mem:test?shutdown=true, maxAdministrativeTaskTime -> 0, maxConnectionAge -> 0, maxIdleTime -> 0, maxIdleTimeExcessConnections -> 0, maxPoolSize -> 15, maxStatements -> 0, maxStatementsPerConnection -> 0, minPoolSize -> 3, numHelperThreads -> 3, preferredTestQuery -> null, privilegeSpawnedThreads -> false, properties -> {}, propertyCycle -> 0, statementCacheNumDeferredCloseThreads -> 0, testConnectionOnCheckin -> false, testConnectionOnCheckout -> false, unreturnedConnectionTimeout -> 0, userOverrides -> {}, usesTraditionalReflectiveProxies -> false ]
Feb 15, 2021 1:41:06 AM io.vertx.test.core.AsyncTestBase
INFO: Starting test: JDBCClientTest#testStreamAbort
Feb 15, 2021 1:41:06 AM io.vertx.test.core.AsyncTestBase
INFO: Starting test: JDBCClientTest#testStreamAbort
Feb 15, 2021 1:41:06 AM com.mchange.v2.c3p0.impl.AbstractPoolBackedDataSource 
INFO: Initializing c3p0 pool... com.mchange.v2.c3p0.ComboPooledDataSource [ acquireIncrement -> 3, acquireRetryAttempts -> 30, acquireRetryDelay -> 1000, autoCommitOnClose -> false, automaticTestTable -> null, breakAfterAcquireFailure -> false, checkoutTimeout -> 0, connectionCustomizerClassName -> null, connectionTesterClassName -> com.mchange.v2.c3p0.impl.DefaultConnectionTester, contextClassLoaderSource -> caller, dataSourceName -> 1bqq1heaf19bmzd216azltk|2a9860d, debugUnreturnedConnectionStackTraces -> false, description -> null, driverClass -> org.hsqldb.jdbcDriver, extensions -> {}, factoryClassLocation -> null, forceIgnoreUnresolvedTransactions -> false, forceSynchronousCheckins -> false, forceUseNamedDriverClass -> false, identityToken -> 1bqq1heaf19bmzd216azltk|2a9860d, idleConnectionTestPeriod -> 0, initialPoolSize -> 3, jdbcUrl -> jdbc:hsqldb:mem:test?shutdown=true, maxAdministrativeTaskTime -> 0, maxConnectionAge -> 0, maxIdleTime -> 0, maxIdleTimeExcessConnections -> 0, maxPoolSize -> 15, maxStatements -> 0, maxStatementsPerConnection -> 0, minPoolSize -> 3, numHelperThreads -> 3, preferredTestQuery -> null, privilegeSpawnedThreads -> false, properties -> {}, propertyCycle -> 0, statementCacheNumDeferredCloseThreads -> 0, testConnectionOnCheckin -> false, testConnectionOnCheckout -> false, unreturnedConnectionTimeout -> 0, userOverrides -> {}, usesTraditionalReflectiveProxies -> false ]
Feb 15, 2021 1:41:06 AM io.vertx.test.core.AsyncTestBase
INFO: Starting test: JDBCClientTest#testSelectWithLabels
Feb 15, 2021 1:41:06 AM io.vertx.test.core.AsyncTestBase
INFO: Starting test: JDBCClientTest#testSelectWithLabels
Feb 15, 2021 1:41:06 AM com.mchange.v2.c3p0.impl.AbstractPoolBackedDataSource 
INFO: Initializing c3p0 pool... com.mchange.v2.c3p0.ComboPooledDataSource [ acquireIncrement -> 3, acquireRetryAttempts -> 30, acquireRetryDelay -> 1000, autoCommitOnClose -> false, automaticTestTable -> null, breakAfterAcquireFailure -> false, checkoutTimeout -> 0, connectionCustomizerClassName -> null, connectionTesterClassName -> com.mchange.v2.c3p0.impl.DefaultConnectionTester, contextClassLoaderSource -> caller, dataSourceName -> 1bqq1heaf19bmzd216azltk|7a6a8dd6, debugUnreturnedConnectionStackTraces -> false, description -> null, driverClass -> org.hsqldb.jdbcDriver, extensions -> {}, factoryClassLocation -> null, forceIgnoreUnresolvedTransactions -> false, forceSynchronousCheckins -> false, forceUseNamedDriverClass -> false, identityToken -> 1bqq1heaf19bmzd216azltk|7a6a8dd6, idleConnectionTestPeriod -> 0, initialPoolSize -> 3, jdbcUrl -> jdbc:hsqldb:mem:test?shutdown=true, maxAdministrativeTaskTime -> 0, maxConnectionAge -> 0, maxIdleTime -> 0, maxIdleTimeExcessConnections -> 0, maxPoolSize -> 15, maxStatements -> 0, maxStatementsPerConnection -> 0, minPoolSize -> 3, numHelperThreads -> 3, preferredTestQuery -> null, privilegeSpawnedThreads -> false, properties -> {}, propertyCycle -> 0, statementCacheNumDeferredCloseThreads -> 0, testConnectionOnCheckin -> false, testConnectionOnCheckout -> false, unreturnedConnectionTimeout -> 0, userOverrides -> {}, usesTraditionalReflectiveProxies -> false ]
Feb 15, 2021 1:41:06 AM io.vertx.test.core.AsyncTestBase
INFO: Starting test: JDBCClientTest#testCommit
Feb 15, 2021 1:41:06 AM io.vertx.test.core.AsyncTestBase
INFO: Starting test: JDBCClientTest#testCommit
Feb 15, 2021 1:41:06 AM com.mchange.v2.c3p0.impl.AbstractPoolBackedDataSource 
INFO: Initializing c3p0 pool... com.mchange.v2.c3p0.ComboPooledDataSource [ acquireIncrement -> 3, acquireRetryAttempts -> 30, acquireRetryDelay -> 1000, autoCommitOnClose -> false, automaticTestTable -> null, breakAfterAcquireFailure -> false, checkoutTimeout -> 0, connectionCustomizerClassName -> null, connectionTesterClassName -> com.mchange.v2.c3p0.impl.DefaultConnectionTester, contextClassLoaderSource -> caller, dataSourceName -> 1bqq1heaf19bmzd216azltk|611b9b38, debugUnreturnedConnectionStackTraces -> false, description -> null, driverClass -> org.hsqldb.jdbcDriver, extensions -> {}, factoryClassLocation -> null, forceIgnoreUnresolvedTransactions -> false, forceSynchronousCheckins -> false, forceUseNamedDriverClass -> false, identityToken -> 1bqq1heaf19bmzd216azltk|611b9b38, idleConnectionTestPeriod -> 0, initialPoolSize -> 3, jdbcUrl -> jdbc:hsqldb:mem:test?shutdown=true, maxAdministrativeTaskTime -> 0, maxConnectionAge -> 0, maxIdleTime -> 0, maxIdleTimeExcessConnections -> 0, maxPoolSize -> 15, maxStatements -> 0, maxStatementsPerConnection -> 0, minPoolSize -> 3, numHelperThreads -> 3, preferredTestQuery -> null, privilegeSpawnedThreads -> false, properties -> {}, propertyCycle -> 0, statementCacheNumDeferredCloseThreads -> 0, testConnectionOnCheckin -> false, testConnectionOnCheckout -> false, unreturnedConnectionTimeout -> 0, userOverrides -> {}, usesTraditionalReflectiveProxies -> false ]
Feb 15, 2021 1:41:06 AM io.vertx.test.core.AsyncTestBase
INFO: Starting test: JDBCClientTest#testDelete
Feb 15, 2021 1:41:06 AM io.vertx.test.core.AsyncTestBase
INFO: Starting test: JDBCClientTest#testDelete
Feb 15, 2021 1:41:06 AM com.mchange.v2.c3p0.impl.AbstractPoolBackedDataSource 
INFO: Initializing c3p0 pool... com.mchange.v2.c3p0.ComboPooledDataSource [ acquireIncrement -> 3, acquireRetryAttempts -> 30, acquireRetryDelay -> 1000, autoCommitOnClose -> false, automaticTestTable -> null, breakAfterAcquireFailure -> false, checkoutTimeout -> 0, connectionCustomizerClassName -> null, connectionTesterClassName -> com.mchange.v2.c3p0.impl.DefaultConnectionTester, contextClassLoaderSource -> caller, dataSourceName -> 1bqq1heaf19bmzd216azltk|4f98d164, debugUnreturnedConnectionStackTraces -> false, description -> null, driverClass -> org.hsqldb.jdbcDriver, extensions -> {}, factoryClassLocation -> null, forceIgnoreUnresolvedTransactions -> false, forceSynchronousCheckins -> false, forceUseNamedDriverClass -> false, identityToken -> 1bqq1heaf19bmzd216azltk|4f98d164, idleConnectionTestPeriod -> 0, initialPoolSize -> 3, jdbcUrl -> jdbc:hsqldb:mem:test?shutdown=true, maxAdministrativeTaskTime -> 0, maxConnectionAge -> 0, maxIdleTime -> 0, maxIdleTimeExcessConnections -> 0, maxPoolSize -> 15, maxStatements -> 0, maxStatementsPerConnection -> 0, minPoolSize -> 3, numHelperThreads -> 3, preferredTestQuery -> null, privilegeSpawnedThreads -> false, properties -> {}, propertyCycle -> 0, statementCacheNumDeferredCloseThreads -> 0, testConnectionOnCheckin -> false, testConnectionOnCheckout -> false, unreturnedConnectionTimeout -> 0, userOverrides -> {}, usesTraditionalReflectiveProxies -> false ]
Feb 15, 2021 1:41:06 AM io.vertx.test.core.AsyncTestBase
INFO: Starting test: JDBCClientTest#testSelectOneShot
Feb 15, 2021 1:41:06 AM io.vertx.test.core.AsyncTestBase
INFO: Starting test: JDBCClientTest#testSelectOneShot
Feb 15, 2021 1:41:06 AM com.mchange.v2.c3p0.impl.AbstractPoolBackedDataSource 
INFO: Initializing c3p0 pool... com.mchange.v2.c3p0.ComboPooledDataSource [ acquireIncrement -> 3, acquireRetryAttempts -> 30, acquireRetryDelay -> 1000, autoCommitOnClose -> false, automaticTestTable -> null, breakAfterAcquireFailure -> false, checkoutTimeout -> 0, connectionCustomizerClassName -> null, connectionTesterClassName -> com.mchange.v2.c3p0.impl.DefaultConnectionTester, contextClassLoaderSource -> caller, dataSourceName -> 1bqq1heaf19bmzd216azltk|54ce0d71, debugUnreturnedConnectionStackTraces -> false, description -> null, driverClass -> org.hsqldb.jdbcDriver, extensions -> {}, factoryClassLocation -> null, forceIgnoreUnresolvedTransactions -> false, forceSynchronousCheckins -> false, forceUseNamedDriverClass -> false, identityToken -> 1bqq1heaf19bmzd216azltk|54ce0d71, idleConnectionTestPeriod -> 0, initialPoolSize -> 3, jdbcUrl -> jdbc:hsqldb:mem:test?shutdown=true, maxAdministrativeTaskTime -> 0, maxConnectionAge -> 0, maxIdleTime -> 0, maxIdleTimeExcessConnections -> 0, maxPoolSize -> 15, maxStatements -> 0, maxStatementsPerConnection -> 0, minPoolSize -> 3, numHelperThreads -> 3, preferredTestQuery -> null, privilegeSpawnedThreads -> false, properties -> {}, propertyCycle -> 0, statementCacheNumDeferredCloseThreads -> 0, testConnectionOnCheckin -> false, testConnectionOnCheckout -> false, unreturnedConnectionTimeout -> 0, userOverrides -> {}, usesTraditionalReflectiveProxies -> false ]
Feb 15, 2021 1:41:06 AM io.vertx.test.core.AsyncTestBase
INFO: Starting test: JDBCClientTest#testInsert
Feb 15, 2021 1:41:06 AM io.vertx.test.core.AsyncTestBase
INFO: Starting test: JDBCClientTest#testInsert
Feb 15, 2021 1:41:06 AM com.mchange.v2.c3p0.impl.AbstractPoolBackedDataSource 
INFO: Initializing c3p0 pool... com.mchange.v2.c3p0.ComboPooledDataSource [ acquireIncrement -> 3, acquireRetryAttempts -> 30, acquireRetryDelay -> 1000, autoCommitOnClose -> false, automaticTestTable -> null, breakAfterAcquireFailure -> false, checkoutTimeout -> 0, connectionCustomizerClassName -> null, connectionTesterClassName -> com.mchange.v2.c3p0.impl.DefaultConnectionTester, contextClassLoaderSource -> caller, dataSourceName -> 1bqq1heaf19bmzd216azltk|6b5a3d00, debugUnreturnedConnectionStackTraces -> false, description -> null, driverClass -> org.hsqldb.jdbcDriver, extensions -> {}, factoryClassLocation -> null, forceIgnoreUnresolvedTransactions -> false, forceSynchronousCheckins -> false, forceUseNamedDriverClass -> false, identityToken -> 1bqq1heaf19bmzd216azltk|6b5a3d00, idleConnectionTestPeriod -> 0, initialPoolSize -> 3, jdbcUrl -> jdbc:hsqldb:mem:test?shutdown=true, maxAdministrativeTaskTime -> 0, maxConnectionAge -> 0, maxIdleTime -> 0, maxIdleTimeExcessConnections -> 0, maxPoolSize -> 15, maxStatements -> 0, maxStatementsPerConnection -> 0, minPoolSize -> 3, numHelperThreads -> 3, preferredTestQuery -> null, privilegeSpawnedThreads -> false, properties -> {}, propertyCycle -> 0, statementCacheNumDeferredCloseThreads -> 0, testConnectionOnCheckin -> false, testConnectionOnCheckout -> false, unreturnedConnectionTimeout -> 0, userOverrides -> {}, usesTraditionalReflectiveProxies -> false ]
Feb 15, 2021 1:41:06 AM io.vertx.test.core.AsyncTestBase
INFO: Starting test: JDBCClientTest#testSelectOneShotSingle
Feb 15, 2021 1:41:06 AM io.vertx.test.core.AsyncTestBase
INFO: Starting test: JDBCClientTest#testSelectOneShotSingle
Feb 15, 2021 1:41:06 AM com.mchange.v2.c3p0.impl.AbstractPoolBackedDataSource 
INFO: Initializing c3p0 pool... com.mchange.v2.c3p0.ComboPooledDataSource [ acquireIncrement -> 3, acquireRetryAttempts -> 30, acquireRetryDelay -> 1000, autoCommitOnClose -> false, automaticTestTable -> null, breakAfterAcquireFailure -> false, checkoutTimeout -> 0, connectionCustomizerClassName -> null, connectionTesterClassName -> com.mchange.v2.c3p0.impl.DefaultConnectionTester, contextClassLoaderSource -> caller, dataSourceName -> 1bqq1heaf19bmzd216azltk|c97854e, debugUnreturnedConnectionStackTraces -> false, description -> null, driverClass -> org.hsqldb.jdbcDriver, extensions -> {}, factoryClassLocation -> null, forceIgnoreUnresolvedTransactions -> false, forceSynchronousCheckins -> false, forceUseNamedDriverClass -> false, identityToken -> 1bqq1heaf19bmzd216azltk|c97854e, idleConnectionTestPeriod -> 0, initialPoolSize -> 3, jdbcUrl -> jdbc:hsqldb:mem:test?shutdown=true, maxAdministrativeTaskTime -> 0, maxConnectionAge -> 0, maxIdleTime -> 0, maxIdleTimeExcessConnections -> 0, maxPoolSize -> 15, maxStatements -> 0, maxStatementsPerConnection -> 0, minPoolSize -> 3, numHelperThreads -> 3, preferredTestQuery -> null, privilegeSpawnedThreads -> false, properties -> {}, propertyCycle -> 0, statementCacheNumDeferredCloseThreads -> 0, testConnectionOnCheckin -> false, testConnectionOnCheckout -> false, unreturnedConnectionTimeout -> 0, userOverrides -> {}, usesTraditionalReflectiveProxies -> false ]
Feb 15, 2021 1:41:06 AM io.vertx.test.core.AsyncTestBase
INFO: Starting test: JDBCClientTest#testBigStream
Feb 15, 2021 1:41:06 AM io.vertx.test.core.AsyncTestBase
INFO: Starting test: JDBCClientTest#testBigStream
Feb 15, 2021 1:41:06 AM com.mchange.v2.c3p0.impl.AbstractPoolBackedDataSource 
INFO: Initializing c3p0 pool... com.mchange.v2.c3p0.ComboPooledDataSource [ acquireIncrement -> 3, acquireRetryAttempts -> 30, acquireRetryDelay -> 1000, autoCommitOnClose -> false, automaticTestTable -> null, breakAfterAcquireFailure -> false, checkoutTimeout -> 0, connectionCustomizerClassName -> null, connectionTesterClassName -> com.mchange.v2.c3p0.impl.DefaultConnectionTester, contextClassLoaderSource -> caller, dataSourceName -> 1bqq1heaf19bmzd216azltk|6647ea46, debugUnreturnedConnectionStackTraces -> false, description -> null, driverClass -> org.hsqldb.jdbcDriver, extensions -> {}, factoryClassLocation -> null, forceIgnoreUnresolvedTransactions -> false, forceSynchronousCheckins -> false, forceUseNamedDriverClass -> false, identityToken -> 1bqq1heaf19bmzd216azltk|6647ea46, idleConnectionTestPeriod -> 0, initialPoolSize -> 3, jdbcUrl -> jdbc:hsqldb:mem:test?shutdown=true, maxAdministrativeTaskTime -> 0, maxConnectionAge -> 0, maxIdleTime -> 0, maxIdleTimeExcessConnections -> 0, maxPoolSize -> 15, maxStatements -> 0, maxStatementsPerConnection -> 0, minPoolSize -> 3, numHelperThreads -> 3, preferredTestQuery -> null, privilegeSpawnedThreads -> false, properties -> {}, propertyCycle -> 0, statementCacheNumDeferredCloseThreads -> 0, testConnectionOnCheckin -> false, testConnectionOnCheckout -> false, unreturnedConnectionTimeout -> 0, userOverrides -> {}, usesTraditionalReflectiveProxies -> false ]
Feb 15, 2021 1:41:06 AM io.vertx.test.core.AsyncTestBase
INFO: Starting test: JDBCClientTest#testSelect
Feb 15, 2021 1:41:06 AM io.vertx.test.core.AsyncTestBase
INFO: Starting test: JDBCClientTest#testSelect
Feb 15, 2021 1:41:06 AM com.mchange.v2.c3p0.impl.AbstractPoolBackedDataSource 
INFO: Initializing c3p0 pool... com.mchange.v2.c3p0.ComboPooledDataSource [ acquireIncrement -> 3, acquireRetryAttempts -> 30, acquireRetryDelay -> 1000, autoCommitOnClose -> false, automaticTestTable -> null, breakAfterAcquireFailure -> false, checkoutTimeout -> 0, connectionCustomizerClassName -> null, connectionTesterClassName -> com.mchange.v2.c3p0.impl.DefaultConnectionTester, contextClassLoaderSource -> caller, dataSourceName -> 1bqq1heaf19bmzd216azltk|2da37211, debugUnreturnedConnectionStackTraces -> false, description -> null, driverClass -> org.hsqldb.jdbcDriver, extensions -> {}, factoryClassLocation -> null, forceIgnoreUnresolvedTransactions -> false, forceSynchronousCheckins -> false, forceUseNamedDriverClass -> false, identityToken -> 1bqq1heaf19bmzd216azltk|2da37211, idleConnectionTestPeriod -> 0, initialPoolSize -> 3, jdbcUrl -> jdbc:hsqldb:mem:test?shutdown=true, maxAdministrativeTaskTime -> 0, maxConnectionAge -> 0, maxIdleTime -> 0, maxIdleTimeExcessConnections -> 0, maxPoolSize -> 15, maxStatements -> 0, maxStatementsPerConnection -> 0, minPoolSize -> 3, numHelperThreads -> 3, preferredTestQuery -> null, privilegeSpawnedThreads -> false, properties -> {}, propertyCycle -> 0, statementCacheNumDeferredCloseThreads -> 0, testConnectionOnCheckin -> false, testConnectionOnCheckout -> false, unreturnedConnectionTimeout -> 0, userOverrides -> {}, usesTraditionalReflectiveProxies -> false ]
Feb 15, 2021 1:41:06 AM io.vertx.test.core.AsyncTestBase
INFO: Starting test: JDBCClientTest#testStream
Feb 15, 2021 1:41:06 AM io.vertx.test.core.AsyncTestBase
INFO: Starting test: JDBCClientTest#testStream
Feb 15, 2021 1:41:06 AM com.mchange.v2.c3p0.impl.AbstractPoolBackedDataSource 
INFO: Initializing c3p0 pool... com.mchange.v2.c3p0.ComboPooledDataSource [ acquireIncrement -> 3, acquireRetryAttempts -> 30, acquireRetryDelay -> 1000, autoCommitOnClose -> false, automaticTestTable -> null, breakAfterAcquireFailure -> false, checkoutTimeout -> 0, connectionCustomizerClassName -> null, connectionTesterClassName -> com.mchange.v2.c3p0.impl.DefaultConnectionTester, contextClassLoaderSource -> caller, dataSourceName -> 1bqq1heaf19bmzd216azltk|2a2c0890, debugUnreturnedConnectionStackTraces -> false, description -> null, driverClass -> org.hsqldb.jdbcDriver, extensions -> {}, factoryClassLocation -> null, forceIgnoreUnresolvedTransactions -> false, forceSynchronousCheckins -> false, forceUseNamedDriverClass -> false, identityToken -> 1bqq1heaf19bmzd216azltk|2a2c0890, idleConnectionTestPeriod -> 0, initialPoolSize -> 3, jdbcUrl -> jdbc:hsqldb:mem:test?shutdown=true, maxAdministrativeTaskTime -> 0, maxConnectionAge -> 0, maxIdleTime -> 0, maxIdleTimeExcessConnections -> 0, maxPoolSize -> 15, maxStatements -> 0, maxStatementsPerConnection -> 0, minPoolSize -> 3, numHelperThreads -> 3, preferredTestQuery -> null, privilegeSpawnedThreads -> false, properties -> {}, propertyCycle -> 0, statementCacheNumDeferredCloseThreads -> 0, testConnectionOnCheckin -> false, testConnectionOnCheckout -> false, unreturnedConnectionTimeout -> 0, userOverrides -> {}, usesTraditionalReflectiveProxies -> false ]
Feb 15, 2021 1:41:06 AM io.vertx.test.core.AsyncTestBase
INFO: Starting test: JDBCClientTest#testUpdate
Feb 15, 2021 1:41:06 AM io.vertx.test.core.AsyncTestBase
INFO: Starting test: JDBCClientTest#testUpdate
Feb 15, 2021 1:41:06 AM com.mchange.v2.c3p0.impl.AbstractPoolBackedDataSource 
INFO: Initializing c3p0 pool... com.mchange.v2.c3p0.ComboPooledDataSource [ acquireIncrement -> 3, acquireRetryAttempts -> 30, acquireRetryDelay -> 1000, autoCommitOnClose -> false, automaticTestTable -> null, breakAfterAcquireFailure -> false, checkoutTimeout -> 0, connectionCustomizerClassName -> null, connectionTesterClassName -> com.mchange.v2.c3p0.impl.DefaultConnectionTester, contextClassLoaderSource -> caller, dataSourceName -> 1bqq1heaf19bmzd216azltk|318565d5, debugUnreturnedConnectionStackTraces -> false, description -> null, driverClass -> org.hsqldb.jdbcDriver, extensions -> {}, factoryClassLocation -> null, forceIgnoreUnresolvedTransactions -> false, forceSynchronousCheckins -> false, forceUseNamedDriverClass -> false, identityToken -> 1bqq1heaf19bmzd216azltk|318565d5, idleConnectionTestPeriod -> 0, initialPoolSize -> 3, jdbcUrl -> jdbc:hsqldb:mem:test?shutdown=true, maxAdministrativeTaskTime -> 0, maxConnectionAge -> 0, maxIdleTime -> 0, maxIdleTimeExcessConnections -> 0, maxPoolSize -> 15, maxStatements -> 0, maxStatementsPerConnection -> 0, minPoolSize -> 3, numHelperThreads -> 3, preferredTestQuery -> null, privilegeSpawnedThreads -> false, properties -> {}, propertyCycle -> 0, statementCacheNumDeferredCloseThreads -> 0, testConnectionOnCheckin -> false, testConnectionOnCheckout -> false, unreturnedConnectionTimeout -> 0, userOverrides -> {}, usesTraditionalReflectiveProxies -> false ]
Feb 15, 2021 1:41:06 AM io.vertx.test.core.AsyncTestBase
INFO: Starting test: JDBCClientTest#testSelectTx
Feb 15, 2021 1:41:06 AM io.vertx.test.core.AsyncTestBase
INFO: Starting test: JDBCClientTest#testSelectTx
Feb 15, 2021 1:41:06 AM com.mchange.v2.c3p0.impl.AbstractPoolBackedDataSource 
INFO: Initializing c3p0 pool... com.mchange.v2.c3p0.ComboPooledDataSource [ acquireIncrement -> 3, acquireRetryAttempts -> 30, acquireRetryDelay -> 1000, autoCommitOnClose -> false, automaticTestTable -> null, breakAfterAcquireFailure -> false, checkoutTimeout -> 0, connectionCustomizerClassName -> null, connectionTesterClassName -> com.mchange.v2.c3p0.impl.DefaultConnectionTester, contextClassLoaderSource -> caller, dataSourceName -> 1bqq1heaf19bmzd216azltk|409ba014, debugUnreturnedConnectionStackTraces -> false, description -> null, driverClass -> org.hsqldb.jdbcDriver, extensions -> {}, factoryClassLocation -> null, forceIgnoreUnresolvedTransactions -> false, forceSynchronousCheckins -> false, forceUseNamedDriverClass -> false, identityToken -> 1bqq1heaf19bmzd216azltk|409ba014, idleConnectionTestPeriod -> 0, initialPoolSize -> 3, jdbcUrl -> jdbc:hsqldb:mem:test?shutdown=true, maxAdministrativeTaskTime -> 0, maxConnectionAge -> 0, maxIdleTime -> 0, maxIdleTimeExcessConnections -> 0, maxPoolSize -> 15, maxStatements -> 0, maxStatementsPerConnection -> 0, minPoolSize -> 3, numHelperThreads -> 3, preferredTestQuery -> null, privilegeSpawnedThreads -> false, properties -> {}, propertyCycle -> 0, statementCacheNumDeferredCloseThreads -> 0, testConnectionOnCheckin -> false, testConnectionOnCheckout -> false, unreturnedConnectionTimeout -> 0, userOverrides -> {}, usesTraditionalReflectiveProxies -> false ]
Feb 15, 2021 1:41:06 AM io.vertx.test.core.AsyncTestBase
INFO: Starting test: JDBCClientTest#testInsertWithParameters
Feb 15, 2021 1:41:06 AM io.vertx.test.core.AsyncTestBase
INFO: Starting test: JDBCClientTest#testInsertWithParameters
Feb 15, 2021 1:41:06 AM com.mchange.v2.c3p0.impl.AbstractPoolBackedDataSource 
INFO: Initializing c3p0 pool... com.mchange.v2.c3p0.ComboPooledDataSource [ acquireIncrement -> 3, acquireRetryAttempts -> 30, acquireRetryDelay -> 1000, autoCommitOnClose -> false, automaticTestTable -> null, breakAfterAcquireFailure -> false, checkoutTimeout -> 0, connectionCustomizerClassName -> null, connectionTesterClassName -> com.mchange.v2.c3p0.impl.DefaultConnectionTester, contextClassLoaderSource -> caller, dataSourceName -> 1bqq1heaf19bmzd216azltk|1a89425f, debugUnreturnedConnectionStackTraces -> false, description -> null, driverClass -> org.hsqldb.jdbcDriver, extensions -> {}, factoryClassLocation -> null, forceIgnoreUnresolvedTransactions -> false, forceSynchronousCheckins -> false, forceUseNamedDriverClass -> false, identityToken -> 1bqq1heaf19bmzd216azltk|1a89425f, idleConnectionTestPeriod -> 0, initialPoolSize -> 3, jdbcUrl -> jdbc:hsqldb:mem:test?shutdown=true, maxAdministrativeTaskTime -> 0, maxConnectionAge -> 0, maxIdleTime -> 0, maxIdleTimeExcessConnections -> 0, maxPoolSize -> 15, maxStatements -> 0, maxStatementsPerConnection -> 0, minPoolSize -> 3, numHelperThreads -> 3, preferredTestQuery -> null, privilegeSpawnedThreads -> false, properties -> {}, propertyCycle -> 0, statementCacheNumDeferredCloseThreads -> 0, testConnectionOnCheckin -> false, testConnectionOnCheckout -> false, unreturnedConnectionTimeout -> 0, userOverrides -> {}, usesTraditionalReflectiveProxies -> false ]
Tests run: 43, Failures: 0, Errors: 0, Skipped: 0, Time elapsed: 3.848 sec - in io.vertx.ext.jdbc.JDBCClientTest
Running io.vertx.ext.jdbc.JDBCStoredProcedure2Test
Tests run: 1, Failures: 0, Errors: 0, Skipped: 1, Time elapsed: 0 sec - in io.vertx.ext.jdbc.JDBCStoredProcedure2Test
Running io.vertx.ext.jdbc.RefCountTest
Feb 15, 2021 1:41:06 AM io.vertx.test.core.AsyncTestBase
INFO: Starting test: RefCountTest#testSharedDefault
Feb 15, 2021 1:41:06 AM io.vertx.test.core.AsyncTestBase
INFO: Starting test: RefCountTest#testSharedNamed
Feb 15, 2021 1:41:06 AM io.vertx.test.core.AsyncTestBase
INFO: Starting test: RefCountTest#testNonShared
Tests run: 3, Failures: 0, Errors: 0, Skipped: 0, Time elapsed: 0.043 sec - in io.vertx.ext.jdbc.RefCountTest
Running io.vertx.ext.jdbc.JDBCPoolMetricsTest
Feb 15, 2021 1:41:06 AM io.vertx.test.core.AsyncTestBase
INFO: Starting test: JDBCPoolMetricsTest#testQueue
Feb 15, 2021 1:41:06 AM com.mchange.v2.c3p0.impl.AbstractPoolBackedDataSource 
INFO: Initializing c3p0 pool... com.mchange.v2.c3p0.ComboPooledDataSource [ acquireIncrement -> 3, acquireRetryAttempts -> 30, acquireRetryDelay -> 1000, autoCommitOnClose -> false, automaticTestTable -> null, breakAfterAcquireFailure -> false, checkoutTimeout -> 0, connectionCustomizerClassName -> null, connectionTesterClassName -> com.mchange.v2.c3p0.impl.DefaultConnectionTester, contextClassLoaderSource -> caller, dataSourceName -> 1bqq1heaf19bmzd216azltk|12c84ef1, debugUnreturnedConnectionStackTraces -> false, description -> null, driverClass -> org.hsqldb.jdbcDriver, extensions -> {}, factoryClassLocation -> null, forceIgnoreUnresolvedTransactions -> false, forceSynchronousCheckins -> false, forceUseNamedDriverClass -> false, identityToken -> 1bqq1heaf19bmzd216azltk|12c84ef1, idleConnectionTestPeriod -> 0, initialPoolSize -> 3, jdbcUrl -> jdbc:hsqldb:mem:test?shutdown=true, maxAdministrativeTaskTime -> 0, maxConnectionAge -> 0, maxIdleTime -> 0, maxIdleTimeExcessConnections -> 0, maxPoolSize -> 10, maxStatements -> 0, maxStatementsPerConnection -> 0, minPoolSize -> 3, numHelperThreads -> 3, preferredTestQuery -> null, privilegeSpawnedThreads -> false, properties -> {}, propertyCycle -> 0, statementCacheNumDeferredCloseThreads -> 0, testConnectionOnCheckin -> false, testConnectionOnCheckout -> false, unreturnedConnectionTimeout -> 0, userOverrides -> {}, usesTraditionalReflectiveProxies -> false ]
Feb 15, 2021 1:41:06 AM io.vertx.test.core.AsyncTestBase
INFO: Starting test: JDBCPoolMetricsTest#testUseConnection
Feb 15, 2021 1:41:06 AM com.mchange.v2.c3p0.impl.AbstractPoolBackedDataSource 
INFO: Initializing c3p0 pool... com.mchange.v2.c3p0.ComboPooledDataSource [ acquireIncrement -> 3, acquireRetryAttempts -> 30, acquireRetryDelay -> 1000, autoCommitOnClose -> false, automaticTestTable -> null, breakAfterAcquireFailure -> false, checkoutTimeout -> 0, connectionCustomizerClassName -> null, connectionTesterClassName -> com.mchange.v2.c3p0.impl.DefaultConnectionTester, contextClassLoaderSource -> caller, dataSourceName -> 1bqq1heaf19bmzd216azltk|571183c4, debugUnreturnedConnectionStackTraces -> false, description -> null, driverClass -> org.hsqldb.jdbcDriver, extensions -> {}, factoryClassLocation -> null, forceIgnoreUnresolvedTransactions -> false, forceSynchronousCheckins -> false, forceUseNamedDriverClass -> false, identityToken -> 1bqq1heaf19bmzd216azltk|571183c4, idleConnectionTestPeriod -> 0, initialPoolSize -> 3, jdbcUrl -> jdbc:hsqldb:mem:test?shutdown=true, maxAdministrativeTaskTime -> 0, maxConnectionAge -> 0, maxIdleTime -> 0, maxIdleTimeExcessConnections -> 0, maxPoolSize -> 10, maxStatements -> 0, maxStatementsPerConnection -> 0, minPoolSize -> 3, numHelperThreads -> 3, preferredTestQuery -> null, privilegeSpawnedThreads -> false, properties -> {}, propertyCycle -> 0, statementCacheNumDeferredCloseThreads -> 0, testConnectionOnCheckin -> false, testConnectionOnCheckout -> false, unreturnedConnectionTimeout -> 0, userOverrides -> {}, usesTraditionalReflectiveProxies -> false ]
Feb 15, 2021 1:41:06 AM io.vertx.test.core.AsyncTestBase
INFO: Starting test: JDBCPoolMetricsTest#testLifecycle
Feb 15, 2021 1:41:06 AM com.mchange.v2.c3p0.impl.AbstractPoolBackedDataSource 
INFO: Initializing c3p0 pool... com.mchange.v2.c3p0.ComboPooledDataSource [ acquireIncrement -> 3, acquireRetryAttempts -> 30, acquireRetryDelay -> 1000, autoCommitOnClose -> false, automaticTestTable -> null, breakAfterAcquireFailure -> false, checkoutTimeout -> 0, connectionCustomizerClassName -> null, connectionTesterClassName -> com.mchange.v2.c3p0.impl.DefaultConnectionTester, contextClassLoaderSource -> caller, dataSourceName -> 1bqq1heaf19bmzd216azltk|375dd7b7, debugUnreturnedConnectionStackTraces -> false, description -> null, driverClass -> org.hsqldb.jdbcDriver, extensions -> {}, factoryClassLocation -> null, forceIgnoreUnresolvedTransactions -> false, forceSynchronousCheckins -> false, forceUseNamedDriverClass -> false, identityToken -> 1bqq1heaf19bmzd216azltk|375dd7b7, idleConnectionTestPeriod -> 0, initialPoolSize -> 3, jdbcUrl -> jdbc:hsqldb:mem:test?shutdown=true, maxAdministrativeTaskTime -> 0, maxConnectionAge -> 0, maxIdleTime -> 0, maxIdleTimeExcessConnections -> 0, maxPoolSize -> 10, maxStatements -> 0, maxStatementsPerConnection -> 0, minPoolSize -> 3, numHelperThreads -> 3, preferredTestQuery -> null, privilegeSpawnedThreads -> false, properties -> {}, propertyCycle -> 0, statementCacheNumDeferredCloseThreads -> 0, testConnectionOnCheckin -> false, testConnectionOnCheckout -> false, unreturnedConnectionTimeout -> 0, userOverrides -> {}, usesTraditionalReflectiveProxies -> false ]
Tests run: 3, Failures: 0, Errors: 0, Skipped: 0, Time elapsed: 0.056 sec - in io.vertx.ext.jdbc.JDBCPoolMetricsTest
Running io.vertx.ext.jdbc.JDBCBatchTest
Feb 15, 2021 1:41:06 AM io.vertx.test.core.AsyncTestBase
INFO: Starting test: JDBCBatchTest#testBatchStatement
Feb 15, 2021 1:41:06 AM io.vertx.test.core.AsyncTestBase
INFO: Starting test: JDBCBatchTest#testBatchStatement
Feb 15, 2021 1:41:06 AM com.mchange.v2.c3p0.impl.AbstractPoolBackedDataSource 
INFO: Initializing c3p0 pool... com.mchange.v2.c3p0.ComboPooledDataSource [ acquireIncrement -> 3, acquireRetryAttempts -> 30, acquireRetryDelay -> 1000, autoCommitOnClose -> false, automaticTestTable -> null, breakAfterAcquireFailure -> false, checkoutTimeout -> 0, connectionCustomizerClassName -> null, connectionTesterClassName -> com.mchange.v2.c3p0.impl.DefaultConnectionTester, contextClassLoaderSource -> caller, dataSourceName -> 1bqq1heaf19bmzd216azltk|3a9a02c, debugUnreturnedConnectionStackTraces -> false, description -> null, driverClass -> org.h2.Driver, extensions -> {}, factoryClassLocation -> null, forceIgnoreUnresolvedTransactions -> false, forceSynchronousCheckins -> false, forceUseNamedDriverClass -> false, identityToken -> 1bqq1heaf19bmzd216azltk|3a9a02c, idleConnectionTestPeriod -> 0, initialPoolSize -> 3, jdbcUrl -> jdbc:h2:mem:test?shutdown=true, maxAdministrativeTaskTime -> 0, maxConnectionAge -> 0, maxIdleTime -> 0, maxIdleTimeExcessConnections -> 0, maxPoolSize -> 15, maxStatements -> 0, maxStatementsPerConnection -> 0, minPoolSize -> 3, numHelperThreads -> 3, preferredTestQuery -> null, privilegeSpawnedThreads -> false, properties -> {}, propertyCycle -> 0, statementCacheNumDeferredCloseThreads -> 0, testConnectionOnCheckin -> false, testConnectionOnCheckout -> false, unreturnedConnectionTimeout -> 0, userOverrides -> {}, usesTraditionalReflectiveProxies -> false ]
Feb 15, 2021 1:41:06 AM io.vertx.test.core.AsyncTestBase
INFO: Starting test: JDBCBatchTest#testBatchCallableStatement
Feb 15, 2021 1:41:06 AM io.vertx.test.core.AsyncTestBase
INFO: Starting test: JDBCBatchTest#testBatchCallableStatement
Feb 15, 2021 1:41:06 AM com.mchange.v2.c3p0.impl.AbstractPoolBackedDataSource 
INFO: Initializing c3p0 pool... com.mchange.v2.c3p0.ComboPooledDataSource [ acquireIncrement -> 3, acquireRetryAttempts -> 30, acquireRetryDelay -> 1000, autoCommitOnClose -> false, automaticTestTable -> null, breakAfterAcquireFailure -> false, checkoutTimeout -> 0, connectionCustomizerClassName -> null, connectionTesterClassName -> com.mchange.v2.c3p0.impl.DefaultConnectionTester, contextClassLoaderSource -> caller, dataSourceName -> 1bqq1heaf19bmzd216azltk|2e9527f9, debugUnreturnedConnectionStackTraces -> false, description -> null, driverClass -> org.h2.Driver, extensions -> {}, factoryClassLocation -> null, forceIgnoreUnresolvedTransactions -> false, forceSynchronousCheckins -> false, forceUseNamedDriverClass -> false, identityToken -> 1bqq1heaf19bmzd216azltk|2e9527f9, idleConnectionTestPeriod -> 0, initialPoolSize -> 3, jdbcUrl -> jdbc:h2:mem:test?shutdown=true, maxAdministrativeTaskTime -> 0, maxConnectionAge -> 0, maxIdleTime -> 0, maxIdleTimeExcessConnections -> 0, maxPoolSize -> 15, maxStatements -> 0, maxStatementsPerConnection -> 0, minPoolSize -> 3, numHelperThreads -> 3, preferredTestQuery -> null, privilegeSpawnedThreads -> false, properties -> {}, propertyCycle -> 0, statementCacheNumDeferredCloseThreads -> 0, testConnectionOnCheckin -> false, testConnectionOnCheckout -> false, unreturnedConnectionTimeout -> 0, userOverrides -> {}, usesTraditionalReflectiveProxies -> false ]
Fake Proc called
Fake Proc called
Fake Proc called
Feb 15, 2021 1:41:06 AM io.vertx.test.core.AsyncTestBase
INFO: Starting test: JDBCBatchTest#testBatchPreparedStatement
Feb 15, 2021 1:41:06 AM io.vertx.test.core.AsyncTestBase
INFO: Starting test: JDBCBatchTest#testBatchPreparedStatement
Feb 15, 2021 1:41:06 AM com.mchange.v2.c3p0.impl.AbstractPoolBackedDataSource 
INFO: Initializing c3p0 pool... com.mchange.v2.c3p0.ComboPooledDataSource [ acquireIncrement -> 3, acquireRetryAttempts -> 30, acquireRetryDelay -> 1000, autoCommitOnClose -> false, automaticTestTable -> null, breakAfterAcquireFailure -> false, checkoutTimeout -> 0, connectionCustomizerClassName -> null, connectionTesterClassName -> com.mchange.v2.c3p0.impl.DefaultConnectionTester, contextClassLoaderSource -> caller, dataSourceName -> 1bqq1heaf19bmzd216azltk|22735de4, debugUnreturnedConnectionStackTraces -> false, description -> null, driverClass -> org.h2.Driver, extensions -> {}, factoryClassLocation -> null, forceIgnoreUnresolvedTransactions -> false, forceSynchronousCheckins -> false, forceUseNamedDriverClass -> false, identityToken -> 1bqq1heaf19bmzd216azltk|22735de4, idleConnectionTestPeriod -> 0, initialPoolSize -> 3, jdbcUrl -> jdbc:h2:mem:test?shutdown=true, maxAdministrativeTaskTime -> 0, maxConnectionAge -> 0, maxIdleTime -> 0, maxIdleTimeExcessConnections -> 0, maxPoolSize -> 15, maxStatements -> 0, maxStatementsPerConnection -> 0, minPoolSize -> 3, numHelperThreads -> 3, preferredTestQuery -> null, privilegeSpawnedThreads -> false, properties -> {}, propertyCycle -> 0, statementCacheNumDeferredCloseThreads -> 0, testConnectionOnCheckin -> false, testConnectionOnCheckout -> false, unreturnedConnectionTimeout -> 0, userOverrides -> {}, usesTraditionalReflectiveProxies -> false ]
Tests run: 3, Failures: 0, Errors: 0, Skipped: 0, Time elapsed: 0.084 sec - in io.vertx.ext.jdbc.JDBCBatchTest
Running io.vertx.ext.jdbc.JDBCCustomTXIsolationTest
Feb 15, 2021 1:41:06 AM io.vertx.test.core.AsyncTestBase
INFO: Starting test: JDBCCustomTXIsolationTest#testGetSet
Feb 15, 2021 1:41:06 AM io.vertx.test.core.AsyncTestBase
INFO: Starting test: JDBCCustomTXIsolationTest#testGetSet
Feb 15, 2021 1:41:06 AM com.mchange.v2.c3p0.impl.AbstractPoolBackedDataSource 
INFO: Initializing c3p0 pool... com.mchange.v2.c3p0.ComboPooledDataSource [ acquireIncrement -> 3, acquireRetryAttempts -> 30, acquireRetryDelay -> 1000, autoCommitOnClose -> false, automaticTestTable -> null, breakAfterAcquireFailure -> false, checkoutTimeout -> 0, connectionCustomizerClassName -> null, connectionTesterClassName -> com.mchange.v2.c3p0.impl.DefaultConnectionTester, contextClassLoaderSource -> caller, dataSourceName -> 1bqq1heaf19bmzd216azltk|407d9f1d, debugUnreturnedConnectionStackTraces -> false, description -> null, driverClass -> org.h2.Driver, extensions -> {}, factoryClassLocation -> null, forceIgnoreUnresolvedTransactions -> false, forceSynchronousCheckins -> false, forceUseNamedDriverClass -> false, identityToken -> 1bqq1heaf19bmzd216azltk|407d9f1d, idleConnectionTestPeriod -> 0, initialPoolSize -> 3, jdbcUrl -> jdbc:h2:mem:test?shutdown=true, maxAdministrativeTaskTime -> 0, maxConnectionAge -> 0, maxIdleTime -> 0, maxIdleTimeExcessConnections -> 0, maxPoolSize -> 15, maxStatements -> 0, maxStatementsPerConnection -> 0, minPoolSize -> 3, numHelperThreads -> 3, preferredTestQuery -> null, privilegeSpawnedThreads -> false, properties -> {}, propertyCycle -> 0, statementCacheNumDeferredCloseThreads -> 0, testConnectionOnCheckin -> false, testConnectionOnCheckout -> false, unreturnedConnectionTimeout -> 0, userOverrides -> {}, usesTraditionalReflectiveProxies -> false ]
Tests run: 1, Failures: 0, Errors: 0, Skipped: 0, Time elapsed: 0.039 sec - in io.vertx.ext.jdbc.JDBCCustomTXIsolationTest
Running io.vertx.ext.jdbc.spi.impl.HikariCPDataSourceProviderTest
Tests run: 3, Failures: 0, Errors: 0, Skipped: 0, Time elapsed: 0.023 sec - in io.vertx.ext.jdbc.spi.impl.HikariCPDataSourceProviderTest
Running io.vertx.ext.jdbc.spi.impl.AgroalCPDataSourceProviderTest
Tests run: 1, Failures: 0, Errors: 0, Skipped: 0, Time elapsed: 0.004 sec - in io.vertx.ext.jdbc.spi.impl.AgroalCPDataSourceProviderTest
Running io.vertx.ext.jdbc.spi.impl.C3P0DataSourceProviderTest
Feb 15, 2021 1:41:06 AM io.vertx.test.core.AsyncTestBase
INFO: Starting test: C3P0DataSourceProviderTest#stopConnectionAttempts
Feb 15, 2021 1:41:06 AM com.mchange.v2.c3p0.impl.AbstractPoolBackedDataSource 
INFO: Initializing c3p0 pool... com.mchange.v2.c3p0.ComboPooledDataSource [ acquireIncrement -> 3, acquireRetryAttempts -> 1, acquireRetryDelay -> 1000, autoCommitOnClose -> false, automaticTestTable -> null, breakAfterAcquireFailure -> true, checkoutTimeout -> 0, connectionCustomizerClassName -> null, connectionTesterClassName -> com.mchange.v2.c3p0.impl.DefaultConnectionTester, contextClassLoaderSource -> caller, dataSourceName -> 1bqq1heaf19bmzd216azltk|3d77894b, debugUnreturnedConnectionStackTraces -> false, description -> null, driverClass -> org.hsqldb.jdbcDriver, extensions -> {}, factoryClassLocation -> null, forceIgnoreUnresolvedTransactions -> false, forceSynchronousCheckins -> false, forceUseNamedDriverClass -> false, identityToken -> 1bqq1heaf19bmzd216azltk|3d77894b, idleConnectionTestPeriod -> 0, initialPoolSize -> 3, jdbcUrl -> jdbc:hsqldb:hsqls://zoom.zoom.zen.tld/doesnotexist, maxAdministrativeTaskTime -> 0, maxConnectionAge -> 0, maxIdleTime -> 0, maxIdleTimeExcessConnections -> 0, maxPoolSize -> 15, maxStatements -> 0, maxStatementsPerConnection -> 0, minPoolSize -> 3, numHelperThreads -> 3, preferredTestQuery -> null, privilegeSpawnedThreads -> false, properties -> {}, propertyCycle -> 0, statementCacheNumDeferredCloseThreads -> 0, testConnectionOnCheckin -> false, testConnectionOnCheckout -> false, unreturnedConnectionTimeout -> 0, userOverrides -> {}, usesTraditionalReflectiveProxies -> false ]
Feb 15, 2021 1:41:08 AM com.mchange.v2.resourcepool.BasicResourcePool 
WARNING: com.mchange.v2.resourcepool.BasicResourcePool$ScatteredAcquireTask@26ffba90 -- Acquisition Attempt Failed!!! Clearing pending acquires. While trying to acquire a needed new resource, we failed to succeed more than the maximum number of allowed acquisition attempts (1). Last acquisition attempt exception: 
java.sql.SQLTransientConnectionException: java.net.UnknownHostException: zoom.zoom.zen.tld
	at org.hsqldb.jdbc.JDBCUtil.sqlException(Unknown Source)
	at org.hsqldb.jdbc.JDBCUtil.sqlException(Unknown Source)
	at org.hsqldb.jdbc.JDBCConnection.<init>(Unknown Source)
	at org.hsqldb.jdbc.JDBCDriver$1.run(Unknown Source)
Caused by: org.hsqldb.HsqlException: java.net.UnknownHostException: zoom.zoom.zen.tld
	at org.hsqldb.ClientConnection.openConnection(Unknown Source)
	at org.hsqldb.ClientConnection.initConnection(Unknown Source)
	at org.hsqldb.ClientConnection.<init>(Unknown Source)
	... 2 more
Caused by: java.net.UnknownHostException: zoom.zoom.zen.tld
	at java.base/java.net.AbstractPlainSocketImpl.connect(AbstractPlainSocketImpl.java:220)
	at java.base/java.net.SocksSocketImpl.connect(SocksSocketImpl.java:403)
	at java.base/java.net.Socket.connect(Socket.java:609)
	at java.base/sun.security.ssl.SSLSocketImpl.connect(SSLSocketImpl.java:289)
	at java.base/sun.security.ssl.SSLSocketImpl.<init>(SSLSocketImpl.java:148)
	at java.base/sun.security.ssl.SSLSocketFactoryImpl.createSocket(SSLSocketFactoryImpl.java:88)
	at org.hsqldb.server.HsqlSocketFactorySecure.createSocket(Unknown Source)
	at org.hsqldb.server.HsqlSocketFactorySecure.createSocket(Unknown Source)
	... 5 more

Feb 15, 2021 1:41:08 AM com.mchange.v2.resourcepool.BasicResourcePool 
SEVERE: A RESOURCE POOL IS PERMANENTLY BROKEN! [com.mchange.v2.resourcepool.BasicResourcePool$ScatteredAcquireTask@26ffba90] (because a series of 1 acquisition attempts failed.)
Feb 15, 2021 1:41:08 AM com.mchange.v2.resourcepool.BasicResourcePool 
WARNING: com.mchange.v2.resourcepool.BasicResourcePool$ScatteredAcquireTask@2c731627 -- Acquisition Attempt Failed!!! Clearing pending acquires. While trying to acquire a needed new resource, we failed to succeed more than the maximum number of allowed acquisition attempts (1). Last acquisition attempt exception: 
java.sql.SQLTransientConnectionException: java.net.UnknownHostException: zoom.zoom.zen.tld
	at org.hsqldb.jdbc.JDBCUtil.sqlException(Unknown Source)
	at org.hsqldb.jdbc.JDBCUtil.sqlException(Unknown Source)
	at org.hsqldb.jdbc.JDBCConnection.<init>(Unknown Source)
	at org.hsqldb.jdbc.JDBCDriver$1.run(Unknown Source)
Caused by: org.hsqldb.HsqlException: java.net.UnknownHostException: zoom.zoom.zen.tld
	at org.hsqldb.ClientConnection.openConnection(Unknown Source)
	at org.hsqldb.ClientConnection.initConnection(Unknown Source)
	at org.hsqldb.ClientConnection.<init>(Unknown Source)
	... 2 more
Caused by: java.net.UnknownHostException: zoom.zoom.zen.tld
	at java.base/java.net.AbstractPlainSocketImpl.connect(AbstractPlainSocketImpl.java:220)
	at java.base/java.net.SocksSocketImpl.connect(SocksSocketImpl.java:403)
	at java.base/java.net.Socket.connect(Socket.java:609)
	at java.base/sun.security.ssl.SSLSocketImpl.connect(SSLSocketImpl.java:289)
	at java.base/sun.security.ssl.SSLSocketImpl.<init>(SSLSocketImpl.java:148)
	at java.base/sun.security.ssl.SSLSocketFactoryImpl.createSocket(SSLSocketFactoryImpl.java:88)
	at org.hsqldb.server.HsqlSocketFactorySecure.createSocket(Unknown Source)
	at org.hsqldb.server.HsqlSocketFactorySecure.createSocket(Unknown Source)
	... 5 more

Feb 15, 2021 1:41:08 AM com.mchange.v2.resourcepool.BasicResourcePool 
SEVERE: A RESOURCE POOL IS PERMANENTLY BROKEN! [com.mchange.v2.resourcepool.BasicResourcePool$ScatteredAcquireTask@2c731627] (because a series of 1 acquisition attempts failed.)
Feb 15, 2021 1:41:08 AM com.mchange.v2.resourcepool.BasicResourcePool 
SEVERE: com.mchange.v2.resourcepool.BasicResourcePool@224bce5 -- Unexpectedly broken!!!
com.mchange.v2.resourcepool.ResourcePoolException: Unexpected Break Stack Trace!
	at com.mchange.v2.resourcepool.BasicResourcePool.unexpectedBreak(BasicResourcePool.java:1012)
	at com.mchange.v2.resourcepool.BasicResourcePool.access$1000(BasicResourcePool.java:44)
	at com.mchange.v2.resourcepool.BasicResourcePool$ScatteredAcquireTask.run(BasicResourcePool.java:1965)
	at com.mchange.v2.async.ThreadPoolAsynchronousRunner$PoolThread.run(ThreadPoolAsynchronousRunner.java:696)

Feb 15, 2021 1:41:08 AM com.mchange.v2.resourcepool.BasicResourcePool 
INFO: com.mchange.v2.resourcepool.BasicResourcePool@224bce5 -- an attempt to checkout a resource was interrupted, because the pool is now closed. [Thread: vertx-jdbc-service-get-connection-thread]
Feb 15, 2021 1:41:08 AM com.mchange.v2.resourcepool.BasicResourcePool 
SEVERE: com.mchange.v2.resourcepool.BasicResourcePool@224bce5 -- Unexpectedly broken!!!
com.mchange.v2.resourcepool.ResourcePoolException: Unexpected Break Stack Trace!
	at com.mchange.v2.resourcepool.BasicResourcePool.unexpectedBreak(BasicResourcePool.java:1012)
	at com.mchange.v2.resourcepool.BasicResourcePool.access$1000(BasicResourcePool.java:44)
	at com.mchange.v2.resourcepool.BasicResourcePool$ScatteredAcquireTask.run(BasicResourcePool.java:1965)
	at com.mchange.v2.async.ThreadPoolAsynchronousRunner$PoolThread.run(ThreadPoolAsynchronousRunner.java:696)

Feb 15, 2021 1:41:08 AM com.mchange.v2.resourcepool.BasicResourcePool 
WARNING: com.mchange.v2.resourcepool.BasicResourcePool@224bce5 -- close() called multiple times.
Feb 15, 2021 1:41:08 AM com.mchange.v2.resourcepool.BasicResourcePool 
WARNING: com.mchange.v2.resourcepool.BasicResourcePool$ScatteredAcquireTask@58816ce7 -- Acquisition Attempt Failed!!! Clearing pending acquires. While trying to acquire a needed new resource, we failed to succeed more than the maximum number of allowed acquisition attempts (1). Last acquisition attempt exception: 
java.sql.SQLTransientConnectionException: java.net.UnknownHostException: zoom.zoom.zen.tld
	at org.hsqldb.jdbc.JDBCUtil.sqlException(Unknown Source)
	at org.hsqldb.jdbc.JDBCUtil.sqlException(Unknown Source)
	at org.hsqldb.jdbc.JDBCConnection.<init>(Unknown Source)
	at org.hsqldb.jdbc.JDBCDriver$1.run(Unknown Source)
Caused by: org.hsqldb.HsqlException: java.net.UnknownHostException: zoom.zoom.zen.tld
	at org.hsqldb.ClientConnection.openConnection(Unknown Source)
	at org.hsqldb.ClientConnection.initConnection(Unknown Source)
	at org.hsqldb.ClientConnection.<init>(Unknown Source)
	... 2 more
Caused by: java.net.UnknownHostException: zoom.zoom.zen.tld
	at java.base/java.net.AbstractPlainSocketImpl.connect(AbstractPlainSocketImpl.java:220)
	at java.base/java.net.SocksSocketImpl.connect(SocksSocketImpl.java:403)
	at java.base/java.net.Socket.connect(Socket.java:609)
	at java.base/sun.security.ssl.SSLSocketImpl.connect(SSLSocketImpl.java:289)
	at java.base/sun.security.ssl.SSLSocketImpl.<init>(SSLSocketImpl.java:148)
	at java.base/sun.security.ssl.SSLSocketFactoryImpl.createSocket(SSLSocketFactoryImpl.java:88)
	at org.hsqldb.server.HsqlSocketFactorySecure.createSocket(Unknown Source)
	at org.hsqldb.server.HsqlSocketFactorySecure.createSocket(Unknown Source)
	... 5 more

Feb 15, 2021 1:41:08 AM com.mchange.v2.resourcepool.BasicResourcePool 
SEVERE: A RESOURCE POOL IS PERMANENTLY BROKEN! [com.mchange.v2.resourcepool.BasicResourcePool$ScatteredAcquireTask@58816ce7] (because a series of 1 acquisition attempts failed.)
Feb 15, 2021 1:41:08 AM com.mchange.v2.resourcepool.BasicResourcePool 
SEVERE: com.mchange.v2.resourcepool.BasicResourcePool@224bce5 -- Unexpectedly broken!!!
com.mchange.v2.resourcepool.ResourcePoolException: Unexpected Break Stack Trace!
	at com.mchange.v2.resourcepool.BasicResourcePool.unexpectedBreak(BasicResourcePool.java:1012)
	at com.mchange.v2.resourcepool.BasicResourcePool.access$1000(BasicResourcePool.java:44)
	at com.mchange.v2.resourcepool.BasicResourcePool$ScatteredAcquireTask.run(BasicResourcePool.java:1965)
	at com.mchange.v2.async.ThreadPoolAsynchronousRunner$PoolThread.run(ThreadPoolAsynchronousRunner.java:696)

Feb 15, 2021 1:41:08 AM com.mchange.v2.resourcepool.BasicResourcePool 
WARNING: com.mchange.v2.resourcepool.BasicResourcePool@224bce5 -- close() called multiple times.
Feb 15, 2021 1:41:08 AM com.mchange.v2.resourcepool.BasicResourcePool 
WARNING: com.mchange.v2.resourcepool.BasicResourcePool@224bce5 -- close() called multiple times.
Feb 15, 2021 1:41:08 AM io.vertx.test.core.AsyncTestBase
INFO: Starting test: C3P0DataSourceProviderTest#continuingConnectionAttempts
Feb 15, 2021 1:41:08 AM com.mchange.v2.c3p0.impl.AbstractPoolBackedDataSource 
INFO: Initializing c3p0 pool... com.mchange.v2.c3p0.ComboPooledDataSource [ acquireIncrement -> 3, acquireRetryAttempts -> 30, acquireRetryDelay -> 1000, autoCommitOnClose -> false, automaticTestTable -> null, breakAfterAcquireFailure -> false, checkoutTimeout -> 0, connectionCustomizerClassName -> null, connectionTesterClassName -> com.mchange.v2.c3p0.impl.DefaultConnectionTester, contextClassLoaderSource -> caller, dataSourceName -> 1bqq1heaf19bmzd216azltk|79c4ef9a, debugUnreturnedConnectionStackTraces -> false, description -> null, driverClass -> org.hsqldb.jdbcDriver, extensions -> {}, factoryClassLocation -> null, forceIgnoreUnresolvedTransactions -> false, forceSynchronousCheckins -> false, forceUseNamedDriverClass -> false, identityToken -> 1bqq1heaf19bmzd216azltk|79c4ef9a, idleConnectionTestPeriod -> 0, initialPoolSize -> 3, jdbcUrl -> jdbc:hsqldb:hsqls://zoom.zoom.zen.tld/doesnotexist, maxAdministrativeTaskTime -> 0, maxConnectionAge -> 0, maxIdleTime -> 0, maxIdleTimeExcessConnections -> 0, maxPoolSize -> 15, maxStatements -> 0, maxStatementsPerConnection -> 0, minPoolSize -> 3, numHelperThreads -> 3, preferredTestQuery -> null, privilegeSpawnedThreads -> false, properties -> {}, propertyCycle -> 0, statementCacheNumDeferredCloseThreads -> 0, testConnectionOnCheckin -> false, testConnectionOnCheckout -> false, unreturnedConnectionTimeout -> 0, userOverrides -> {}, usesTraditionalReflectiveProxies -> false ]
Feb 15, 2021 1:41:10 AM com.mchange.v2.resourcepool.BasicResourcePool 
INFO: com.mchange.v2.resourcepool.BasicResourcePool@e020643 -- an attempt to checkout a resource was interrupted, because the pool is now closed. [Thread: vertx-jdbc-service-get-connection-thread]
Tests run: 2, Failures: 0, Errors: 0, Skipped: 0, Time elapsed: 3.191 sec - in io.vertx.ext.jdbc.spi.impl.C3P0DataSourceProviderTest
Running io.vertx.ext.jdbc.SharedClientTest
Feb 15, 2021 1:41:10 AM io.vertx.test.core.AsyncTestBase
INFO: Starting test: SharedClientTest#testDeadlock
Tests run: 1, Failures: 0, Errors: 0, Skipped: 0, Time elapsed: 0.162 sec - in io.vertx.ext.jdbc.SharedClientTest
Running io.vertx.ext.jdbc.impl.actions.OptimisticCastTest
Tests run: 11, Failures: 0, Errors: 0, Skipped: 0, Time elapsed: 0.002 sec - in io.vertx.ext.jdbc.impl.actions.OptimisticCastTest
Running io.vertx.ext.jdbc.impl.actions.SQLConvertTest
Tests run: 7, Failures: 0, Errors: 0, Skipped: 0, Time elapsed: 0.002 sec - in io.vertx.ext.jdbc.impl.actions.SQLConvertTest
Running io.vertx.ext.jdbc.JDBCStoredProcedureTest
Feb 15, 2021 1:41:10 AM io.vertx.test.core.AsyncTestBase
INFO: Starting test: JDBCStoredProcedureTest#testStoredProcedure0
Feb 15, 2021 1:41:10 AM io.vertx.test.core.AsyncTestBase
INFO: Starting test: JDBCStoredProcedureTest#testStoredProcedure0
Feb 15, 2021 1:41:10 AM com.mchange.v2.c3p0.impl.AbstractPoolBackedDataSource 
INFO: Initializing c3p0 pool... com.mchange.v2.c3p0.ComboPooledDataSource [ acquireIncrement -> 3, acquireRetryAttempts -> 30, acquireRetryDelay -> 1000, autoCommitOnClose -> false, automaticTestTable -> null, breakAfterAcquireFailure -> false, checkoutTimeout -> 0, connectionCustomizerClassName -> null, connectionTesterClassName -> com.mchange.v2.c3p0.impl.DefaultConnectionTester, contextClassLoaderSource -> caller, dataSourceName -> 1bqq1heaf19bmzd216azltk|515f3973, debugUnreturnedConnectionStackTraces -> false, description -> null, driverClass -> org.hsqldb.jdbcDriver, extensions -> {}, factoryClassLocation -> null, forceIgnoreUnresolvedTransactions -> false, forceSynchronousCheckins -> false, forceUseNamedDriverClass -> false, identityToken -> 1bqq1heaf19bmzd216azltk|515f3973, idleConnectionTestPeriod -> 0, initialPoolSize -> 3, jdbcUrl -> jdbc:hsqldb:mem:test?shutdown=true, maxAdministrativeTaskTime -> 0, maxConnectionAge -> 0, maxIdleTime -> 0, maxIdleTimeExcessConnections -> 0, maxPoolSize -> 15, maxStatements -> 0, maxStatementsPerConnection -> 0, minPoolSize -> 3, numHelperThreads -> 3, preferredTestQuery -> null, privilegeSpawnedThreads -> false, properties -> {}, propertyCycle -> 0, statementCacheNumDeferredCloseThreads -> 0, testConnectionOnCheckin -> false, testConnectionOnCheckout -> false, unreturnedConnectionTimeout -> 0, userOverrides -> {}, usesTraditionalReflectiveProxies -> false ]
Feb 15, 2021 1:41:10 AM io.vertx.test.core.AsyncTestBase
INFO: Starting test: JDBCStoredProcedureTest#testStoredProcedure1
Feb 15, 2021 1:41:10 AM io.vertx.test.core.AsyncTestBase
INFO: Starting test: JDBCStoredProcedureTest#testStoredProcedure1
Feb 15, 2021 1:41:10 AM com.mchange.v2.c3p0.impl.AbstractPoolBackedDataSource 
INFO: Initializing c3p0 pool... com.mchange.v2.c3p0.ComboPooledDataSource [ acquireIncrement -> 3, acquireRetryAttempts -> 30, acquireRetryDelay -> 1000, autoCommitOnClose -> false, automaticTestTable -> null, breakAfterAcquireFailure -> false, checkoutTimeout -> 0, connectionCustomizerClassName -> null, connectionTesterClassName -> com.mchange.v2.c3p0.impl.DefaultConnectionTester, contextClassLoaderSource -> caller, dataSourceName -> 1bqq1heaf19bmzd216azltk|1d63f728, debugUnreturnedConnectionStackTraces -> false, description -> null, driverClass -> org.hsqldb.jdbcDriver, extensions -> {}, factoryClassLocation -> null, forceIgnoreUnresolvedTransactions -> false, forceSynchronousCheckins -> false, forceUseNamedDriverClass -> false, identityToken -> 1bqq1heaf19bmzd216azltk|1d63f728, idleConnectionTestPeriod -> 0, initialPoolSize -> 3, jdbcUrl -> jdbc:hsqldb:mem:test?shutdown=true, maxAdministrativeTaskTime -> 0, maxConnectionAge -> 0, maxIdleTime -> 0, maxIdleTimeExcessConnections -> 0, maxPoolSize -> 15, maxStatements -> 0, maxStatementsPerConnection -> 0, minPoolSize -> 3, numHelperThreads -> 3, preferredTestQuery -> null, privilegeSpawnedThreads -> false, properties -> {}, propertyCycle -> 0, statementCacheNumDeferredCloseThreads -> 0, testConnectionOnCheckin -> false, testConnectionOnCheckout -> false, unreturnedConnectionTimeout -> 0, userOverrides -> {}, usesTraditionalReflectiveProxies -> false ]
Feb 15, 2021 1:41:10 AM io.vertx.test.core.AsyncTestBase
INFO: Starting test: JDBCStoredProcedureTest#testStoredProcedure2
Feb 15, 2021 1:41:10 AM io.vertx.test.core.AsyncTestBase
INFO: Starting test: JDBCStoredProcedureTest#testStoredProcedure2
Feb 15, 2021 1:41:10 AM com.mchange.v2.c3p0.impl.AbstractPoolBackedDataSource 
INFO: Initializing c3p0 pool... com.mchange.v2.c3p0.ComboPooledDataSource [ acquireIncrement -> 3, acquireRetryAttempts -> 30, acquireRetryDelay -> 1000, autoCommitOnClose -> false, automaticTestTable -> null, breakAfterAcquireFailure -> false, checkoutTimeout -> 0, connectionCustomizerClassName -> null, connectionTesterClassName -> com.mchange.v2.c3p0.impl.DefaultConnectionTester, contextClassLoaderSource -> caller, dataSourceName -> 1bqq1heaf19bmzd216azltk|1cebb5c3, debugUnreturnedConnectionStackTraces -> false, description -> null, driverClass -> org.hsqldb.jdbcDriver, extensions -> {}, factoryClassLocation -> null, forceIgnoreUnresolvedTransactions -> false, forceSynchronousCheckins -> false, forceUseNamedDriverClass -> false, identityToken -> 1bqq1heaf19bmzd216azltk|1cebb5c3, idleConnectionTestPeriod -> 0, initialPoolSize -> 3, jdbcUrl -> jdbc:hsqldb:mem:test?shutdown=true, maxAdministrativeTaskTime -> 0, maxConnectionAge -> 0, maxIdleTime -> 0, maxIdleTimeExcessConnections -> 0, maxPoolSize -> 15, maxStatements -> 0, maxStatementsPerConnection -> 0, minPoolSize -> 3, numHelperThreads -> 3, preferredTestQuery -> null, privilegeSpawnedThreads -> false, properties -> {}, propertyCycle -> 0, statementCacheNumDeferredCloseThreads -> 0, testConnectionOnCheckin -> false, testConnectionOnCheckout -> false, unreturnedConnectionTimeout -> 0, userOverrides -> {}, usesTraditionalReflectiveProxies -> false ]
Feb 15, 2021 1:41:10 AM io.vertx.test.core.AsyncTestBase
INFO: Starting test: JDBCStoredProcedureTest#testStoredProcedure3
Feb 15, 2021 1:41:10 AM io.vertx.test.core.AsyncTestBase
INFO: Starting test: JDBCStoredProcedureTest#testStoredProcedure3
Feb 15, 2021 1:41:10 AM com.mchange.v2.c3p0.impl.AbstractPoolBackedDataSource 
INFO: Initializing c3p0 pool... com.mchange.v2.c3p0.ComboPooledDataSource [ acquireIncrement -> 3, acquireRetryAttempts -> 30, acquireRetryDelay -> 1000, autoCommitOnClose -> false, automaticTestTable -> null, breakAfterAcquireFailure -> false, checkoutTimeout -> 0, connectionCustomizerClassName -> null, connectionTesterClassName -> com.mchange.v2.c3p0.impl.DefaultConnectionTester, contextClassLoaderSource -> caller, dataSourceName -> 1bqq1heaf19bmzd216azltk|139c039, debugUnreturnedConnectionStackTraces -> false, description -> null, driverClass -> org.hsqldb.jdbcDriver, extensions -> {}, factoryClassLocation -> null, forceIgnoreUnresolvedTransactions -> false, forceSynchronousCheckins -> false, forceUseNamedDriverClass -> false, identityToken -> 1bqq1heaf19bmzd216azltk|139c039, idleConnectionTestPeriod -> 0, initialPoolSize -> 3, jdbcUrl -> jdbc:hsqldb:mem:test?shutdown=true, maxAdministrativeTaskTime -> 0, maxConnectionAge -> 0, maxIdleTime -> 0, maxIdleTimeExcessConnections -> 0, maxPoolSize -> 15, maxStatements -> 0, maxStatementsPerConnection -> 0, minPoolSize -> 3, numHelperThreads -> 3, preferredTestQuery -> null, privilegeSpawnedThreads -> false, properties -> {}, propertyCycle -> 0, statementCacheNumDeferredCloseThreads -> 0, testConnectionOnCheckin -> false, testConnectionOnCheckout -> false, unreturnedConnectionTimeout -> 0, userOverrides -> {}, usesTraditionalReflectiveProxies -> false ]
Feb 15, 2021 1:41:10 AM io.vertx.test.core.AsyncTestBase
INFO: Starting test: JDBCStoredProcedureTest#testStoredProcedure4
Feb 15, 2021 1:41:10 AM io.vertx.test.core.AsyncTestBase
INFO: Starting test: JDBCStoredProcedureTest#testStoredProcedure4
Feb 15, 2021 1:41:10 AM com.mchange.v2.c3p0.impl.AbstractPoolBackedDataSource 
INFO: Initializing c3p0 pool... com.mchange.v2.c3p0.ComboPooledDataSource [ acquireIncrement -> 3, acquireRetryAttempts -> 30, acquireRetryDelay -> 1000, autoCommitOnClose -> false, automaticTestTable -> null, breakAfterAcquireFailure -> false, checkoutTimeout -> 0, connectionCustomizerClassName -> null, connectionTesterClassName -> com.mchange.v2.c3p0.impl.DefaultConnectionTester, contextClassLoaderSource -> caller, dataSourceName -> 1bqq1heaf19bmzd216azltk|3734b4fd, debugUnreturnedConnectionStackTraces -> false, description -> null, driverClass -> org.hsqldb.jdbcDriver, extensions -> {}, factoryClassLocation -> null, forceIgnoreUnresolvedTransactions -> false, forceSynchronousCheckins -> false, forceUseNamedDriverClass -> false, identityToken -> 1bqq1heaf19bmzd216azltk|3734b4fd, idleConnectionTestPeriod -> 0, initialPoolSize -> 3, jdbcUrl -> jdbc:hsqldb:mem:test?shutdown=true, maxAdministrativeTaskTime -> 0, maxConnectionAge -> 0, maxIdleTime -> 0, maxIdleTimeExcessConnections -> 0, maxPoolSize -> 15, maxStatements -> 0, maxStatementsPerConnection -> 0, minPoolSize -> 3, numHelperThreads -> 3, preferredTestQuery -> null, privilegeSpawnedThreads -> false, properties -> {}, propertyCycle -> 0, statementCacheNumDeferredCloseThreads -> 0, testConnectionOnCheckin -> false, testConnectionOnCheckout -> false, unreturnedConnectionTimeout -> 0, userOverrides -> {}, usesTraditionalReflectiveProxies -> false ]
Feb 15, 2021 1:41:10 AM io.vertx.test.core.AsyncTestBase
INFO: Starting test: JDBCStoredProcedureTest#testStoredProcedure5
Feb 15, 2021 1:41:10 AM io.vertx.test.core.AsyncTestBase
INFO: Starting test: JDBCStoredProcedureTest#testStoredProcedure5
Feb 15, 2021 1:41:10 AM com.mchange.v2.c3p0.impl.AbstractPoolBackedDataSource 
INFO: Initializing c3p0 pool... com.mchange.v2.c3p0.ComboPooledDataSource [ acquireIncrement -> 3, acquireRetryAttempts -> 30, acquireRetryDelay -> 1000, autoCommitOnClose -> false, automaticTestTable -> null, breakAfterAcquireFailure -> false, checkoutTimeout -> 0, connectionCustomizerClassName -> null, connectionTesterClassName -> com.mchange.v2.c3p0.impl.DefaultConnectionTester, contextClassLoaderSource -> caller, dataSourceName -> 1bqq1heaf19bmzd216azltk|f71552a, debugUnreturnedConnectionStackTraces -> false, description -> null, driverClass -> org.hsqldb.jdbcDriver, extensions -> {}, factoryClassLocation -> null, forceIgnoreUnresolvedTransactions -> false, forceSynchronousCheckins -> false, forceUseNamedDriverClass -> false, identityToken -> 1bqq1heaf19bmzd216azltk|f71552a, idleConnectionTestPeriod -> 0, initialPoolSize -> 3, jdbcUrl -> jdbc:hsqldb:mem:test?shutdown=true, maxAdministrativeTaskTime -> 0, maxConnectionAge -> 0, maxIdleTime -> 0, maxIdleTimeExcessConnections -> 0, maxPoolSize -> 15, maxStatements -> 0, maxStatementsPerConnection -> 0, minPoolSize -> 3, numHelperThreads -> 3, preferredTestQuery -> null, privilegeSpawnedThreads -> false, properties -> {}, propertyCycle -> 0, statementCacheNumDeferredCloseThreads -> 0, testConnectionOnCheckin -> false, testConnectionOnCheckout -> false, unreturnedConnectionTimeout -> 0, userOverrides -> {}, usesTraditionalReflectiveProxies -> false ]
Feb 15, 2021 1:41:10 AM io.vertx.test.core.AsyncTestBase
INFO: Starting test: JDBCStoredProcedureTest#testStoredProcedure6
Feb 15, 2021 1:41:10 AM io.vertx.test.core.AsyncTestBase
INFO: Starting test: JDBCStoredProcedureTest#testStoredProcedure6
Feb 15, 2021 1:41:10 AM com.mchange.v2.c3p0.impl.AbstractPoolBackedDataSource 
INFO: Initializing c3p0 pool... com.mchange.v2.c3p0.ComboPooledDataSource [ acquireIncrement -> 3, acquireRetryAttempts -> 30, acquireRetryDelay -> 1000, autoCommitOnClose -> false, automaticTestTable -> null, breakAfterAcquireFailure -> false, checkoutTimeout -> 0, connectionCustomizerClassName -> null, connectionTesterClassName -> com.mchange.v2.c3p0.impl.DefaultConnectionTester, contextClassLoaderSource -> caller, dataSourceName -> 1bqq1heaf19bmzd216azltk|2b7083ed, debugUnreturnedConnectionStackTraces -> false, description -> null, driverClass -> org.hsqldb.jdbcDriver, extensions -> {}, factoryClassLocation -> null, forceIgnoreUnresolvedTransactions -> false, forceSynchronousCheckins -> false, forceUseNamedDriverClass -> false, identityToken -> 1bqq1heaf19bmzd216azltk|2b7083ed, idleConnectionTestPeriod -> 0, initialPoolSize -> 3, jdbcUrl -> jdbc:hsqldb:mem:test?shutdown=true, maxAdministrativeTaskTime -> 0, maxConnectionAge -> 0, maxIdleTime -> 0, maxIdleTimeExcessConnections -> 0, maxPoolSize -> 15, maxStatements -> 0, maxStatementsPerConnection -> 0, minPoolSize -> 3, numHelperThreads -> 3, preferredTestQuery -> null, privilegeSpawnedThreads -> false, properties -> {}, propertyCycle -> 0, statementCacheNumDeferredCloseThreads -> 0, testConnectionOnCheckin -> false, testConnectionOnCheckout -> false, unreturnedConnectionTimeout -> 0, userOverrides -> {}, usesTraditionalReflectiveProxies -> false ]
Feb 15, 2021 1:41:10 AM io.vertx.test.core.AsyncTestBase
INFO: Starting test: JDBCStoredProcedureTest#testStoredProcedure7
Feb 15, 2021 1:41:10 AM io.vertx.test.core.AsyncTestBase
INFO: Starting test: JDBCStoredProcedureTest#testStoredProcedure7
Feb 15, 2021 1:41:10 AM com.mchange.v2.c3p0.impl.AbstractPoolBackedDataSource 
INFO: Initializing c3p0 pool... com.mchange.v2.c3p0.ComboPooledDataSource [ acquireIncrement -> 3, acquireRetryAttempts -> 30, acquireRetryDelay -> 1000, autoCommitOnClose -> false, automaticTestTable -> null, breakAfterAcquireFailure -> false, checkoutTimeout -> 0, connectionCustomizerClassName -> null, connectionTesterClassName -> com.mchange.v2.c3p0.impl.DefaultConnectionTester, contextClassLoaderSource -> caller, dataSourceName -> 1bqq1heaf19bmzd216azltk|292e50e2, debugUnreturnedConnectionStackTraces -> false, description -> null, driverClass -> org.hsqldb.jdbcDriver, extensions -> {}, factoryClassLocation -> null, forceIgnoreUnresolvedTransactions -> false, forceSynchronousCheckins -> false, forceUseNamedDriverClass -> false, identityToken -> 1bqq1heaf19bmzd216azltk|292e50e2, idleConnectionTestPeriod -> 0, initialPoolSize -> 3, jdbcUrl -> jdbc:hsqldb:mem:test?shutdown=true, maxAdministrativeTaskTime -> 0, maxConnectionAge -> 0, maxIdleTime -> 0, maxIdleTimeExcessConnections -> 0, maxPoolSize -> 15, maxStatements -> 0, maxStatementsPerConnection -> 0, minPoolSize -> 3, numHelperThreads -> 3, preferredTestQuery -> null, privilegeSpawnedThreads -> false, properties -> {}, propertyCycle -> 0, statementCacheNumDeferredCloseThreads -> 0, testConnectionOnCheckin -> false, testConnectionOnCheckout -> false, unreturnedConnectionTimeout -> 0, userOverrides -> {}, usesTraditionalReflectiveProxies -> false ]
Feb 15, 2021 1:41:10 AM io.vertx.test.core.AsyncTestBase
INFO: Starting test: JDBCStoredProcedureTest#testReturnIds
Feb 15, 2021 1:41:10 AM io.vertx.test.core.AsyncTestBase
INFO: Starting test: JDBCStoredProcedureTest#testReturnIds
Feb 15, 2021 1:41:10 AM com.mchange.v2.c3p0.impl.AbstractPoolBackedDataSource 
INFO: Initializing c3p0 pool... com.mchange.v2.c3p0.ComboPooledDataSource [ acquireIncrement -> 3, acquireRetryAttempts -> 30, acquireRetryDelay -> 1000, autoCommitOnClose -> false, automaticTestTable -> null, breakAfterAcquireFailure -> false, checkoutTimeout -> 0, connectionCustomizerClassName -> null, connectionTesterClassName -> com.mchange.v2.c3p0.impl.DefaultConnectionTester, contextClassLoaderSource -> caller, dataSourceName -> 1bqq1heaf19bmzd216azltk|457861, debugUnreturnedConnectionStackTraces -> false, description -> null, driverClass -> org.hsqldb.jdbcDriver, extensions -> {}, factoryClassLocation -> null, forceIgnoreUnresolvedTransactions -> false, forceSynchronousCheckins -> false, forceUseNamedDriverClass -> false, identityToken -> 1bqq1heaf19bmzd216azltk|457861, idleConnectionTestPeriod -> 0, initialPoolSize -> 3, jdbcUrl -> jdbc:hsqldb:mem:test?shutdown=true, maxAdministrativeTaskTime -> 0, maxConnectionAge -> 0, maxIdleTime -> 0, maxIdleTimeExcessConnections -> 0, maxPoolSize -> 15, maxStatements -> 0, maxStatementsPerConnection -> 0, minPoolSize -> 3, numHelperThreads -> 3, preferredTestQuery -> null, privilegeSpawnedThreads -> false, properties -> {}, propertyCycle -> 0, statementCacheNumDeferredCloseThreads -> 0, testConnectionOnCheckin -> false, testConnectionOnCheckout -> false, unreturnedConnectionTimeout -> 0, userOverrides -> {}, usesTraditionalReflectiveProxies -> false ]
Tests run: 9, Failures: 1, Errors: 0, Skipped: 0, Time elapsed: 0.35 sec <<< FAILURE! - in io.vertx.ext.jdbc.JDBCStoredProcedureTest
testStoredProcedure7(io.vertx.ext.jdbc.JDBCStoredProcedureTest)  Time elapsed: 0.021 sec  <<< FAILURE!
java.lang.AssertionError: Unexpected threads after test:C3P0PooledConnectionPoolManager[identityToken->1bqq1heaf19bmzd216azltk|292e50e2]-AdminTaskTimer: state=TERMINATED/alive=false, C3P0PooledConnectionPoolManager[identityToken->1bqq1heaf19bmzd216azltk|292e50e2]-HelperThread-#0: state=TERMINATED/alive=false.
	at org.junit.Assert.fail(Assert.java:89)
	at io.vertx.ThreadLeakCheckerRule.check(ThreadLeakCheckerRule.java:63)
	at io.vertx.ThreadLeakCheckerRule.access$000(ThreadLeakCheckerRule.java:28)
	at io.vertx.ThreadLeakCheckerRule$1.evaluate(ThreadLeakCheckerRule.java:50)
	at org.junit.rules.TestWatcher$1.evaluate(TestWatcher.java:61)
	at org.junit.runners.ParentRunner$3.evaluate(ParentRunner.java:306)
	at org.junit.runners.BlockJUnit4ClassRunner$1.evaluate(BlockJUnit4ClassRunner.java:100)
	at org.junit.runners.ParentRunner.runLeaf(ParentRunner.java:366)
	at org.junit.runners.BlockJUnit4ClassRunner.runChild(BlockJUnit4ClassRunner.java:103)
	at org.junit.runners.BlockJUnit4ClassRunner.runChild(BlockJUnit4ClassRunner.java:63)
	at org.junit.runners.ParentRunner$4.run(ParentRunner.java:331)
	at org.junit.runners.ParentRunner$1.schedule(ParentRunner.java:79)
	at org.junit.runners.ParentRunner.runChildren(ParentRunner.java:329)
	at org.junit.runners.ParentRunner.access$100(ParentRunner.java:66)
	at org.junit.runners.ParentRunner$2.evaluate(ParentRunner.java:293)
	at org.junit.internal.runners.statements.RunBefores.evaluate(RunBefores.java:26)
	at org.junit.runners.ParentRunner$3.evaluate(ParentRunner.java:306)
	at org.junit.runners.ParentRunner.run(ParentRunner.java:413)
	at org.apache.maven.surefire.junit4.JUnit4Provider.execute(JUnit4Provider.java:283)
	at org.apache.maven.surefire.junit4.JUnit4Provider.executeWithRerun(JUnit4Provider.java:173)
	at org.apache.maven.surefire.junit4.JUnit4Provider.executeTestSet(JUnit4Provider.java:153)
	at org.apache.maven.surefire.junit4.JUnit4Provider.invoke(JUnit4Provider.java:128)
	at org.apache.maven.surefire.booter.ForkedBooter.invokeProviderInSameClassLoader(ForkedBooter.java:203)
	at org.apache.maven.surefire.booter.ForkedBooter.runSuitesInProcess(ForkedBooter.java:155)
	at org.apache.maven.surefire.booter.ForkedBooter.main(ForkedBooter.java:103)

Running io.vertx.ext.jdbc.CloseTest
Feb 15, 2021 1:41:10 AM io.vertx.test.core.AsyncTestBase
INFO: Starting test: CloseTest#testUsingSharedInVerticle
Feb 15, 2021 1:41:10 AM com.mchange.v2.c3p0.impl.AbstractPoolBackedDataSource 
INFO: Initializing c3p0 pool... com.mchange.v2.c3p0.ComboPooledDataSource [ acquireIncrement -> 3, acquireRetryAttempts -> 30, acquireRetryDelay -> 1000, autoCommitOnClose -> false, automaticTestTable -> null, breakAfterAcquireFailure -> false, checkoutTimeout -> 0, connectionCustomizerClassName -> null, connectionTesterClassName -> com.mchange.v2.c3p0.impl.DefaultConnectionTester, contextClassLoaderSource -> caller, dataSourceName -> 1bqq1heaf19bmzd216azltk|5baa92c7, debugUnreturnedConnectionStackTraces -> false, description -> null, driverClass -> org.hsqldb.jdbcDriver, extensions -> {}, factoryClassLocation -> null, forceIgnoreUnresolvedTransactions -> false, forceSynchronousCheckins -> false, forceUseNamedDriverClass -> false, identityToken -> 1bqq1heaf19bmzd216azltk|5baa92c7, idleConnectionTestPeriod -> 0, initialPoolSize -> 3, jdbcUrl -> jdbc:hsqldb:mem:test?shutdown=true, maxAdministrativeTaskTime -> 0, maxConnectionAge -> 0, maxIdleTime -> 0, maxIdleTimeExcessConnections -> 0, maxPoolSize -> 15, maxStatements -> 0, maxStatementsPerConnection -> 0, minPoolSize -> 3, numHelperThreads -> 3, preferredTestQuery -> null, privilegeSpawnedThreads -> false, properties -> {}, propertyCycle -> 0, statementCacheNumDeferredCloseThreads -> 0, testConnectionOnCheckin -> false, testConnectionOnCheckout -> false, unreturnedConnectionTimeout -> 0, userOverrides -> {}, usesTraditionalReflectiveProxies -> false ]
Feb 15, 2021 1:41:10 AM io.vertx.test.core.AsyncTestBase
INFO: Starting test: CloseTest#testUsingSharedInVerticle2
Feb 15, 2021 1:41:10 AM com.mchange.v2.c3p0.impl.AbstractPoolBackedDataSource 
INFO: Initializing c3p0 pool... com.mchange.v2.c3p0.ComboPooledDataSource [ acquireIncrement -> 3, acquireRetryAttempts -> 30, acquireRetryDelay -> 1000, autoCommitOnClose -> false, automaticTestTable -> null, breakAfterAcquireFailure -> false, checkoutTimeout -> 0, connectionCustomizerClassName -> null, connectionTesterClassName -> com.mchange.v2.c3p0.impl.DefaultConnectionTester, contextClassLoaderSource -> caller, dataSourceName -> 1bqq1heaf19bmzd216azltk|81d3e8d, debugUnreturnedConnectionStackTraces -> false, description -> null, driverClass -> org.hsqldb.jdbcDriver, extensions -> {}, factoryClassLocation -> null, forceIgnoreUnresolvedTransactions -> false, forceSynchronousCheckins -> false, forceUseNamedDriverClass -> false, identityToken -> 1bqq1heaf19bmzd216azltk|81d3e8d, idleConnectionTestPeriod -> 0, initialPoolSize -> 3, jdbcUrl -> jdbc:hsqldb:mem:test?shutdown=true, maxAdministrativeTaskTime -> 0, maxConnectionAge -> 0, maxIdleTime -> 0, maxIdleTimeExcessConnections -> 0, maxPoolSize -> 15, maxStatements -> 0, maxStatementsPerConnection -> 0, minPoolSize -> 3, numHelperThreads -> 3, preferredTestQuery -> null, privilegeSpawnedThreads -> false, properties -> {}, propertyCycle -> 0, statementCacheNumDeferredCloseThreads -> 0, testConnectionOnCheckin -> false, testConnectionOnCheckout -> false, unreturnedConnectionTimeout -> 0, userOverrides -> {}, usesTraditionalReflectiveProxies -> false ]
Feb 15, 2021 1:41:10 AM io.vertx.test.core.AsyncTestBase
INFO: Starting test: CloseTest#testUsingNonSharedInVerticle2
Feb 15, 2021 1:41:10 AM com.mchange.v2.c3p0.impl.AbstractPoolBackedDataSource 
INFO: Initializing c3p0 pool... com.mchange.v2.c3p0.ComboPooledDataSource [ acquireIncrement -> 3, acquireRetryAttempts -> 30, acquireRetryDelay -> 1000, autoCommitOnClose -> false, automaticTestTable -> null, breakAfterAcquireFailure -> false, checkoutTimeout -> 0, connectionCustomizerClassName -> null, connectionTesterClassName -> com.mchange.v2.c3p0.impl.DefaultConnectionTester, contextClassLoaderSource -> caller, dataSourceName -> 1bqq1heaf19bmzd216azltk|46802ba6, debugUnreturnedConnectionStackTraces -> false, description -> null, driverClass -> org.hsqldb.jdbcDriver, extensions -> {}, factoryClassLocation -> null, forceIgnoreUnresolvedTransactions -> false, forceSynchronousCheckins -> false, forceUseNamedDriverClass -> false, identityToken -> 1bqq1heaf19bmzd216azltk|46802ba6, idleConnectionTestPeriod -> 0, initialPoolSize -> 3, jdbcUrl -> jdbc:hsqldb:mem:test?shutdown=true, maxAdministrativeTaskTime -> 0, maxConnectionAge -> 0, maxIdleTime -> 0, maxIdleTimeExcessConnections -> 0, maxPoolSize -> 15, maxStatements -> 0, maxStatementsPerConnection -> 0, minPoolSize -> 3, numHelperThreads -> 3, preferredTestQuery -> null, privilegeSpawnedThreads -> false, properties -> {}, propertyCycle -> 0, statementCacheNumDeferredCloseThreads -> 0, testConnectionOnCheckin -> false, testConnectionOnCheckout -> false, unreturnedConnectionTimeout -> 0, userOverrides -> {}, usesTraditionalReflectiveProxies -> false ]
Feb 15, 2021 1:41:10 AM com.mchange.v2.c3p0.impl.AbstractPoolBackedDataSource 
INFO: Initializing c3p0 pool... com.mchange.v2.c3p0.ComboPooledDataSource [ acquireIncrement -> 3, acquireRetryAttempts -> 30, acquireRetryDelay -> 1000, autoCommitOnClose -> false, automaticTestTable -> null, breakAfterAcquireFailure -> false, checkoutTimeout -> 0, connectionCustomizerClassName -> null, connectionTesterClassName -> com.mchange.v2.c3p0.impl.DefaultConnectionTester, contextClassLoaderSource -> caller, dataSourceName -> 1bqq1heaf19bmzd216azltk|3ab33649, debugUnreturnedConnectionStackTraces -> false, description -> null, driverClass -> org.hsqldb.jdbcDriver, extensions -> {}, factoryClassLocation -> null, forceIgnoreUnresolvedTransactions -> false, forceSynchronousCheckins -> false, forceUseNamedDriverClass -> false, identityToken -> 1bqq1heaf19bmzd216azltk|3ab33649, idleConnectionTestPeriod -> 0, initialPoolSize -> 3, jdbcUrl -> jdbc:hsqldb:mem:test?shutdown=true, maxAdministrativeTaskTime -> 0, maxConnectionAge -> 0, maxIdleTime -> 0, maxIdleTimeExcessConnections -> 0, maxPoolSize -> 15, maxStatements -> 0, maxStatementsPerConnection -> 0, minPoolSize -> 3, numHelperThreads -> 3, preferredTestQuery -> null, privilegeSpawnedThreads -> false, properties -> {}, propertyCycle -> 0, statementCacheNumDeferredCloseThreads -> 0, testConnectionOnCheckin -> false, testConnectionOnCheckout -> false, unreturnedConnectionTimeout -> 0, userOverrides -> {}, usesTraditionalReflectiveProxies -> false ]
Feb 15, 2021 1:41:10 AM io.vertx.test.core.AsyncTestBase
INFO: Starting test: CloseTest#testUsingNonSharedInVerticle
Feb 15, 2021 1:41:10 AM com.mchange.v2.c3p0.impl.AbstractPoolBackedDataSource 
INFO: Initializing c3p0 pool... com.mchange.v2.c3p0.ComboPooledDataSource [ acquireIncrement -> 3, acquireRetryAttempts -> 30, acquireRetryDelay -> 1000, autoCommitOnClose -> false, automaticTestTable -> null, breakAfterAcquireFailure -> false, checkoutTimeout -> 0, connectionCustomizerClassName -> null, connectionTesterClassName -> com.mchange.v2.c3p0.impl.DefaultConnectionTester, contextClassLoaderSource -> caller, dataSourceName -> 1bqq1heaf19bmzd216azltk|53605f49, debugUnreturnedConnectionStackTraces -> false, description -> null, driverClass -> org.hsqldb.jdbcDriver, extensions -> {}, factoryClassLocation -> null, forceIgnoreUnresolvedTransactions -> false, forceSynchronousCheckins -> false, forceUseNamedDriverClass -> false, identityToken -> 1bqq1heaf19bmzd216azltk|53605f49, idleConnectionTestPeriod -> 0, initialPoolSize -> 3, jdbcUrl -> jdbc:hsqldb:mem:test?shutdown=true, maxAdministrativeTaskTime -> 0, maxConnectionAge -> 0, maxIdleTime -> 0, maxIdleTimeExcessConnections -> 0, maxPoolSize -> 15, maxStatements -> 0, maxStatementsPerConnection -> 0, minPoolSize -> 3, numHelperThreads -> 3, preferredTestQuery -> null, privilegeSpawnedThreads -> false, properties -> {}, propertyCycle -> 0, statementCacheNumDeferredCloseThreads -> 0, testConnectionOnCheckin -> false, testConnectionOnCheckout -> false, unreturnedConnectionTimeout -> 0, userOverrides -> {}, usesTraditionalReflectiveProxies -> false ]
Feb 15, 2021 1:41:10 AM io.vertx.test.core.AsyncTestBase
INFO: Starting test: CloseTest#testUsingProvidedDataSourceVerticle
Feb 15, 2021 1:41:10 AM com.mchange.v2.c3p0.impl.AbstractPoolBackedDataSource 
INFO: Initializing c3p0 pool... com.mchange.v2.c3p0.ComboPooledDataSource [ acquireIncrement -> 3, acquireRetryAttempts -> 30, acquireRetryDelay -> 1000, autoCommitOnClose -> false, automaticTestTable -> null, breakAfterAcquireFailure -> false, checkoutTimeout -> 0, connectionCustomizerClassName -> null, connectionTesterClassName -> com.mchange.v2.c3p0.impl.DefaultConnectionTester, contextClassLoaderSource -> caller, dataSourceName -> 1bqq1heaf19bmzd216azltk|37af1f93, debugUnreturnedConnectionStackTraces -> false, description -> null, driverClass -> org.hsqldb.jdbcDriver, extensions -> {}, factoryClassLocation -> null, forceIgnoreUnresolvedTransactions -> false, forceSynchronousCheckins -> false, forceUseNamedDriverClass -> false, identityToken -> 1bqq1heaf19bmzd216azltk|37af1f93, idleConnectionTestPeriod -> 0, initialPoolSize -> 3, jdbcUrl -> jdbc:hsqldb:mem:test?shutdown=true, maxAdministrativeTaskTime -> 0, maxConnectionAge -> 0, maxIdleTime -> 0, maxIdleTimeExcessConnections -> 0, maxPoolSize -> 15, maxStatements -> 0, maxStatementsPerConnection -> 0, minPoolSize -> 3, numHelperThreads -> 3, preferredTestQuery -> null, privilegeSpawnedThreads -> false, properties -> {}, propertyCycle -> 0, statementCacheNumDeferredCloseThreads -> 0, testConnectionOnCheckin -> false, testConnectionOnCheckout -> false, unreturnedConnectionTimeout -> 0, userOverrides -> {}, usesTraditionalReflectiveProxies -> false ]
Tests run: 5, Failures: 0, Errors: 0, Skipped: 0, Time elapsed: 0.19 sec - in io.vertx.ext.jdbc.CloseTest
Running io.vertx.ext.sql.test.SQLConnectionTest
Tests run: 1, Failures: 0, Errors: 0, Skipped: 0, Time elapsed: 0 sec - in io.vertx.ext.sql.test.SQLConnectionTest
Running io.vertx.ext.sql.test.ResultSetTest
Tests run: 3, Failures: 0, Errors: 0, Skipped: 0, Time elapsed: 0.001 sec - in io.vertx.ext.sql.test.ResultSetTest
Running io.vertx.ext.sql.test.UpdateResultTest
Tests run: 2, Failures: 0, Errors: 0, Skipped: 0, Time elapsed: 0 sec - in io.vertx.ext.sql.test.UpdateResultTest

Results :

Failed tests: 
  JDBCStoredProcedureTest.testStoredProcedure7 Unexpected threads after test:C3P0PooledConnectionPoolManager[identityToken->1bqq1heaf19bmzd216azltk|292e50e2]-AdminTaskTimer: state=TERMINATED/alive=false, C3P0PooledConnectionPoolManager[identityToken->1bqq1heaf19bmzd216azltk|292e50e2]-HelperThread-#0: state=TERMINATED/alive=false.

Tests run: 117, Failures: 1, Errors: 0, Skipped: 1

[INFO] ------------------------------------------------------------------------
[INFO] BUILD FAILURE
[INFO] ------------------------------------------------------------------------
[INFO] Total time:  14.846 s
[INFO] Finished at: 2021-02-15T01:41:10Z
[INFO] ------------------------------------------------------------------------
[ERROR] Failed to execute goal org.apache.maven.plugins:maven-surefire-plugin:2.18.1:test (default-test) on project vertx-jdbc-client: There are test failures.
[ERROR] 
[ERROR] Please refer to /workdir/vertx-jdbc-client/target/surefire-reports for the individual test results.
[ERROR] -> [Help 1]
[ERROR] 
[ERROR] To see the full stack trace of the errors, re-run Maven with the -e switch.
[ERROR] Re-run Maven using the -X switch to enable full debug logging.
[ERROR] 
[ERROR] For more information about the errors and possible solutions, please read the following articles:
[ERROR] [Help 1] http://cwiki.apache.org/confluence/display/MAVEN/MojoFailureException
